[2024-12-11T15:35:29.798+0000] {processor.py:186} INFO - Started process (PID=56) to work on /opt/airflow/dags/etl.py
[2024-12-11T15:35:29.799+0000] {processor.py:914} INFO - Processing file /opt/airflow/dags/etl.py for tasks to queue
[2024-12-11T15:35:29.802+0000] {logging_mixin.py:190} INFO - [2024-12-11T15:35:29.801+0000] {dagbag.py:588} INFO - Filling up the DagBag from /opt/airflow/dags/etl.py
[2024-12-11T15:35:30.766+0000] {processor.py:925} INFO - DAG(s) 'ETL' retrieved from /opt/airflow/dags/etl.py
[2024-12-11T15:35:30.795+0000] {logging_mixin.py:190} INFO - [2024-12-11T15:35:30.794+0000] {dag.py:3239} INFO - Sync 1 DAGs
[2024-12-11T15:35:30.812+0000] {logging_mixin.py:190} INFO - [2024-12-11T15:35:30.812+0000] {dag.py:4180} INFO - Setting next_dagrun for ETL to None, run_after=None
[2024-12-11T15:35:30.842+0000] {processor.py:208} INFO - Processing /opt/airflow/dags/etl.py took 1.049 seconds
[2024-12-11T15:36:01.119+0000] {processor.py:186} INFO - Started process (PID=69) to work on /opt/airflow/dags/etl.py
[2024-12-11T15:36:01.120+0000] {processor.py:914} INFO - Processing file /opt/airflow/dags/etl.py for tasks to queue
[2024-12-11T15:36:01.121+0000] {logging_mixin.py:190} INFO - [2024-12-11T15:36:01.121+0000] {dagbag.py:588} INFO - Filling up the DagBag from /opt/airflow/dags/etl.py
[2024-12-11T15:36:01.488+0000] {processor.py:925} INFO - DAG(s) 'ETL' retrieved from /opt/airflow/dags/etl.py
[2024-12-11T15:36:01.504+0000] {logging_mixin.py:190} INFO - [2024-12-11T15:36:01.504+0000] {dag.py:3239} INFO - Sync 1 DAGs
[2024-12-11T15:36:01.515+0000] {logging_mixin.py:190} INFO - [2024-12-11T15:36:01.515+0000] {dag.py:4180} INFO - Setting next_dagrun for ETL to None, run_after=None
[2024-12-11T15:36:01.532+0000] {processor.py:208} INFO - Processing /opt/airflow/dags/etl.py took 0.418 seconds
[2024-12-11T15:36:31.817+0000] {processor.py:186} INFO - Started process (PID=82) to work on /opt/airflow/dags/etl.py
[2024-12-11T15:36:31.818+0000] {processor.py:914} INFO - Processing file /opt/airflow/dags/etl.py for tasks to queue
[2024-12-11T15:36:31.819+0000] {logging_mixin.py:190} INFO - [2024-12-11T15:36:31.819+0000] {dagbag.py:588} INFO - Filling up the DagBag from /opt/airflow/dags/etl.py
[2024-12-11T15:36:32.153+0000] {processor.py:925} INFO - DAG(s) 'ETL' retrieved from /opt/airflow/dags/etl.py
[2024-12-11T15:36:32.166+0000] {logging_mixin.py:190} INFO - [2024-12-11T15:36:32.165+0000] {dag.py:3239} INFO - Sync 1 DAGs
[2024-12-11T15:36:32.174+0000] {logging_mixin.py:190} INFO - [2024-12-11T15:36:32.174+0000] {dag.py:4180} INFO - Setting next_dagrun for ETL to None, run_after=None
[2024-12-11T15:36:32.187+0000] {processor.py:208} INFO - Processing /opt/airflow/dags/etl.py took 0.374 seconds
[2024-12-11T15:37:02.600+0000] {processor.py:186} INFO - Started process (PID=101) to work on /opt/airflow/dags/etl.py
[2024-12-11T15:37:02.601+0000] {processor.py:914} INFO - Processing file /opt/airflow/dags/etl.py for tasks to queue
[2024-12-11T15:37:02.602+0000] {logging_mixin.py:190} INFO - [2024-12-11T15:37:02.602+0000] {dagbag.py:588} INFO - Filling up the DagBag from /opt/airflow/dags/etl.py
[2024-12-11T15:37:02.815+0000] {processor.py:925} INFO - DAG(s) 'ETL' retrieved from /opt/airflow/dags/etl.py
[2024-12-11T15:37:02.829+0000] {logging_mixin.py:190} INFO - [2024-12-11T15:37:02.828+0000] {dag.py:3239} INFO - Sync 1 DAGs
[2024-12-11T15:37:02.838+0000] {logging_mixin.py:190} INFO - [2024-12-11T15:37:02.838+0000] {dag.py:4180} INFO - Setting next_dagrun for ETL to None, run_after=None
[2024-12-11T15:37:02.851+0000] {processor.py:208} INFO - Processing /opt/airflow/dags/etl.py took 0.255 seconds
[2024-12-11T15:37:33.160+0000] {processor.py:186} INFO - Started process (PID=114) to work on /opt/airflow/dags/etl.py
[2024-12-11T15:37:33.161+0000] {processor.py:914} INFO - Processing file /opt/airflow/dags/etl.py for tasks to queue
[2024-12-11T15:37:33.162+0000] {logging_mixin.py:190} INFO - [2024-12-11T15:37:33.162+0000] {dagbag.py:588} INFO - Filling up the DagBag from /opt/airflow/dags/etl.py
[2024-12-11T15:37:33.394+0000] {processor.py:925} INFO - DAG(s) 'ETL' retrieved from /opt/airflow/dags/etl.py
[2024-12-11T15:37:33.408+0000] {logging_mixin.py:190} INFO - [2024-12-11T15:37:33.407+0000] {dag.py:3239} INFO - Sync 1 DAGs
[2024-12-11T15:37:33.417+0000] {logging_mixin.py:190} INFO - [2024-12-11T15:37:33.417+0000] {dag.py:4180} INFO - Setting next_dagrun for ETL to None, run_after=None
[2024-12-11T15:37:33.430+0000] {processor.py:208} INFO - Processing /opt/airflow/dags/etl.py took 0.274 seconds
[2024-12-11T15:38:03.733+0000] {processor.py:186} INFO - Started process (PID=127) to work on /opt/airflow/dags/etl.py
[2024-12-11T15:38:03.734+0000] {processor.py:914} INFO - Processing file /opt/airflow/dags/etl.py for tasks to queue
[2024-12-11T15:38:03.735+0000] {logging_mixin.py:190} INFO - [2024-12-11T15:38:03.735+0000] {dagbag.py:588} INFO - Filling up the DagBag from /opt/airflow/dags/etl.py
[2024-12-11T15:38:03.960+0000] {processor.py:925} INFO - DAG(s) 'ETL' retrieved from /opt/airflow/dags/etl.py
[2024-12-11T15:38:03.977+0000] {logging_mixin.py:190} INFO - [2024-12-11T15:38:03.977+0000] {dag.py:3239} INFO - Sync 1 DAGs
[2024-12-11T15:38:03.988+0000] {logging_mixin.py:190} INFO - [2024-12-11T15:38:03.988+0000] {dag.py:4180} INFO - Setting next_dagrun for ETL to None, run_after=None
[2024-12-11T15:38:04.002+0000] {processor.py:208} INFO - Processing /opt/airflow/dags/etl.py took 0.273 seconds
[2024-12-11T15:38:34.290+0000] {processor.py:186} INFO - Started process (PID=140) to work on /opt/airflow/dags/etl.py
[2024-12-11T15:38:34.291+0000] {processor.py:914} INFO - Processing file /opt/airflow/dags/etl.py for tasks to queue
[2024-12-11T15:38:34.292+0000] {logging_mixin.py:190} INFO - [2024-12-11T15:38:34.292+0000] {dagbag.py:588} INFO - Filling up the DagBag from /opt/airflow/dags/etl.py
[2024-12-11T15:38:34.495+0000] {processor.py:925} INFO - DAG(s) 'ETL' retrieved from /opt/airflow/dags/etl.py
[2024-12-11T15:38:34.509+0000] {logging_mixin.py:190} INFO - [2024-12-11T15:38:34.508+0000] {dag.py:3239} INFO - Sync 1 DAGs
[2024-12-11T15:38:34.518+0000] {logging_mixin.py:190} INFO - [2024-12-11T15:38:34.518+0000] {dag.py:4180} INFO - Setting next_dagrun for ETL to None, run_after=None
[2024-12-11T15:38:34.532+0000] {processor.py:208} INFO - Processing /opt/airflow/dags/etl.py took 0.247 seconds
[2024-12-11T15:39:04.844+0000] {processor.py:186} INFO - Started process (PID=153) to work on /opt/airflow/dags/etl.py
[2024-12-11T15:39:04.845+0000] {processor.py:914} INFO - Processing file /opt/airflow/dags/etl.py for tasks to queue
[2024-12-11T15:39:04.847+0000] {logging_mixin.py:190} INFO - [2024-12-11T15:39:04.847+0000] {dagbag.py:588} INFO - Filling up the DagBag from /opt/airflow/dags/etl.py
[2024-12-11T15:39:05.057+0000] {processor.py:925} INFO - DAG(s) 'ETL' retrieved from /opt/airflow/dags/etl.py
[2024-12-11T15:39:05.072+0000] {logging_mixin.py:190} INFO - [2024-12-11T15:39:05.072+0000] {dag.py:3239} INFO - Sync 1 DAGs
[2024-12-11T15:39:05.081+0000] {logging_mixin.py:190} INFO - [2024-12-11T15:39:05.081+0000] {dag.py:4180} INFO - Setting next_dagrun for ETL to None, run_after=None
[2024-12-11T15:39:05.094+0000] {processor.py:208} INFO - Processing /opt/airflow/dags/etl.py took 0.254 seconds
[2024-12-11T15:39:35.384+0000] {processor.py:186} INFO - Started process (PID=166) to work on /opt/airflow/dags/etl.py
[2024-12-11T15:39:35.385+0000] {processor.py:914} INFO - Processing file /opt/airflow/dags/etl.py for tasks to queue
[2024-12-11T15:39:35.387+0000] {logging_mixin.py:190} INFO - [2024-12-11T15:39:35.387+0000] {dagbag.py:588} INFO - Filling up the DagBag from /opt/airflow/dags/etl.py
[2024-12-11T15:39:35.591+0000] {processor.py:925} INFO - DAG(s) 'ETL' retrieved from /opt/airflow/dags/etl.py
[2024-12-11T15:39:35.606+0000] {logging_mixin.py:190} INFO - [2024-12-11T15:39:35.606+0000] {dag.py:3239} INFO - Sync 1 DAGs
[2024-12-11T15:39:35.617+0000] {logging_mixin.py:190} INFO - [2024-12-11T15:39:35.617+0000] {dag.py:4180} INFO - Setting next_dagrun for ETL to None, run_after=None
[2024-12-11T15:39:35.631+0000] {processor.py:208} INFO - Processing /opt/airflow/dags/etl.py took 0.251 seconds
[2024-12-11T15:40:05.912+0000] {processor.py:186} INFO - Started process (PID=179) to work on /opt/airflow/dags/etl.py
[2024-12-11T15:40:05.913+0000] {processor.py:914} INFO - Processing file /opt/airflow/dags/etl.py for tasks to queue
[2024-12-11T15:40:05.914+0000] {logging_mixin.py:190} INFO - [2024-12-11T15:40:05.914+0000] {dagbag.py:588} INFO - Filling up the DagBag from /opt/airflow/dags/etl.py
[2024-12-11T15:40:06.137+0000] {processor.py:925} INFO - DAG(s) 'ETL' retrieved from /opt/airflow/dags/etl.py
[2024-12-11T15:40:06.151+0000] {logging_mixin.py:190} INFO - [2024-12-11T15:40:06.151+0000] {dag.py:3239} INFO - Sync 1 DAGs
[2024-12-11T15:40:06.160+0000] {logging_mixin.py:190} INFO - [2024-12-11T15:40:06.160+0000] {dag.py:4180} INFO - Setting next_dagrun for ETL to None, run_after=None
[2024-12-11T15:40:06.174+0000] {processor.py:208} INFO - Processing /opt/airflow/dags/etl.py took 0.267 seconds
[2024-12-11T15:40:36.617+0000] {processor.py:186} INFO - Started process (PID=192) to work on /opt/airflow/dags/etl.py
[2024-12-11T15:40:36.617+0000] {processor.py:914} INFO - Processing file /opt/airflow/dags/etl.py for tasks to queue
[2024-12-11T15:40:36.619+0000] {logging_mixin.py:190} INFO - [2024-12-11T15:40:36.619+0000] {dagbag.py:588} INFO - Filling up the DagBag from /opt/airflow/dags/etl.py
[2024-12-11T15:40:36.827+0000] {processor.py:925} INFO - DAG(s) 'ETL' retrieved from /opt/airflow/dags/etl.py
[2024-12-11T15:40:36.845+0000] {logging_mixin.py:190} INFO - [2024-12-11T15:40:36.845+0000] {dag.py:3239} INFO - Sync 1 DAGs
[2024-12-11T15:40:36.856+0000] {logging_mixin.py:190} INFO - [2024-12-11T15:40:36.856+0000] {dag.py:4180} INFO - Setting next_dagrun for ETL to None, run_after=None
[2024-12-11T15:40:36.871+0000] {processor.py:208} INFO - Processing /opt/airflow/dags/etl.py took 0.259 seconds
[2024-12-11T15:41:07.166+0000] {processor.py:186} INFO - Started process (PID=205) to work on /opt/airflow/dags/etl.py
[2024-12-11T15:41:07.167+0000] {processor.py:914} INFO - Processing file /opt/airflow/dags/etl.py for tasks to queue
[2024-12-11T15:41:07.169+0000] {logging_mixin.py:190} INFO - [2024-12-11T15:41:07.169+0000] {dagbag.py:588} INFO - Filling up the DagBag from /opt/airflow/dags/etl.py
[2024-12-11T15:41:07.413+0000] {processor.py:925} INFO - DAG(s) 'ETL' retrieved from /opt/airflow/dags/etl.py
[2024-12-11T15:41:07.431+0000] {logging_mixin.py:190} INFO - [2024-12-11T15:41:07.431+0000] {dag.py:3239} INFO - Sync 1 DAGs
[2024-12-11T15:41:07.443+0000] {logging_mixin.py:190} INFO - [2024-12-11T15:41:07.443+0000] {dag.py:4180} INFO - Setting next_dagrun for ETL to None, run_after=None
[2024-12-11T15:41:07.460+0000] {processor.py:208} INFO - Processing /opt/airflow/dags/etl.py took 0.299 seconds
[2024-12-11T15:41:37.881+0000] {processor.py:186} INFO - Started process (PID=218) to work on /opt/airflow/dags/etl.py
[2024-12-11T15:41:37.882+0000] {processor.py:914} INFO - Processing file /opt/airflow/dags/etl.py for tasks to queue
[2024-12-11T15:41:37.884+0000] {logging_mixin.py:190} INFO - [2024-12-11T15:41:37.884+0000] {dagbag.py:588} INFO - Filling up the DagBag from /opt/airflow/dags/etl.py
[2024-12-11T15:41:38.122+0000] {processor.py:925} INFO - DAG(s) 'ETL' retrieved from /opt/airflow/dags/etl.py
[2024-12-11T15:41:38.139+0000] {logging_mixin.py:190} INFO - [2024-12-11T15:41:38.139+0000] {dag.py:3239} INFO - Sync 1 DAGs
[2024-12-11T15:41:38.150+0000] {logging_mixin.py:190} INFO - [2024-12-11T15:41:38.150+0000] {dag.py:4180} INFO - Setting next_dagrun for ETL to None, run_after=None
[2024-12-11T15:41:38.166+0000] {processor.py:208} INFO - Processing /opt/airflow/dags/etl.py took 0.290 seconds
[2024-12-11T15:42:08.442+0000] {processor.py:186} INFO - Started process (PID=231) to work on /opt/airflow/dags/etl.py
[2024-12-11T15:42:08.443+0000] {processor.py:914} INFO - Processing file /opt/airflow/dags/etl.py for tasks to queue
[2024-12-11T15:42:08.445+0000] {logging_mixin.py:190} INFO - [2024-12-11T15:42:08.444+0000] {dagbag.py:588} INFO - Filling up the DagBag from /opt/airflow/dags/etl.py
[2024-12-11T15:42:08.676+0000] {processor.py:925} INFO - DAG(s) 'ETL' retrieved from /opt/airflow/dags/etl.py
[2024-12-11T15:42:08.694+0000] {logging_mixin.py:190} INFO - [2024-12-11T15:42:08.693+0000] {dag.py:3239} INFO - Sync 1 DAGs
[2024-12-11T15:42:08.705+0000] {logging_mixin.py:190} INFO - [2024-12-11T15:42:08.705+0000] {dag.py:4180} INFO - Setting next_dagrun for ETL to None, run_after=None
[2024-12-11T15:42:08.720+0000] {processor.py:208} INFO - Processing /opt/airflow/dags/etl.py took 0.283 seconds
[2024-12-11T15:42:39.006+0000] {processor.py:186} INFO - Started process (PID=244) to work on /opt/airflow/dags/etl.py
[2024-12-11T15:42:39.007+0000] {processor.py:914} INFO - Processing file /opt/airflow/dags/etl.py for tasks to queue
[2024-12-11T15:42:39.011+0000] {logging_mixin.py:190} INFO - [2024-12-11T15:42:39.010+0000] {dagbag.py:588} INFO - Filling up the DagBag from /opt/airflow/dags/etl.py
[2024-12-11T15:42:39.297+0000] {processor.py:925} INFO - DAG(s) 'ETL' retrieved from /opt/airflow/dags/etl.py
[2024-12-11T15:42:39.319+0000] {logging_mixin.py:190} INFO - [2024-12-11T15:42:39.318+0000] {dag.py:3239} INFO - Sync 1 DAGs
[2024-12-11T15:42:39.332+0000] {logging_mixin.py:190} INFO - [2024-12-11T15:42:39.332+0000] {dag.py:4180} INFO - Setting next_dagrun for ETL to None, run_after=None
[2024-12-11T15:42:39.349+0000] {processor.py:208} INFO - Processing /opt/airflow/dags/etl.py took 0.348 seconds
[2024-12-11T15:43:09.664+0000] {processor.py:186} INFO - Started process (PID=257) to work on /opt/airflow/dags/etl.py
[2024-12-11T15:43:09.665+0000] {processor.py:914} INFO - Processing file /opt/airflow/dags/etl.py for tasks to queue
[2024-12-11T15:43:09.666+0000] {logging_mixin.py:190} INFO - [2024-12-11T15:43:09.666+0000] {dagbag.py:588} INFO - Filling up the DagBag from /opt/airflow/dags/etl.py
[2024-12-11T15:43:09.883+0000] {processor.py:925} INFO - DAG(s) 'ETL' retrieved from /opt/airflow/dags/etl.py
[2024-12-11T15:43:09.898+0000] {logging_mixin.py:190} INFO - [2024-12-11T15:43:09.897+0000] {dag.py:3239} INFO - Sync 1 DAGs
[2024-12-11T15:43:09.908+0000] {logging_mixin.py:190} INFO - [2024-12-11T15:43:09.908+0000] {dag.py:4180} INFO - Setting next_dagrun for ETL to None, run_after=None
[2024-12-11T15:43:09.924+0000] {processor.py:208} INFO - Processing /opt/airflow/dags/etl.py took 0.264 seconds
[2024-12-11T15:43:40.250+0000] {processor.py:186} INFO - Started process (PID=270) to work on /opt/airflow/dags/etl.py
[2024-12-11T15:43:40.250+0000] {processor.py:914} INFO - Processing file /opt/airflow/dags/etl.py for tasks to queue
[2024-12-11T15:43:40.252+0000] {logging_mixin.py:190} INFO - [2024-12-11T15:43:40.252+0000] {dagbag.py:588} INFO - Filling up the DagBag from /opt/airflow/dags/etl.py
[2024-12-11T15:43:40.459+0000] {processor.py:925} INFO - DAG(s) 'ETL' retrieved from /opt/airflow/dags/etl.py
[2024-12-11T15:43:40.473+0000] {logging_mixin.py:190} INFO - [2024-12-11T15:43:40.473+0000] {dag.py:3239} INFO - Sync 1 DAGs
[2024-12-11T15:43:40.483+0000] {logging_mixin.py:190} INFO - [2024-12-11T15:43:40.483+0000] {dag.py:4180} INFO - Setting next_dagrun for ETL to None, run_after=None
[2024-12-11T15:43:40.496+0000] {processor.py:208} INFO - Processing /opt/airflow/dags/etl.py took 0.251 seconds
[2024-12-11T15:44:10.847+0000] {processor.py:186} INFO - Started process (PID=283) to work on /opt/airflow/dags/etl.py
[2024-12-11T15:44:10.848+0000] {processor.py:914} INFO - Processing file /opt/airflow/dags/etl.py for tasks to queue
[2024-12-11T15:44:10.850+0000] {logging_mixin.py:190} INFO - [2024-12-11T15:44:10.850+0000] {dagbag.py:588} INFO - Filling up the DagBag from /opt/airflow/dags/etl.py
[2024-12-11T15:44:11.071+0000] {processor.py:925} INFO - DAG(s) 'ETL' retrieved from /opt/airflow/dags/etl.py
[2024-12-11T15:44:11.086+0000] {logging_mixin.py:190} INFO - [2024-12-11T15:44:11.086+0000] {dag.py:3239} INFO - Sync 1 DAGs
[2024-12-11T15:44:11.096+0000] {logging_mixin.py:190} INFO - [2024-12-11T15:44:11.096+0000] {dag.py:4180} INFO - Setting next_dagrun for ETL to None, run_after=None
[2024-12-11T15:44:11.109+0000] {processor.py:208} INFO - Processing /opt/airflow/dags/etl.py took 0.266 seconds
[2024-12-11T15:44:41.454+0000] {processor.py:186} INFO - Started process (PID=296) to work on /opt/airflow/dags/etl.py
[2024-12-11T15:44:41.454+0000] {processor.py:914} INFO - Processing file /opt/airflow/dags/etl.py for tasks to queue
[2024-12-11T15:44:41.456+0000] {logging_mixin.py:190} INFO - [2024-12-11T15:44:41.456+0000] {dagbag.py:588} INFO - Filling up the DagBag from /opt/airflow/dags/etl.py
[2024-12-11T15:44:41.817+0000] {processor.py:925} INFO - DAG(s) 'ETL' retrieved from /opt/airflow/dags/etl.py
[2024-12-11T15:44:41.840+0000] {logging_mixin.py:190} INFO - [2024-12-11T15:44:41.840+0000] {dag.py:3239} INFO - Sync 1 DAGs
[2024-12-11T15:44:41.854+0000] {logging_mixin.py:190} INFO - [2024-12-11T15:44:41.853+0000] {dag.py:4180} INFO - Setting next_dagrun for ETL to None, run_after=None
[2024-12-11T15:44:41.879+0000] {processor.py:208} INFO - Processing /opt/airflow/dags/etl.py took 0.431 seconds
[2024-12-11T15:45:12.195+0000] {processor.py:186} INFO - Started process (PID=309) to work on /opt/airflow/dags/etl.py
[2024-12-11T15:45:12.196+0000] {processor.py:914} INFO - Processing file /opt/airflow/dags/etl.py for tasks to queue
[2024-12-11T15:45:12.199+0000] {logging_mixin.py:190} INFO - [2024-12-11T15:45:12.199+0000] {dagbag.py:588} INFO - Filling up the DagBag from /opt/airflow/dags/etl.py
[2024-12-11T15:45:12.431+0000] {processor.py:925} INFO - DAG(s) 'ETL' retrieved from /opt/airflow/dags/etl.py
[2024-12-11T15:45:12.447+0000] {logging_mixin.py:190} INFO - [2024-12-11T15:45:12.446+0000] {dag.py:3239} INFO - Sync 1 DAGs
[2024-12-11T15:45:12.457+0000] {logging_mixin.py:190} INFO - [2024-12-11T15:45:12.457+0000] {dag.py:4180} INFO - Setting next_dagrun for ETL to None, run_after=None
[2024-12-11T15:45:12.471+0000] {processor.py:208} INFO - Processing /opt/airflow/dags/etl.py took 0.281 seconds
[2024-12-11T15:45:43.002+0000] {processor.py:186} INFO - Started process (PID=322) to work on /opt/airflow/dags/etl.py
[2024-12-11T15:45:43.003+0000] {processor.py:914} INFO - Processing file /opt/airflow/dags/etl.py for tasks to queue
[2024-12-11T15:45:43.005+0000] {logging_mixin.py:190} INFO - [2024-12-11T15:45:43.005+0000] {dagbag.py:588} INFO - Filling up the DagBag from /opt/airflow/dags/etl.py
[2024-12-11T15:45:43.228+0000] {processor.py:925} INFO - DAG(s) 'ETL' retrieved from /opt/airflow/dags/etl.py
[2024-12-11T15:45:43.244+0000] {logging_mixin.py:190} INFO - [2024-12-11T15:45:43.243+0000] {dag.py:3239} INFO - Sync 1 DAGs
[2024-12-11T15:45:43.255+0000] {logging_mixin.py:190} INFO - [2024-12-11T15:45:43.254+0000] {dag.py:4180} INFO - Setting next_dagrun for ETL to None, run_after=None
[2024-12-11T15:45:43.268+0000] {processor.py:208} INFO - Processing /opt/airflow/dags/etl.py took 0.270 seconds
[2024-12-11T15:46:13.576+0000] {processor.py:186} INFO - Started process (PID=335) to work on /opt/airflow/dags/etl.py
[2024-12-11T15:46:13.576+0000] {processor.py:914} INFO - Processing file /opt/airflow/dags/etl.py for tasks to queue
[2024-12-11T15:46:13.578+0000] {logging_mixin.py:190} INFO - [2024-12-11T15:46:13.578+0000] {dagbag.py:588} INFO - Filling up the DagBag from /opt/airflow/dags/etl.py
[2024-12-11T15:46:13.806+0000] {processor.py:925} INFO - DAG(s) 'ETL' retrieved from /opt/airflow/dags/etl.py
[2024-12-11T15:46:13.838+0000] {logging_mixin.py:190} INFO - [2024-12-11T15:46:13.837+0000] {dag.py:3239} INFO - Sync 1 DAGs
[2024-12-11T15:46:13.861+0000] {logging_mixin.py:190} INFO - [2024-12-11T15:46:13.861+0000] {dag.py:4180} INFO - Setting next_dagrun for ETL to None, run_after=None
[2024-12-11T15:46:13.894+0000] {processor.py:208} INFO - Processing /opt/airflow/dags/etl.py took 0.324 seconds
[2024-12-11T15:46:44.233+0000] {processor.py:186} INFO - Started process (PID=348) to work on /opt/airflow/dags/etl.py
[2024-12-11T15:46:44.233+0000] {processor.py:914} INFO - Processing file /opt/airflow/dags/etl.py for tasks to queue
[2024-12-11T15:46:44.235+0000] {logging_mixin.py:190} INFO - [2024-12-11T15:46:44.235+0000] {dagbag.py:588} INFO - Filling up the DagBag from /opt/airflow/dags/etl.py
[2024-12-11T15:46:44.526+0000] {processor.py:925} INFO - DAG(s) 'ETL' retrieved from /opt/airflow/dags/etl.py
[2024-12-11T15:46:44.540+0000] {logging_mixin.py:190} INFO - [2024-12-11T15:46:44.540+0000] {dag.py:3239} INFO - Sync 1 DAGs
[2024-12-11T15:46:44.549+0000] {logging_mixin.py:190} INFO - [2024-12-11T15:46:44.549+0000] {dag.py:4180} INFO - Setting next_dagrun for ETL to None, run_after=None
[2024-12-11T15:46:44.562+0000] {processor.py:208} INFO - Processing /opt/airflow/dags/etl.py took 0.334 seconds
[2024-12-11T15:47:14.901+0000] {processor.py:186} INFO - Started process (PID=361) to work on /opt/airflow/dags/etl.py
[2024-12-11T15:47:14.902+0000] {processor.py:914} INFO - Processing file /opt/airflow/dags/etl.py for tasks to queue
[2024-12-11T15:47:14.906+0000] {logging_mixin.py:190} INFO - [2024-12-11T15:47:14.906+0000] {dagbag.py:588} INFO - Filling up the DagBag from /opt/airflow/dags/etl.py
[2024-12-11T15:47:15.131+0000] {processor.py:925} INFO - DAG(s) 'ETL' retrieved from /opt/airflow/dags/etl.py
[2024-12-11T15:47:15.145+0000] {logging_mixin.py:190} INFO - [2024-12-11T15:47:15.144+0000] {dag.py:3239} INFO - Sync 1 DAGs
[2024-12-11T15:47:15.155+0000] {logging_mixin.py:190} INFO - [2024-12-11T15:47:15.155+0000] {dag.py:4180} INFO - Setting next_dagrun for ETL to None, run_after=None
[2024-12-11T15:47:15.168+0000] {processor.py:208} INFO - Processing /opt/airflow/dags/etl.py took 0.277 seconds
[2024-12-11T15:47:45.465+0000] {processor.py:186} INFO - Started process (PID=375) to work on /opt/airflow/dags/etl.py
[2024-12-11T15:47:45.465+0000] {processor.py:914} INFO - Processing file /opt/airflow/dags/etl.py for tasks to queue
[2024-12-11T15:47:45.467+0000] {logging_mixin.py:190} INFO - [2024-12-11T15:47:45.467+0000] {dagbag.py:588} INFO - Filling up the DagBag from /opt/airflow/dags/etl.py
[2024-12-11T15:47:45.669+0000] {processor.py:925} INFO - DAG(s) 'ETL' retrieved from /opt/airflow/dags/etl.py
[2024-12-11T15:47:45.684+0000] {logging_mixin.py:190} INFO - [2024-12-11T15:47:45.684+0000] {dag.py:3239} INFO - Sync 1 DAGs
[2024-12-11T15:47:45.695+0000] {logging_mixin.py:190} INFO - [2024-12-11T15:47:45.694+0000] {dag.py:4180} INFO - Setting next_dagrun for ETL to None, run_after=None
[2024-12-11T15:47:45.709+0000] {processor.py:208} INFO - Processing /opt/airflow/dags/etl.py took 0.249 seconds
[2024-12-11T15:48:16.013+0000] {processor.py:186} INFO - Started process (PID=388) to work on /opt/airflow/dags/etl.py
[2024-12-11T15:48:16.014+0000] {processor.py:914} INFO - Processing file /opt/airflow/dags/etl.py for tasks to queue
[2024-12-11T15:48:16.015+0000] {logging_mixin.py:190} INFO - [2024-12-11T15:48:16.015+0000] {dagbag.py:588} INFO - Filling up the DagBag from /opt/airflow/dags/etl.py
[2024-12-11T15:48:16.220+0000] {processor.py:925} INFO - DAG(s) 'ETL' retrieved from /opt/airflow/dags/etl.py
[2024-12-11T15:48:16.234+0000] {logging_mixin.py:190} INFO - [2024-12-11T15:48:16.233+0000] {dag.py:3239} INFO - Sync 1 DAGs
[2024-12-11T15:48:16.243+0000] {logging_mixin.py:190} INFO - [2024-12-11T15:48:16.243+0000] {dag.py:4180} INFO - Setting next_dagrun for ETL to None, run_after=None
[2024-12-11T15:48:16.256+0000] {processor.py:208} INFO - Processing /opt/airflow/dags/etl.py took 0.247 seconds
[2024-12-11T15:48:46.563+0000] {processor.py:186} INFO - Started process (PID=401) to work on /opt/airflow/dags/etl.py
[2024-12-11T15:48:46.563+0000] {processor.py:914} INFO - Processing file /opt/airflow/dags/etl.py for tasks to queue
[2024-12-11T15:48:46.565+0000] {logging_mixin.py:190} INFO - [2024-12-11T15:48:46.565+0000] {dagbag.py:588} INFO - Filling up the DagBag from /opt/airflow/dags/etl.py
[2024-12-11T15:48:46.782+0000] {processor.py:925} INFO - DAG(s) 'ETL' retrieved from /opt/airflow/dags/etl.py
[2024-12-11T15:48:46.797+0000] {logging_mixin.py:190} INFO - [2024-12-11T15:48:46.797+0000] {dag.py:3239} INFO - Sync 1 DAGs
[2024-12-11T15:48:46.807+0000] {logging_mixin.py:190} INFO - [2024-12-11T15:48:46.807+0000] {dag.py:4180} INFO - Setting next_dagrun for ETL to None, run_after=None
[2024-12-11T15:48:46.822+0000] {processor.py:208} INFO - Processing /opt/airflow/dags/etl.py took 0.265 seconds
[2024-12-11T15:49:17.130+0000] {processor.py:186} INFO - Started process (PID=414) to work on /opt/airflow/dags/etl.py
[2024-12-11T15:49:17.131+0000] {processor.py:914} INFO - Processing file /opt/airflow/dags/etl.py for tasks to queue
[2024-12-11T15:49:17.134+0000] {logging_mixin.py:190} INFO - [2024-12-11T15:49:17.134+0000] {dagbag.py:588} INFO - Filling up the DagBag from /opt/airflow/dags/etl.py
[2024-12-11T15:49:17.377+0000] {processor.py:925} INFO - DAG(s) 'ETL' retrieved from /opt/airflow/dags/etl.py
[2024-12-11T15:49:17.392+0000] {logging_mixin.py:190} INFO - [2024-12-11T15:49:17.391+0000] {dag.py:3239} INFO - Sync 1 DAGs
[2024-12-11T15:49:17.403+0000] {logging_mixin.py:190} INFO - [2024-12-11T15:49:17.403+0000] {dag.py:4180} INFO - Setting next_dagrun for ETL to None, run_after=None
[2024-12-11T15:49:17.417+0000] {processor.py:208} INFO - Processing /opt/airflow/dags/etl.py took 0.292 seconds
[2024-12-11T15:49:47.694+0000] {processor.py:186} INFO - Started process (PID=427) to work on /opt/airflow/dags/etl.py
[2024-12-11T15:49:47.695+0000] {processor.py:914} INFO - Processing file /opt/airflow/dags/etl.py for tasks to queue
[2024-12-11T15:49:47.696+0000] {logging_mixin.py:190} INFO - [2024-12-11T15:49:47.696+0000] {dagbag.py:588} INFO - Filling up the DagBag from /opt/airflow/dags/etl.py
[2024-12-11T15:49:47.928+0000] {processor.py:925} INFO - DAG(s) 'ETL' retrieved from /opt/airflow/dags/etl.py
[2024-12-11T15:49:47.943+0000] {logging_mixin.py:190} INFO - [2024-12-11T15:49:47.943+0000] {dag.py:3239} INFO - Sync 1 DAGs
[2024-12-11T15:49:47.954+0000] {logging_mixin.py:190} INFO - [2024-12-11T15:49:47.954+0000] {dag.py:4180} INFO - Setting next_dagrun for ETL to None, run_after=None
[2024-12-11T15:49:47.968+0000] {processor.py:208} INFO - Processing /opt/airflow/dags/etl.py took 0.278 seconds
[2024-12-11T15:50:18.288+0000] {processor.py:186} INFO - Started process (PID=441) to work on /opt/airflow/dags/etl.py
[2024-12-11T15:50:18.289+0000] {processor.py:914} INFO - Processing file /opt/airflow/dags/etl.py for tasks to queue
[2024-12-11T15:50:18.291+0000] {logging_mixin.py:190} INFO - [2024-12-11T15:50:18.291+0000] {dagbag.py:588} INFO - Filling up the DagBag from /opt/airflow/dags/etl.py
[2024-12-11T15:50:18.498+0000] {processor.py:925} INFO - DAG(s) 'ETL' retrieved from /opt/airflow/dags/etl.py
[2024-12-11T15:50:18.515+0000] {logging_mixin.py:190} INFO - [2024-12-11T15:50:18.514+0000] {dag.py:3239} INFO - Sync 1 DAGs
[2024-12-11T15:50:18.525+0000] {logging_mixin.py:190} INFO - [2024-12-11T15:50:18.525+0000] {dag.py:4180} INFO - Setting next_dagrun for ETL to None, run_after=None
[2024-12-11T15:50:18.540+0000] {processor.py:208} INFO - Processing /opt/airflow/dags/etl.py took 0.257 seconds
[2024-12-11T15:50:48.926+0000] {processor.py:186} INFO - Started process (PID=454) to work on /opt/airflow/dags/etl.py
[2024-12-11T15:50:48.927+0000] {processor.py:914} INFO - Processing file /opt/airflow/dags/etl.py for tasks to queue
[2024-12-11T15:50:48.929+0000] {logging_mixin.py:190} INFO - [2024-12-11T15:50:48.929+0000] {dagbag.py:588} INFO - Filling up the DagBag from /opt/airflow/dags/etl.py
[2024-12-11T15:50:49.173+0000] {processor.py:925} INFO - DAG(s) 'ETL' retrieved from /opt/airflow/dags/etl.py
[2024-12-11T15:50:49.192+0000] {logging_mixin.py:190} INFO - [2024-12-11T15:50:49.192+0000] {dag.py:3239} INFO - Sync 1 DAGs
[2024-12-11T15:50:49.205+0000] {logging_mixin.py:190} INFO - [2024-12-11T15:50:49.205+0000] {dag.py:4180} INFO - Setting next_dagrun for ETL to None, run_after=None
[2024-12-11T15:50:49.222+0000] {processor.py:208} INFO - Processing /opt/airflow/dags/etl.py took 0.301 seconds
[2024-12-11T15:51:19.521+0000] {processor.py:186} INFO - Started process (PID=467) to work on /opt/airflow/dags/etl.py
[2024-12-11T15:51:19.522+0000] {processor.py:914} INFO - Processing file /opt/airflow/dags/etl.py for tasks to queue
[2024-12-11T15:51:19.525+0000] {logging_mixin.py:190} INFO - [2024-12-11T15:51:19.524+0000] {dagbag.py:588} INFO - Filling up the DagBag from /opt/airflow/dags/etl.py
[2024-12-11T15:51:19.851+0000] {processor.py:925} INFO - DAG(s) 'ETL' retrieved from /opt/airflow/dags/etl.py
[2024-12-11T15:51:19.865+0000] {logging_mixin.py:190} INFO - [2024-12-11T15:51:19.865+0000] {dag.py:3239} INFO - Sync 1 DAGs
[2024-12-11T15:51:19.874+0000] {logging_mixin.py:190} INFO - [2024-12-11T15:51:19.874+0000] {dag.py:4180} INFO - Setting next_dagrun for ETL to None, run_after=None
[2024-12-11T15:51:19.894+0000] {processor.py:208} INFO - Processing /opt/airflow/dags/etl.py took 0.379 seconds
