[2024-12-11T15:35:29.602+0000] {processor.py:186} INFO - Started process (PID=55) to work on /opt/airflow/dags/select_distinct_brands_categories.py
[2024-12-11T15:35:29.606+0000] {processor.py:914} INFO - Processing file /opt/airflow/dags/select_distinct_brands_categories.py for tasks to queue
[2024-12-11T15:35:29.612+0000] {logging_mixin.py:190} INFO - [2024-12-11T15:35:29.611+0000] {dagbag.py:588} INFO - Filling up the DagBag from /opt/airflow/dags/select_distinct_brands_categories.py
[2024-12-11T15:35:29.677+0000] {processor.py:925} INFO - DAG(s) 'extract_unique_values' retrieved from /opt/airflow/dags/select_distinct_brands_categories.py
[2024-12-11T15:35:29.716+0000] {logging_mixin.py:190} INFO - [2024-12-11T15:35:29.716+0000] {dag.py:3239} INFO - Sync 1 DAGs
[2024-12-11T15:35:29.734+0000] {logging_mixin.py:190} INFO - [2024-12-11T15:35:29.733+0000] {dag.py:4180} INFO - Setting next_dagrun for extract_unique_values to None, run_after=None
[2024-12-11T15:35:29.759+0000] {processor.py:208} INFO - Processing /opt/airflow/dags/select_distinct_brands_categories.py took 0.176 seconds
[2024-12-11T15:36:00.093+0000] {processor.py:186} INFO - Started process (PID=67) to work on /opt/airflow/dags/select_distinct_brands_categories.py
[2024-12-11T15:36:00.094+0000] {processor.py:914} INFO - Processing file /opt/airflow/dags/select_distinct_brands_categories.py for tasks to queue
[2024-12-11T15:36:00.095+0000] {logging_mixin.py:190} INFO - [2024-12-11T15:36:00.095+0000] {dagbag.py:588} INFO - Filling up the DagBag from /opt/airflow/dags/select_distinct_brands_categories.py
[2024-12-11T15:36:00.111+0000] {processor.py:925} INFO - DAG(s) 'extract_unique_values' retrieved from /opt/airflow/dags/select_distinct_brands_categories.py
[2024-12-11T15:36:00.130+0000] {logging_mixin.py:190} INFO - [2024-12-11T15:36:00.130+0000] {dag.py:3239} INFO - Sync 1 DAGs
[2024-12-11T15:36:00.142+0000] {logging_mixin.py:190} INFO - [2024-12-11T15:36:00.141+0000] {dag.py:4180} INFO - Setting next_dagrun for extract_unique_values to None, run_after=None
[2024-12-11T15:36:00.158+0000] {processor.py:208} INFO - Processing /opt/airflow/dags/select_distinct_brands_categories.py took 0.069 seconds
[2024-12-11T15:36:30.789+0000] {processor.py:186} INFO - Started process (PID=80) to work on /opt/airflow/dags/select_distinct_brands_categories.py
[2024-12-11T15:36:30.790+0000] {processor.py:914} INFO - Processing file /opt/airflow/dags/select_distinct_brands_categories.py for tasks to queue
[2024-12-11T15:36:30.792+0000] {logging_mixin.py:190} INFO - [2024-12-11T15:36:30.791+0000] {dagbag.py:588} INFO - Filling up the DagBag from /opt/airflow/dags/select_distinct_brands_categories.py
[2024-12-11T15:36:30.810+0000] {processor.py:925} INFO - DAG(s) 'extract_unique_values' retrieved from /opt/airflow/dags/select_distinct_brands_categories.py
[2024-12-11T15:36:30.829+0000] {logging_mixin.py:190} INFO - [2024-12-11T15:36:30.828+0000] {dag.py:3239} INFO - Sync 1 DAGs
[2024-12-11T15:36:30.967+0000] {logging_mixin.py:190} INFO - [2024-12-11T15:36:30.967+0000] {dag.py:4180} INFO - Setting next_dagrun for extract_unique_values to None, run_after=None
[2024-12-11T15:36:30.982+0000] {processor.py:208} INFO - Processing /opt/airflow/dags/select_distinct_brands_categories.py took 0.197 seconds
[2024-12-11T15:37:01.571+0000] {processor.py:186} INFO - Started process (PID=93) to work on /opt/airflow/dags/select_distinct_brands_categories.py
[2024-12-11T15:37:01.571+0000] {processor.py:914} INFO - Processing file /opt/airflow/dags/select_distinct_brands_categories.py for tasks to queue
[2024-12-11T15:37:01.574+0000] {logging_mixin.py:190} INFO - [2024-12-11T15:37:01.573+0000] {dagbag.py:588} INFO - Filling up the DagBag from /opt/airflow/dags/select_distinct_brands_categories.py
[2024-12-11T15:37:01.589+0000] {processor.py:925} INFO - DAG(s) 'extract_unique_values' retrieved from /opt/airflow/dags/select_distinct_brands_categories.py
[2024-12-11T15:37:01.610+0000] {logging_mixin.py:190} INFO - [2024-12-11T15:37:01.610+0000] {dag.py:3239} INFO - Sync 1 DAGs
[2024-12-11T15:37:01.625+0000] {logging_mixin.py:190} INFO - [2024-12-11T15:37:01.624+0000] {dag.py:4180} INFO - Setting next_dagrun for extract_unique_values to None, run_after=None
[2024-12-11T15:37:01.640+0000] {processor.py:208} INFO - Processing /opt/airflow/dags/select_distinct_brands_categories.py took 0.075 seconds
[2024-12-11T15:37:32.134+0000] {processor.py:186} INFO - Started process (PID=106) to work on /opt/airflow/dags/select_distinct_brands_categories.py
[2024-12-11T15:37:32.135+0000] {processor.py:914} INFO - Processing file /opt/airflow/dags/select_distinct_brands_categories.py for tasks to queue
[2024-12-11T15:37:32.137+0000] {logging_mixin.py:190} INFO - [2024-12-11T15:37:32.137+0000] {dagbag.py:588} INFO - Filling up the DagBag from /opt/airflow/dags/select_distinct_brands_categories.py
[2024-12-11T15:37:32.151+0000] {processor.py:925} INFO - DAG(s) 'extract_unique_values' retrieved from /opt/airflow/dags/select_distinct_brands_categories.py
[2024-12-11T15:37:32.167+0000] {logging_mixin.py:190} INFO - [2024-12-11T15:37:32.167+0000] {dag.py:3239} INFO - Sync 1 DAGs
[2024-12-11T15:37:32.178+0000] {logging_mixin.py:190} INFO - [2024-12-11T15:37:32.178+0000] {dag.py:4180} INFO - Setting next_dagrun for extract_unique_values to None, run_after=None
[2024-12-11T15:37:32.193+0000] {processor.py:208} INFO - Processing /opt/airflow/dags/select_distinct_brands_categories.py took 0.063 seconds
[2024-12-11T15:38:02.704+0000] {processor.py:186} INFO - Started process (PID=125) to work on /opt/airflow/dags/select_distinct_brands_categories.py
[2024-12-11T15:38:02.705+0000] {processor.py:914} INFO - Processing file /opt/airflow/dags/select_distinct_brands_categories.py for tasks to queue
[2024-12-11T15:38:02.707+0000] {logging_mixin.py:190} INFO - [2024-12-11T15:38:02.707+0000] {dagbag.py:588} INFO - Filling up the DagBag from /opt/airflow/dags/select_distinct_brands_categories.py
[2024-12-11T15:38:02.722+0000] {processor.py:925} INFO - DAG(s) 'extract_unique_values' retrieved from /opt/airflow/dags/select_distinct_brands_categories.py
[2024-12-11T15:38:02.738+0000] {logging_mixin.py:190} INFO - [2024-12-11T15:38:02.737+0000] {dag.py:3239} INFO - Sync 1 DAGs
[2024-12-11T15:38:02.747+0000] {logging_mixin.py:190} INFO - [2024-12-11T15:38:02.747+0000] {dag.py:4180} INFO - Setting next_dagrun for extract_unique_values to None, run_after=None
[2024-12-11T15:38:02.762+0000] {processor.py:208} INFO - Processing /opt/airflow/dags/select_distinct_brands_categories.py took 0.062 seconds
[2024-12-11T15:38:33.263+0000] {processor.py:186} INFO - Started process (PID=138) to work on /opt/airflow/dags/select_distinct_brands_categories.py
[2024-12-11T15:38:33.263+0000] {processor.py:914} INFO - Processing file /opt/airflow/dags/select_distinct_brands_categories.py for tasks to queue
[2024-12-11T15:38:33.265+0000] {logging_mixin.py:190} INFO - [2024-12-11T15:38:33.265+0000] {dagbag.py:588} INFO - Filling up the DagBag from /opt/airflow/dags/select_distinct_brands_categories.py
[2024-12-11T15:38:33.281+0000] {processor.py:925} INFO - DAG(s) 'extract_unique_values' retrieved from /opt/airflow/dags/select_distinct_brands_categories.py
[2024-12-11T15:38:33.296+0000] {logging_mixin.py:190} INFO - [2024-12-11T15:38:33.296+0000] {dag.py:3239} INFO - Sync 1 DAGs
[2024-12-11T15:38:33.305+0000] {logging_mixin.py:190} INFO - [2024-12-11T15:38:33.305+0000] {dag.py:4180} INFO - Setting next_dagrun for extract_unique_values to None, run_after=None
[2024-12-11T15:38:33.319+0000] {processor.py:208} INFO - Processing /opt/airflow/dags/select_distinct_brands_categories.py took 0.061 seconds
[2024-12-11T15:39:03.813+0000] {processor.py:186} INFO - Started process (PID=151) to work on /opt/airflow/dags/select_distinct_brands_categories.py
[2024-12-11T15:39:03.814+0000] {processor.py:914} INFO - Processing file /opt/airflow/dags/select_distinct_brands_categories.py for tasks to queue
[2024-12-11T15:39:03.816+0000] {logging_mixin.py:190} INFO - [2024-12-11T15:39:03.816+0000] {dagbag.py:588} INFO - Filling up the DagBag from /opt/airflow/dags/select_distinct_brands_categories.py
[2024-12-11T15:39:03.829+0000] {processor.py:925} INFO - DAG(s) 'extract_unique_values' retrieved from /opt/airflow/dags/select_distinct_brands_categories.py
[2024-12-11T15:39:03.844+0000] {logging_mixin.py:190} INFO - [2024-12-11T15:39:03.844+0000] {dag.py:3239} INFO - Sync 1 DAGs
[2024-12-11T15:39:03.865+0000] {logging_mixin.py:190} INFO - [2024-12-11T15:39:03.865+0000] {dag.py:4180} INFO - Setting next_dagrun for extract_unique_values to None, run_after=None
[2024-12-11T15:39:03.900+0000] {processor.py:208} INFO - Processing /opt/airflow/dags/select_distinct_brands_categories.py took 0.091 seconds
[2024-12-11T15:39:34.358+0000] {processor.py:186} INFO - Started process (PID=164) to work on /opt/airflow/dags/select_distinct_brands_categories.py
[2024-12-11T15:39:34.358+0000] {processor.py:914} INFO - Processing file /opt/airflow/dags/select_distinct_brands_categories.py for tasks to queue
[2024-12-11T15:39:34.360+0000] {logging_mixin.py:190} INFO - [2024-12-11T15:39:34.360+0000] {dagbag.py:588} INFO - Filling up the DagBag from /opt/airflow/dags/select_distinct_brands_categories.py
[2024-12-11T15:39:34.373+0000] {processor.py:925} INFO - DAG(s) 'extract_unique_values' retrieved from /opt/airflow/dags/select_distinct_brands_categories.py
[2024-12-11T15:39:34.389+0000] {logging_mixin.py:190} INFO - [2024-12-11T15:39:34.389+0000] {dag.py:3239} INFO - Sync 1 DAGs
[2024-12-11T15:39:34.398+0000] {logging_mixin.py:190} INFO - [2024-12-11T15:39:34.398+0000] {dag.py:4180} INFO - Setting next_dagrun for extract_unique_values to None, run_after=None
[2024-12-11T15:39:34.413+0000] {processor.py:208} INFO - Processing /opt/airflow/dags/select_distinct_brands_categories.py took 0.059 seconds
[2024-12-11T15:40:04.884+0000] {processor.py:186} INFO - Started process (PID=177) to work on /opt/airflow/dags/select_distinct_brands_categories.py
[2024-12-11T15:40:04.884+0000] {processor.py:914} INFO - Processing file /opt/airflow/dags/select_distinct_brands_categories.py for tasks to queue
[2024-12-11T15:40:04.886+0000] {logging_mixin.py:190} INFO - [2024-12-11T15:40:04.886+0000] {dagbag.py:588} INFO - Filling up the DagBag from /opt/airflow/dags/select_distinct_brands_categories.py
[2024-12-11T15:40:04.900+0000] {processor.py:925} INFO - DAG(s) 'extract_unique_values' retrieved from /opt/airflow/dags/select_distinct_brands_categories.py
[2024-12-11T15:40:04.917+0000] {logging_mixin.py:190} INFO - [2024-12-11T15:40:04.917+0000] {dag.py:3239} INFO - Sync 1 DAGs
[2024-12-11T15:40:04.927+0000] {logging_mixin.py:190} INFO - [2024-12-11T15:40:04.927+0000] {dag.py:4180} INFO - Setting next_dagrun for extract_unique_values to None, run_after=None
[2024-12-11T15:40:04.942+0000] {processor.py:208} INFO - Processing /opt/airflow/dags/select_distinct_brands_categories.py took 0.063 seconds
[2024-12-11T15:40:35.588+0000] {processor.py:186} INFO - Started process (PID=190) to work on /opt/airflow/dags/select_distinct_brands_categories.py
[2024-12-11T15:40:35.589+0000] {processor.py:914} INFO - Processing file /opt/airflow/dags/select_distinct_brands_categories.py for tasks to queue
[2024-12-11T15:40:35.590+0000] {logging_mixin.py:190} INFO - [2024-12-11T15:40:35.590+0000] {dagbag.py:588} INFO - Filling up the DagBag from /opt/airflow/dags/select_distinct_brands_categories.py
[2024-12-11T15:40:35.606+0000] {processor.py:925} INFO - DAG(s) 'extract_unique_values' retrieved from /opt/airflow/dags/select_distinct_brands_categories.py
[2024-12-11T15:40:35.621+0000] {logging_mixin.py:190} INFO - [2024-12-11T15:40:35.621+0000] {dag.py:3239} INFO - Sync 1 DAGs
[2024-12-11T15:40:35.631+0000] {logging_mixin.py:190} INFO - [2024-12-11T15:40:35.631+0000] {dag.py:4180} INFO - Setting next_dagrun for extract_unique_values to None, run_after=None
[2024-12-11T15:40:35.648+0000] {processor.py:208} INFO - Processing /opt/airflow/dags/select_distinct_brands_categories.py took 0.065 seconds
[2024-12-11T15:41:06.135+0000] {processor.py:186} INFO - Started process (PID=203) to work on /opt/airflow/dags/select_distinct_brands_categories.py
[2024-12-11T15:41:06.136+0000] {processor.py:914} INFO - Processing file /opt/airflow/dags/select_distinct_brands_categories.py for tasks to queue
[2024-12-11T15:41:06.138+0000] {logging_mixin.py:190} INFO - [2024-12-11T15:41:06.138+0000] {dagbag.py:588} INFO - Filling up the DagBag from /opt/airflow/dags/select_distinct_brands_categories.py
[2024-12-11T15:41:06.154+0000] {processor.py:925} INFO - DAG(s) 'extract_unique_values' retrieved from /opt/airflow/dags/select_distinct_brands_categories.py
[2024-12-11T15:41:06.170+0000] {logging_mixin.py:190} INFO - [2024-12-11T15:41:06.169+0000] {dag.py:3239} INFO - Sync 1 DAGs
[2024-12-11T15:41:06.180+0000] {logging_mixin.py:190} INFO - [2024-12-11T15:41:06.180+0000] {dag.py:4180} INFO - Setting next_dagrun for extract_unique_values to None, run_after=None
[2024-12-11T15:41:06.196+0000] {processor.py:208} INFO - Processing /opt/airflow/dags/select_distinct_brands_categories.py took 0.065 seconds
[2024-12-11T15:41:36.751+0000] {processor.py:186} INFO - Started process (PID=216) to work on /opt/airflow/dags/select_distinct_brands_categories.py
[2024-12-11T15:41:36.752+0000] {processor.py:914} INFO - Processing file /opt/airflow/dags/select_distinct_brands_categories.py for tasks to queue
[2024-12-11T15:41:36.754+0000] {logging_mixin.py:190} INFO - [2024-12-11T15:41:36.753+0000] {dagbag.py:588} INFO - Filling up the DagBag from /opt/airflow/dags/select_distinct_brands_categories.py
[2024-12-11T15:41:36.776+0000] {processor.py:925} INFO - DAG(s) 'extract_unique_values' retrieved from /opt/airflow/dags/select_distinct_brands_categories.py
[2024-12-11T15:41:36.794+0000] {logging_mixin.py:190} INFO - [2024-12-11T15:41:36.794+0000] {dag.py:3239} INFO - Sync 1 DAGs
[2024-12-11T15:41:36.805+0000] {logging_mixin.py:190} INFO - [2024-12-11T15:41:36.805+0000] {dag.py:4180} INFO - Setting next_dagrun for extract_unique_values to None, run_after=None
[2024-12-11T15:41:36.822+0000] {processor.py:208} INFO - Processing /opt/airflow/dags/select_distinct_brands_categories.py took 0.077 seconds
[2024-12-11T15:42:07.414+0000] {processor.py:186} INFO - Started process (PID=229) to work on /opt/airflow/dags/select_distinct_brands_categories.py
[2024-12-11T15:42:07.415+0000] {processor.py:914} INFO - Processing file /opt/airflow/dags/select_distinct_brands_categories.py for tasks to queue
[2024-12-11T15:42:07.416+0000] {logging_mixin.py:190} INFO - [2024-12-11T15:42:07.416+0000] {dagbag.py:588} INFO - Filling up the DagBag from /opt/airflow/dags/select_distinct_brands_categories.py
[2024-12-11T15:42:07.432+0000] {processor.py:925} INFO - DAG(s) 'extract_unique_values' retrieved from /opt/airflow/dags/select_distinct_brands_categories.py
[2024-12-11T15:42:07.448+0000] {logging_mixin.py:190} INFO - [2024-12-11T15:42:07.448+0000] {dag.py:3239} INFO - Sync 1 DAGs
[2024-12-11T15:42:07.458+0000] {logging_mixin.py:190} INFO - [2024-12-11T15:42:07.458+0000] {dag.py:4180} INFO - Setting next_dagrun for extract_unique_values to None, run_after=None
[2024-12-11T15:42:07.474+0000] {processor.py:208} INFO - Processing /opt/airflow/dags/select_distinct_brands_categories.py took 0.065 seconds
[2024-12-11T15:42:37.976+0000] {processor.py:186} INFO - Started process (PID=242) to work on /opt/airflow/dags/select_distinct_brands_categories.py
[2024-12-11T15:42:37.977+0000] {processor.py:914} INFO - Processing file /opt/airflow/dags/select_distinct_brands_categories.py for tasks to queue
[2024-12-11T15:42:37.978+0000] {logging_mixin.py:190} INFO - [2024-12-11T15:42:37.978+0000] {dagbag.py:588} INFO - Filling up the DagBag from /opt/airflow/dags/select_distinct_brands_categories.py
[2024-12-11T15:42:37.992+0000] {processor.py:925} INFO - DAG(s) 'extract_unique_values' retrieved from /opt/airflow/dags/select_distinct_brands_categories.py
[2024-12-11T15:42:38.009+0000] {logging_mixin.py:190} INFO - [2024-12-11T15:42:38.009+0000] {dag.py:3239} INFO - Sync 1 DAGs
[2024-12-11T15:42:38.020+0000] {logging_mixin.py:190} INFO - [2024-12-11T15:42:38.019+0000] {dag.py:4180} INFO - Setting next_dagrun for extract_unique_values to None, run_after=None
[2024-12-11T15:42:38.035+0000] {processor.py:208} INFO - Processing /opt/airflow/dags/select_distinct_brands_categories.py took 0.063 seconds
[2024-12-11T15:43:08.649+0000] {processor.py:186} INFO - Started process (PID=255) to work on /opt/airflow/dags/select_distinct_brands_categories.py
[2024-12-11T15:43:08.651+0000] {processor.py:914} INFO - Processing file /opt/airflow/dags/select_distinct_brands_categories.py for tasks to queue
[2024-12-11T15:43:08.655+0000] {logging_mixin.py:190} INFO - [2024-12-11T15:43:08.654+0000] {dagbag.py:588} INFO - Filling up the DagBag from /opt/airflow/dags/select_distinct_brands_categories.py
[2024-12-11T15:43:08.683+0000] {processor.py:925} INFO - DAG(s) 'extract_unique_values' retrieved from /opt/airflow/dags/select_distinct_brands_categories.py
[2024-12-11T15:43:08.716+0000] {logging_mixin.py:190} INFO - [2024-12-11T15:43:08.716+0000] {dag.py:3239} INFO - Sync 1 DAGs
[2024-12-11T15:43:08.726+0000] {logging_mixin.py:190} INFO - [2024-12-11T15:43:08.726+0000] {dag.py:4180} INFO - Setting next_dagrun for extract_unique_values to None, run_after=None
[2024-12-11T15:43:08.740+0000] {processor.py:208} INFO - Processing /opt/airflow/dags/select_distinct_brands_categories.py took 0.100 seconds
[2024-12-11T15:43:39.225+0000] {processor.py:186} INFO - Started process (PID=268) to work on /opt/airflow/dags/select_distinct_brands_categories.py
[2024-12-11T15:43:39.226+0000] {processor.py:914} INFO - Processing file /opt/airflow/dags/select_distinct_brands_categories.py for tasks to queue
[2024-12-11T15:43:39.228+0000] {logging_mixin.py:190} INFO - [2024-12-11T15:43:39.228+0000] {dagbag.py:588} INFO - Filling up the DagBag from /opt/airflow/dags/select_distinct_brands_categories.py
[2024-12-11T15:43:39.246+0000] {processor.py:925} INFO - DAG(s) 'extract_unique_values' retrieved from /opt/airflow/dags/select_distinct_brands_categories.py
[2024-12-11T15:43:39.262+0000] {logging_mixin.py:190} INFO - [2024-12-11T15:43:39.262+0000] {dag.py:3239} INFO - Sync 1 DAGs
[2024-12-11T15:43:39.273+0000] {logging_mixin.py:190} INFO - [2024-12-11T15:43:39.273+0000] {dag.py:4180} INFO - Setting next_dagrun for extract_unique_values to None, run_after=None
[2024-12-11T15:43:39.289+0000] {processor.py:208} INFO - Processing /opt/airflow/dags/select_distinct_brands_categories.py took 0.069 seconds
[2024-12-11T15:44:09.825+0000] {processor.py:186} INFO - Started process (PID=281) to work on /opt/airflow/dags/select_distinct_brands_categories.py
[2024-12-11T15:44:09.826+0000] {processor.py:914} INFO - Processing file /opt/airflow/dags/select_distinct_brands_categories.py for tasks to queue
[2024-12-11T15:44:09.828+0000] {logging_mixin.py:190} INFO - [2024-12-11T15:44:09.827+0000] {dagbag.py:588} INFO - Filling up the DagBag from /opt/airflow/dags/select_distinct_brands_categories.py
[2024-12-11T15:44:09.844+0000] {processor.py:925} INFO - DAG(s) 'extract_unique_values' retrieved from /opt/airflow/dags/select_distinct_brands_categories.py
[2024-12-11T15:44:09.858+0000] {logging_mixin.py:190} INFO - [2024-12-11T15:44:09.858+0000] {dag.py:3239} INFO - Sync 1 DAGs
[2024-12-11T15:44:09.868+0000] {logging_mixin.py:190} INFO - [2024-12-11T15:44:09.868+0000] {dag.py:4180} INFO - Setting next_dagrun for extract_unique_values to None, run_after=None
[2024-12-11T15:44:09.884+0000] {processor.py:208} INFO - Processing /opt/airflow/dags/select_distinct_brands_categories.py took 0.063 seconds
[2024-12-11T15:44:40.429+0000] {processor.py:186} INFO - Started process (PID=294) to work on /opt/airflow/dags/select_distinct_brands_categories.py
[2024-12-11T15:44:40.430+0000] {processor.py:914} INFO - Processing file /opt/airflow/dags/select_distinct_brands_categories.py for tasks to queue
[2024-12-11T15:44:40.432+0000] {logging_mixin.py:190} INFO - [2024-12-11T15:44:40.432+0000] {dagbag.py:588} INFO - Filling up the DagBag from /opt/airflow/dags/select_distinct_brands_categories.py
[2024-12-11T15:44:40.449+0000] {processor.py:925} INFO - DAG(s) 'extract_unique_values' retrieved from /opt/airflow/dags/select_distinct_brands_categories.py
[2024-12-11T15:44:40.469+0000] {logging_mixin.py:190} INFO - [2024-12-11T15:44:40.469+0000] {dag.py:3239} INFO - Sync 1 DAGs
[2024-12-11T15:44:40.481+0000] {logging_mixin.py:190} INFO - [2024-12-11T15:44:40.480+0000] {dag.py:4180} INFO - Setting next_dagrun for extract_unique_values to None, run_after=None
[2024-12-11T15:44:40.499+0000] {processor.py:208} INFO - Processing /opt/airflow/dags/select_distinct_brands_categories.py took 0.076 seconds
[2024-12-11T15:45:11.167+0000] {processor.py:186} INFO - Started process (PID=307) to work on /opt/airflow/dags/select_distinct_brands_categories.py
[2024-12-11T15:45:11.167+0000] {processor.py:914} INFO - Processing file /opt/airflow/dags/select_distinct_brands_categories.py for tasks to queue
[2024-12-11T15:45:11.169+0000] {logging_mixin.py:190} INFO - [2024-12-11T15:45:11.169+0000] {dagbag.py:588} INFO - Filling up the DagBag from /opt/airflow/dags/select_distinct_brands_categories.py
[2024-12-11T15:45:11.185+0000] {processor.py:925} INFO - DAG(s) 'extract_unique_values' retrieved from /opt/airflow/dags/select_distinct_brands_categories.py
[2024-12-11T15:45:11.200+0000] {logging_mixin.py:190} INFO - [2024-12-11T15:45:11.200+0000] {dag.py:3239} INFO - Sync 1 DAGs
[2024-12-11T15:45:11.209+0000] {logging_mixin.py:190} INFO - [2024-12-11T15:45:11.209+0000] {dag.py:4180} INFO - Setting next_dagrun for extract_unique_values to None, run_after=None
[2024-12-11T15:45:11.225+0000] {processor.py:208} INFO - Processing /opt/airflow/dags/select_distinct_brands_categories.py took 0.062 seconds
[2024-12-11T15:45:41.913+0000] {processor.py:186} INFO - Started process (PID=320) to work on /opt/airflow/dags/select_distinct_brands_categories.py
[2024-12-11T15:45:41.914+0000] {processor.py:914} INFO - Processing file /opt/airflow/dags/select_distinct_brands_categories.py for tasks to queue
[2024-12-11T15:45:41.916+0000] {logging_mixin.py:190} INFO - [2024-12-11T15:45:41.916+0000] {dagbag.py:588} INFO - Filling up the DagBag from /opt/airflow/dags/select_distinct_brands_categories.py
[2024-12-11T15:45:41.931+0000] {processor.py:925} INFO - DAG(s) 'extract_unique_values' retrieved from /opt/airflow/dags/select_distinct_brands_categories.py
[2024-12-11T15:45:41.947+0000] {logging_mixin.py:190} INFO - [2024-12-11T15:45:41.947+0000] {dag.py:3239} INFO - Sync 1 DAGs
[2024-12-11T15:45:41.958+0000] {logging_mixin.py:190} INFO - [2024-12-11T15:45:41.958+0000] {dag.py:4180} INFO - Setting next_dagrun for extract_unique_values to None, run_after=None
[2024-12-11T15:45:41.976+0000] {processor.py:208} INFO - Processing /opt/airflow/dags/select_distinct_brands_categories.py took 0.068 seconds
[2024-12-11T15:46:12.549+0000] {processor.py:186} INFO - Started process (PID=333) to work on /opt/airflow/dags/select_distinct_brands_categories.py
[2024-12-11T15:46:12.550+0000] {processor.py:914} INFO - Processing file /opt/airflow/dags/select_distinct_brands_categories.py for tasks to queue
[2024-12-11T15:46:12.552+0000] {logging_mixin.py:190} INFO - [2024-12-11T15:46:12.551+0000] {dagbag.py:588} INFO - Filling up the DagBag from /opt/airflow/dags/select_distinct_brands_categories.py
[2024-12-11T15:46:12.565+0000] {processor.py:925} INFO - DAG(s) 'extract_unique_values' retrieved from /opt/airflow/dags/select_distinct_brands_categories.py
[2024-12-11T15:46:12.580+0000] {logging_mixin.py:190} INFO - [2024-12-11T15:46:12.580+0000] {dag.py:3239} INFO - Sync 1 DAGs
[2024-12-11T15:46:12.590+0000] {logging_mixin.py:190} INFO - [2024-12-11T15:46:12.590+0000] {dag.py:4180} INFO - Setting next_dagrun for extract_unique_values to None, run_after=None
[2024-12-11T15:46:12.605+0000] {processor.py:208} INFO - Processing /opt/airflow/dags/select_distinct_brands_categories.py took 0.060 seconds
[2024-12-11T15:46:43.213+0000] {processor.py:186} INFO - Started process (PID=346) to work on /opt/airflow/dags/select_distinct_brands_categories.py
[2024-12-11T15:46:43.215+0000] {processor.py:914} INFO - Processing file /opt/airflow/dags/select_distinct_brands_categories.py for tasks to queue
[2024-12-11T15:46:43.218+0000] {logging_mixin.py:190} INFO - [2024-12-11T15:46:43.218+0000] {dagbag.py:588} INFO - Filling up the DagBag from /opt/airflow/dags/select_distinct_brands_categories.py
[2024-12-11T15:46:43.248+0000] {processor.py:925} INFO - DAG(s) 'extract_unique_values' retrieved from /opt/airflow/dags/select_distinct_brands_categories.py
[2024-12-11T15:46:43.271+0000] {logging_mixin.py:190} INFO - [2024-12-11T15:46:43.271+0000] {dag.py:3239} INFO - Sync 1 DAGs
[2024-12-11T15:46:43.282+0000] {logging_mixin.py:190} INFO - [2024-12-11T15:46:43.282+0000] {dag.py:4180} INFO - Setting next_dagrun for extract_unique_values to None, run_after=None
[2024-12-11T15:46:43.297+0000] {processor.py:208} INFO - Processing /opt/airflow/dags/select_distinct_brands_categories.py took 0.094 seconds
[2024-12-11T15:47:13.838+0000] {processor.py:186} INFO - Started process (PID=359) to work on /opt/airflow/dags/select_distinct_brands_categories.py
[2024-12-11T15:47:13.839+0000] {processor.py:914} INFO - Processing file /opt/airflow/dags/select_distinct_brands_categories.py for tasks to queue
[2024-12-11T15:47:13.842+0000] {logging_mixin.py:190} INFO - [2024-12-11T15:47:13.841+0000] {dagbag.py:588} INFO - Filling up the DagBag from /opt/airflow/dags/select_distinct_brands_categories.py
[2024-12-11T15:47:13.858+0000] {processor.py:925} INFO - DAG(s) 'extract_unique_values' retrieved from /opt/airflow/dags/select_distinct_brands_categories.py
[2024-12-11T15:47:13.878+0000] {logging_mixin.py:190} INFO - [2024-12-11T15:47:13.877+0000] {dag.py:3239} INFO - Sync 1 DAGs
[2024-12-11T15:47:13.890+0000] {logging_mixin.py:190} INFO - [2024-12-11T15:47:13.890+0000] {dag.py:4180} INFO - Setting next_dagrun for extract_unique_values to None, run_after=None
[2024-12-11T15:47:13.906+0000] {processor.py:208} INFO - Processing /opt/airflow/dags/select_distinct_brands_categories.py took 0.074 seconds
[2024-12-11T15:47:44.443+0000] {processor.py:186} INFO - Started process (PID=373) to work on /opt/airflow/dags/select_distinct_brands_categories.py
[2024-12-11T15:47:44.444+0000] {processor.py:914} INFO - Processing file /opt/airflow/dags/select_distinct_brands_categories.py for tasks to queue
[2024-12-11T15:47:44.445+0000] {logging_mixin.py:190} INFO - [2024-12-11T15:47:44.445+0000] {dagbag.py:588} INFO - Filling up the DagBag from /opt/airflow/dags/select_distinct_brands_categories.py
[2024-12-11T15:47:44.463+0000] {processor.py:925} INFO - DAG(s) 'extract_unique_values' retrieved from /opt/airflow/dags/select_distinct_brands_categories.py
[2024-12-11T15:47:44.479+0000] {logging_mixin.py:190} INFO - [2024-12-11T15:47:44.479+0000] {dag.py:3239} INFO - Sync 1 DAGs
[2024-12-11T15:47:44.491+0000] {logging_mixin.py:190} INFO - [2024-12-11T15:47:44.491+0000] {dag.py:4180} INFO - Setting next_dagrun for extract_unique_values to None, run_after=None
[2024-12-11T15:47:44.508+0000] {processor.py:208} INFO - Processing /opt/airflow/dags/select_distinct_brands_categories.py took 0.070 seconds
[2024-12-11T15:48:14.986+0000] {processor.py:186} INFO - Started process (PID=386) to work on /opt/airflow/dags/select_distinct_brands_categories.py
[2024-12-11T15:48:14.986+0000] {processor.py:914} INFO - Processing file /opt/airflow/dags/select_distinct_brands_categories.py for tasks to queue
[2024-12-11T15:48:14.988+0000] {logging_mixin.py:190} INFO - [2024-12-11T15:48:14.988+0000] {dagbag.py:588} INFO - Filling up the DagBag from /opt/airflow/dags/select_distinct_brands_categories.py
[2024-12-11T15:48:15.001+0000] {processor.py:925} INFO - DAG(s) 'extract_unique_values' retrieved from /opt/airflow/dags/select_distinct_brands_categories.py
[2024-12-11T15:48:15.016+0000] {logging_mixin.py:190} INFO - [2024-12-11T15:48:15.015+0000] {dag.py:3239} INFO - Sync 1 DAGs
[2024-12-11T15:48:15.025+0000] {logging_mixin.py:190} INFO - [2024-12-11T15:48:15.025+0000] {dag.py:4180} INFO - Setting next_dagrun for extract_unique_values to None, run_after=None
[2024-12-11T15:48:15.039+0000] {processor.py:208} INFO - Processing /opt/airflow/dags/select_distinct_brands_categories.py took 0.058 seconds
[2024-12-11T15:48:45.534+0000] {processor.py:186} INFO - Started process (PID=399) to work on /opt/airflow/dags/select_distinct_brands_categories.py
[2024-12-11T15:48:45.534+0000] {processor.py:914} INFO - Processing file /opt/airflow/dags/select_distinct_brands_categories.py for tasks to queue
[2024-12-11T15:48:45.536+0000] {logging_mixin.py:190} INFO - [2024-12-11T15:48:45.536+0000] {dagbag.py:588} INFO - Filling up the DagBag from /opt/airflow/dags/select_distinct_brands_categories.py
[2024-12-11T15:48:45.550+0000] {processor.py:925} INFO - DAG(s) 'extract_unique_values' retrieved from /opt/airflow/dags/select_distinct_brands_categories.py
[2024-12-11T15:48:45.568+0000] {logging_mixin.py:190} INFO - [2024-12-11T15:48:45.568+0000] {dag.py:3239} INFO - Sync 1 DAGs
[2024-12-11T15:48:45.579+0000] {logging_mixin.py:190} INFO - [2024-12-11T15:48:45.578+0000] {dag.py:4180} INFO - Setting next_dagrun for extract_unique_values to None, run_after=None
[2024-12-11T15:48:45.596+0000] {processor.py:208} INFO - Processing /opt/airflow/dags/select_distinct_brands_categories.py took 0.068 seconds
[2024-12-11T15:49:16.101+0000] {processor.py:186} INFO - Started process (PID=412) to work on /opt/airflow/dags/select_distinct_brands_categories.py
[2024-12-11T15:49:16.102+0000] {processor.py:914} INFO - Processing file /opt/airflow/dags/select_distinct_brands_categories.py for tasks to queue
[2024-12-11T15:49:16.104+0000] {logging_mixin.py:190} INFO - [2024-12-11T15:49:16.104+0000] {dagbag.py:588} INFO - Filling up the DagBag from /opt/airflow/dags/select_distinct_brands_categories.py
[2024-12-11T15:49:16.119+0000] {processor.py:925} INFO - DAG(s) 'extract_unique_values' retrieved from /opt/airflow/dags/select_distinct_brands_categories.py
[2024-12-11T15:49:16.136+0000] {logging_mixin.py:190} INFO - [2024-12-11T15:49:16.136+0000] {dag.py:3239} INFO - Sync 1 DAGs
[2024-12-11T15:49:16.147+0000] {logging_mixin.py:190} INFO - [2024-12-11T15:49:16.147+0000] {dag.py:4180} INFO - Setting next_dagrun for extract_unique_values to None, run_after=None
[2024-12-11T15:49:16.165+0000] {processor.py:208} INFO - Processing /opt/airflow/dags/select_distinct_brands_categories.py took 0.069 seconds
[2024-12-11T15:49:46.668+0000] {processor.py:186} INFO - Started process (PID=425) to work on /opt/airflow/dags/select_distinct_brands_categories.py
[2024-12-11T15:49:46.669+0000] {processor.py:914} INFO - Processing file /opt/airflow/dags/select_distinct_brands_categories.py for tasks to queue
[2024-12-11T15:49:46.670+0000] {logging_mixin.py:190} INFO - [2024-12-11T15:49:46.670+0000] {dagbag.py:588} INFO - Filling up the DagBag from /opt/airflow/dags/select_distinct_brands_categories.py
[2024-12-11T15:49:46.686+0000] {processor.py:925} INFO - DAG(s) 'extract_unique_values' retrieved from /opt/airflow/dags/select_distinct_brands_categories.py
[2024-12-11T15:49:46.709+0000] {logging_mixin.py:190} INFO - [2024-12-11T15:49:46.709+0000] {dag.py:3239} INFO - Sync 1 DAGs
[2024-12-11T15:49:46.724+0000] {logging_mixin.py:190} INFO - [2024-12-11T15:49:46.724+0000] {dag.py:4180} INFO - Setting next_dagrun for extract_unique_values to None, run_after=None
[2024-12-11T15:49:46.740+0000] {processor.py:208} INFO - Processing /opt/airflow/dags/select_distinct_brands_categories.py took 0.076 seconds
[2024-12-11T15:50:17.256+0000] {processor.py:186} INFO - Started process (PID=439) to work on /opt/airflow/dags/select_distinct_brands_categories.py
[2024-12-11T15:50:17.257+0000] {processor.py:914} INFO - Processing file /opt/airflow/dags/select_distinct_brands_categories.py for tasks to queue
[2024-12-11T15:50:17.258+0000] {logging_mixin.py:190} INFO - [2024-12-11T15:50:17.258+0000] {dagbag.py:588} INFO - Filling up the DagBag from /opt/airflow/dags/select_distinct_brands_categories.py
[2024-12-11T15:50:17.273+0000] {processor.py:925} INFO - DAG(s) 'extract_unique_values' retrieved from /opt/airflow/dags/select_distinct_brands_categories.py
[2024-12-11T15:50:17.289+0000] {logging_mixin.py:190} INFO - [2024-12-11T15:50:17.288+0000] {dag.py:3239} INFO - Sync 1 DAGs
[2024-12-11T15:50:17.299+0000] {logging_mixin.py:190} INFO - [2024-12-11T15:50:17.299+0000] {dag.py:4180} INFO - Setting next_dagrun for extract_unique_values to None, run_after=None
[2024-12-11T15:50:17.314+0000] {processor.py:208} INFO - Processing /opt/airflow/dags/select_distinct_brands_categories.py took 0.062 seconds
[2024-12-11T15:50:47.903+0000] {processor.py:186} INFO - Started process (PID=452) to work on /opt/airflow/dags/select_distinct_brands_categories.py
[2024-12-11T15:50:47.904+0000] {processor.py:914} INFO - Processing file /opt/airflow/dags/select_distinct_brands_categories.py for tasks to queue
[2024-12-11T15:50:47.906+0000] {logging_mixin.py:190} INFO - [2024-12-11T15:50:47.906+0000] {dagbag.py:588} INFO - Filling up the DagBag from /opt/airflow/dags/select_distinct_brands_categories.py
[2024-12-11T15:50:47.923+0000] {processor.py:925} INFO - DAG(s) 'extract_unique_values' retrieved from /opt/airflow/dags/select_distinct_brands_categories.py
[2024-12-11T15:50:47.940+0000] {logging_mixin.py:190} INFO - [2024-12-11T15:50:47.940+0000] {dag.py:3239} INFO - Sync 1 DAGs
[2024-12-11T15:50:47.953+0000] {logging_mixin.py:190} INFO - [2024-12-11T15:50:47.952+0000] {dag.py:4180} INFO - Setting next_dagrun for extract_unique_values to None, run_after=None
[2024-12-11T15:50:47.976+0000] {processor.py:208} INFO - Processing /opt/airflow/dags/select_distinct_brands_categories.py took 0.080 seconds
[2024-12-11T15:51:18.488+0000] {processor.py:186} INFO - Started process (PID=465) to work on /opt/airflow/dags/select_distinct_brands_categories.py
[2024-12-11T15:51:18.489+0000] {processor.py:914} INFO - Processing file /opt/airflow/dags/select_distinct_brands_categories.py for tasks to queue
[2024-12-11T15:51:18.490+0000] {logging_mixin.py:190} INFO - [2024-12-11T15:51:18.490+0000] {dagbag.py:588} INFO - Filling up the DagBag from /opt/airflow/dags/select_distinct_brands_categories.py
[2024-12-11T15:51:18.510+0000] {processor.py:925} INFO - DAG(s) 'extract_unique_values' retrieved from /opt/airflow/dags/select_distinct_brands_categories.py
[2024-12-11T15:51:18.527+0000] {logging_mixin.py:190} INFO - [2024-12-11T15:51:18.527+0000] {dag.py:3239} INFO - Sync 1 DAGs
[2024-12-11T15:51:18.537+0000] {logging_mixin.py:190} INFO - [2024-12-11T15:51:18.537+0000] {dag.py:4180} INFO - Setting next_dagrun for extract_unique_values to None, run_after=None
[2024-12-11T15:51:18.553+0000] {processor.py:208} INFO - Processing /opt/airflow/dags/select_distinct_brands_categories.py took 0.069 seconds
[2024-12-11T15:51:49.174+0000] {processor.py:186} INFO - Started process (PID=478) to work on /opt/airflow/dags/select_distinct_brands_categories.py
[2024-12-11T15:51:49.175+0000] {processor.py:914} INFO - Processing file /opt/airflow/dags/select_distinct_brands_categories.py for tasks to queue
[2024-12-11T15:51:49.177+0000] {logging_mixin.py:190} INFO - [2024-12-11T15:51:49.177+0000] {dagbag.py:588} INFO - Filling up the DagBag from /opt/airflow/dags/select_distinct_brands_categories.py
[2024-12-11T15:51:49.193+0000] {processor.py:925} INFO - DAG(s) 'extract_unique_values' retrieved from /opt/airflow/dags/select_distinct_brands_categories.py
[2024-12-11T15:51:49.210+0000] {logging_mixin.py:190} INFO - [2024-12-11T15:51:49.209+0000] {dag.py:3239} INFO - Sync 1 DAGs
[2024-12-11T15:51:49.220+0000] {logging_mixin.py:190} INFO - [2024-12-11T15:51:49.220+0000] {dag.py:4180} INFO - Setting next_dagrun for extract_unique_values to None, run_after=None
[2024-12-11T15:51:49.238+0000] {processor.py:208} INFO - Processing /opt/airflow/dags/select_distinct_brands_categories.py took 0.069 seconds
[2024-12-11T15:52:19.712+0000] {processor.py:186} INFO - Started process (PID=491) to work on /opt/airflow/dags/select_distinct_brands_categories.py
[2024-12-11T15:52:19.713+0000] {processor.py:914} INFO - Processing file /opt/airflow/dags/select_distinct_brands_categories.py for tasks to queue
[2024-12-11T15:52:19.715+0000] {logging_mixin.py:190} INFO - [2024-12-11T15:52:19.714+0000] {dagbag.py:588} INFO - Filling up the DagBag from /opt/airflow/dags/select_distinct_brands_categories.py
[2024-12-11T15:52:19.728+0000] {processor.py:925} INFO - DAG(s) 'extract_unique_values' retrieved from /opt/airflow/dags/select_distinct_brands_categories.py
[2024-12-11T15:52:19.745+0000] {logging_mixin.py:190} INFO - [2024-12-11T15:52:19.745+0000] {dag.py:3239} INFO - Sync 1 DAGs
[2024-12-11T15:52:19.756+0000] {logging_mixin.py:190} INFO - [2024-12-11T15:52:19.756+0000] {dag.py:4180} INFO - Setting next_dagrun for extract_unique_values to None, run_after=None
[2024-12-11T15:52:19.770+0000] {processor.py:208} INFO - Processing /opt/airflow/dags/select_distinct_brands_categories.py took 0.064 seconds
[2024-12-11T15:52:50.309+0000] {processor.py:186} INFO - Started process (PID=504) to work on /opt/airflow/dags/select_distinct_brands_categories.py
[2024-12-11T15:52:50.310+0000] {processor.py:914} INFO - Processing file /opt/airflow/dags/select_distinct_brands_categories.py for tasks to queue
[2024-12-11T15:52:50.312+0000] {logging_mixin.py:190} INFO - [2024-12-11T15:52:50.311+0000] {dagbag.py:588} INFO - Filling up the DagBag from /opt/airflow/dags/select_distinct_brands_categories.py
[2024-12-11T15:52:50.330+0000] {processor.py:925} INFO - DAG(s) 'extract_unique_values' retrieved from /opt/airflow/dags/select_distinct_brands_categories.py
[2024-12-11T15:52:50.345+0000] {logging_mixin.py:190} INFO - [2024-12-11T15:52:50.345+0000] {dag.py:3239} INFO - Sync 1 DAGs
[2024-12-11T15:52:50.356+0000] {logging_mixin.py:190} INFO - [2024-12-11T15:52:50.356+0000] {dag.py:4180} INFO - Setting next_dagrun for extract_unique_values to None, run_after=None
[2024-12-11T15:52:50.372+0000] {processor.py:208} INFO - Processing /opt/airflow/dags/select_distinct_brands_categories.py took 0.069 seconds
[2024-12-11T15:53:20.839+0000] {processor.py:186} INFO - Started process (PID=517) to work on /opt/airflow/dags/select_distinct_brands_categories.py
[2024-12-11T15:53:20.840+0000] {processor.py:914} INFO - Processing file /opt/airflow/dags/select_distinct_brands_categories.py for tasks to queue
[2024-12-11T15:53:20.842+0000] {logging_mixin.py:190} INFO - [2024-12-11T15:53:20.842+0000] {dagbag.py:588} INFO - Filling up the DagBag from /opt/airflow/dags/select_distinct_brands_categories.py
[2024-12-11T15:53:20.855+0000] {processor.py:925} INFO - DAG(s) 'extract_unique_values' retrieved from /opt/airflow/dags/select_distinct_brands_categories.py
[2024-12-11T15:53:20.870+0000] {logging_mixin.py:190} INFO - [2024-12-11T15:53:20.870+0000] {dag.py:3239} INFO - Sync 1 DAGs
[2024-12-11T15:53:20.880+0000] {logging_mixin.py:190} INFO - [2024-12-11T15:53:20.880+0000] {dag.py:4180} INFO - Setting next_dagrun for extract_unique_values to None, run_after=None
[2024-12-11T15:53:20.893+0000] {processor.py:208} INFO - Processing /opt/airflow/dags/select_distinct_brands_categories.py took 0.058 seconds
[2024-12-11T15:53:51.395+0000] {processor.py:186} INFO - Started process (PID=530) to work on /opt/airflow/dags/select_distinct_brands_categories.py
[2024-12-11T15:53:51.396+0000] {processor.py:914} INFO - Processing file /opt/airflow/dags/select_distinct_brands_categories.py for tasks to queue
[2024-12-11T15:53:51.398+0000] {logging_mixin.py:190} INFO - [2024-12-11T15:53:51.398+0000] {dagbag.py:588} INFO - Filling up the DagBag from /opt/airflow/dags/select_distinct_brands_categories.py
[2024-12-11T15:53:51.416+0000] {processor.py:925} INFO - DAG(s) 'extract_unique_values' retrieved from /opt/airflow/dags/select_distinct_brands_categories.py
[2024-12-11T15:53:51.434+0000] {logging_mixin.py:190} INFO - [2024-12-11T15:53:51.434+0000] {dag.py:3239} INFO - Sync 1 DAGs
[2024-12-11T15:53:51.447+0000] {logging_mixin.py:190} INFO - [2024-12-11T15:53:51.447+0000] {dag.py:4180} INFO - Setting next_dagrun for extract_unique_values to None, run_after=None
[2024-12-11T15:53:51.468+0000] {processor.py:208} INFO - Processing /opt/airflow/dags/select_distinct_brands_categories.py took 0.079 seconds
[2024-12-11T15:54:21.985+0000] {processor.py:186} INFO - Started process (PID=543) to work on /opt/airflow/dags/select_distinct_brands_categories.py
[2024-12-11T15:54:21.985+0000] {processor.py:914} INFO - Processing file /opt/airflow/dags/select_distinct_brands_categories.py for tasks to queue
[2024-12-11T15:54:21.987+0000] {logging_mixin.py:190} INFO - [2024-12-11T15:54:21.987+0000] {dagbag.py:588} INFO - Filling up the DagBag from /opt/airflow/dags/select_distinct_brands_categories.py
[2024-12-11T15:54:22.004+0000] {processor.py:925} INFO - DAG(s) 'extract_unique_values' retrieved from /opt/airflow/dags/select_distinct_brands_categories.py
[2024-12-11T15:54:22.019+0000] {logging_mixin.py:190} INFO - [2024-12-11T15:54:22.019+0000] {dag.py:3239} INFO - Sync 1 DAGs
[2024-12-11T15:54:22.029+0000] {logging_mixin.py:190} INFO - [2024-12-11T15:54:22.028+0000] {dag.py:4180} INFO - Setting next_dagrun for extract_unique_values to None, run_after=None
[2024-12-11T15:54:22.042+0000] {processor.py:208} INFO - Processing /opt/airflow/dags/select_distinct_brands_categories.py took 0.062 seconds
[2024-12-11T15:55:34.628+0000] {processor.py:186} INFO - Started process (PID=57) to work on /opt/airflow/dags/select_distinct_brands_categories.py
[2024-12-11T15:55:34.629+0000] {processor.py:914} INFO - Processing file /opt/airflow/dags/select_distinct_brands_categories.py for tasks to queue
[2024-12-11T15:55:34.631+0000] {logging_mixin.py:190} INFO - [2024-12-11T15:55:34.631+0000] {dagbag.py:588} INFO - Filling up the DagBag from /opt/airflow/dags/select_distinct_brands_categories.py
[2024-12-11T15:55:34.653+0000] {processor.py:925} INFO - DAG(s) 'extract_unique_values' retrieved from /opt/airflow/dags/select_distinct_brands_categories.py
[2024-12-11T15:55:34.696+0000] {logging_mixin.py:190} INFO - [2024-12-11T15:55:34.695+0000] {dag.py:3239} INFO - Sync 1 DAGs
[2024-12-11T15:55:34.716+0000] {logging_mixin.py:190} INFO - [2024-12-11T15:55:34.715+0000] {dag.py:4180} INFO - Setting next_dagrun for extract_unique_values to None, run_after=None
[2024-12-11T15:55:34.752+0000] {processor.py:208} INFO - Processing /opt/airflow/dags/select_distinct_brands_categories.py took 0.129 seconds
[2024-12-11T15:56:05.036+0000] {processor.py:186} INFO - Started process (PID=75) to work on /opt/airflow/dags/select_distinct_brands_categories.py
[2024-12-11T15:56:05.037+0000] {processor.py:914} INFO - Processing file /opt/airflow/dags/select_distinct_brands_categories.py for tasks to queue
[2024-12-11T15:56:05.039+0000] {logging_mixin.py:190} INFO - [2024-12-11T15:56:05.039+0000] {dagbag.py:588} INFO - Filling up the DagBag from /opt/airflow/dags/select_distinct_brands_categories.py
[2024-12-11T15:56:05.056+0000] {processor.py:925} INFO - DAG(s) 'extract_unique_values' retrieved from /opt/airflow/dags/select_distinct_brands_categories.py
[2024-12-11T15:56:05.073+0000] {logging_mixin.py:190} INFO - [2024-12-11T15:56:05.073+0000] {dag.py:3239} INFO - Sync 1 DAGs
[2024-12-11T15:56:05.085+0000] {logging_mixin.py:190} INFO - [2024-12-11T15:56:05.085+0000] {dag.py:4180} INFO - Setting next_dagrun for extract_unique_values to None, run_after=None
[2024-12-11T15:56:05.104+0000] {processor.py:208} INFO - Processing /opt/airflow/dags/select_distinct_brands_categories.py took 0.074 seconds
[2024-12-11T15:56:35.832+0000] {processor.py:186} INFO - Started process (PID=88) to work on /opt/airflow/dags/select_distinct_brands_categories.py
[2024-12-11T15:56:35.832+0000] {processor.py:914} INFO - Processing file /opt/airflow/dags/select_distinct_brands_categories.py for tasks to queue
[2024-12-11T15:56:35.834+0000] {logging_mixin.py:190} INFO - [2024-12-11T15:56:35.834+0000] {dagbag.py:588} INFO - Filling up the DagBag from /opt/airflow/dags/select_distinct_brands_categories.py
[2024-12-11T15:56:35.850+0000] {processor.py:925} INFO - DAG(s) 'extract_unique_values' retrieved from /opt/airflow/dags/select_distinct_brands_categories.py
[2024-12-11T15:56:35.866+0000] {logging_mixin.py:190} INFO - [2024-12-11T15:56:35.866+0000] {dag.py:3239} INFO - Sync 1 DAGs
[2024-12-11T15:56:35.876+0000] {logging_mixin.py:190} INFO - [2024-12-11T15:56:35.876+0000] {dag.py:4180} INFO - Setting next_dagrun for extract_unique_values to None, run_after=None
[2024-12-11T15:56:35.889+0000] {processor.py:208} INFO - Processing /opt/airflow/dags/select_distinct_brands_categories.py took 0.062 seconds
[2024-12-11T15:57:06.568+0000] {processor.py:186} INFO - Started process (PID=101) to work on /opt/airflow/dags/select_distinct_brands_categories.py
[2024-12-11T15:57:06.568+0000] {processor.py:914} INFO - Processing file /opt/airflow/dags/select_distinct_brands_categories.py for tasks to queue
[2024-12-11T15:57:06.570+0000] {logging_mixin.py:190} INFO - [2024-12-11T15:57:06.570+0000] {dagbag.py:588} INFO - Filling up the DagBag from /opt/airflow/dags/select_distinct_brands_categories.py
[2024-12-11T15:57:06.583+0000] {processor.py:925} INFO - DAG(s) 'extract_unique_values' retrieved from /opt/airflow/dags/select_distinct_brands_categories.py
[2024-12-11T15:57:06.600+0000] {logging_mixin.py:190} INFO - [2024-12-11T15:57:06.600+0000] {dag.py:3239} INFO - Sync 1 DAGs
[2024-12-11T15:57:06.712+0000] {logging_mixin.py:190} INFO - [2024-12-11T15:57:06.712+0000] {dag.py:4180} INFO - Setting next_dagrun for extract_unique_values to None, run_after=None
[2024-12-11T15:57:06.724+0000] {processor.py:208} INFO - Processing /opt/airflow/dags/select_distinct_brands_categories.py took 0.161 seconds
[2024-12-11T15:57:37.358+0000] {processor.py:186} INFO - Started process (PID=114) to work on /opt/airflow/dags/select_distinct_brands_categories.py
[2024-12-11T15:57:37.359+0000] {processor.py:914} INFO - Processing file /opt/airflow/dags/select_distinct_brands_categories.py for tasks to queue
[2024-12-11T15:57:37.360+0000] {logging_mixin.py:190} INFO - [2024-12-11T15:57:37.360+0000] {dagbag.py:588} INFO - Filling up the DagBag from /opt/airflow/dags/select_distinct_brands_categories.py
[2024-12-11T15:57:37.373+0000] {processor.py:925} INFO - DAG(s) 'extract_unique_values' retrieved from /opt/airflow/dags/select_distinct_brands_categories.py
[2024-12-11T15:57:37.390+0000] {logging_mixin.py:190} INFO - [2024-12-11T15:57:37.389+0000] {dag.py:3239} INFO - Sync 1 DAGs
[2024-12-11T15:57:37.399+0000] {logging_mixin.py:190} INFO - [2024-12-11T15:57:37.399+0000] {dag.py:4180} INFO - Setting next_dagrun for extract_unique_values to None, run_after=None
[2024-12-11T15:57:37.413+0000] {processor.py:208} INFO - Processing /opt/airflow/dags/select_distinct_brands_categories.py took 0.059 seconds
[2024-12-11T15:58:07.935+0000] {processor.py:186} INFO - Started process (PID=127) to work on /opt/airflow/dags/select_distinct_brands_categories.py
[2024-12-11T15:58:07.936+0000] {processor.py:914} INFO - Processing file /opt/airflow/dags/select_distinct_brands_categories.py for tasks to queue
[2024-12-11T15:58:07.937+0000] {logging_mixin.py:190} INFO - [2024-12-11T15:58:07.937+0000] {dagbag.py:588} INFO - Filling up the DagBag from /opt/airflow/dags/select_distinct_brands_categories.py
[2024-12-11T15:58:07.951+0000] {processor.py:925} INFO - DAG(s) 'extract_unique_values' retrieved from /opt/airflow/dags/select_distinct_brands_categories.py
[2024-12-11T15:58:07.967+0000] {logging_mixin.py:190} INFO - [2024-12-11T15:58:07.967+0000] {dag.py:3239} INFO - Sync 1 DAGs
[2024-12-11T15:58:07.978+0000] {logging_mixin.py:190} INFO - [2024-12-11T15:58:07.978+0000] {dag.py:4180} INFO - Setting next_dagrun for extract_unique_values to None, run_after=None
[2024-12-11T15:58:07.994+0000] {processor.py:208} INFO - Processing /opt/airflow/dags/select_distinct_brands_categories.py took 0.064 seconds
[2024-12-11T15:58:38.477+0000] {processor.py:186} INFO - Started process (PID=140) to work on /opt/airflow/dags/select_distinct_brands_categories.py
[2024-12-11T15:58:38.477+0000] {processor.py:914} INFO - Processing file /opt/airflow/dags/select_distinct_brands_categories.py for tasks to queue
[2024-12-11T15:58:38.479+0000] {logging_mixin.py:190} INFO - [2024-12-11T15:58:38.479+0000] {dagbag.py:588} INFO - Filling up the DagBag from /opt/airflow/dags/select_distinct_brands_categories.py
[2024-12-11T15:58:38.492+0000] {processor.py:925} INFO - DAG(s) 'extract_unique_values' retrieved from /opt/airflow/dags/select_distinct_brands_categories.py
[2024-12-11T15:58:38.507+0000] {logging_mixin.py:190} INFO - [2024-12-11T15:58:38.507+0000] {dag.py:3239} INFO - Sync 1 DAGs
[2024-12-11T15:58:38.517+0000] {logging_mixin.py:190} INFO - [2024-12-11T15:58:38.517+0000] {dag.py:4180} INFO - Setting next_dagrun for extract_unique_values to None, run_after=None
[2024-12-11T15:58:38.534+0000] {processor.py:208} INFO - Processing /opt/airflow/dags/select_distinct_brands_categories.py took 0.062 seconds
[2024-12-11T15:59:09.096+0000] {processor.py:186} INFO - Started process (PID=153) to work on /opt/airflow/dags/select_distinct_brands_categories.py
[2024-12-11T15:59:09.097+0000] {processor.py:914} INFO - Processing file /opt/airflow/dags/select_distinct_brands_categories.py for tasks to queue
[2024-12-11T15:59:09.099+0000] {logging_mixin.py:190} INFO - [2024-12-11T15:59:09.099+0000] {dagbag.py:588} INFO - Filling up the DagBag from /opt/airflow/dags/select_distinct_brands_categories.py
[2024-12-11T15:59:09.115+0000] {processor.py:925} INFO - DAG(s) 'extract_unique_values' retrieved from /opt/airflow/dags/select_distinct_brands_categories.py
[2024-12-11T15:59:09.130+0000] {logging_mixin.py:190} INFO - [2024-12-11T15:59:09.130+0000] {dag.py:3239} INFO - Sync 1 DAGs
[2024-12-11T15:59:09.140+0000] {logging_mixin.py:190} INFO - [2024-12-11T15:59:09.140+0000] {dag.py:4180} INFO - Setting next_dagrun for extract_unique_values to None, run_after=None
[2024-12-11T15:59:09.154+0000] {processor.py:208} INFO - Processing /opt/airflow/dags/select_distinct_brands_categories.py took 0.063 seconds
[2024-12-11T15:59:39.647+0000] {processor.py:186} INFO - Started process (PID=166) to work on /opt/airflow/dags/select_distinct_brands_categories.py
[2024-12-11T15:59:39.648+0000] {processor.py:914} INFO - Processing file /opt/airflow/dags/select_distinct_brands_categories.py for tasks to queue
[2024-12-11T15:59:39.649+0000] {logging_mixin.py:190} INFO - [2024-12-11T15:59:39.649+0000] {dagbag.py:588} INFO - Filling up the DagBag from /opt/airflow/dags/select_distinct_brands_categories.py
[2024-12-11T15:59:39.665+0000] {processor.py:925} INFO - DAG(s) 'extract_unique_values' retrieved from /opt/airflow/dags/select_distinct_brands_categories.py
[2024-12-11T15:59:39.679+0000] {logging_mixin.py:190} INFO - [2024-12-11T15:59:39.679+0000] {dag.py:3239} INFO - Sync 1 DAGs
[2024-12-11T15:59:39.689+0000] {logging_mixin.py:190} INFO - [2024-12-11T15:59:39.689+0000] {dag.py:4180} INFO - Setting next_dagrun for extract_unique_values to None, run_after=None
[2024-12-11T15:59:39.704+0000] {processor.py:208} INFO - Processing /opt/airflow/dags/select_distinct_brands_categories.py took 0.062 seconds
[2024-12-11T16:00:10.198+0000] {processor.py:186} INFO - Started process (PID=179) to work on /opt/airflow/dags/select_distinct_brands_categories.py
[2024-12-11T16:00:10.199+0000] {processor.py:914} INFO - Processing file /opt/airflow/dags/select_distinct_brands_categories.py for tasks to queue
[2024-12-11T16:00:10.205+0000] {logging_mixin.py:190} INFO - [2024-12-11T16:00:10.204+0000] {dagbag.py:588} INFO - Filling up the DagBag from /opt/airflow/dags/select_distinct_brands_categories.py
[2024-12-11T16:00:10.248+0000] {processor.py:925} INFO - DAG(s) 'extract_unique_values' retrieved from /opt/airflow/dags/select_distinct_brands_categories.py
[2024-12-11T16:00:10.285+0000] {logging_mixin.py:190} INFO - [2024-12-11T16:00:10.285+0000] {dag.py:3239} INFO - Sync 1 DAGs
[2024-12-11T16:00:10.309+0000] {logging_mixin.py:190} INFO - [2024-12-11T16:00:10.308+0000] {dag.py:4180} INFO - Setting next_dagrun for extract_unique_values to None, run_after=None
[2024-12-11T16:00:10.324+0000] {processor.py:208} INFO - Processing /opt/airflow/dags/select_distinct_brands_categories.py took 0.137 seconds
[2024-12-11T16:00:40.938+0000] {processor.py:186} INFO - Started process (PID=192) to work on /opt/airflow/dags/select_distinct_brands_categories.py
[2024-12-11T16:00:40.939+0000] {processor.py:914} INFO - Processing file /opt/airflow/dags/select_distinct_brands_categories.py for tasks to queue
[2024-12-11T16:00:40.940+0000] {logging_mixin.py:190} INFO - [2024-12-11T16:00:40.940+0000] {dagbag.py:588} INFO - Filling up the DagBag from /opt/airflow/dags/select_distinct_brands_categories.py
[2024-12-11T16:00:40.954+0000] {processor.py:925} INFO - DAG(s) 'extract_unique_values' retrieved from /opt/airflow/dags/select_distinct_brands_categories.py
[2024-12-11T16:00:40.968+0000] {logging_mixin.py:190} INFO - [2024-12-11T16:00:40.967+0000] {dag.py:3239} INFO - Sync 1 DAGs
[2024-12-11T16:00:40.977+0000] {logging_mixin.py:190} INFO - [2024-12-11T16:00:40.977+0000] {dag.py:4180} INFO - Setting next_dagrun for extract_unique_values to None, run_after=None
[2024-12-11T16:00:40.993+0000] {processor.py:208} INFO - Processing /opt/airflow/dags/select_distinct_brands_categories.py took 0.059 seconds
[2024-12-11T16:01:11.473+0000] {processor.py:186} INFO - Started process (PID=205) to work on /opt/airflow/dags/select_distinct_brands_categories.py
[2024-12-11T16:01:11.473+0000] {processor.py:914} INFO - Processing file /opt/airflow/dags/select_distinct_brands_categories.py for tasks to queue
[2024-12-11T16:01:11.475+0000] {logging_mixin.py:190} INFO - [2024-12-11T16:01:11.475+0000] {dagbag.py:588} INFO - Filling up the DagBag from /opt/airflow/dags/select_distinct_brands_categories.py
[2024-12-11T16:01:11.489+0000] {processor.py:925} INFO - DAG(s) 'extract_unique_values' retrieved from /opt/airflow/dags/select_distinct_brands_categories.py
[2024-12-11T16:01:11.504+0000] {logging_mixin.py:190} INFO - [2024-12-11T16:01:11.504+0000] {dag.py:3239} INFO - Sync 1 DAGs
[2024-12-11T16:01:11.515+0000] {logging_mixin.py:190} INFO - [2024-12-11T16:01:11.514+0000] {dag.py:4180} INFO - Setting next_dagrun for extract_unique_values to None, run_after=None
[2024-12-11T16:01:11.530+0000] {processor.py:208} INFO - Processing /opt/airflow/dags/select_distinct_brands_categories.py took 0.062 seconds
[2024-12-11T16:01:42.058+0000] {processor.py:186} INFO - Started process (PID=218) to work on /opt/airflow/dags/select_distinct_brands_categories.py
[2024-12-11T16:01:42.059+0000] {processor.py:914} INFO - Processing file /opt/airflow/dags/select_distinct_brands_categories.py for tasks to queue
[2024-12-11T16:01:42.061+0000] {logging_mixin.py:190} INFO - [2024-12-11T16:01:42.061+0000] {dagbag.py:588} INFO - Filling up the DagBag from /opt/airflow/dags/select_distinct_brands_categories.py
[2024-12-11T16:01:42.085+0000] {processor.py:925} INFO - DAG(s) 'extract_unique_values' retrieved from /opt/airflow/dags/select_distinct_brands_categories.py
[2024-12-11T16:01:42.103+0000] {logging_mixin.py:190} INFO - [2024-12-11T16:01:42.103+0000] {dag.py:3239} INFO - Sync 1 DAGs
[2024-12-11T16:01:42.115+0000] {logging_mixin.py:190} INFO - [2024-12-11T16:01:42.114+0000] {dag.py:4180} INFO - Setting next_dagrun for extract_unique_values to None, run_after=None
[2024-12-11T16:01:42.133+0000] {processor.py:208} INFO - Processing /opt/airflow/dags/select_distinct_brands_categories.py took 0.080 seconds
[2024-12-11T16:02:12.642+0000] {processor.py:186} INFO - Started process (PID=232) to work on /opt/airflow/dags/select_distinct_brands_categories.py
[2024-12-11T16:02:12.642+0000] {processor.py:914} INFO - Processing file /opt/airflow/dags/select_distinct_brands_categories.py for tasks to queue
[2024-12-11T16:02:12.645+0000] {logging_mixin.py:190} INFO - [2024-12-11T16:02:12.644+0000] {dagbag.py:588} INFO - Filling up the DagBag from /opt/airflow/dags/select_distinct_brands_categories.py
[2024-12-11T16:02:12.660+0000] {processor.py:925} INFO - DAG(s) 'extract_unique_values' retrieved from /opt/airflow/dags/select_distinct_brands_categories.py
[2024-12-11T16:02:12.682+0000] {logging_mixin.py:190} INFO - [2024-12-11T16:02:12.682+0000] {dag.py:3239} INFO - Sync 1 DAGs
[2024-12-11T16:02:12.698+0000] {logging_mixin.py:190} INFO - [2024-12-11T16:02:12.697+0000] {dag.py:4180} INFO - Setting next_dagrun for extract_unique_values to None, run_after=None
[2024-12-11T16:02:12.717+0000] {processor.py:208} INFO - Processing /opt/airflow/dags/select_distinct_brands_categories.py took 0.081 seconds
[2024-12-11T16:02:43.312+0000] {processor.py:186} INFO - Started process (PID=245) to work on /opt/airflow/dags/select_distinct_brands_categories.py
[2024-12-11T16:02:43.313+0000] {processor.py:914} INFO - Processing file /opt/airflow/dags/select_distinct_brands_categories.py for tasks to queue
[2024-12-11T16:02:43.315+0000] {logging_mixin.py:190} INFO - [2024-12-11T16:02:43.314+0000] {dagbag.py:588} INFO - Filling up the DagBag from /opt/airflow/dags/select_distinct_brands_categories.py
[2024-12-11T16:02:43.332+0000] {processor.py:925} INFO - DAG(s) 'extract_unique_values' retrieved from /opt/airflow/dags/select_distinct_brands_categories.py
[2024-12-11T16:02:43.347+0000] {logging_mixin.py:190} INFO - [2024-12-11T16:02:43.347+0000] {dag.py:3239} INFO - Sync 1 DAGs
[2024-12-11T16:02:43.357+0000] {logging_mixin.py:190} INFO - [2024-12-11T16:02:43.357+0000] {dag.py:4180} INFO - Setting next_dagrun for extract_unique_values to None, run_after=None
[2024-12-11T16:02:43.371+0000] {processor.py:208} INFO - Processing /opt/airflow/dags/select_distinct_brands_categories.py took 0.063 seconds
[2024-12-11T16:03:13.966+0000] {processor.py:186} INFO - Started process (PID=258) to work on /opt/airflow/dags/select_distinct_brands_categories.py
[2024-12-11T16:03:13.967+0000] {processor.py:914} INFO - Processing file /opt/airflow/dags/select_distinct_brands_categories.py for tasks to queue
[2024-12-11T16:03:13.969+0000] {logging_mixin.py:190} INFO - [2024-12-11T16:03:13.969+0000] {dagbag.py:588} INFO - Filling up the DagBag from /opt/airflow/dags/select_distinct_brands_categories.py
[2024-12-11T16:03:13.986+0000] {processor.py:925} INFO - DAG(s) 'extract_unique_values' retrieved from /opt/airflow/dags/select_distinct_brands_categories.py
[2024-12-11T16:03:14.003+0000] {logging_mixin.py:190} INFO - [2024-12-11T16:03:14.002+0000] {dag.py:3239} INFO - Sync 1 DAGs
[2024-12-11T16:03:14.013+0000] {logging_mixin.py:190} INFO - [2024-12-11T16:03:14.013+0000] {dag.py:4180} INFO - Setting next_dagrun for extract_unique_values to None, run_after=None
[2024-12-11T16:03:14.030+0000] {processor.py:208} INFO - Processing /opt/airflow/dags/select_distinct_brands_categories.py took 0.069 seconds
[2024-12-11T16:03:44.632+0000] {processor.py:186} INFO - Started process (PID=271) to work on /opt/airflow/dags/select_distinct_brands_categories.py
[2024-12-11T16:03:44.633+0000] {processor.py:914} INFO - Processing file /opt/airflow/dags/select_distinct_brands_categories.py for tasks to queue
[2024-12-11T16:03:44.635+0000] {logging_mixin.py:190} INFO - [2024-12-11T16:03:44.635+0000] {dagbag.py:588} INFO - Filling up the DagBag from /opt/airflow/dags/select_distinct_brands_categories.py
[2024-12-11T16:03:44.650+0000] {processor.py:925} INFO - DAG(s) 'extract_unique_values' retrieved from /opt/airflow/dags/select_distinct_brands_categories.py
[2024-12-11T16:03:44.666+0000] {logging_mixin.py:190} INFO - [2024-12-11T16:03:44.666+0000] {dag.py:3239} INFO - Sync 1 DAGs
[2024-12-11T16:03:44.677+0000] {logging_mixin.py:190} INFO - [2024-12-11T16:03:44.677+0000] {dag.py:4180} INFO - Setting next_dagrun for extract_unique_values to None, run_after=None
[2024-12-11T16:03:44.693+0000] {processor.py:208} INFO - Processing /opt/airflow/dags/select_distinct_brands_categories.py took 0.066 seconds
[2024-12-11T16:04:15.224+0000] {processor.py:186} INFO - Started process (PID=284) to work on /opt/airflow/dags/select_distinct_brands_categories.py
[2024-12-11T16:04:15.224+0000] {processor.py:914} INFO - Processing file /opt/airflow/dags/select_distinct_brands_categories.py for tasks to queue
[2024-12-11T16:04:15.226+0000] {logging_mixin.py:190} INFO - [2024-12-11T16:04:15.226+0000] {dagbag.py:588} INFO - Filling up the DagBag from /opt/airflow/dags/select_distinct_brands_categories.py
[2024-12-11T16:04:15.239+0000] {processor.py:925} INFO - DAG(s) 'extract_unique_values' retrieved from /opt/airflow/dags/select_distinct_brands_categories.py
[2024-12-11T16:04:15.254+0000] {logging_mixin.py:190} INFO - [2024-12-11T16:04:15.254+0000] {dag.py:3239} INFO - Sync 1 DAGs
[2024-12-11T16:04:15.267+0000] {logging_mixin.py:190} INFO - [2024-12-11T16:04:15.267+0000] {dag.py:4180} INFO - Setting next_dagrun for extract_unique_values to None, run_after=None
[2024-12-11T16:04:15.283+0000] {processor.py:208} INFO - Processing /opt/airflow/dags/select_distinct_brands_categories.py took 0.064 seconds
[2024-12-11T16:04:46.054+0000] {processor.py:186} INFO - Started process (PID=297) to work on /opt/airflow/dags/select_distinct_brands_categories.py
[2024-12-11T16:04:46.055+0000] {processor.py:914} INFO - Processing file /opt/airflow/dags/select_distinct_brands_categories.py for tasks to queue
[2024-12-11T16:04:46.057+0000] {logging_mixin.py:190} INFO - [2024-12-11T16:04:46.057+0000] {dagbag.py:588} INFO - Filling up the DagBag from /opt/airflow/dags/select_distinct_brands_categories.py
[2024-12-11T16:04:46.073+0000] {processor.py:925} INFO - DAG(s) 'extract_unique_values' retrieved from /opt/airflow/dags/select_distinct_brands_categories.py
[2024-12-11T16:04:46.088+0000] {logging_mixin.py:190} INFO - [2024-12-11T16:04:46.087+0000] {dag.py:3239} INFO - Sync 1 DAGs
[2024-12-11T16:04:46.098+0000] {logging_mixin.py:190} INFO - [2024-12-11T16:04:46.097+0000] {dag.py:4180} INFO - Setting next_dagrun for extract_unique_values to None, run_after=None
[2024-12-11T16:04:46.113+0000] {processor.py:208} INFO - Processing /opt/airflow/dags/select_distinct_brands_categories.py took 0.063 seconds
[2024-12-11T16:05:16.703+0000] {processor.py:186} INFO - Started process (PID=310) to work on /opt/airflow/dags/select_distinct_brands_categories.py
[2024-12-11T16:05:16.704+0000] {processor.py:914} INFO - Processing file /opt/airflow/dags/select_distinct_brands_categories.py for tasks to queue
[2024-12-11T16:05:16.706+0000] {logging_mixin.py:190} INFO - [2024-12-11T16:05:16.706+0000] {dagbag.py:588} INFO - Filling up the DagBag from /opt/airflow/dags/select_distinct_brands_categories.py
[2024-12-11T16:05:16.726+0000] {processor.py:925} INFO - DAG(s) 'extract_unique_values' retrieved from /opt/airflow/dags/select_distinct_brands_categories.py
[2024-12-11T16:05:16.743+0000] {logging_mixin.py:190} INFO - [2024-12-11T16:05:16.742+0000] {dag.py:3239} INFO - Sync 1 DAGs
[2024-12-11T16:05:16.753+0000] {logging_mixin.py:190} INFO - [2024-12-11T16:05:16.753+0000] {dag.py:4180} INFO - Setting next_dagrun for extract_unique_values to None, run_after=None
[2024-12-11T16:05:16.783+0000] {processor.py:208} INFO - Processing /opt/airflow/dags/select_distinct_brands_categories.py took 0.086 seconds
