[2024-12-05T18:56:51.901+0000] {local_task_job_runner.py:123} INFO - ::group::Pre task execution logs
[2024-12-05T18:56:51.913+0000] {taskinstance.py:2613} INFO - Dependencies all met for dep_context=non-requeueable deps ti=<TaskInstance: extract_unique_values.create_unique_brands manual__2024-12-05T18:56:49.119582+00:00 [queued]>
[2024-12-05T18:56:51.919+0000] {taskinstance.py:2613} INFO - Dependencies all met for dep_context=requeueable deps ti=<TaskInstance: extract_unique_values.create_unique_brands manual__2024-12-05T18:56:49.119582+00:00 [queued]>
[2024-12-05T18:56:51.919+0000] {taskinstance.py:2866} INFO - Starting attempt 1 of 4
[2024-12-05T18:56:51.929+0000] {taskinstance.py:2889} INFO - Executing <Task(PythonOperator): create_unique_brands> on 2024-12-05 18:56:49.119582+00:00
[2024-12-05T18:56:51.934+0000] {warnings.py:112} WARNING - /home/***/.local/lib/python3.12/site-packages/***/task/task_runner/standard_task_runner.py:70: DeprecationWarning: This process (pid=588) is multi-threaded, use of fork() may lead to deadlocks in the child.
  pid = os.fork()

[2024-12-05T18:56:51.936+0000] {standard_task_runner.py:72} INFO - Started process 589 to run task
[2024-12-05T18:56:51.936+0000] {standard_task_runner.py:104} INFO - Running: ['***', 'tasks', 'run', 'extract_unique_values', 'create_unique_brands', 'manual__2024-12-05T18:56:49.119582+00:00', '--job-id', '443', '--raw', '--subdir', 'DAGS_FOLDER/select_distinct_brands_categories.py', '--cfg-path', '/tmp/tmp6yiycka6']
[2024-12-05T18:56:51.937+0000] {standard_task_runner.py:105} INFO - Job 443: Subtask create_unique_brands
[2024-12-05T18:56:51.970+0000] {task_command.py:467} INFO - Running <TaskInstance: extract_unique_values.create_unique_brands manual__2024-12-05T18:56:49.119582+00:00 [running]> on host c7780884450d
[2024-12-05T18:56:52.039+0000] {taskinstance.py:3132} INFO - Exporting env vars: AIRFLOW_CTX_DAG_OWNER='artzsh' AIRFLOW_CTX_DAG_ID='extract_unique_values' AIRFLOW_CTX_TASK_ID='create_unique_brands' AIRFLOW_CTX_EXECUTION_DATE='2024-12-05T18:56:49.119582+00:00' AIRFLOW_CTX_TRY_NUMBER='1' AIRFLOW_CTX_DAG_RUN_ID='manual__2024-12-05T18:56:49.119582+00:00'
[2024-12-05T18:56:52.040+0000] {taskinstance.py:731} INFO - ::endgroup::
[2024-12-05T18:56:52.061+0000] {select_distinct_brands_categories.py:43} INFO - Обрабатываем ключ: 1
[2024-12-05T18:56:52.062+0000] {select_distinct_brands_categories.py:57} INFO - Источник брендов: DDS.brands_Oct
[2024-12-05T18:56:52.062+0000] {select_distinct_brands_categories.py:58} INFO - Целевая таблица брендов: DDS.unique_brands
[2024-12-05T18:56:52.068+0000] {base.py:84} INFO - Retrieving connection 'database_cloud'
[2024-12-05T18:56:52.705+0000] {select_distinct_brands_categories.py:79} INFO - Соединение с PostgreSQL установлено.
[2024-12-05T18:56:52.974+0000] {select_distinct_brands_categories.py:92} INFO - Целевая таблица 'DDS.unique_brands' создана или уже существует.
[2024-12-05T18:56:53.242+0000] {select_distinct_brands_categories.py:109} INFO - Новые уникальные бренды добавлены в 'DDS.unique_brands'.
[2024-12-05T18:56:53.243+0000] {select_distinct_brands_categories.py:119} INFO - Курсор закрыт.
[2024-12-05T18:56:53.244+0000] {select_distinct_brands_categories.py:122} INFO - Соединение с PostgreSQL закрыто.
[2024-12-05T18:56:53.245+0000] {python.py:240} INFO - Done. Returned value was: None
[2024-12-05T18:56:53.254+0000] {taskinstance.py:340} INFO - ::group::Post task execution logs
[2024-12-05T18:56:53.255+0000] {taskinstance.py:352} INFO - Marking task as SUCCESS. dag_id=extract_unique_values, task_id=create_unique_brands, run_id=manual__2024-12-05T18:56:49.119582+00:00, execution_date=20241205T185649, start_date=20241205T185651, end_date=20241205T185653
[2024-12-05T18:56:53.273+0000] {local_task_job_runner.py:266} INFO - Task exited with return code 0
[2024-12-05T18:56:53.288+0000] {taskinstance.py:3895} INFO - 1 downstream tasks scheduled from follow-on schedule check
[2024-12-05T18:56:53.291+0000] {local_task_job_runner.py:245} INFO - ::endgroup::
