[2024-12-05T19:14:26.217+0000] {local_task_job_runner.py:123} INFO - ::group::Pre task execution logs
[2024-12-05T19:14:26.229+0000] {taskinstance.py:2613} INFO - Dependencies all met for dep_context=non-requeueable deps ti=<TaskInstance: extract_unique_values.create_unique_brands manual__2024-12-05T19:14:23.078312+00:00 [queued]>
[2024-12-05T19:14:26.235+0000] {taskinstance.py:2613} INFO - Dependencies all met for dep_context=requeueable deps ti=<TaskInstance: extract_unique_values.create_unique_brands manual__2024-12-05T19:14:23.078312+00:00 [queued]>
[2024-12-05T19:14:26.236+0000] {taskinstance.py:2866} INFO - Starting attempt 1 of 4
[2024-12-05T19:14:26.246+0000] {taskinstance.py:2889} INFO - Executing <Task(PythonOperator): create_unique_brands> on 2024-12-05 19:14:23.078312+00:00
[2024-12-05T19:14:26.251+0000] {warnings.py:112} WARNING - /home/***/.local/lib/python3.12/site-packages/***/task/task_runner/standard_task_runner.py:70: DeprecationWarning: This process (pid=973) is multi-threaded, use of fork() may lead to deadlocks in the child.
  pid = os.fork()

[2024-12-05T19:14:26.252+0000] {standard_task_runner.py:72} INFO - Started process 974 to run task
[2024-12-05T19:14:26.252+0000] {standard_task_runner.py:104} INFO - Running: ['***', 'tasks', 'run', 'extract_unique_values', 'create_unique_brands', 'manual__2024-12-05T19:14:23.078312+00:00', '--job-id', '492', '--raw', '--subdir', 'DAGS_FOLDER/select_distinct_brands_categories.py', '--cfg-path', '/tmp/tmpw_fwrhqc']
[2024-12-05T19:14:26.253+0000] {standard_task_runner.py:105} INFO - Job 492: Subtask create_unique_brands
[2024-12-05T19:14:26.285+0000] {task_command.py:467} INFO - Running <TaskInstance: extract_unique_values.create_unique_brands manual__2024-12-05T19:14:23.078312+00:00 [running]> on host c7780884450d
[2024-12-05T19:14:26.339+0000] {taskinstance.py:3132} INFO - Exporting env vars: AIRFLOW_CTX_DAG_OWNER='artzsh' AIRFLOW_CTX_DAG_ID='extract_unique_values' AIRFLOW_CTX_TASK_ID='create_unique_brands' AIRFLOW_CTX_EXECUTION_DATE='2024-12-05T19:14:23.078312+00:00' AIRFLOW_CTX_TRY_NUMBER='1' AIRFLOW_CTX_DAG_RUN_ID='manual__2024-12-05T19:14:23.078312+00:00'
[2024-12-05T19:14:26.340+0000] {taskinstance.py:731} INFO - ::endgroup::
[2024-12-05T19:14:26.360+0000] {select_distinct_brands_categories.py:50} INFO - Обрабатываем ключ: 3
[2024-12-05T19:14:26.360+0000] {select_distinct_brands_categories.py:65} INFO - Источник брендов: DDS.brands_Dec
[2024-12-05T19:14:26.361+0000] {select_distinct_brands_categories.py:66} INFO - Целевая таблица брендов: DDS.unique_brands
[2024-12-05T19:14:26.366+0000] {base.py:84} INFO - Retrieving connection 'database_cloud'
[2024-12-05T19:14:26.998+0000] {select_distinct_brands_categories.py:87} INFO - Соединение с PostgreSQL установлено.
[2024-12-05T19:14:27.278+0000] {select_distinct_brands_categories.py:100} INFO - Целевая таблица 'DDS.unique_brands' создана или уже существует.
[2024-12-05T19:14:27.466+0000] {select_distinct_brands_categories.py:111} INFO - Количество уникальных брендов в источнике: 4236
[2024-12-05T19:14:27.556+0000] {select_distinct_brands_categories.py:122} INFO - Количество брендов в целевой таблице до вставки: 2044
[2024-12-05T19:14:27.751+0000] {select_distinct_brands_categories.py:140} INFO - Новые уникальные бренды добавлены в 'DDS.unique_brands': 2278 записей.
[2024-12-05T19:14:27.937+0000] {select_distinct_brands_categories.py:151} INFO - Количество брендов в целевой таблице после вставки: 4322
[2024-12-05T19:14:27.937+0000] {select_distinct_brands_categories.py:161} INFO - Курсор закрыт.
[2024-12-05T19:14:27.938+0000] {select_distinct_brands_categories.py:164} INFO - Соединение с PostgreSQL закрыто.
[2024-12-05T19:14:27.939+0000] {python.py:240} INFO - Done. Returned value was: None
[2024-12-05T19:14:27.946+0000] {taskinstance.py:340} INFO - ::group::Post task execution logs
[2024-12-05T19:14:27.946+0000] {taskinstance.py:352} INFO - Marking task as SUCCESS. dag_id=extract_unique_values, task_id=create_unique_brands, run_id=manual__2024-12-05T19:14:23.078312+00:00, execution_date=20241205T191423, start_date=20241205T191426, end_date=20241205T191427
[2024-12-05T19:14:27.990+0000] {local_task_job_runner.py:266} INFO - Task exited with return code 0
[2024-12-05T19:14:28.007+0000] {taskinstance.py:3895} INFO - 1 downstream tasks scheduled from follow-on schedule check
[2024-12-05T19:14:28.010+0000] {local_task_job_runner.py:245} INFO - ::endgroup::
