[2024-12-05T18:21:11.213+0000] {local_task_job_runner.py:123} INFO - ::group::Pre task execution logs
[2024-12-05T18:21:11.225+0000] {taskinstance.py:2613} INFO - Dependencies all met for dep_context=non-requeueable deps ti=<TaskInstance: extract_tables.create_categories_table manual__2024-12-05T18:20:10.914482+00:00 [queued]>
[2024-12-05T18:21:11.232+0000] {taskinstance.py:2613} INFO - Dependencies all met for dep_context=requeueable deps ti=<TaskInstance: extract_tables.create_categories_table manual__2024-12-05T18:20:10.914482+00:00 [queued]>
[2024-12-05T18:21:11.233+0000] {taskinstance.py:2866} INFO - Starting attempt 1 of 1
[2024-12-05T18:21:11.244+0000] {taskinstance.py:2889} INFO - Executing <Task(PythonOperator): create_categories_table> on 2024-12-05 18:20:10.914482+00:00
[2024-12-05T18:21:11.251+0000] {warnings.py:112} WARNING - /home/***/.local/lib/python3.12/site-packages/***/task/task_runner/standard_task_runner.py:70: DeprecationWarning: This process (pid=820) is multi-threaded, use of fork() may lead to deadlocks in the child.
  pid = os.fork()

[2024-12-05T18:21:11.252+0000] {standard_task_runner.py:72} INFO - Started process 822 to run task
[2024-12-05T18:21:11.252+0000] {standard_task_runner.py:104} INFO - Running: ['***', 'tasks', 'run', 'extract_tables', 'create_categories_table', 'manual__2024-12-05T18:20:10.914482+00:00', '--job-id', '373', '--raw', '--subdir', 'DAGS_FOLDER/extract_tables.py', '--cfg-path', '/tmp/tmpc80epywa']
[2024-12-05T18:21:11.254+0000] {standard_task_runner.py:105} INFO - Job 373: Subtask create_categories_table
[2024-12-05T18:21:11.287+0000] {task_command.py:467} INFO - Running <TaskInstance: extract_tables.create_categories_table manual__2024-12-05T18:20:10.914482+00:00 [running]> on host 886abab866d2
[2024-12-05T18:21:11.474+0000] {taskinstance.py:3132} INFO - Exporting env vars: AIRFLOW_CTX_DAG_OWNER='artzsh' AIRFLOW_CTX_DAG_ID='extract_tables' AIRFLOW_CTX_TASK_ID='create_categories_table' AIRFLOW_CTX_EXECUTION_DATE='2024-12-05T18:20:10.914482+00:00' AIRFLOW_CTX_TRY_NUMBER='1' AIRFLOW_CTX_DAG_RUN_ID='manual__2024-12-05T18:20:10.914482+00:00'
[2024-12-05T18:21:11.475+0000] {taskinstance.py:731} INFO - ::endgroup::
[2024-12-05T18:21:11.494+0000] {logging_mixin.py:190} INFO - [INFO] Обрабатываем ключ: 7
[2024-12-05T18:21:11.495+0000] {logging_mixin.py:190} INFO - [INFO] Информация о таблице: {'1': {'dataset_url': 'https://data.rees46.com/datasets/marketplace/2019-Oct.csv.gz', 'table_name': 'eCommerce_Oct', 'brands_table_name': 'brands_Oct', 'categories_table_name': 'categories_Oct'}, '2': {'dataset_url': 'https://data.rees46.com/datasets/marketplace/2019-Nov.csv.gz', 'table_name': 'eCommerce_Nov', 'brands_table_name': 'brands_Nov', 'categories_table_name': 'categories_Nov'}, '3': {'dataset_url': 'https://data.rees46.com/datasets/marketplace/2019-Dec.csv.gz', 'table_name': 'eCommerce_Dec', 'brands_table_name': 'brands_Dec', 'categories_table_name': 'categories_Dec'}, '4': {'dataset_url': 'https://data.rees46.com/datasets/marketplace/2020-Jan.csv.gz', 'table_name': 'eCommerce_Jan', 'brands_table_name': 'brands_Jan', 'categories_table_name': 'categories_Jan'}, '5': {'dataset_url': 'https://data.rees46.com/datasets/marketplace/2020-Feb.csv.gz', 'table_name': 'eCommerce_Feb', 'brands_table_name': 'brands_Feb', 'categories_table_name': 'categories_Feb'}, '6': {'dataset_url': 'https://data.rees46.com/datasets/marketplace/2020-Mar.csv.gz', 'table_name': 'eCommerce_Mar', 'brands_table_name': 'brands_Mar', 'categories_table_name': 'categories_Mar'}, '7': {'dataset_url': 'https://data.rees46.com/datasets/marketplace/2020-Apr.csv.gz', 'table_name': 'eCommerce_Apr', 'brands_table_name': 'brands_Apr', 'categories_table_name': 'categories_Apr'}}
[2024-12-05T18:21:11.495+0000] {logging_mixin.py:190} INFO - [INFO] Основная таблица: DDS.eCommerce_Apr
[2024-12-05T18:21:11.495+0000] {logging_mixin.py:190} INFO - [INFO] Таблица брендов: DDS.categories_Apr
[2024-12-05T18:21:11.499+0000] {base.py:84} INFO - Retrieving connection 'database_cloud'
[2024-12-05T18:21:11.499+0000] {logging_mixin.py:190} INFO - [INFO] Установка соединения с PostgreSQL.
[2024-12-05T18:21:11.582+0000] {logging_mixin.py:190} INFO - [INFO] Соединение установлено.
[2024-12-05T18:21:11.583+0000] {logging_mixin.py:190} INFO - [INFO] Создание таблицы брендов 'DDS.categories_Apr' с уникальными categories.
[2024-12-05T18:21:27.637+0000] {logging_mixin.py:190} INFO - [INFO] Таблица 'DDS.categories_Apr' успешно создана или обновлена.
[2024-12-05T18:21:27.638+0000] {logging_mixin.py:190} INFO - [INFO] Курсор закрыт.
[2024-12-05T18:21:27.638+0000] {logging_mixin.py:190} INFO - [INFO] Соединение с PostgreSQL закрыто.
[2024-12-05T18:21:27.639+0000] {logging_mixin.py:190} INFO - [COMPLETE] Таблица 'DDS.categories_Apr' с уникальными брендами создана.
[2024-12-05T18:21:27.639+0000] {python.py:240} INFO - Done. Returned value was: None
[2024-12-05T18:21:27.645+0000] {taskinstance.py:340} INFO - ::group::Post task execution logs
[2024-12-05T18:21:27.646+0000] {taskinstance.py:352} INFO - Marking task as SUCCESS. dag_id=extract_tables, task_id=create_categories_table, run_id=manual__2024-12-05T18:20:10.914482+00:00, execution_date=20241205T182010, start_date=20241205T182111, end_date=20241205T182127
[2024-12-05T18:21:27.685+0000] {local_task_job_runner.py:266} INFO - Task exited with return code 0
[2024-12-05T18:21:27.699+0000] {taskinstance.py:3895} INFO - 1 downstream tasks scheduled from follow-on schedule check
[2024-12-05T18:21:27.702+0000] {local_task_job_runner.py:245} INFO - ::endgroup::
