[2024-12-05T19:15:17.962+0000] {local_task_job_runner.py:123} INFO - ::group::Pre task execution logs
[2024-12-05T19:15:17.976+0000] {taskinstance.py:2613} INFO - Dependencies all met for dep_context=non-requeueable deps ti=<TaskInstance: extract_unique_values.set_vars manual__2024-12-05T19:15:13.019930+00:00 [queued]>
[2024-12-05T19:15:17.982+0000] {taskinstance.py:2613} INFO - Dependencies all met for dep_context=requeueable deps ti=<TaskInstance: extract_unique_values.set_vars manual__2024-12-05T19:15:13.019930+00:00 [queued]>
[2024-12-05T19:15:17.984+0000] {taskinstance.py:2866} INFO - Starting attempt 1 of 4
[2024-12-05T19:15:17.995+0000] {taskinstance.py:2889} INFO - Executing <Task(PythonOperator): set_vars> on 2024-12-05 19:15:13.019930+00:00
[2024-12-05T19:15:18.001+0000] {warnings.py:112} WARNING - /home/***/.local/lib/python3.12/site-packages/***/task/task_runner/standard_task_runner.py:70: DeprecationWarning: This process (pid=1066) is multi-threaded, use of fork() may lead to deadlocks in the child.
  pid = os.fork()

[2024-12-05T19:15:18.002+0000] {standard_task_runner.py:72} INFO - Started process 1067 to run task
[2024-12-05T19:15:18.003+0000] {standard_task_runner.py:104} INFO - Running: ['***', 'tasks', 'run', 'extract_unique_values', 'set_vars', 'manual__2024-12-05T19:15:13.019930+00:00', '--job-id', '519', '--raw', '--subdir', 'DAGS_FOLDER/select_distinct_brands_categories.py', '--cfg-path', '/tmp/tmppo2tj7l9']
[2024-12-05T19:15:18.003+0000] {standard_task_runner.py:105} INFO - Job 519: Subtask set_vars
[2024-12-05T19:15:18.039+0000] {task_command.py:467} INFO - Running <TaskInstance: extract_unique_values.set_vars manual__2024-12-05T19:15:13.019930+00:00 [running]> on host c7780884450d
[2024-12-05T19:15:18.108+0000] {taskinstance.py:3132} INFO - Exporting env vars: AIRFLOW_CTX_DAG_OWNER='artzsh' AIRFLOW_CTX_DAG_ID='extract_unique_values' AIRFLOW_CTX_TASK_ID='set_vars' AIRFLOW_CTX_EXECUTION_DATE='2024-12-05T19:15:13.019930+00:00' AIRFLOW_CTX_TRY_NUMBER='1' AIRFLOW_CTX_DAG_RUN_ID='manual__2024-12-05T19:15:13.019930+00:00'
[2024-12-05T19:15:18.108+0000] {taskinstance.py:731} INFO - ::endgroup::
[2024-12-05T19:15:18.133+0000] {select_distinct_brands_categories.py:315} INFO - Все ключи обработаны. Рекурсивный запуск прекращен.
[2024-12-05T19:15:18.134+0000] {python.py:240} INFO - Done. Returned value was: None
[2024-12-05T19:15:18.140+0000] {taskinstance.py:340} INFO - ::group::Post task execution logs
[2024-12-05T19:15:18.141+0000] {taskinstance.py:352} INFO - Marking task as SUCCESS. dag_id=extract_unique_values, task_id=set_vars, run_id=manual__2024-12-05T19:15:13.019930+00:00, execution_date=20241205T191513, start_date=20241205T191517, end_date=20241205T191518
[2024-12-05T19:15:18.176+0000] {local_task_job_runner.py:266} INFO - Task exited with return code 0
[2024-12-05T19:15:18.193+0000] {taskinstance.py:3895} INFO - 1 downstream tasks scheduled from follow-on schedule check
[2024-12-05T19:15:18.196+0000] {local_task_job_runner.py:245} INFO - ::endgroup::
