[2024-12-05T18:55:58.524+0000] {local_task_job_runner.py:123} INFO - ::group::Pre task execution logs
[2024-12-05T18:55:58.535+0000] {taskinstance.py:2613} INFO - Dependencies all met for dep_context=non-requeueable deps ti=<TaskInstance: extract_unique_values.create_unique_brands manual__2024-12-05T18:55:55.645246+00:00 [queued]>
[2024-12-05T18:55:58.540+0000] {taskinstance.py:2613} INFO - Dependencies all met for dep_context=requeueable deps ti=<TaskInstance: extract_unique_values.create_unique_brands manual__2024-12-05T18:55:55.645246+00:00 [queued]>
[2024-12-05T18:55:58.541+0000] {taskinstance.py:2866} INFO - Starting attempt 1 of 4
[2024-12-05T18:55:58.550+0000] {taskinstance.py:2889} INFO - Executing <Task(PythonOperator): create_unique_brands> on 2024-12-05 18:55:55.645246+00:00
[2024-12-05T18:55:58.555+0000] {warnings.py:112} WARNING - /home/***/.local/lib/python3.12/site-packages/***/task/task_runner/standard_task_runner.py:70: DeprecationWarning: This process (pid=478) is multi-threaded, use of fork() may lead to deadlocks in the child.
  pid = os.fork()

[2024-12-05T18:55:58.556+0000] {standard_task_runner.py:72} INFO - Started process 479 to run task
[2024-12-05T18:55:58.556+0000] {standard_task_runner.py:104} INFO - Running: ['***', 'tasks', 'run', 'extract_unique_values', 'create_unique_brands', 'manual__2024-12-05T18:55:55.645246+00:00', '--job-id', '413', '--raw', '--subdir', 'DAGS_FOLDER/select_distinct_brands_categories.py', '--cfg-path', '/tmp/tmpo2udjok2']
[2024-12-05T18:55:58.557+0000] {standard_task_runner.py:105} INFO - Job 413: Subtask create_unique_brands
[2024-12-05T18:55:58.588+0000] {task_command.py:467} INFO - Running <TaskInstance: extract_unique_values.create_unique_brands manual__2024-12-05T18:55:55.645246+00:00 [running]> on host c7780884450d
[2024-12-05T18:55:58.641+0000] {taskinstance.py:3132} INFO - Exporting env vars: AIRFLOW_CTX_DAG_OWNER='artzsh' AIRFLOW_CTX_DAG_ID='extract_unique_values' AIRFLOW_CTX_TASK_ID='create_unique_brands' AIRFLOW_CTX_EXECUTION_DATE='2024-12-05T18:55:55.645246+00:00' AIRFLOW_CTX_TRY_NUMBER='1' AIRFLOW_CTX_DAG_RUN_ID='manual__2024-12-05T18:55:55.645246+00:00'
[2024-12-05T18:55:58.642+0000] {taskinstance.py:731} INFO - ::endgroup::
[2024-12-05T18:55:58.664+0000] {select_distinct_brands_categories.py:43} INFO - Обрабатываем ключ: 1
[2024-12-05T18:55:58.664+0000] {select_distinct_brands_categories.py:57} INFO - Источник брендов: DDS.brands_Oct
[2024-12-05T18:55:58.665+0000] {select_distinct_brands_categories.py:58} INFO - Целевая таблица брендов: DDS.unique_brands
[2024-12-05T18:55:58.672+0000] {base.py:84} INFO - Retrieving connection 'database_cloud'
[2024-12-05T18:55:59.499+0000] {select_distinct_brands_categories.py:79} INFO - Соединение с PostgreSQL установлено.
[2024-12-05T18:55:59.767+0000] {select_distinct_brands_categories.py:92} INFO - Целевая таблица 'DDS.unique_brands' создана или уже существует.
[2024-12-05T18:56:00.035+0000] {select_distinct_brands_categories.py:109} INFO - Новые уникальные бренды добавлены в 'DDS.unique_brands'.
[2024-12-05T18:56:00.036+0000] {select_distinct_brands_categories.py:119} INFO - Курсор закрыт.
[2024-12-05T18:56:00.036+0000] {select_distinct_brands_categories.py:122} INFO - Соединение с PostgreSQL закрыто.
[2024-12-05T18:56:00.037+0000] {python.py:240} INFO - Done. Returned value was: None
[2024-12-05T18:56:00.044+0000] {taskinstance.py:340} INFO - ::group::Post task execution logs
[2024-12-05T18:56:00.045+0000] {taskinstance.py:352} INFO - Marking task as SUCCESS. dag_id=extract_unique_values, task_id=create_unique_brands, run_id=manual__2024-12-05T18:55:55.645246+00:00, execution_date=20241205T185555, start_date=20241205T185558, end_date=20241205T185600
[2024-12-05T18:56:00.094+0000] {local_task_job_runner.py:266} INFO - Task exited with return code 0
[2024-12-05T18:56:00.111+0000] {taskinstance.py:3895} INFO - 1 downstream tasks scheduled from follow-on schedule check
[2024-12-05T18:56:00.114+0000] {local_task_job_runner.py:245} INFO - ::endgroup::
