[2024-11-27T19:10:32.280+0000] {local_task_job_runner.py:123} INFO - ::group::Pre task execution logs
[2024-11-27T19:10:32.292+0000] {taskinstance.py:2613} INFO - Dependencies all met for dep_context=non-requeueable deps ti=<TaskInstance: extract_tables.set_vars manual__2024-11-27T19:09:05.210606+00:00 [queued]>
[2024-11-27T19:10:32.298+0000] {taskinstance.py:2613} INFO - Dependencies all met for dep_context=requeueable deps ti=<TaskInstance: extract_tables.set_vars manual__2024-11-27T19:09:05.210606+00:00 [queued]>
[2024-11-27T19:10:32.299+0000] {taskinstance.py:2866} INFO - Starting attempt 1 of 1
[2024-11-27T19:10:32.309+0000] {taskinstance.py:2889} INFO - Executing <Task(PythonOperator): set_vars> on 2024-11-27 19:09:05.210606+00:00
[2024-11-27T19:10:32.315+0000] {warnings.py:112} WARNING - /home/***/.local/lib/python3.12/site-packages/***/task/task_runner/standard_task_runner.py:70: DeprecationWarning: This process (pid=620) is multi-threaded, use of fork() may lead to deadlocks in the child.
  pid = os.fork()

[2024-11-27T19:10:32.316+0000] {standard_task_runner.py:72} INFO - Started process 622 to run task
[2024-11-27T19:10:32.316+0000] {standard_task_runner.py:104} INFO - Running: ['***', 'tasks', 'run', 'extract_tables', 'set_vars', 'manual__2024-11-27T19:09:05.210606+00:00', '--job-id', '34', '--raw', '--subdir', 'DAGS_FOLDER/extract_tables.py', '--cfg-path', '/tmp/tmpyqr3lrte']
[2024-11-27T19:10:32.318+0000] {standard_task_runner.py:105} INFO - Job 34: Subtask set_vars
[2024-11-27T19:10:32.350+0000] {task_command.py:467} INFO - Running <TaskInstance: extract_tables.set_vars manual__2024-11-27T19:09:05.210606+00:00 [running]> on host b6d44e76794e
[2024-11-27T19:10:32.536+0000] {taskinstance.py:3132} INFO - Exporting env vars: AIRFLOW_CTX_DAG_OWNER='artzsh' AIRFLOW_CTX_DAG_ID='extract_tables' AIRFLOW_CTX_TASK_ID='set_vars' AIRFLOW_CTX_EXECUTION_DATE='2024-11-27T19:09:05.210606+00:00' AIRFLOW_CTX_TRY_NUMBER='1' AIRFLOW_CTX_DAG_RUN_ID='manual__2024-11-27T19:09:05.210606+00:00'
[2024-11-27T19:10:32.537+0000] {taskinstance.py:731} INFO - ::endgroup::
[2024-11-27T19:10:32.554+0000] {crypto.py:82} WARNING - empty cryptography key - values will not be stored encrypted.
[2024-11-27T19:10:32.558+0000] {python.py:240} INFO - Done. Returned value was: None
[2024-11-27T19:10:32.565+0000] {taskinstance.py:340} INFO - ::group::Post task execution logs
[2024-11-27T19:10:32.566+0000] {taskinstance.py:352} INFO - Marking task as SUCCESS. dag_id=extract_tables, task_id=set_vars, run_id=manual__2024-11-27T19:09:05.210606+00:00, execution_date=20241127T190905, start_date=20241127T191032, end_date=20241127T191032
[2024-11-27T19:10:32.611+0000] {local_task_job_runner.py:266} INFO - Task exited with return code 0
[2024-11-27T19:10:32.625+0000] {taskinstance.py:3895} INFO - 1 downstream tasks scheduled from follow-on schedule check
[2024-11-27T19:10:32.628+0000] {local_task_job_runner.py:245} INFO - ::endgroup::
