[2024-11-30T19:08:33.091+0000] {local_task_job_runner.py:123} INFO - ::group::Pre task execution logs
[2024-11-30T19:08:33.124+0000] {taskinstance.py:2613} INFO - Dependencies all met for dep_context=non-requeueable deps ti=<TaskInstance: extract_tables.create_categories_table scheduled__2024-11-29T00:00:00+00:00 [queued]>
[2024-11-30T19:08:33.143+0000] {taskinstance.py:2613} INFO - Dependencies all met for dep_context=requeueable deps ti=<TaskInstance: extract_tables.create_categories_table scheduled__2024-11-29T00:00:00+00:00 [queued]>
[2024-11-30T19:08:33.145+0000] {taskinstance.py:2866} INFO - Starting attempt 1 of 1
[2024-11-30T19:08:33.176+0000] {taskinstance.py:2889} INFO - Executing <Task(PythonOperator): create_categories_table> on 2024-11-29 00:00:00+00:00
[2024-11-30T19:08:33.193+0000] {warnings.py:112} WARNING - /home/***/.local/lib/python3.12/site-packages/***/task/task_runner/standard_task_runner.py:70: DeprecationWarning: This process (pid=148) is multi-threaded, use of fork() may lead to deadlocks in the child.
  pid = os.fork()

[2024-11-30T19:08:33.194+0000] {standard_task_runner.py:72} INFO - Started process 150 to run task
[2024-11-30T19:08:33.194+0000] {standard_task_runner.py:104} INFO - Running: ['***', 'tasks', 'run', 'extract_tables', 'create_categories_table', 'scheduled__2024-11-29T00:00:00+00:00', '--job-id', '63', '--raw', '--subdir', 'DAGS_FOLDER/extract_tables.py', '--cfg-path', '/tmp/tmptrtf9u3f']
[2024-11-30T19:08:33.197+0000] {standard_task_runner.py:105} INFO - Job 63: Subtask create_categories_table
[2024-11-30T19:08:33.240+0000] {task_command.py:467} INFO - Running <TaskInstance: extract_tables.create_categories_table scheduled__2024-11-29T00:00:00+00:00 [running]> on host b6d44e76794e
[2024-11-30T19:08:33.578+0000] {taskinstance.py:3132} INFO - Exporting env vars: AIRFLOW_CTX_DAG_OWNER='artzsh' AIRFLOW_CTX_DAG_ID='extract_tables' AIRFLOW_CTX_TASK_ID='create_categories_table' AIRFLOW_CTX_EXECUTION_DATE='2024-11-29T00:00:00+00:00' AIRFLOW_CTX_TRY_NUMBER='1' AIRFLOW_CTX_DAG_RUN_ID='scheduled__2024-11-29T00:00:00+00:00'
[2024-11-30T19:08:33.579+0000] {taskinstance.py:731} INFO - ::endgroup::
[2024-11-30T19:08:33.601+0000] {logging_mixin.py:190} INFO - [INFO] Обрабатываем ключ: 4
[2024-11-30T19:08:33.602+0000] {logging_mixin.py:190} INFO - [INFO] Информация о таблице: {'1': {'dataset_url': 'https://data.rees46.com/datasets/marketplace/2019-Oct.csv.gz', 'table_name': 'eCommerce_Oct', 'brands_table_name': 'brands_Oct', 'categories_table_name': 'categories_Oct'}, '2': {'dataset_url': 'https://data.rees46.com/datasets/marketplace/2019-Nov.csv.gz', 'table_name': 'eCommerce_Nov', 'brands_table_name': 'brands_Nov', 'categories_table_name': 'categories_Nov'}, '3': {'dataset_url': 'https://data.rees46.com/datasets/marketplace/2019-Dec.csv.gz', 'table_name': 'eCommerce_Dec', 'brands_table_name': 'brands_Dec', 'categories_table_name': 'categories_Dec'}, '4': {'dataset_url': 'https://data.rees46.com/datasets/marketplace/2020-Jan.csv.gz', 'table_name': 'eCommerce_Jan', 'brands_table_name': 'brands_Jan', 'categories_table_name': 'categories_Jan'}, '5': {'dataset_url': 'https://data.rees46.com/datasets/marketplace/2020-Feb.csv.gz', 'table_name': 'eCommerce_Feb', 'brands_table_name': 'brands_Feb', 'categories_table_name': 'categories_Feb'}, '6': {'dataset_url': 'https://data.rees46.com/datasets/marketplace/2020-Mar.csv.gz', 'table_name': 'eCommerce_Mar', 'brands_table_name': 'brands_Mar', 'categories_table_name': 'categories_Mar'}, '7': {'dataset_url': 'https://data.rees46.com/datasets/marketplace/2020-Apr.csv.gz', 'table_name': 'eCommerce_Apr', 'brands_table_name': 'brands_Apr', 'categories_table_name': 'categories_Apr'}}
[2024-11-30T19:08:33.602+0000] {logging_mixin.py:190} INFO - [INFO] Основная таблица: DDS.eCommerce_Jan
[2024-11-30T19:08:33.603+0000] {logging_mixin.py:190} INFO - [INFO] Таблица брендов: DDS.categories_Jan
[2024-11-30T19:08:33.606+0000] {base.py:84} INFO - Retrieving connection 'database_cloud'
[2024-11-30T19:08:33.607+0000] {logging_mixin.py:190} INFO - [INFO] Установка соединения с PostgreSQL.
[2024-11-30T19:08:33.675+0000] {logging_mixin.py:190} INFO - [INFO] Соединение установлено.
[2024-11-30T19:08:33.675+0000] {logging_mixin.py:190} INFO - [INFO] Создание таблицы брендов 'DDS.categories_Jan' с уникальными categories.
[2024-11-30T19:08:44.672+0000] {logging_mixin.py:190} INFO - [INFO] Таблица 'DDS.categories_Jan' успешно создана или обновлена.
[2024-11-30T19:08:44.675+0000] {logging_mixin.py:190} INFO - [INFO] Курсор закрыт.
[2024-11-30T19:08:44.677+0000] {logging_mixin.py:190} INFO - [INFO] Соединение с PostgreSQL закрыто.
[2024-11-30T19:08:44.678+0000] {logging_mixin.py:190} INFO - [COMPLETE] Таблица 'DDS.categories_Jan' с уникальными брендами создана.
[2024-11-30T19:08:44.679+0000] {python.py:240} INFO - Done. Returned value was: None
[2024-11-30T19:08:44.702+0000] {taskinstance.py:340} INFO - ::group::Post task execution logs
[2024-11-30T19:08:44.704+0000] {taskinstance.py:352} INFO - Marking task as SUCCESS. dag_id=extract_tables, task_id=create_categories_table, run_id=scheduled__2024-11-29T00:00:00+00:00, execution_date=20241129T000000, start_date=20241130T190833, end_date=20241130T190844
[2024-11-30T19:08:44.788+0000] {local_task_job_runner.py:266} INFO - Task exited with return code 0
[2024-11-30T19:08:44.816+0000] {taskinstance.py:3895} INFO - 1 downstream tasks scheduled from follow-on schedule check
[2024-11-30T19:08:44.819+0000] {local_task_job_runner.py:245} INFO - ::endgroup::
