[2024-12-05T19:14:56.609+0000] {local_task_job_runner.py:123} INFO - ::group::Pre task execution logs
[2024-12-05T19:14:56.620+0000] {taskinstance.py:2613} INFO - Dependencies all met for dep_context=non-requeueable deps ti=<TaskInstance: extract_unique_values.create_unique_brands manual__2024-12-05T19:14:53.272615+00:00 [queued]>
[2024-12-05T19:14:56.626+0000] {taskinstance.py:2613} INFO - Dependencies all met for dep_context=requeueable deps ti=<TaskInstance: extract_unique_values.create_unique_brands manual__2024-12-05T19:14:53.272615+00:00 [queued]>
[2024-12-05T19:14:56.627+0000] {taskinstance.py:2866} INFO - Starting attempt 1 of 4
[2024-12-05T19:14:56.637+0000] {taskinstance.py:2889} INFO - Executing <Task(PythonOperator): create_unique_brands> on 2024-12-05 19:14:53.272615+00:00
[2024-12-05T19:14:56.643+0000] {warnings.py:112} WARNING - /home/***/.local/lib/python3.12/site-packages/***/task/task_runner/standard_task_runner.py:70: DeprecationWarning: This process (pid=1028) is multi-threaded, use of fork() may lead to deadlocks in the child.
  pid = os.fork()

[2024-12-05T19:14:56.644+0000] {standard_task_runner.py:72} INFO - Started process 1029 to run task
[2024-12-05T19:14:56.644+0000] {standard_task_runner.py:104} INFO - Running: ['***', 'tasks', 'run', 'extract_unique_values', 'create_unique_brands', 'manual__2024-12-05T19:14:53.272615+00:00', '--job-id', '507', '--raw', '--subdir', 'DAGS_FOLDER/select_distinct_brands_categories.py', '--cfg-path', '/tmp/tmp27sw6lij']
[2024-12-05T19:14:56.645+0000] {standard_task_runner.py:105} INFO - Job 507: Subtask create_unique_brands
[2024-12-05T19:14:56.678+0000] {task_command.py:467} INFO - Running <TaskInstance: extract_unique_values.create_unique_brands manual__2024-12-05T19:14:53.272615+00:00 [running]> on host c7780884450d
[2024-12-05T19:14:56.745+0000] {taskinstance.py:3132} INFO - Exporting env vars: AIRFLOW_CTX_DAG_OWNER='artzsh' AIRFLOW_CTX_DAG_ID='extract_unique_values' AIRFLOW_CTX_TASK_ID='create_unique_brands' AIRFLOW_CTX_EXECUTION_DATE='2024-12-05T19:14:53.272615+00:00' AIRFLOW_CTX_TRY_NUMBER='1' AIRFLOW_CTX_DAG_RUN_ID='manual__2024-12-05T19:14:53.272615+00:00'
[2024-12-05T19:14:56.746+0000] {taskinstance.py:731} INFO - ::endgroup::
[2024-12-05T19:14:56.766+0000] {select_distinct_brands_categories.py:50} INFO - Обрабатываем ключ: 6
[2024-12-05T19:14:56.767+0000] {select_distinct_brands_categories.py:65} INFO - Источник брендов: DDS.brands_Mar
[2024-12-05T19:14:56.767+0000] {select_distinct_brands_categories.py:66} INFO - Целевая таблица брендов: DDS.unique_brands
[2024-12-05T19:14:56.773+0000] {base.py:84} INFO - Retrieving connection 'database_cloud'
[2024-12-05T19:14:57.446+0000] {select_distinct_brands_categories.py:87} INFO - Соединение с PostgreSQL установлено.
[2024-12-05T19:14:57.713+0000] {select_distinct_brands_categories.py:100} INFO - Целевая таблица 'DDS.unique_brands' создана или уже существует.
[2024-12-05T19:14:57.906+0000] {select_distinct_brands_categories.py:111} INFO - Количество уникальных брендов в источнике: 4178
[2024-12-05T19:14:57.994+0000] {select_distinct_brands_categories.py:122} INFO - Количество брендов в целевой таблице до вставки: 5106
[2024-12-05T19:14:58.176+0000] {select_distinct_brands_categories.py:140} INFO - Новые уникальные бренды добавлены в 'DDS.unique_brands': 278 записей.
[2024-12-05T19:14:58.350+0000] {select_distinct_brands_categories.py:151} INFO - Количество брендов в целевой таблице после вставки: 5384
[2024-12-05T19:14:58.351+0000] {select_distinct_brands_categories.py:161} INFO - Курсор закрыт.
[2024-12-05T19:14:58.352+0000] {select_distinct_brands_categories.py:164} INFO - Соединение с PostgreSQL закрыто.
[2024-12-05T19:14:58.353+0000] {python.py:240} INFO - Done. Returned value was: None
[2024-12-05T19:14:58.364+0000] {taskinstance.py:340} INFO - ::group::Post task execution logs
[2024-12-05T19:14:58.365+0000] {taskinstance.py:352} INFO - Marking task as SUCCESS. dag_id=extract_unique_values, task_id=create_unique_brands, run_id=manual__2024-12-05T19:14:53.272615+00:00, execution_date=20241205T191453, start_date=20241205T191456, end_date=20241205T191458
[2024-12-05T19:14:58.382+0000] {local_task_job_runner.py:266} INFO - Task exited with return code 0
[2024-12-05T19:14:58.402+0000] {taskinstance.py:3895} INFO - 1 downstream tasks scheduled from follow-on schedule check
[2024-12-05T19:14:58.405+0000] {local_task_job_runner.py:245} INFO - ::endgroup::
