[2024-11-28T07:40:01.949+0000] {processor.py:186} INFO - Started process (PID=58) to work on /opt/airflow/dags/etl.py
[2024-11-28T07:40:01.950+0000] {processor.py:914} INFO - Processing file /opt/airflow/dags/etl.py for tasks to queue
[2024-11-28T07:40:01.952+0000] {logging_mixin.py:190} INFO - [2024-11-28T07:40:01.952+0000] {dagbag.py:588} INFO - Filling up the DagBag from /opt/airflow/dags/etl.py
[2024-11-28T07:40:02.483+0000] {processor.py:925} INFO - DAG(s) 'ETL' retrieved from /opt/airflow/dags/etl.py
[2024-11-28T07:40:02.498+0000] {logging_mixin.py:190} INFO - [2024-11-28T07:40:02.498+0000] {dag.py:3239} INFO - Sync 1 DAGs
[2024-11-28T07:40:02.517+0000] {logging_mixin.py:190} INFO - [2024-11-28T07:40:02.517+0000] {dag.py:4180} INFO - Setting next_dagrun for ETL to 2024-11-28 00:00:00+00:00, run_after=2024-11-29 00:00:00+00:00
[2024-11-28T07:40:02.545+0000] {processor.py:208} INFO - Processing /opt/airflow/dags/etl.py took 0.600 seconds
[2024-11-28T07:40:32.991+0000] {processor.py:186} INFO - Started process (PID=80) to work on /opt/airflow/dags/etl.py
[2024-11-28T07:40:32.992+0000] {processor.py:914} INFO - Processing file /opt/airflow/dags/etl.py for tasks to queue
[2024-11-28T07:40:32.997+0000] {logging_mixin.py:190} INFO - [2024-11-28T07:40:32.996+0000] {dagbag.py:588} INFO - Filling up the DagBag from /opt/airflow/dags/etl.py
[2024-11-28T07:40:33.546+0000] {processor.py:925} INFO - DAG(s) 'ETL' retrieved from /opt/airflow/dags/etl.py
[2024-11-28T07:40:33.561+0000] {logging_mixin.py:190} INFO - [2024-11-28T07:40:33.560+0000] {dag.py:3239} INFO - Sync 1 DAGs
[2024-11-28T07:40:33.579+0000] {logging_mixin.py:190} INFO - [2024-11-28T07:40:33.579+0000] {dag.py:4180} INFO - Setting next_dagrun for ETL to 2024-11-28 00:00:00+00:00, run_after=2024-11-29 00:00:00+00:00
[2024-11-28T07:40:33.594+0000] {processor.py:208} INFO - Processing /opt/airflow/dags/etl.py took 0.608 seconds
[2024-11-28T07:41:04.004+0000] {processor.py:186} INFO - Started process (PID=104) to work on /opt/airflow/dags/etl.py
[2024-11-28T07:41:04.005+0000] {processor.py:914} INFO - Processing file /opt/airflow/dags/etl.py for tasks to queue
[2024-11-28T07:41:04.006+0000] {logging_mixin.py:190} INFO - [2024-11-28T07:41:04.006+0000] {dagbag.py:588} INFO - Filling up the DagBag from /opt/airflow/dags/etl.py
[2024-11-28T07:41:04.408+0000] {processor.py:925} INFO - DAG(s) 'ETL' retrieved from /opt/airflow/dags/etl.py
[2024-11-28T07:41:04.426+0000] {logging_mixin.py:190} INFO - [2024-11-28T07:41:04.425+0000] {dag.py:3239} INFO - Sync 1 DAGs
[2024-11-28T07:41:04.444+0000] {logging_mixin.py:190} INFO - [2024-11-28T07:41:04.444+0000] {dag.py:4180} INFO - Setting next_dagrun for ETL to 2024-11-28 00:00:00+00:00, run_after=2024-11-29 00:00:00+00:00
[2024-11-28T07:41:04.461+0000] {processor.py:208} INFO - Processing /opt/airflow/dags/etl.py took 0.462 seconds
[2024-11-28T07:41:35.120+0000] {processor.py:186} INFO - Started process (PID=122) to work on /opt/airflow/dags/etl.py
[2024-11-28T07:41:35.121+0000] {processor.py:914} INFO - Processing file /opt/airflow/dags/etl.py for tasks to queue
[2024-11-28T07:41:35.123+0000] {logging_mixin.py:190} INFO - [2024-11-28T07:41:35.123+0000] {dagbag.py:588} INFO - Filling up the DagBag from /opt/airflow/dags/etl.py
[2024-11-28T07:41:35.582+0000] {processor.py:925} INFO - DAG(s) 'ETL' retrieved from /opt/airflow/dags/etl.py
[2024-11-28T07:41:35.598+0000] {logging_mixin.py:190} INFO - [2024-11-28T07:41:35.598+0000] {dag.py:3239} INFO - Sync 1 DAGs
[2024-11-28T07:41:35.614+0000] {logging_mixin.py:190} INFO - [2024-11-28T07:41:35.614+0000] {dag.py:4180} INFO - Setting next_dagrun for ETL to 2024-11-28 00:00:00+00:00, run_after=2024-11-29 00:00:00+00:00
[2024-11-28T07:41:35.628+0000] {processor.py:208} INFO - Processing /opt/airflow/dags/etl.py took 0.512 seconds
