[2024-11-27T17:51:47.791+0000] {processor.py:186} INFO - Started process (PID=118) to work on /home/airflow/.local/lib/python3.12/site-packages/airflow/example_dags/example_sensors.py
[2024-11-27T17:51:47.792+0000] {processor.py:914} INFO - Processing file /home/airflow/.local/lib/python3.12/site-packages/airflow/example_dags/example_sensors.py for tasks to queue
[2024-11-27T17:51:47.794+0000] {logging_mixin.py:190} INFO - [2024-11-27T17:51:47.793+0000] {dagbag.py:588} INFO - Filling up the DagBag from /home/airflow/.local/lib/python3.12/site-packages/airflow/example_dags/example_sensors.py
[2024-11-27T17:51:47.807+0000] {processor.py:925} INFO - DAG(s) 'example_sensors' retrieved from /home/airflow/.local/lib/python3.12/site-packages/airflow/example_dags/example_sensors.py
[2024-11-27T17:51:47.955+0000] {logging_mixin.py:190} INFO - [2024-11-27T17:51:47.953+0000] {override.py:1911} INFO - Created Permission View: can read on DAG:example_sensors
[2024-11-27T17:51:47.978+0000] {logging_mixin.py:190} INFO - [2024-11-27T17:51:47.977+0000] {override.py:1911} INFO - Created Permission View: can delete on DAG:example_sensors
[2024-11-27T17:51:47.990+0000] {logging_mixin.py:190} INFO - [2024-11-27T17:51:47.990+0000] {override.py:1911} INFO - Created Permission View: can edit on DAG:example_sensors
[2024-11-27T17:51:48.006+0000] {logging_mixin.py:190} INFO - [2024-11-27T17:51:48.005+0000] {override.py:1911} INFO - Created Permission View: can read on DAG Run:example_sensors
[2024-11-27T17:51:48.015+0000] {logging_mixin.py:190} INFO - [2024-11-27T17:51:48.014+0000] {override.py:1911} INFO - Created Permission View: can delete on DAG Run:example_sensors
[2024-11-27T17:51:48.020+0000] {logging_mixin.py:190} INFO - [2024-11-27T17:51:48.020+0000] {override.py:1911} INFO - Created Permission View: menu access on DAG Run:example_sensors
[2024-11-27T17:51:48.026+0000] {logging_mixin.py:190} INFO - [2024-11-27T17:51:48.025+0000] {override.py:1911} INFO - Created Permission View: can create on DAG Run:example_sensors
[2024-11-27T17:51:48.026+0000] {logging_mixin.py:190} INFO - [2024-11-27T17:51:48.026+0000] {dag.py:3239} INFO - Sync 1 DAGs
[2024-11-27T17:51:48.036+0000] {logging_mixin.py:190} INFO - [2024-11-27T17:51:48.036+0000] {dag.py:3262} INFO - Creating ORM DAG for example_sensors
[2024-11-27T17:51:48.037+0000] {logging_mixin.py:190} INFO - [2024-11-27T17:51:48.037+0000] {dag.py:4180} INFO - Setting next_dagrun for example_sensors to None, run_after=None
[2024-11-27T17:51:48.050+0000] {processor.py:208} INFO - Processing /home/airflow/.local/lib/python3.12/site-packages/airflow/example_dags/example_sensors.py took 0.264 seconds
[2024-11-27T17:52:18.870+0000] {processor.py:186} INFO - Started process (PID=189) to work on /home/airflow/.local/lib/python3.12/site-packages/airflow/example_dags/example_sensors.py
[2024-11-27T17:52:18.871+0000] {processor.py:914} INFO - Processing file /home/airflow/.local/lib/python3.12/site-packages/airflow/example_dags/example_sensors.py for tasks to queue
[2024-11-27T17:52:18.873+0000] {logging_mixin.py:190} INFO - [2024-11-27T17:52:18.873+0000] {dagbag.py:588} INFO - Filling up the DagBag from /home/airflow/.local/lib/python3.12/site-packages/airflow/example_dags/example_sensors.py
[2024-11-27T17:52:18.881+0000] {processor.py:925} INFO - DAG(s) 'example_sensors' retrieved from /home/airflow/.local/lib/python3.12/site-packages/airflow/example_dags/example_sensors.py
[2024-11-27T17:52:18.900+0000] {logging_mixin.py:190} INFO - [2024-11-27T17:52:18.900+0000] {dag.py:3239} INFO - Sync 1 DAGs
[2024-11-27T17:52:18.911+0000] {logging_mixin.py:190} INFO - [2024-11-27T17:52:18.910+0000] {dag.py:4180} INFO - Setting next_dagrun for example_sensors to None, run_after=None
[2024-11-27T17:52:18.925+0000] {processor.py:208} INFO - Processing /home/airflow/.local/lib/python3.12/site-packages/airflow/example_dags/example_sensors.py took 0.060 seconds
[2024-11-27T17:52:49.045+0000] {processor.py:186} INFO - Started process (PID=259) to work on /home/airflow/.local/lib/python3.12/site-packages/airflow/example_dags/example_sensors.py
[2024-11-27T17:52:49.046+0000] {processor.py:914} INFO - Processing file /home/airflow/.local/lib/python3.12/site-packages/airflow/example_dags/example_sensors.py for tasks to queue
[2024-11-27T17:52:49.048+0000] {logging_mixin.py:190} INFO - [2024-11-27T17:52:49.048+0000] {dagbag.py:588} INFO - Filling up the DagBag from /home/airflow/.local/lib/python3.12/site-packages/airflow/example_dags/example_sensors.py
[2024-11-27T17:52:49.057+0000] {processor.py:925} INFO - DAG(s) 'example_sensors' retrieved from /home/airflow/.local/lib/python3.12/site-packages/airflow/example_dags/example_sensors.py
[2024-11-27T17:52:49.077+0000] {logging_mixin.py:190} INFO - [2024-11-27T17:52:49.077+0000] {dag.py:3239} INFO - Sync 1 DAGs
[2024-11-27T17:52:49.089+0000] {logging_mixin.py:190} INFO - [2024-11-27T17:52:49.089+0000] {dag.py:4180} INFO - Setting next_dagrun for example_sensors to None, run_after=None
[2024-11-27T17:52:49.107+0000] {processor.py:208} INFO - Processing /home/airflow/.local/lib/python3.12/site-packages/airflow/example_dags/example_sensors.py took 0.067 seconds
[2024-11-27T17:54:42.266+0000] {processor.py:186} INFO - Started process (PID=106) to work on /home/airflow/.local/lib/python3.12/site-packages/airflow/example_dags/example_sensors.py
[2024-11-27T17:54:42.267+0000] {processor.py:914} INFO - Processing file /home/airflow/.local/lib/python3.12/site-packages/airflow/example_dags/example_sensors.py for tasks to queue
[2024-11-27T17:54:42.269+0000] {logging_mixin.py:190} INFO - [2024-11-27T17:54:42.269+0000] {dagbag.py:588} INFO - Filling up the DagBag from /home/airflow/.local/lib/python3.12/site-packages/airflow/example_dags/example_sensors.py
[2024-11-27T17:54:42.276+0000] {processor.py:925} INFO - DAG(s) 'example_sensors' retrieved from /home/airflow/.local/lib/python3.12/site-packages/airflow/example_dags/example_sensors.py
[2024-11-27T17:54:42.294+0000] {logging_mixin.py:190} INFO - [2024-11-27T17:54:42.294+0000] {dag.py:3239} INFO - Sync 1 DAGs
[2024-11-27T17:54:42.304+0000] {logging_mixin.py:190} INFO - [2024-11-27T17:54:42.304+0000] {dag.py:4180} INFO - Setting next_dagrun for example_sensors to None, run_after=None
[2024-11-27T17:54:42.317+0000] {processor.py:208} INFO - Processing /home/airflow/.local/lib/python3.12/site-packages/airflow/example_dags/example_sensors.py took 0.054 seconds
[2024-11-27T17:55:13.774+0000] {processor.py:186} INFO - Started process (PID=183) to work on /home/airflow/.local/lib/python3.12/site-packages/airflow/example_dags/example_sensors.py
[2024-11-27T17:55:13.775+0000] {processor.py:914} INFO - Processing file /home/airflow/.local/lib/python3.12/site-packages/airflow/example_dags/example_sensors.py for tasks to queue
[2024-11-27T17:55:13.777+0000] {logging_mixin.py:190} INFO - [2024-11-27T17:55:13.777+0000] {dagbag.py:588} INFO - Filling up the DagBag from /home/airflow/.local/lib/python3.12/site-packages/airflow/example_dags/example_sensors.py
[2024-11-27T17:55:13.786+0000] {processor.py:925} INFO - DAG(s) 'example_sensors' retrieved from /home/airflow/.local/lib/python3.12/site-packages/airflow/example_dags/example_sensors.py
[2024-11-27T17:55:13.806+0000] {logging_mixin.py:190} INFO - [2024-11-27T17:55:13.806+0000] {dag.py:3239} INFO - Sync 1 DAGs
[2024-11-27T17:55:13.820+0000] {logging_mixin.py:190} INFO - [2024-11-27T17:55:13.819+0000] {dag.py:4180} INFO - Setting next_dagrun for example_sensors to None, run_after=None
[2024-11-27T17:55:13.836+0000] {processor.py:208} INFO - Processing /home/airflow/.local/lib/python3.12/site-packages/airflow/example_dags/example_sensors.py took 0.067 seconds
[2024-11-27T17:55:45.452+0000] {processor.py:186} INFO - Started process (PID=254) to work on /home/airflow/.local/lib/python3.12/site-packages/airflow/example_dags/example_sensors.py
[2024-11-27T17:55:45.452+0000] {processor.py:914} INFO - Processing file /home/airflow/.local/lib/python3.12/site-packages/airflow/example_dags/example_sensors.py for tasks to queue
[2024-11-27T17:55:45.454+0000] {logging_mixin.py:190} INFO - [2024-11-27T17:55:45.454+0000] {dagbag.py:588} INFO - Filling up the DagBag from /home/airflow/.local/lib/python3.12/site-packages/airflow/example_dags/example_sensors.py
[2024-11-27T17:55:45.462+0000] {processor.py:925} INFO - DAG(s) 'example_sensors' retrieved from /home/airflow/.local/lib/python3.12/site-packages/airflow/example_dags/example_sensors.py
[2024-11-27T17:55:45.480+0000] {logging_mixin.py:190} INFO - [2024-11-27T17:55:45.479+0000] {dag.py:3239} INFO - Sync 1 DAGs
[2024-11-27T17:55:45.491+0000] {logging_mixin.py:190} INFO - [2024-11-27T17:55:45.491+0000] {dag.py:4180} INFO - Setting next_dagrun for example_sensors to None, run_after=None
[2024-11-27T17:55:45.508+0000] {processor.py:208} INFO - Processing /home/airflow/.local/lib/python3.12/site-packages/airflow/example_dags/example_sensors.py took 0.060 seconds
[2024-11-27T17:56:16.632+0000] {processor.py:186} INFO - Started process (PID=325) to work on /home/airflow/.local/lib/python3.12/site-packages/airflow/example_dags/example_sensors.py
[2024-11-27T17:56:16.633+0000] {processor.py:914} INFO - Processing file /home/airflow/.local/lib/python3.12/site-packages/airflow/example_dags/example_sensors.py for tasks to queue
[2024-11-27T17:56:16.635+0000] {logging_mixin.py:190} INFO - [2024-11-27T17:56:16.635+0000] {dagbag.py:588} INFO - Filling up the DagBag from /home/airflow/.local/lib/python3.12/site-packages/airflow/example_dags/example_sensors.py
[2024-11-27T17:56:16.644+0000] {processor.py:925} INFO - DAG(s) 'example_sensors' retrieved from /home/airflow/.local/lib/python3.12/site-packages/airflow/example_dags/example_sensors.py
[2024-11-27T17:56:16.665+0000] {logging_mixin.py:190} INFO - [2024-11-27T17:56:16.664+0000] {dag.py:3239} INFO - Sync 1 DAGs
[2024-11-27T17:56:16.675+0000] {logging_mixin.py:190} INFO - [2024-11-27T17:56:16.675+0000] {dag.py:4180} INFO - Setting next_dagrun for example_sensors to None, run_after=None
[2024-11-27T17:56:16.691+0000] {processor.py:208} INFO - Processing /home/airflow/.local/lib/python3.12/site-packages/airflow/example_dags/example_sensors.py took 0.064 seconds
[2024-11-27T17:56:46.829+0000] {processor.py:186} INFO - Started process (PID=396) to work on /home/airflow/.local/lib/python3.12/site-packages/airflow/example_dags/example_sensors.py
[2024-11-27T17:56:46.829+0000] {processor.py:914} INFO - Processing file /home/airflow/.local/lib/python3.12/site-packages/airflow/example_dags/example_sensors.py for tasks to queue
[2024-11-27T17:56:46.831+0000] {logging_mixin.py:190} INFO - [2024-11-27T17:56:46.831+0000] {dagbag.py:588} INFO - Filling up the DagBag from /home/airflow/.local/lib/python3.12/site-packages/airflow/example_dags/example_sensors.py
[2024-11-27T17:56:46.839+0000] {processor.py:925} INFO - DAG(s) 'example_sensors' retrieved from /home/airflow/.local/lib/python3.12/site-packages/airflow/example_dags/example_sensors.py
[2024-11-27T17:56:46.857+0000] {logging_mixin.py:190} INFO - [2024-11-27T17:56:46.857+0000] {dag.py:3239} INFO - Sync 1 DAGs
[2024-11-27T17:56:46.867+0000] {logging_mixin.py:190} INFO - [2024-11-27T17:56:46.867+0000] {dag.py:4180} INFO - Setting next_dagrun for example_sensors to None, run_after=None
[2024-11-27T17:56:46.880+0000] {processor.py:208} INFO - Processing /home/airflow/.local/lib/python3.12/site-packages/airflow/example_dags/example_sensors.py took 0.056 seconds
