[2024-11-27T17:51:46.429+0000] {processor.py:186} INFO - Started process (PID=107) to work on /home/airflow/.local/lib/python3.12/site-packages/airflow/example_dags/example_python_decorator.py
[2024-11-27T17:51:46.430+0000] {processor.py:914} INFO - Processing file /home/airflow/.local/lib/python3.12/site-packages/airflow/example_dags/example_python_decorator.py for tasks to queue
[2024-11-27T17:51:46.432+0000] {logging_mixin.py:190} INFO - [2024-11-27T17:51:46.432+0000] {dagbag.py:588} INFO - Filling up the DagBag from /home/airflow/.local/lib/python3.12/site-packages/airflow/example_dags/example_python_decorator.py
[2024-11-27T17:51:46.444+0000] {processor.py:925} INFO - DAG(s) 'example_python_decorator' retrieved from /home/airflow/.local/lib/python3.12/site-packages/airflow/example_dags/example_python_decorator.py
[2024-11-27T17:51:46.521+0000] {logging_mixin.py:190} INFO - [2024-11-27T17:51:46.520+0000] {override.py:1911} INFO - Created Permission View: can read on DAG:example_python_decorator
[2024-11-27T17:51:46.530+0000] {logging_mixin.py:190} INFO - [2024-11-27T17:51:46.530+0000] {override.py:1911} INFO - Created Permission View: can delete on DAG:example_python_decorator
[2024-11-27T17:51:46.537+0000] {logging_mixin.py:190} INFO - [2024-11-27T17:51:46.536+0000] {override.py:1911} INFO - Created Permission View: can edit on DAG:example_python_decorator
[2024-11-27T17:51:46.546+0000] {logging_mixin.py:190} INFO - [2024-11-27T17:51:46.546+0000] {override.py:1911} INFO - Created Permission View: can read on DAG Run:example_python_decorator
[2024-11-27T17:51:46.552+0000] {logging_mixin.py:190} INFO - [2024-11-27T17:51:46.552+0000] {override.py:1911} INFO - Created Permission View: can delete on DAG Run:example_python_decorator
[2024-11-27T17:51:46.560+0000] {logging_mixin.py:190} INFO - [2024-11-27T17:51:46.560+0000] {override.py:1911} INFO - Created Permission View: menu access on DAG Run:example_python_decorator
[2024-11-27T17:51:46.566+0000] {logging_mixin.py:190} INFO - [2024-11-27T17:51:46.566+0000] {override.py:1911} INFO - Created Permission View: can create on DAG Run:example_python_decorator
[2024-11-27T17:51:46.566+0000] {logging_mixin.py:190} INFO - [2024-11-27T17:51:46.566+0000] {dag.py:3239} INFO - Sync 1 DAGs
[2024-11-27T17:51:46.577+0000] {logging_mixin.py:190} INFO - [2024-11-27T17:51:46.577+0000] {dag.py:3262} INFO - Creating ORM DAG for example_python_decorator
[2024-11-27T17:51:46.578+0000] {logging_mixin.py:190} INFO - [2024-11-27T17:51:46.578+0000] {dag.py:4180} INFO - Setting next_dagrun for example_python_decorator to None, run_after=None
[2024-11-27T17:51:46.591+0000] {processor.py:208} INFO - Processing /home/airflow/.local/lib/python3.12/site-packages/airflow/example_dags/example_python_decorator.py took 0.166 seconds
[2024-11-27T17:52:16.719+0000] {processor.py:186} INFO - Started process (PID=177) to work on /home/airflow/.local/lib/python3.12/site-packages/airflow/example_dags/example_python_decorator.py
[2024-11-27T17:52:16.720+0000] {processor.py:914} INFO - Processing file /home/airflow/.local/lib/python3.12/site-packages/airflow/example_dags/example_python_decorator.py for tasks to queue
[2024-11-27T17:52:16.722+0000] {logging_mixin.py:190} INFO - [2024-11-27T17:52:16.722+0000] {dagbag.py:588} INFO - Filling up the DagBag from /home/airflow/.local/lib/python3.12/site-packages/airflow/example_dags/example_python_decorator.py
[2024-11-27T17:52:16.733+0000] {processor.py:925} INFO - DAG(s) 'example_python_decorator' retrieved from /home/airflow/.local/lib/python3.12/site-packages/airflow/example_dags/example_python_decorator.py
[2024-11-27T17:52:16.754+0000] {logging_mixin.py:190} INFO - [2024-11-27T17:52:16.754+0000] {dag.py:3239} INFO - Sync 1 DAGs
[2024-11-27T17:52:16.767+0000] {logging_mixin.py:190} INFO - [2024-11-27T17:52:16.767+0000] {dag.py:4180} INFO - Setting next_dagrun for example_python_decorator to None, run_after=None
[2024-11-27T17:52:16.785+0000] {processor.py:208} INFO - Processing /home/airflow/.local/lib/python3.12/site-packages/airflow/example_dags/example_python_decorator.py took 0.070 seconds
[2024-11-27T17:52:48.195+0000] {processor.py:186} INFO - Started process (PID=248) to work on /home/airflow/.local/lib/python3.12/site-packages/airflow/example_dags/example_python_decorator.py
[2024-11-27T17:52:48.196+0000] {processor.py:914} INFO - Processing file /home/airflow/.local/lib/python3.12/site-packages/airflow/example_dags/example_python_decorator.py for tasks to queue
[2024-11-27T17:52:48.198+0000] {logging_mixin.py:190} INFO - [2024-11-27T17:52:48.197+0000] {dagbag.py:588} INFO - Filling up the DagBag from /home/airflow/.local/lib/python3.12/site-packages/airflow/example_dags/example_python_decorator.py
[2024-11-27T17:52:48.213+0000] {processor.py:925} INFO - DAG(s) 'example_python_decorator' retrieved from /home/airflow/.local/lib/python3.12/site-packages/airflow/example_dags/example_python_decorator.py
[2024-11-27T17:52:48.233+0000] {logging_mixin.py:190} INFO - [2024-11-27T17:52:48.232+0000] {dag.py:3239} INFO - Sync 1 DAGs
[2024-11-27T17:52:48.245+0000] {logging_mixin.py:190} INFO - [2024-11-27T17:52:48.245+0000] {dag.py:4180} INFO - Setting next_dagrun for example_python_decorator to None, run_after=None
[2024-11-27T17:52:48.266+0000] {processor.py:208} INFO - Processing /home/airflow/.local/lib/python3.12/site-packages/airflow/example_dags/example_python_decorator.py took 0.077 seconds
[2024-11-27T17:54:41.680+0000] {processor.py:186} INFO - Started process (PID=95) to work on /home/airflow/.local/lib/python3.12/site-packages/airflow/example_dags/example_python_decorator.py
[2024-11-27T17:54:41.681+0000] {processor.py:914} INFO - Processing file /home/airflow/.local/lib/python3.12/site-packages/airflow/example_dags/example_python_decorator.py for tasks to queue
[2024-11-27T17:54:41.683+0000] {logging_mixin.py:190} INFO - [2024-11-27T17:54:41.682+0000] {dagbag.py:588} INFO - Filling up the DagBag from /home/airflow/.local/lib/python3.12/site-packages/airflow/example_dags/example_python_decorator.py
[2024-11-27T17:54:41.693+0000] {processor.py:925} INFO - DAG(s) 'example_python_decorator' retrieved from /home/airflow/.local/lib/python3.12/site-packages/airflow/example_dags/example_python_decorator.py
[2024-11-27T17:54:41.762+0000] {logging_mixin.py:190} INFO - [2024-11-27T17:54:41.762+0000] {dag.py:3239} INFO - Sync 1 DAGs
[2024-11-27T17:54:41.771+0000] {logging_mixin.py:190} INFO - [2024-11-27T17:54:41.771+0000] {dag.py:4180} INFO - Setting next_dagrun for example_python_decorator to None, run_after=None
[2024-11-27T17:54:41.784+0000] {processor.py:208} INFO - Processing /home/airflow/.local/lib/python3.12/site-packages/airflow/example_dags/example_python_decorator.py took 0.108 seconds
[2024-11-27T17:55:13.103+0000] {processor.py:186} INFO - Started process (PID=172) to work on /home/airflow/.local/lib/python3.12/site-packages/airflow/example_dags/example_python_decorator.py
[2024-11-27T17:55:13.104+0000] {processor.py:914} INFO - Processing file /home/airflow/.local/lib/python3.12/site-packages/airflow/example_dags/example_python_decorator.py for tasks to queue
[2024-11-27T17:55:13.106+0000] {logging_mixin.py:190} INFO - [2024-11-27T17:55:13.106+0000] {dagbag.py:588} INFO - Filling up the DagBag from /home/airflow/.local/lib/python3.12/site-packages/airflow/example_dags/example_python_decorator.py
[2024-11-27T17:55:13.116+0000] {processor.py:925} INFO - DAG(s) 'example_python_decorator' retrieved from /home/airflow/.local/lib/python3.12/site-packages/airflow/example_dags/example_python_decorator.py
[2024-11-27T17:55:13.132+0000] {logging_mixin.py:190} INFO - [2024-11-27T17:55:13.131+0000] {dag.py:3239} INFO - Sync 1 DAGs
[2024-11-27T17:55:13.142+0000] {logging_mixin.py:190} INFO - [2024-11-27T17:55:13.142+0000] {dag.py:4180} INFO - Setting next_dagrun for example_python_decorator to None, run_after=None
[2024-11-27T17:55:13.172+0000] {processor.py:208} INFO - Processing /home/airflow/.local/lib/python3.12/site-packages/airflow/example_dags/example_python_decorator.py took 0.073 seconds
[2024-11-27T17:55:44.445+0000] {processor.py:186} INFO - Started process (PID=243) to work on /home/airflow/.local/lib/python3.12/site-packages/airflow/example_dags/example_python_decorator.py
[2024-11-27T17:55:44.445+0000] {processor.py:914} INFO - Processing file /home/airflow/.local/lib/python3.12/site-packages/airflow/example_dags/example_python_decorator.py for tasks to queue
[2024-11-27T17:55:44.447+0000] {logging_mixin.py:190} INFO - [2024-11-27T17:55:44.447+0000] {dagbag.py:588} INFO - Filling up the DagBag from /home/airflow/.local/lib/python3.12/site-packages/airflow/example_dags/example_python_decorator.py
[2024-11-27T17:55:44.458+0000] {processor.py:925} INFO - DAG(s) 'example_python_decorator' retrieved from /home/airflow/.local/lib/python3.12/site-packages/airflow/example_dags/example_python_decorator.py
[2024-11-27T17:55:44.475+0000] {logging_mixin.py:190} INFO - [2024-11-27T17:55:44.475+0000] {dag.py:3239} INFO - Sync 1 DAGs
[2024-11-27T17:55:44.488+0000] {logging_mixin.py:190} INFO - [2024-11-27T17:55:44.487+0000] {dag.py:4180} INFO - Setting next_dagrun for example_python_decorator to None, run_after=None
[2024-11-27T17:55:44.503+0000] {processor.py:208} INFO - Processing /home/airflow/.local/lib/python3.12/site-packages/airflow/example_dags/example_python_decorator.py took 0.063 seconds
[2024-11-27T17:56:15.669+0000] {processor.py:186} INFO - Started process (PID=314) to work on /home/airflow/.local/lib/python3.12/site-packages/airflow/example_dags/example_python_decorator.py
[2024-11-27T17:56:15.670+0000] {processor.py:914} INFO - Processing file /home/airflow/.local/lib/python3.12/site-packages/airflow/example_dags/example_python_decorator.py for tasks to queue
[2024-11-27T17:56:15.672+0000] {logging_mixin.py:190} INFO - [2024-11-27T17:56:15.671+0000] {dagbag.py:588} INFO - Filling up the DagBag from /home/airflow/.local/lib/python3.12/site-packages/airflow/example_dags/example_python_decorator.py
[2024-11-27T17:56:15.682+0000] {processor.py:925} INFO - DAG(s) 'example_python_decorator' retrieved from /home/airflow/.local/lib/python3.12/site-packages/airflow/example_dags/example_python_decorator.py
[2024-11-27T17:56:15.697+0000] {logging_mixin.py:190} INFO - [2024-11-27T17:56:15.696+0000] {dag.py:3239} INFO - Sync 1 DAGs
[2024-11-27T17:56:15.706+0000] {logging_mixin.py:190} INFO - [2024-11-27T17:56:15.706+0000] {dag.py:4180} INFO - Setting next_dagrun for example_python_decorator to None, run_after=None
[2024-11-27T17:56:15.719+0000] {processor.py:208} INFO - Processing /home/airflow/.local/lib/python3.12/site-packages/airflow/example_dags/example_python_decorator.py took 0.054 seconds
[2024-11-27T17:56:46.214+0000] {processor.py:186} INFO - Started process (PID=385) to work on /home/airflow/.local/lib/python3.12/site-packages/airflow/example_dags/example_python_decorator.py
[2024-11-27T17:56:46.215+0000] {processor.py:914} INFO - Processing file /home/airflow/.local/lib/python3.12/site-packages/airflow/example_dags/example_python_decorator.py for tasks to queue
[2024-11-27T17:56:46.216+0000] {logging_mixin.py:190} INFO - [2024-11-27T17:56:46.216+0000] {dagbag.py:588} INFO - Filling up the DagBag from /home/airflow/.local/lib/python3.12/site-packages/airflow/example_dags/example_python_decorator.py
[2024-11-27T17:56:46.227+0000] {processor.py:925} INFO - DAG(s) 'example_python_decorator' retrieved from /home/airflow/.local/lib/python3.12/site-packages/airflow/example_dags/example_python_decorator.py
[2024-11-27T17:56:46.242+0000] {logging_mixin.py:190} INFO - [2024-11-27T17:56:46.242+0000] {dag.py:3239} INFO - Sync 1 DAGs
[2024-11-27T17:56:46.252+0000] {logging_mixin.py:190} INFO - [2024-11-27T17:56:46.252+0000] {dag.py:4180} INFO - Setting next_dagrun for example_python_decorator to None, run_after=None
[2024-11-27T17:56:46.265+0000] {processor.py:208} INFO - Processing /home/airflow/.local/lib/python3.12/site-packages/airflow/example_dags/example_python_decorator.py took 0.056 seconds
