[2024-11-27T17:51:43.014+0000] {processor.py:186} INFO - Started process (PID=89) to work on /home/airflow/.local/lib/python3.12/site-packages/airflow/example_dags/example_xcomargs.py
[2024-11-27T17:51:43.015+0000] {processor.py:914} INFO - Processing file /home/airflow/.local/lib/python3.12/site-packages/airflow/example_dags/example_xcomargs.py for tasks to queue
[2024-11-27T17:51:43.017+0000] {logging_mixin.py:190} INFO - [2024-11-27T17:51:43.017+0000] {dagbag.py:588} INFO - Filling up the DagBag from /home/airflow/.local/lib/python3.12/site-packages/airflow/example_dags/example_xcomargs.py
[2024-11-27T17:51:43.027+0000] {processor.py:925} INFO - DAG(s) 'example_xcom_args_with_operators', 'example_xcom_args' retrieved from /home/airflow/.local/lib/python3.12/site-packages/airflow/example_dags/example_xcomargs.py
[2024-11-27T17:51:43.118+0000] {logging_mixin.py:190} INFO - [2024-11-27T17:51:43.117+0000] {override.py:1911} INFO - Created Permission View: can read on DAG:example_xcom_args_with_operators
[2024-11-27T17:51:43.130+0000] {logging_mixin.py:190} INFO - [2024-11-27T17:51:43.130+0000] {override.py:1911} INFO - Created Permission View: can delete on DAG:example_xcom_args_with_operators
[2024-11-27T17:51:43.137+0000] {logging_mixin.py:190} INFO - [2024-11-27T17:51:43.136+0000] {override.py:1911} INFO - Created Permission View: can edit on DAG:example_xcom_args_with_operators
[2024-11-27T17:51:43.151+0000] {logging_mixin.py:190} INFO - [2024-11-27T17:51:43.151+0000] {override.py:1911} INFO - Created Permission View: can read on DAG Run:example_xcom_args_with_operators
[2024-11-27T17:51:43.172+0000] {logging_mixin.py:190} INFO - [2024-11-27T17:51:43.172+0000] {override.py:1911} INFO - Created Permission View: can delete on DAG Run:example_xcom_args_with_operators
[2024-11-27T17:51:43.193+0000] {logging_mixin.py:190} INFO - [2024-11-27T17:51:43.192+0000] {override.py:1911} INFO - Created Permission View: menu access on DAG Run:example_xcom_args_with_operators
[2024-11-27T17:51:43.211+0000] {logging_mixin.py:190} INFO - [2024-11-27T17:51:43.210+0000] {override.py:1911} INFO - Created Permission View: can create on DAG Run:example_xcom_args_with_operators
[2024-11-27T17:51:43.247+0000] {logging_mixin.py:190} INFO - [2024-11-27T17:51:43.246+0000] {override.py:1911} INFO - Created Permission View: can read on DAG:example_xcom_args
[2024-11-27T17:51:43.267+0000] {logging_mixin.py:190} INFO - [2024-11-27T17:51:43.266+0000] {override.py:1911} INFO - Created Permission View: can delete on DAG:example_xcom_args
[2024-11-27T17:51:43.287+0000] {logging_mixin.py:190} INFO - [2024-11-27T17:51:43.286+0000] {override.py:1911} INFO - Created Permission View: can edit on DAG:example_xcom_args
[2024-11-27T17:51:43.310+0000] {logging_mixin.py:190} INFO - [2024-11-27T17:51:43.309+0000] {override.py:1911} INFO - Created Permission View: can read on DAG Run:example_xcom_args
[2024-11-27T17:51:43.318+0000] {logging_mixin.py:190} INFO - [2024-11-27T17:51:43.317+0000] {override.py:1911} INFO - Created Permission View: can delete on DAG Run:example_xcom_args
[2024-11-27T17:51:43.326+0000] {logging_mixin.py:190} INFO - [2024-11-27T17:51:43.326+0000] {override.py:1911} INFO - Created Permission View: menu access on DAG Run:example_xcom_args
[2024-11-27T17:51:43.334+0000] {logging_mixin.py:190} INFO - [2024-11-27T17:51:43.334+0000] {override.py:1911} INFO - Created Permission View: can create on DAG Run:example_xcom_args
[2024-11-27T17:51:43.335+0000] {logging_mixin.py:190} INFO - [2024-11-27T17:51:43.335+0000] {dag.py:3239} INFO - Sync 2 DAGs
[2024-11-27T17:51:43.345+0000] {logging_mixin.py:190} INFO - [2024-11-27T17:51:43.344+0000] {dag.py:3262} INFO - Creating ORM DAG for example_xcom_args_with_operators
[2024-11-27T17:51:43.345+0000] {logging_mixin.py:190} INFO - [2024-11-27T17:51:43.345+0000] {dag.py:3262} INFO - Creating ORM DAG for example_xcom_args
[2024-11-27T17:51:43.346+0000] {logging_mixin.py:190} INFO - [2024-11-27T17:51:43.346+0000] {dag.py:4180} INFO - Setting next_dagrun for example_xcom_args to None, run_after=None
[2024-11-27T17:51:43.347+0000] {logging_mixin.py:190} INFO - [2024-11-27T17:51:43.347+0000] {dag.py:4180} INFO - Setting next_dagrun for example_xcom_args_with_operators to None, run_after=None
[2024-11-27T17:51:43.363+0000] {processor.py:208} INFO - Processing /home/airflow/.local/lib/python3.12/site-packages/airflow/example_dags/example_xcomargs.py took 0.354 seconds
[2024-11-27T17:52:13.985+0000] {processor.py:186} INFO - Started process (PID=160) to work on /home/airflow/.local/lib/python3.12/site-packages/airflow/example_dags/example_xcomargs.py
[2024-11-27T17:52:13.986+0000] {processor.py:914} INFO - Processing file /home/airflow/.local/lib/python3.12/site-packages/airflow/example_dags/example_xcomargs.py for tasks to queue
[2024-11-27T17:52:13.988+0000] {logging_mixin.py:190} INFO - [2024-11-27T17:52:13.988+0000] {dagbag.py:588} INFO - Filling up the DagBag from /home/airflow/.local/lib/python3.12/site-packages/airflow/example_dags/example_xcomargs.py
[2024-11-27T17:52:13.996+0000] {processor.py:925} INFO - DAG(s) 'example_xcom_args_with_operators', 'example_xcom_args' retrieved from /home/airflow/.local/lib/python3.12/site-packages/airflow/example_dags/example_xcomargs.py
[2024-11-27T17:52:14.011+0000] {logging_mixin.py:190} INFO - [2024-11-27T17:52:14.011+0000] {dag.py:3239} INFO - Sync 2 DAGs
[2024-11-27T17:52:14.022+0000] {logging_mixin.py:190} INFO - [2024-11-27T17:52:14.022+0000] {dag.py:4180} INFO - Setting next_dagrun for example_xcom_args to None, run_after=None
[2024-11-27T17:52:14.025+0000] {logging_mixin.py:190} INFO - [2024-11-27T17:52:14.025+0000] {dag.py:4180} INFO - Setting next_dagrun for example_xcom_args_with_operators to None, run_after=None
[2024-11-27T17:52:14.037+0000] {processor.py:208} INFO - Processing /home/airflow/.local/lib/python3.12/site-packages/airflow/example_dags/example_xcomargs.py took 0.057 seconds
[2024-11-27T17:52:44.613+0000] {processor.py:186} INFO - Started process (PID=231) to work on /home/airflow/.local/lib/python3.12/site-packages/airflow/example_dags/example_xcomargs.py
[2024-11-27T17:52:44.614+0000] {processor.py:914} INFO - Processing file /home/airflow/.local/lib/python3.12/site-packages/airflow/example_dags/example_xcomargs.py for tasks to queue
[2024-11-27T17:52:44.616+0000] {logging_mixin.py:190} INFO - [2024-11-27T17:52:44.616+0000] {dagbag.py:588} INFO - Filling up the DagBag from /home/airflow/.local/lib/python3.12/site-packages/airflow/example_dags/example_xcomargs.py
[2024-11-27T17:52:44.624+0000] {processor.py:925} INFO - DAG(s) 'example_xcom_args_with_operators', 'example_xcom_args' retrieved from /home/airflow/.local/lib/python3.12/site-packages/airflow/example_dags/example_xcomargs.py
[2024-11-27T17:52:44.639+0000] {logging_mixin.py:190} INFO - [2024-11-27T17:52:44.639+0000] {dag.py:3239} INFO - Sync 2 DAGs
[2024-11-27T17:52:44.649+0000] {logging_mixin.py:190} INFO - [2024-11-27T17:52:44.649+0000] {dag.py:4180} INFO - Setting next_dagrun for example_xcom_args to None, run_after=None
[2024-11-27T17:52:44.651+0000] {logging_mixin.py:190} INFO - [2024-11-27T17:52:44.651+0000] {dag.py:4180} INFO - Setting next_dagrun for example_xcom_args_with_operators to None, run_after=None
[2024-11-27T17:52:44.662+0000] {processor.py:208} INFO - Processing /home/airflow/.local/lib/python3.12/site-packages/airflow/example_dags/example_xcomargs.py took 0.054 seconds
[2024-11-27T17:54:40.447+0000] {processor.py:186} INFO - Started process (PID=77) to work on /home/airflow/.local/lib/python3.12/site-packages/airflow/example_dags/example_xcomargs.py
[2024-11-27T17:54:40.448+0000] {processor.py:914} INFO - Processing file /home/airflow/.local/lib/python3.12/site-packages/airflow/example_dags/example_xcomargs.py for tasks to queue
[2024-11-27T17:54:40.452+0000] {logging_mixin.py:190} INFO - [2024-11-27T17:54:40.452+0000] {dagbag.py:588} INFO - Filling up the DagBag from /home/airflow/.local/lib/python3.12/site-packages/airflow/example_dags/example_xcomargs.py
[2024-11-27T17:54:40.459+0000] {processor.py:925} INFO - DAG(s) 'example_xcom_args_with_operators', 'example_xcom_args' retrieved from /home/airflow/.local/lib/python3.12/site-packages/airflow/example_dags/example_xcomargs.py
[2024-11-27T17:54:40.479+0000] {logging_mixin.py:190} INFO - [2024-11-27T17:54:40.478+0000] {dag.py:3239} INFO - Sync 2 DAGs
[2024-11-27T17:54:40.489+0000] {logging_mixin.py:190} INFO - [2024-11-27T17:54:40.489+0000] {dag.py:4180} INFO - Setting next_dagrun for example_xcom_args to None, run_after=None
[2024-11-27T17:54:40.492+0000] {logging_mixin.py:190} INFO - [2024-11-27T17:54:40.492+0000] {dag.py:4180} INFO - Setting next_dagrun for example_xcom_args_with_operators to None, run_after=None
[2024-11-27T17:54:40.507+0000] {processor.py:208} INFO - Processing /home/airflow/.local/lib/python3.12/site-packages/airflow/example_dags/example_xcomargs.py took 0.064 seconds
[2024-11-27T17:55:11.677+0000] {processor.py:186} INFO - Started process (PID=148) to work on /home/airflow/.local/lib/python3.12/site-packages/airflow/example_dags/example_xcomargs.py
[2024-11-27T17:55:11.678+0000] {processor.py:914} INFO - Processing file /home/airflow/.local/lib/python3.12/site-packages/airflow/example_dags/example_xcomargs.py for tasks to queue
[2024-11-27T17:55:11.680+0000] {logging_mixin.py:190} INFO - [2024-11-27T17:55:11.680+0000] {dagbag.py:588} INFO - Filling up the DagBag from /home/airflow/.local/lib/python3.12/site-packages/airflow/example_dags/example_xcomargs.py
[2024-11-27T17:55:11.688+0000] {processor.py:925} INFO - DAG(s) 'example_xcom_args', 'example_xcom_args_with_operators' retrieved from /home/airflow/.local/lib/python3.12/site-packages/airflow/example_dags/example_xcomargs.py
[2024-11-27T17:55:11.703+0000] {logging_mixin.py:190} INFO - [2024-11-27T17:55:11.703+0000] {dag.py:3239} INFO - Sync 2 DAGs
[2024-11-27T17:55:11.714+0000] {logging_mixin.py:190} INFO - [2024-11-27T17:55:11.714+0000] {dag.py:4180} INFO - Setting next_dagrun for example_xcom_args to None, run_after=None
[2024-11-27T17:55:11.717+0000] {logging_mixin.py:190} INFO - [2024-11-27T17:55:11.716+0000] {dag.py:4180} INFO - Setting next_dagrun for example_xcom_args_with_operators to None, run_after=None
[2024-11-27T17:55:11.728+0000] {processor.py:208} INFO - Processing /home/airflow/.local/lib/python3.12/site-packages/airflow/example_dags/example_xcomargs.py took 0.055 seconds
[2024-11-27T17:55:41.983+0000] {processor.py:186} INFO - Started process (PID=219) to work on /home/airflow/.local/lib/python3.12/site-packages/airflow/example_dags/example_xcomargs.py
[2024-11-27T17:55:41.984+0000] {processor.py:914} INFO - Processing file /home/airflow/.local/lib/python3.12/site-packages/airflow/example_dags/example_xcomargs.py for tasks to queue
[2024-11-27T17:55:41.986+0000] {logging_mixin.py:190} INFO - [2024-11-27T17:55:41.986+0000] {dagbag.py:588} INFO - Filling up the DagBag from /home/airflow/.local/lib/python3.12/site-packages/airflow/example_dags/example_xcomargs.py
[2024-11-27T17:55:41.995+0000] {processor.py:925} INFO - DAG(s) 'example_xcom_args_with_operators', 'example_xcom_args' retrieved from /home/airflow/.local/lib/python3.12/site-packages/airflow/example_dags/example_xcomargs.py
[2024-11-27T17:55:42.013+0000] {logging_mixin.py:190} INFO - [2024-11-27T17:55:42.013+0000] {dag.py:3239} INFO - Sync 2 DAGs
[2024-11-27T17:55:42.025+0000] {logging_mixin.py:190} INFO - [2024-11-27T17:55:42.025+0000] {dag.py:4180} INFO - Setting next_dagrun for example_xcom_args to None, run_after=None
[2024-11-27T17:55:42.028+0000] {logging_mixin.py:190} INFO - [2024-11-27T17:55:42.028+0000] {dag.py:4180} INFO - Setting next_dagrun for example_xcom_args_with_operators to None, run_after=None
[2024-11-27T17:55:42.042+0000] {processor.py:208} INFO - Processing /home/airflow/.local/lib/python3.12/site-packages/airflow/example_dags/example_xcomargs.py took 0.063 seconds
[2024-11-27T17:56:12.193+0000] {processor.py:186} INFO - Started process (PID=289) to work on /home/airflow/.local/lib/python3.12/site-packages/airflow/example_dags/example_xcomargs.py
[2024-11-27T17:56:12.194+0000] {processor.py:914} INFO - Processing file /home/airflow/.local/lib/python3.12/site-packages/airflow/example_dags/example_xcomargs.py for tasks to queue
[2024-11-27T17:56:12.196+0000] {logging_mixin.py:190} INFO - [2024-11-27T17:56:12.195+0000] {dagbag.py:588} INFO - Filling up the DagBag from /home/airflow/.local/lib/python3.12/site-packages/airflow/example_dags/example_xcomargs.py
[2024-11-27T17:56:12.203+0000] {processor.py:925} INFO - DAG(s) 'example_xcom_args_with_operators', 'example_xcom_args' retrieved from /home/airflow/.local/lib/python3.12/site-packages/airflow/example_dags/example_xcomargs.py
[2024-11-27T17:56:12.220+0000] {logging_mixin.py:190} INFO - [2024-11-27T17:56:12.219+0000] {dag.py:3239} INFO - Sync 2 DAGs
[2024-11-27T17:56:12.230+0000] {logging_mixin.py:190} INFO - [2024-11-27T17:56:12.230+0000] {dag.py:4180} INFO - Setting next_dagrun for example_xcom_args to None, run_after=None
[2024-11-27T17:56:12.233+0000] {logging_mixin.py:190} INFO - [2024-11-27T17:56:12.233+0000] {dag.py:4180} INFO - Setting next_dagrun for example_xcom_args_with_operators to None, run_after=None
[2024-11-27T17:56:12.250+0000] {processor.py:208} INFO - Processing /home/airflow/.local/lib/python3.12/site-packages/airflow/example_dags/example_xcomargs.py took 0.062 seconds
[2024-11-27T17:56:42.385+0000] {processor.py:186} INFO - Started process (PID=360) to work on /home/airflow/.local/lib/python3.12/site-packages/airflow/example_dags/example_xcomargs.py
[2024-11-27T17:56:42.386+0000] {processor.py:914} INFO - Processing file /home/airflow/.local/lib/python3.12/site-packages/airflow/example_dags/example_xcomargs.py for tasks to queue
[2024-11-27T17:56:42.387+0000] {logging_mixin.py:190} INFO - [2024-11-27T17:56:42.387+0000] {dagbag.py:588} INFO - Filling up the DagBag from /home/airflow/.local/lib/python3.12/site-packages/airflow/example_dags/example_xcomargs.py
[2024-11-27T17:56:42.395+0000] {processor.py:925} INFO - DAG(s) 'example_xcom_args_with_operators', 'example_xcom_args' retrieved from /home/airflow/.local/lib/python3.12/site-packages/airflow/example_dags/example_xcomargs.py
[2024-11-27T17:56:42.410+0000] {logging_mixin.py:190} INFO - [2024-11-27T17:56:42.410+0000] {dag.py:3239} INFO - Sync 2 DAGs
[2024-11-27T17:56:42.421+0000] {logging_mixin.py:190} INFO - [2024-11-27T17:56:42.420+0000] {dag.py:4180} INFO - Setting next_dagrun for example_xcom_args to None, run_after=None
[2024-11-27T17:56:42.423+0000] {logging_mixin.py:190} INFO - [2024-11-27T17:56:42.423+0000] {dag.py:4180} INFO - Setting next_dagrun for example_xcom_args_with_operators to None, run_after=None
[2024-11-27T17:56:42.437+0000] {processor.py:208} INFO - Processing /home/airflow/.local/lib/python3.12/site-packages/airflow/example_dags/example_xcomargs.py took 0.056 seconds
[2024-11-27T17:57:12.893+0000] {processor.py:186} INFO - Started process (PID=431) to work on /home/airflow/.local/lib/python3.12/site-packages/airflow/example_dags/example_xcomargs.py
[2024-11-27T17:57:12.894+0000] {processor.py:914} INFO - Processing file /home/airflow/.local/lib/python3.12/site-packages/airflow/example_dags/example_xcomargs.py for tasks to queue
[2024-11-27T17:57:12.895+0000] {logging_mixin.py:190} INFO - [2024-11-27T17:57:12.895+0000] {dagbag.py:588} INFO - Filling up the DagBag from /home/airflow/.local/lib/python3.12/site-packages/airflow/example_dags/example_xcomargs.py
[2024-11-27T17:57:12.902+0000] {processor.py:925} INFO - DAG(s) 'example_xcom_args_with_operators', 'example_xcom_args' retrieved from /home/airflow/.local/lib/python3.12/site-packages/airflow/example_dags/example_xcomargs.py
[2024-11-27T17:57:12.918+0000] {logging_mixin.py:190} INFO - [2024-11-27T17:57:12.918+0000] {dag.py:3239} INFO - Sync 2 DAGs
[2024-11-27T17:57:12.929+0000] {logging_mixin.py:190} INFO - [2024-11-27T17:57:12.929+0000] {dag.py:4180} INFO - Setting next_dagrun for example_xcom_args to None, run_after=None
[2024-11-27T17:57:12.932+0000] {logging_mixin.py:190} INFO - [2024-11-27T17:57:12.932+0000] {dag.py:4180} INFO - Setting next_dagrun for example_xcom_args_with_operators to None, run_after=None
[2024-11-27T17:57:12.945+0000] {processor.py:208} INFO - Processing /home/airflow/.local/lib/python3.12/site-packages/airflow/example_dags/example_xcomargs.py took 0.056 seconds
