[2024-11-27T17:51:45.662+0000] {processor.py:186} INFO - Started process (PID=103) to work on /home/airflow/.local/lib/python3.12/site-packages/airflow/example_dags/example_dynamic_task_mapping.py
[2024-11-27T17:51:45.663+0000] {processor.py:914} INFO - Processing file /home/airflow/.local/lib/python3.12/site-packages/airflow/example_dags/example_dynamic_task_mapping.py for tasks to queue
[2024-11-27T17:51:45.665+0000] {logging_mixin.py:190} INFO - [2024-11-27T17:51:45.665+0000] {dagbag.py:588} INFO - Filling up the DagBag from /home/airflow/.local/lib/python3.12/site-packages/airflow/example_dags/example_dynamic_task_mapping.py
[2024-11-27T17:51:45.673+0000] {processor.py:925} INFO - DAG(s) 'example_dynamic_task_mapping' retrieved from /home/airflow/.local/lib/python3.12/site-packages/airflow/example_dags/example_dynamic_task_mapping.py
[2024-11-27T17:51:45.763+0000] {logging_mixin.py:190} INFO - [2024-11-27T17:51:45.763+0000] {override.py:1911} INFO - Created Permission View: can read on DAG:example_dynamic_task_mapping
[2024-11-27T17:51:45.773+0000] {logging_mixin.py:190} INFO - [2024-11-27T17:51:45.772+0000] {override.py:1911} INFO - Created Permission View: can delete on DAG:example_dynamic_task_mapping
[2024-11-27T17:51:45.781+0000] {logging_mixin.py:190} INFO - [2024-11-27T17:51:45.780+0000] {override.py:1911} INFO - Created Permission View: can edit on DAG:example_dynamic_task_mapping
[2024-11-27T17:51:45.790+0000] {logging_mixin.py:190} INFO - [2024-11-27T17:51:45.789+0000] {override.py:1911} INFO - Created Permission View: can read on DAG Run:example_dynamic_task_mapping
[2024-11-27T17:51:45.797+0000] {logging_mixin.py:190} INFO - [2024-11-27T17:51:45.796+0000] {override.py:1911} INFO - Created Permission View: can delete on DAG Run:example_dynamic_task_mapping
[2024-11-27T17:51:45.803+0000] {logging_mixin.py:190} INFO - [2024-11-27T17:51:45.803+0000] {override.py:1911} INFO - Created Permission View: menu access on DAG Run:example_dynamic_task_mapping
[2024-11-27T17:51:45.810+0000] {logging_mixin.py:190} INFO - [2024-11-27T17:51:45.810+0000] {override.py:1911} INFO - Created Permission View: can create on DAG Run:example_dynamic_task_mapping
[2024-11-27T17:51:45.811+0000] {logging_mixin.py:190} INFO - [2024-11-27T17:51:45.810+0000] {dag.py:3239} INFO - Sync 1 DAGs
[2024-11-27T17:51:45.825+0000] {logging_mixin.py:190} INFO - [2024-11-27T17:51:45.824+0000] {dag.py:3262} INFO - Creating ORM DAG for example_dynamic_task_mapping
[2024-11-27T17:51:45.825+0000] {logging_mixin.py:190} INFO - [2024-11-27T17:51:45.825+0000] {dag.py:4180} INFO - Setting next_dagrun for example_dynamic_task_mapping to None, run_after=None
[2024-11-27T17:51:45.841+0000] {processor.py:208} INFO - Processing /home/airflow/.local/lib/python3.12/site-packages/airflow/example_dags/example_dynamic_task_mapping.py took 0.183 seconds
[2024-11-27T17:52:16.558+0000] {processor.py:186} INFO - Started process (PID=174) to work on /home/airflow/.local/lib/python3.12/site-packages/airflow/example_dags/example_dynamic_task_mapping.py
[2024-11-27T17:52:16.559+0000] {processor.py:914} INFO - Processing file /home/airflow/.local/lib/python3.12/site-packages/airflow/example_dags/example_dynamic_task_mapping.py for tasks to queue
[2024-11-27T17:52:16.561+0000] {logging_mixin.py:190} INFO - [2024-11-27T17:52:16.561+0000] {dagbag.py:588} INFO - Filling up the DagBag from /home/airflow/.local/lib/python3.12/site-packages/airflow/example_dags/example_dynamic_task_mapping.py
[2024-11-27T17:52:16.569+0000] {processor.py:925} INFO - DAG(s) 'example_dynamic_task_mapping' retrieved from /home/airflow/.local/lib/python3.12/site-packages/airflow/example_dags/example_dynamic_task_mapping.py
[2024-11-27T17:52:16.585+0000] {logging_mixin.py:190} INFO - [2024-11-27T17:52:16.585+0000] {dag.py:3239} INFO - Sync 1 DAGs
[2024-11-27T17:52:16.596+0000] {logging_mixin.py:190} INFO - [2024-11-27T17:52:16.596+0000] {dag.py:4180} INFO - Setting next_dagrun for example_dynamic_task_mapping to None, run_after=None
[2024-11-27T17:52:16.611+0000] {processor.py:208} INFO - Processing /home/airflow/.local/lib/python3.12/site-packages/airflow/example_dags/example_dynamic_task_mapping.py took 0.058 seconds
[2024-11-27T17:52:48.042+0000] {processor.py:186} INFO - Started process (PID=245) to work on /home/airflow/.local/lib/python3.12/site-packages/airflow/example_dags/example_dynamic_task_mapping.py
[2024-11-27T17:52:48.043+0000] {processor.py:914} INFO - Processing file /home/airflow/.local/lib/python3.12/site-packages/airflow/example_dags/example_dynamic_task_mapping.py for tasks to queue
[2024-11-27T17:52:48.045+0000] {logging_mixin.py:190} INFO - [2024-11-27T17:52:48.044+0000] {dagbag.py:588} INFO - Filling up the DagBag from /home/airflow/.local/lib/python3.12/site-packages/airflow/example_dags/example_dynamic_task_mapping.py
[2024-11-27T17:52:48.051+0000] {processor.py:925} INFO - DAG(s) 'example_dynamic_task_mapping' retrieved from /home/airflow/.local/lib/python3.12/site-packages/airflow/example_dags/example_dynamic_task_mapping.py
[2024-11-27T17:52:48.071+0000] {logging_mixin.py:190} INFO - [2024-11-27T17:52:48.071+0000] {dag.py:3239} INFO - Sync 1 DAGs
[2024-11-27T17:52:48.087+0000] {logging_mixin.py:190} INFO - [2024-11-27T17:52:48.086+0000] {dag.py:4180} INFO - Setting next_dagrun for example_dynamic_task_mapping to None, run_after=None
[2024-11-27T17:52:48.101+0000] {processor.py:208} INFO - Processing /home/airflow/.local/lib/python3.12/site-packages/airflow/example_dags/example_dynamic_task_mapping.py took 0.064 seconds
[2024-11-27T17:54:41.467+0000] {processor.py:186} INFO - Started process (PID=91) to work on /home/airflow/.local/lib/python3.12/site-packages/airflow/example_dags/example_dynamic_task_mapping.py
[2024-11-27T17:54:41.468+0000] {processor.py:914} INFO - Processing file /home/airflow/.local/lib/python3.12/site-packages/airflow/example_dags/example_dynamic_task_mapping.py for tasks to queue
[2024-11-27T17:54:41.470+0000] {logging_mixin.py:190} INFO - [2024-11-27T17:54:41.470+0000] {dagbag.py:588} INFO - Filling up the DagBag from /home/airflow/.local/lib/python3.12/site-packages/airflow/example_dags/example_dynamic_task_mapping.py
[2024-11-27T17:54:41.476+0000] {processor.py:925} INFO - DAG(s) 'example_dynamic_task_mapping' retrieved from /home/airflow/.local/lib/python3.12/site-packages/airflow/example_dags/example_dynamic_task_mapping.py
[2024-11-27T17:54:41.491+0000] {logging_mixin.py:190} INFO - [2024-11-27T17:54:41.490+0000] {dag.py:3239} INFO - Sync 1 DAGs
[2024-11-27T17:54:41.500+0000] {logging_mixin.py:190} INFO - [2024-11-27T17:54:41.500+0000] {dag.py:4180} INFO - Setting next_dagrun for example_dynamic_task_mapping to None, run_after=None
[2024-11-27T17:54:41.512+0000] {processor.py:208} INFO - Processing /home/airflow/.local/lib/python3.12/site-packages/airflow/example_dags/example_dynamic_task_mapping.py took 0.048 seconds
[2024-11-27T17:55:12.868+0000] {processor.py:186} INFO - Started process (PID=162) to work on /home/airflow/.local/lib/python3.12/site-packages/airflow/example_dags/example_dynamic_task_mapping.py
[2024-11-27T17:55:12.869+0000] {processor.py:914} INFO - Processing file /home/airflow/.local/lib/python3.12/site-packages/airflow/example_dags/example_dynamic_task_mapping.py for tasks to queue
[2024-11-27T17:55:12.871+0000] {logging_mixin.py:190} INFO - [2024-11-27T17:55:12.871+0000] {dagbag.py:588} INFO - Filling up the DagBag from /home/airflow/.local/lib/python3.12/site-packages/airflow/example_dags/example_dynamic_task_mapping.py
[2024-11-27T17:55:12.878+0000] {processor.py:925} INFO - DAG(s) 'example_dynamic_task_mapping' retrieved from /home/airflow/.local/lib/python3.12/site-packages/airflow/example_dags/example_dynamic_task_mapping.py
[2024-11-27T17:55:12.892+0000] {logging_mixin.py:190} INFO - [2024-11-27T17:55:12.892+0000] {dag.py:3239} INFO - Sync 1 DAGs
[2024-11-27T17:55:12.904+0000] {logging_mixin.py:190} INFO - [2024-11-27T17:55:12.904+0000] {dag.py:4180} INFO - Setting next_dagrun for example_dynamic_task_mapping to None, run_after=None
[2024-11-27T17:55:12.921+0000] {processor.py:208} INFO - Processing /home/airflow/.local/lib/python3.12/site-packages/airflow/example_dags/example_dynamic_task_mapping.py took 0.057 seconds
[2024-11-27T17:55:44.205+0000] {processor.py:186} INFO - Started process (PID=239) to work on /home/airflow/.local/lib/python3.12/site-packages/airflow/example_dags/example_dynamic_task_mapping.py
[2024-11-27T17:55:44.206+0000] {processor.py:914} INFO - Processing file /home/airflow/.local/lib/python3.12/site-packages/airflow/example_dags/example_dynamic_task_mapping.py for tasks to queue
[2024-11-27T17:55:44.208+0000] {logging_mixin.py:190} INFO - [2024-11-27T17:55:44.207+0000] {dagbag.py:588} INFO - Filling up the DagBag from /home/airflow/.local/lib/python3.12/site-packages/airflow/example_dags/example_dynamic_task_mapping.py
[2024-11-27T17:55:44.215+0000] {processor.py:925} INFO - DAG(s) 'example_dynamic_task_mapping' retrieved from /home/airflow/.local/lib/python3.12/site-packages/airflow/example_dags/example_dynamic_task_mapping.py
[2024-11-27T17:55:44.232+0000] {logging_mixin.py:190} INFO - [2024-11-27T17:55:44.231+0000] {dag.py:3239} INFO - Sync 1 DAGs
[2024-11-27T17:55:44.244+0000] {logging_mixin.py:190} INFO - [2024-11-27T17:55:44.244+0000] {dag.py:4180} INFO - Setting next_dagrun for example_dynamic_task_mapping to None, run_after=None
[2024-11-27T17:55:44.261+0000] {processor.py:208} INFO - Processing /home/airflow/.local/lib/python3.12/site-packages/airflow/example_dags/example_dynamic_task_mapping.py took 0.061 seconds
[2024-11-27T17:56:15.463+0000] {processor.py:186} INFO - Started process (PID=310) to work on /home/airflow/.local/lib/python3.12/site-packages/airflow/example_dags/example_dynamic_task_mapping.py
[2024-11-27T17:56:15.464+0000] {processor.py:914} INFO - Processing file /home/airflow/.local/lib/python3.12/site-packages/airflow/example_dags/example_dynamic_task_mapping.py for tasks to queue
[2024-11-27T17:56:15.465+0000] {logging_mixin.py:190} INFO - [2024-11-27T17:56:15.465+0000] {dagbag.py:588} INFO - Filling up the DagBag from /home/airflow/.local/lib/python3.12/site-packages/airflow/example_dags/example_dynamic_task_mapping.py
[2024-11-27T17:56:15.472+0000] {processor.py:925} INFO - DAG(s) 'example_dynamic_task_mapping' retrieved from /home/airflow/.local/lib/python3.12/site-packages/airflow/example_dags/example_dynamic_task_mapping.py
[2024-11-27T17:56:15.485+0000] {logging_mixin.py:190} INFO - [2024-11-27T17:56:15.485+0000] {dag.py:3239} INFO - Sync 1 DAGs
[2024-11-27T17:56:15.494+0000] {logging_mixin.py:190} INFO - [2024-11-27T17:56:15.494+0000] {dag.py:4180} INFO - Setting next_dagrun for example_dynamic_task_mapping to None, run_after=None
[2024-11-27T17:56:15.507+0000] {processor.py:208} INFO - Processing /home/airflow/.local/lib/python3.12/site-packages/airflow/example_dags/example_dynamic_task_mapping.py took 0.048 seconds
[2024-11-27T17:56:45.988+0000] {processor.py:186} INFO - Started process (PID=381) to work on /home/airflow/.local/lib/python3.12/site-packages/airflow/example_dags/example_dynamic_task_mapping.py
[2024-11-27T17:56:45.989+0000] {processor.py:914} INFO - Processing file /home/airflow/.local/lib/python3.12/site-packages/airflow/example_dags/example_dynamic_task_mapping.py for tasks to queue
[2024-11-27T17:56:45.990+0000] {logging_mixin.py:190} INFO - [2024-11-27T17:56:45.990+0000] {dagbag.py:588} INFO - Filling up the DagBag from /home/airflow/.local/lib/python3.12/site-packages/airflow/example_dags/example_dynamic_task_mapping.py
[2024-11-27T17:56:45.997+0000] {processor.py:925} INFO - DAG(s) 'example_dynamic_task_mapping' retrieved from /home/airflow/.local/lib/python3.12/site-packages/airflow/example_dags/example_dynamic_task_mapping.py
[2024-11-27T17:56:46.012+0000] {logging_mixin.py:190} INFO - [2024-11-27T17:56:46.011+0000] {dag.py:3239} INFO - Sync 1 DAGs
[2024-11-27T17:56:46.023+0000] {logging_mixin.py:190} INFO - [2024-11-27T17:56:46.023+0000] {dag.py:4180} INFO - Setting next_dagrun for example_dynamic_task_mapping to None, run_after=None
[2024-11-27T17:56:46.038+0000] {processor.py:208} INFO - Processing /home/airflow/.local/lib/python3.12/site-packages/airflow/example_dags/example_dynamic_task_mapping.py took 0.054 seconds
