[2024-11-27T17:51:42.712+0000] {processor.py:186} INFO - Started process (PID=86) to work on /home/airflow/.local/lib/python3.12/site-packages/airflow/example_dags/example_display_name.py
[2024-11-27T17:51:42.712+0000] {processor.py:914} INFO - Processing file /home/airflow/.local/lib/python3.12/site-packages/airflow/example_dags/example_display_name.py for tasks to queue
[2024-11-27T17:51:42.715+0000] {logging_mixin.py:190} INFO - [2024-11-27T17:51:42.715+0000] {dagbag.py:588} INFO - Filling up the DagBag from /home/airflow/.local/lib/python3.12/site-packages/airflow/example_dags/example_display_name.py
[2024-11-27T17:51:42.722+0000] {processor.py:925} INFO - DAG(s) 'example_display_name' retrieved from /home/airflow/.local/lib/python3.12/site-packages/airflow/example_dags/example_display_name.py
[2024-11-27T17:51:42.804+0000] {logging_mixin.py:190} INFO - [2024-11-27T17:51:42.804+0000] {override.py:1911} INFO - Created Permission View: can read on DAG:example_display_name
[2024-11-27T17:51:42.813+0000] {logging_mixin.py:190} INFO - [2024-11-27T17:51:42.812+0000] {override.py:1911} INFO - Created Permission View: can delete on DAG:example_display_name
[2024-11-27T17:51:42.819+0000] {logging_mixin.py:190} INFO - [2024-11-27T17:51:42.819+0000] {override.py:1911} INFO - Created Permission View: can edit on DAG:example_display_name
[2024-11-27T17:51:42.828+0000] {logging_mixin.py:190} INFO - [2024-11-27T17:51:42.828+0000] {override.py:1911} INFO - Created Permission View: can read on DAG Run:example_display_name
[2024-11-27T17:51:42.834+0000] {logging_mixin.py:190} INFO - [2024-11-27T17:51:42.834+0000] {override.py:1911} INFO - Created Permission View: can delete on DAG Run:example_display_name
[2024-11-27T17:51:42.840+0000] {logging_mixin.py:190} INFO - [2024-11-27T17:51:42.840+0000] {override.py:1911} INFO - Created Permission View: menu access on DAG Run:example_display_name
[2024-11-27T17:51:42.845+0000] {logging_mixin.py:190} INFO - [2024-11-27T17:51:42.845+0000] {override.py:1911} INFO - Created Permission View: can create on DAG Run:example_display_name
[2024-11-27T17:51:42.846+0000] {logging_mixin.py:190} INFO - [2024-11-27T17:51:42.846+0000] {dag.py:3239} INFO - Sync 1 DAGs
[2024-11-27T17:51:42.854+0000] {logging_mixin.py:190} INFO - [2024-11-27T17:51:42.854+0000] {dag.py:3262} INFO - Creating ORM DAG for example_display_name
[2024-11-27T17:51:42.855+0000] {logging_mixin.py:190} INFO - [2024-11-27T17:51:42.855+0000] {dag.py:4180} INFO - Setting next_dagrun for example_display_name to None, run_after=None
[2024-11-27T17:51:42.867+0000] {processor.py:208} INFO - Processing /home/airflow/.local/lib/python3.12/site-packages/airflow/example_dags/example_display_name.py took 0.160 seconds
[2024-11-27T17:52:13.663+0000] {processor.py:186} INFO - Started process (PID=157) to work on /home/airflow/.local/lib/python3.12/site-packages/airflow/example_dags/example_display_name.py
[2024-11-27T17:52:13.667+0000] {processor.py:914} INFO - Processing file /home/airflow/.local/lib/python3.12/site-packages/airflow/example_dags/example_display_name.py for tasks to queue
[2024-11-27T17:52:13.670+0000] {logging_mixin.py:190} INFO - [2024-11-27T17:52:13.670+0000] {dagbag.py:588} INFO - Filling up the DagBag from /home/airflow/.local/lib/python3.12/site-packages/airflow/example_dags/example_display_name.py
[2024-11-27T17:52:13.685+0000] {processor.py:925} INFO - DAG(s) 'example_display_name' retrieved from /home/airflow/.local/lib/python3.12/site-packages/airflow/example_dags/example_display_name.py
[2024-11-27T17:52:13.720+0000] {logging_mixin.py:190} INFO - [2024-11-27T17:52:13.719+0000] {dag.py:3239} INFO - Sync 1 DAGs
[2024-11-27T17:52:13.746+0000] {logging_mixin.py:190} INFO - [2024-11-27T17:52:13.746+0000] {dag.py:4180} INFO - Setting next_dagrun for example_display_name to None, run_after=None
[2024-11-27T17:52:13.779+0000] {processor.py:208} INFO - Processing /home/airflow/.local/lib/python3.12/site-packages/airflow/example_dags/example_display_name.py took 0.130 seconds
[2024-11-27T17:52:44.370+0000] {processor.py:186} INFO - Started process (PID=228) to work on /home/airflow/.local/lib/python3.12/site-packages/airflow/example_dags/example_display_name.py
[2024-11-27T17:52:44.371+0000] {processor.py:914} INFO - Processing file /home/airflow/.local/lib/python3.12/site-packages/airflow/example_dags/example_display_name.py for tasks to queue
[2024-11-27T17:52:44.374+0000] {logging_mixin.py:190} INFO - [2024-11-27T17:52:44.373+0000] {dagbag.py:588} INFO - Filling up the DagBag from /home/airflow/.local/lib/python3.12/site-packages/airflow/example_dags/example_display_name.py
[2024-11-27T17:52:44.381+0000] {processor.py:925} INFO - DAG(s) 'example_display_name' retrieved from /home/airflow/.local/lib/python3.12/site-packages/airflow/example_dags/example_display_name.py
[2024-11-27T17:52:44.396+0000] {logging_mixin.py:190} INFO - [2024-11-27T17:52:44.396+0000] {dag.py:3239} INFO - Sync 1 DAGs
[2024-11-27T17:52:44.409+0000] {logging_mixin.py:190} INFO - [2024-11-27T17:52:44.408+0000] {dag.py:4180} INFO - Setting next_dagrun for example_display_name to None, run_after=None
[2024-11-27T17:52:44.424+0000] {processor.py:208} INFO - Processing /home/airflow/.local/lib/python3.12/site-packages/airflow/example_dags/example_display_name.py took 0.060 seconds
[2024-11-27T17:54:40.325+0000] {processor.py:186} INFO - Started process (PID=74) to work on /home/airflow/.local/lib/python3.12/site-packages/airflow/example_dags/example_display_name.py
[2024-11-27T17:54:40.325+0000] {processor.py:914} INFO - Processing file /home/airflow/.local/lib/python3.12/site-packages/airflow/example_dags/example_display_name.py for tasks to queue
[2024-11-27T17:54:40.327+0000] {logging_mixin.py:190} INFO - [2024-11-27T17:54:40.327+0000] {dagbag.py:588} INFO - Filling up the DagBag from /home/airflow/.local/lib/python3.12/site-packages/airflow/example_dags/example_display_name.py
[2024-11-27T17:54:40.335+0000] {processor.py:925} INFO - DAG(s) 'example_display_name' retrieved from /home/airflow/.local/lib/python3.12/site-packages/airflow/example_dags/example_display_name.py
[2024-11-27T17:54:40.351+0000] {logging_mixin.py:190} INFO - [2024-11-27T17:54:40.351+0000] {dag.py:3239} INFO - Sync 1 DAGs
[2024-11-27T17:54:40.361+0000] {logging_mixin.py:190} INFO - [2024-11-27T17:54:40.361+0000] {dag.py:4180} INFO - Setting next_dagrun for example_display_name to None, run_after=None
[2024-11-27T17:54:40.375+0000] {processor.py:208} INFO - Processing /home/airflow/.local/lib/python3.12/site-packages/airflow/example_dags/example_display_name.py took 0.055 seconds
[2024-11-27T17:55:11.400+0000] {processor.py:186} INFO - Started process (PID=145) to work on /home/airflow/.local/lib/python3.12/site-packages/airflow/example_dags/example_display_name.py
[2024-11-27T17:55:11.400+0000] {processor.py:914} INFO - Processing file /home/airflow/.local/lib/python3.12/site-packages/airflow/example_dags/example_display_name.py for tasks to queue
[2024-11-27T17:55:11.402+0000] {logging_mixin.py:190} INFO - [2024-11-27T17:55:11.402+0000] {dagbag.py:588} INFO - Filling up the DagBag from /home/airflow/.local/lib/python3.12/site-packages/airflow/example_dags/example_display_name.py
[2024-11-27T17:55:11.409+0000] {processor.py:925} INFO - DAG(s) 'example_display_name' retrieved from /home/airflow/.local/lib/python3.12/site-packages/airflow/example_dags/example_display_name.py
[2024-11-27T17:55:11.424+0000] {logging_mixin.py:190} INFO - [2024-11-27T17:55:11.424+0000] {dag.py:3239} INFO - Sync 1 DAGs
[2024-11-27T17:55:11.435+0000] {logging_mixin.py:190} INFO - [2024-11-27T17:55:11.435+0000] {dag.py:4180} INFO - Setting next_dagrun for example_display_name to None, run_after=None
[2024-11-27T17:55:11.455+0000] {processor.py:208} INFO - Processing /home/airflow/.local/lib/python3.12/site-packages/airflow/example_dags/example_display_name.py took 0.059 seconds
[2024-11-27T17:55:41.731+0000] {processor.py:186} INFO - Started process (PID=215) to work on /home/airflow/.local/lib/python3.12/site-packages/airflow/example_dags/example_display_name.py
[2024-11-27T17:55:41.732+0000] {processor.py:914} INFO - Processing file /home/airflow/.local/lib/python3.12/site-packages/airflow/example_dags/example_display_name.py for tasks to queue
[2024-11-27T17:55:41.734+0000] {logging_mixin.py:190} INFO - [2024-11-27T17:55:41.734+0000] {dagbag.py:588} INFO - Filling up the DagBag from /home/airflow/.local/lib/python3.12/site-packages/airflow/example_dags/example_display_name.py
[2024-11-27T17:55:41.740+0000] {processor.py:925} INFO - DAG(s) 'example_display_name' retrieved from /home/airflow/.local/lib/python3.12/site-packages/airflow/example_dags/example_display_name.py
[2024-11-27T17:55:41.756+0000] {logging_mixin.py:190} INFO - [2024-11-27T17:55:41.756+0000] {dag.py:3239} INFO - Sync 1 DAGs
[2024-11-27T17:55:41.768+0000] {logging_mixin.py:190} INFO - [2024-11-27T17:55:41.768+0000] {dag.py:4180} INFO - Setting next_dagrun for example_display_name to None, run_after=None
[2024-11-27T17:55:41.785+0000] {processor.py:208} INFO - Processing /home/airflow/.local/lib/python3.12/site-packages/airflow/example_dags/example_display_name.py took 0.058 seconds
[2024-11-27T17:56:12.082+0000] {processor.py:186} INFO - Started process (PID=286) to work on /home/airflow/.local/lib/python3.12/site-packages/airflow/example_dags/example_display_name.py
[2024-11-27T17:56:12.083+0000] {processor.py:914} INFO - Processing file /home/airflow/.local/lib/python3.12/site-packages/airflow/example_dags/example_display_name.py for tasks to queue
[2024-11-27T17:56:12.085+0000] {logging_mixin.py:190} INFO - [2024-11-27T17:56:12.085+0000] {dagbag.py:588} INFO - Filling up the DagBag from /home/airflow/.local/lib/python3.12/site-packages/airflow/example_dags/example_display_name.py
[2024-11-27T17:56:12.091+0000] {processor.py:925} INFO - DAG(s) 'example_display_name' retrieved from /home/airflow/.local/lib/python3.12/site-packages/airflow/example_dags/example_display_name.py
[2024-11-27T17:56:12.105+0000] {logging_mixin.py:190} INFO - [2024-11-27T17:56:12.105+0000] {dag.py:3239} INFO - Sync 1 DAGs
[2024-11-27T17:56:12.116+0000] {logging_mixin.py:190} INFO - [2024-11-27T17:56:12.116+0000] {dag.py:4180} INFO - Setting next_dagrun for example_display_name to None, run_after=None
[2024-11-27T17:56:12.131+0000] {processor.py:208} INFO - Processing /home/airflow/.local/lib/python3.12/site-packages/airflow/example_dags/example_display_name.py took 0.053 seconds
[2024-11-27T17:56:42.292+0000] {processor.py:186} INFO - Started process (PID=357) to work on /home/airflow/.local/lib/python3.12/site-packages/airflow/example_dags/example_display_name.py
[2024-11-27T17:56:42.293+0000] {processor.py:914} INFO - Processing file /home/airflow/.local/lib/python3.12/site-packages/airflow/example_dags/example_display_name.py for tasks to queue
[2024-11-27T17:56:42.294+0000] {logging_mixin.py:190} INFO - [2024-11-27T17:56:42.294+0000] {dagbag.py:588} INFO - Filling up the DagBag from /home/airflow/.local/lib/python3.12/site-packages/airflow/example_dags/example_display_name.py
[2024-11-27T17:56:42.300+0000] {processor.py:925} INFO - DAG(s) 'example_display_name' retrieved from /home/airflow/.local/lib/python3.12/site-packages/airflow/example_dags/example_display_name.py
[2024-11-27T17:56:42.312+0000] {logging_mixin.py:190} INFO - [2024-11-27T17:56:42.312+0000] {dag.py:3239} INFO - Sync 1 DAGs
[2024-11-27T17:56:42.322+0000] {logging_mixin.py:190} INFO - [2024-11-27T17:56:42.322+0000] {dag.py:4180} INFO - Setting next_dagrun for example_display_name to None, run_after=None
[2024-11-27T17:56:42.336+0000] {processor.py:208} INFO - Processing /home/airflow/.local/lib/python3.12/site-packages/airflow/example_dags/example_display_name.py took 0.048 seconds
[2024-11-27T17:57:12.789+0000] {processor.py:186} INFO - Started process (PID=428) to work on /home/airflow/.local/lib/python3.12/site-packages/airflow/example_dags/example_display_name.py
[2024-11-27T17:57:12.790+0000] {processor.py:914} INFO - Processing file /home/airflow/.local/lib/python3.12/site-packages/airflow/example_dags/example_display_name.py for tasks to queue
[2024-11-27T17:57:12.792+0000] {logging_mixin.py:190} INFO - [2024-11-27T17:57:12.791+0000] {dagbag.py:588} INFO - Filling up the DagBag from /home/airflow/.local/lib/python3.12/site-packages/airflow/example_dags/example_display_name.py
[2024-11-27T17:57:12.798+0000] {processor.py:925} INFO - DAG(s) 'example_display_name' retrieved from /home/airflow/.local/lib/python3.12/site-packages/airflow/example_dags/example_display_name.py
[2024-11-27T17:57:12.813+0000] {logging_mixin.py:190} INFO - [2024-11-27T17:57:12.812+0000] {dag.py:3239} INFO - Sync 1 DAGs
[2024-11-27T17:57:12.823+0000] {logging_mixin.py:190} INFO - [2024-11-27T17:57:12.823+0000] {dag.py:4180} INFO - Setting next_dagrun for example_display_name to None, run_after=None
[2024-11-27T17:57:12.837+0000] {processor.py:208} INFO - Processing /home/airflow/.local/lib/python3.12/site-packages/airflow/example_dags/example_display_name.py took 0.053 seconds
