[2024-11-27T17:51:48.915+0000] {processor.py:186} INFO - Started process (PID=125) to work on /home/airflow/.local/lib/python3.12/site-packages/airflow/example_dags/example_bash_operator.py
[2024-11-27T17:51:48.916+0000] {processor.py:914} INFO - Processing file /home/airflow/.local/lib/python3.12/site-packages/airflow/example_dags/example_bash_operator.py for tasks to queue
[2024-11-27T17:51:48.918+0000] {logging_mixin.py:190} INFO - [2024-11-27T17:51:48.918+0000] {dagbag.py:588} INFO - Filling up the DagBag from /home/airflow/.local/lib/python3.12/site-packages/airflow/example_dags/example_bash_operator.py
[2024-11-27T17:51:48.929+0000] {processor.py:925} INFO - DAG(s) 'example_bash_operator' retrieved from /home/airflow/.local/lib/python3.12/site-packages/airflow/example_dags/example_bash_operator.py
[2024-11-27T17:51:49.011+0000] {logging_mixin.py:190} INFO - [2024-11-27T17:51:49.010+0000] {override.py:1911} INFO - Created Permission View: can read on DAG:example_bash_operator
[2024-11-27T17:51:49.020+0000] {logging_mixin.py:190} INFO - [2024-11-27T17:51:49.019+0000] {override.py:1911} INFO - Created Permission View: can delete on DAG:example_bash_operator
[2024-11-27T17:51:49.033+0000] {logging_mixin.py:190} INFO - [2024-11-27T17:51:49.033+0000] {override.py:1911} INFO - Created Permission View: can edit on DAG:example_bash_operator
[2024-11-27T17:51:49.050+0000] {logging_mixin.py:190} INFO - [2024-11-27T17:51:49.049+0000] {override.py:1911} INFO - Created Permission View: can read on DAG Run:example_bash_operator
[2024-11-27T17:51:49.064+0000] {logging_mixin.py:190} INFO - [2024-11-27T17:51:49.064+0000] {override.py:1911} INFO - Created Permission View: can delete on DAG Run:example_bash_operator
[2024-11-27T17:51:49.082+0000] {logging_mixin.py:190} INFO - [2024-11-27T17:51:49.082+0000] {override.py:1911} INFO - Created Permission View: menu access on DAG Run:example_bash_operator
[2024-11-27T17:51:49.099+0000] {logging_mixin.py:190} INFO - [2024-11-27T17:51:49.099+0000] {override.py:1911} INFO - Created Permission View: can create on DAG Run:example_bash_operator
[2024-11-27T17:51:49.100+0000] {logging_mixin.py:190} INFO - [2024-11-27T17:51:49.100+0000] {dag.py:3239} INFO - Sync 1 DAGs
[2024-11-27T17:51:49.119+0000] {logging_mixin.py:190} INFO - [2024-11-27T17:51:49.119+0000] {dag.py:3262} INFO - Creating ORM DAG for example_bash_operator
[2024-11-27T17:51:49.139+0000] {logging_mixin.py:190} INFO - [2024-11-27T17:51:49.138+0000] {dag.py:4180} INFO - Setting next_dagrun for example_bash_operator to 2024-11-26 00:00:00+00:00, run_after=2024-11-27 00:00:00+00:00
[2024-11-27T17:51:49.168+0000] {processor.py:208} INFO - Processing /home/airflow/.local/lib/python3.12/site-packages/airflow/example_dags/example_bash_operator.py took 0.259 seconds
[2024-11-27T17:52:19.482+0000] {processor.py:186} INFO - Started process (PID=196) to work on /home/airflow/.local/lib/python3.12/site-packages/airflow/example_dags/example_bash_operator.py
[2024-11-27T17:52:19.483+0000] {processor.py:914} INFO - Processing file /home/airflow/.local/lib/python3.12/site-packages/airflow/example_dags/example_bash_operator.py for tasks to queue
[2024-11-27T17:52:19.484+0000] {logging_mixin.py:190} INFO - [2024-11-27T17:52:19.484+0000] {dagbag.py:588} INFO - Filling up the DagBag from /home/airflow/.local/lib/python3.12/site-packages/airflow/example_dags/example_bash_operator.py
[2024-11-27T17:52:19.496+0000] {processor.py:925} INFO - DAG(s) 'example_bash_operator' retrieved from /home/airflow/.local/lib/python3.12/site-packages/airflow/example_dags/example_bash_operator.py
[2024-11-27T17:52:19.525+0000] {logging_mixin.py:190} INFO - [2024-11-27T17:52:19.524+0000] {dag.py:3239} INFO - Sync 1 DAGs
[2024-11-27T17:52:19.575+0000] {logging_mixin.py:190} INFO - [2024-11-27T17:52:19.574+0000] {dag.py:4180} INFO - Setting next_dagrun for example_bash_operator to 2024-11-26 00:00:00+00:00, run_after=2024-11-27 00:00:00+00:00
[2024-11-27T17:52:19.606+0000] {processor.py:208} INFO - Processing /home/airflow/.local/lib/python3.12/site-packages/airflow/example_dags/example_bash_operator.py took 0.128 seconds
[2024-11-27T17:52:49.684+0000] {processor.py:186} INFO - Started process (PID=267) to work on /home/airflow/.local/lib/python3.12/site-packages/airflow/example_dags/example_bash_operator.py
[2024-11-27T17:52:49.686+0000] {processor.py:914} INFO - Processing file /home/airflow/.local/lib/python3.12/site-packages/airflow/example_dags/example_bash_operator.py for tasks to queue
[2024-11-27T17:52:49.688+0000] {logging_mixin.py:190} INFO - [2024-11-27T17:52:49.687+0000] {dagbag.py:588} INFO - Filling up the DagBag from /home/airflow/.local/lib/python3.12/site-packages/airflow/example_dags/example_bash_operator.py
[2024-11-27T17:52:49.697+0000] {processor.py:925} INFO - DAG(s) 'example_bash_operator' retrieved from /home/airflow/.local/lib/python3.12/site-packages/airflow/example_dags/example_bash_operator.py
[2024-11-27T17:52:49.717+0000] {logging_mixin.py:190} INFO - [2024-11-27T17:52:49.717+0000] {dag.py:3239} INFO - Sync 1 DAGs
[2024-11-27T17:52:49.735+0000] {logging_mixin.py:190} INFO - [2024-11-27T17:52:49.735+0000] {dag.py:4180} INFO - Setting next_dagrun for example_bash_operator to 2024-11-26 00:00:00+00:00, run_after=2024-11-27 00:00:00+00:00
[2024-11-27T17:52:49.750+0000] {processor.py:208} INFO - Processing /home/airflow/.local/lib/python3.12/site-packages/airflow/example_dags/example_bash_operator.py took 0.070 seconds
[2024-11-27T17:54:42.706+0000] {processor.py:186} INFO - Started process (PID=113) to work on /home/airflow/.local/lib/python3.12/site-packages/airflow/example_dags/example_bash_operator.py
[2024-11-27T17:54:42.706+0000] {processor.py:914} INFO - Processing file /home/airflow/.local/lib/python3.12/site-packages/airflow/example_dags/example_bash_operator.py for tasks to queue
[2024-11-27T17:54:42.708+0000] {logging_mixin.py:190} INFO - [2024-11-27T17:54:42.708+0000] {dagbag.py:588} INFO - Filling up the DagBag from /home/airflow/.local/lib/python3.12/site-packages/airflow/example_dags/example_bash_operator.py
[2024-11-27T17:54:42.717+0000] {processor.py:925} INFO - DAG(s) 'example_bash_operator' retrieved from /home/airflow/.local/lib/python3.12/site-packages/airflow/example_dags/example_bash_operator.py
[2024-11-27T17:54:42.734+0000] {logging_mixin.py:190} INFO - [2024-11-27T17:54:42.734+0000] {dag.py:3239} INFO - Sync 1 DAGs
[2024-11-27T17:54:42.750+0000] {logging_mixin.py:190} INFO - [2024-11-27T17:54:42.750+0000] {dag.py:4180} INFO - Setting next_dagrun for example_bash_operator to 2024-11-26 00:00:00+00:00, run_after=2024-11-27 00:00:00+00:00
[2024-11-27T17:54:42.764+0000] {processor.py:208} INFO - Processing /home/airflow/.local/lib/python3.12/site-packages/airflow/example_dags/example_bash_operator.py took 0.062 seconds
[2024-11-27T17:55:14.261+0000] {processor.py:186} INFO - Started process (PID=190) to work on /home/airflow/.local/lib/python3.12/site-packages/airflow/example_dags/example_bash_operator.py
[2024-11-27T17:55:14.262+0000] {processor.py:914} INFO - Processing file /home/airflow/.local/lib/python3.12/site-packages/airflow/example_dags/example_bash_operator.py for tasks to queue
[2024-11-27T17:55:14.263+0000] {logging_mixin.py:190} INFO - [2024-11-27T17:55:14.263+0000] {dagbag.py:588} INFO - Filling up the DagBag from /home/airflow/.local/lib/python3.12/site-packages/airflow/example_dags/example_bash_operator.py
[2024-11-27T17:55:14.280+0000] {processor.py:925} INFO - DAG(s) 'example_bash_operator' retrieved from /home/airflow/.local/lib/python3.12/site-packages/airflow/example_dags/example_bash_operator.py
[2024-11-27T17:55:14.307+0000] {logging_mixin.py:190} INFO - [2024-11-27T17:55:14.306+0000] {dag.py:3239} INFO - Sync 1 DAGs
[2024-11-27T17:55:14.339+0000] {logging_mixin.py:190} INFO - [2024-11-27T17:55:14.339+0000] {dag.py:4180} INFO - Setting next_dagrun for example_bash_operator to 2024-11-26 00:00:00+00:00, run_after=2024-11-27 00:00:00+00:00
[2024-11-27T17:55:14.369+0000] {processor.py:208} INFO - Processing /home/airflow/.local/lib/python3.12/site-packages/airflow/example_dags/example_bash_operator.py took 0.112 seconds
[2024-11-27T17:55:45.800+0000] {processor.py:186} INFO - Started process (PID=261) to work on /home/airflow/.local/lib/python3.12/site-packages/airflow/example_dags/example_bash_operator.py
[2024-11-27T17:55:45.801+0000] {processor.py:914} INFO - Processing file /home/airflow/.local/lib/python3.12/site-packages/airflow/example_dags/example_bash_operator.py for tasks to queue
[2024-11-27T17:55:45.803+0000] {logging_mixin.py:190} INFO - [2024-11-27T17:55:45.803+0000] {dagbag.py:588} INFO - Filling up the DagBag from /home/airflow/.local/lib/python3.12/site-packages/airflow/example_dags/example_bash_operator.py
[2024-11-27T17:55:45.813+0000] {processor.py:925} INFO - DAG(s) 'example_bash_operator' retrieved from /home/airflow/.local/lib/python3.12/site-packages/airflow/example_dags/example_bash_operator.py
[2024-11-27T17:55:45.836+0000] {logging_mixin.py:190} INFO - [2024-11-27T17:55:45.835+0000] {dag.py:3239} INFO - Sync 1 DAGs
[2024-11-27T17:55:45.856+0000] {logging_mixin.py:190} INFO - [2024-11-27T17:55:45.856+0000] {dag.py:4180} INFO - Setting next_dagrun for example_bash_operator to 2024-11-26 00:00:00+00:00, run_after=2024-11-27 00:00:00+00:00
[2024-11-27T17:55:45.872+0000] {processor.py:208} INFO - Processing /home/airflow/.local/lib/python3.12/site-packages/airflow/example_dags/example_bash_operator.py took 0.076 seconds
[2024-11-27T17:56:16.976+0000] {processor.py:186} INFO - Started process (PID=332) to work on /home/airflow/.local/lib/python3.12/site-packages/airflow/example_dags/example_bash_operator.py
[2024-11-27T17:56:16.976+0000] {processor.py:914} INFO - Processing file /home/airflow/.local/lib/python3.12/site-packages/airflow/example_dags/example_bash_operator.py for tasks to queue
[2024-11-27T17:56:16.978+0000] {logging_mixin.py:190} INFO - [2024-11-27T17:56:16.978+0000] {dagbag.py:588} INFO - Filling up the DagBag from /home/airflow/.local/lib/python3.12/site-packages/airflow/example_dags/example_bash_operator.py
[2024-11-27T17:56:16.988+0000] {processor.py:925} INFO - DAG(s) 'example_bash_operator' retrieved from /home/airflow/.local/lib/python3.12/site-packages/airflow/example_dags/example_bash_operator.py
[2024-11-27T17:56:17.006+0000] {logging_mixin.py:190} INFO - [2024-11-27T17:56:17.006+0000] {dag.py:3239} INFO - Sync 1 DAGs
[2024-11-27T17:56:17.023+0000] {logging_mixin.py:190} INFO - [2024-11-27T17:56:17.022+0000] {dag.py:4180} INFO - Setting next_dagrun for example_bash_operator to 2024-11-26 00:00:00+00:00, run_after=2024-11-27 00:00:00+00:00
[2024-11-27T17:56:17.037+0000] {processor.py:208} INFO - Processing /home/airflow/.local/lib/python3.12/site-packages/airflow/example_dags/example_bash_operator.py took 0.066 seconds
[2024-11-27T17:56:47.299+0000] {processor.py:186} INFO - Started process (PID=402) to work on /home/airflow/.local/lib/python3.12/site-packages/airflow/example_dags/example_bash_operator.py
[2024-11-27T17:56:47.300+0000] {processor.py:914} INFO - Processing file /home/airflow/.local/lib/python3.12/site-packages/airflow/example_dags/example_bash_operator.py for tasks to queue
[2024-11-27T17:56:47.302+0000] {logging_mixin.py:190} INFO - [2024-11-27T17:56:47.302+0000] {dagbag.py:588} INFO - Filling up the DagBag from /home/airflow/.local/lib/python3.12/site-packages/airflow/example_dags/example_bash_operator.py
[2024-11-27T17:56:47.312+0000] {processor.py:925} INFO - DAG(s) 'example_bash_operator' retrieved from /home/airflow/.local/lib/python3.12/site-packages/airflow/example_dags/example_bash_operator.py
[2024-11-27T17:56:47.331+0000] {logging_mixin.py:190} INFO - [2024-11-27T17:56:47.331+0000] {dag.py:3239} INFO - Sync 1 DAGs
[2024-11-27T17:56:47.350+0000] {logging_mixin.py:190} INFO - [2024-11-27T17:56:47.350+0000] {dag.py:4180} INFO - Setting next_dagrun for example_bash_operator to 2024-11-26 00:00:00+00:00, run_after=2024-11-27 00:00:00+00:00
[2024-11-27T17:56:47.368+0000] {processor.py:208} INFO - Processing /home/airflow/.local/lib/python3.12/site-packages/airflow/example_dags/example_bash_operator.py took 0.073 seconds
