[2024-11-27T17:51:41.613+0000] {processor.py:186} INFO - Started process (PID=81) to work on /home/airflow/.local/lib/python3.12/site-packages/airflow/example_dags/example_branch_operator_decorator.py
[2024-11-27T17:51:41.614+0000] {processor.py:914} INFO - Processing file /home/airflow/.local/lib/python3.12/site-packages/airflow/example_dags/example_branch_operator_decorator.py for tasks to queue
[2024-11-27T17:51:41.616+0000] {logging_mixin.py:190} INFO - [2024-11-27T17:51:41.616+0000] {dagbag.py:588} INFO - Filling up the DagBag from /home/airflow/.local/lib/python3.12/site-packages/airflow/example_dags/example_branch_operator_decorator.py
[2024-11-27T17:51:41.634+0000] {processor.py:925} INFO - DAG(s) 'example_branch_python_operator_decorator' retrieved from /home/airflow/.local/lib/python3.12/site-packages/airflow/example_dags/example_branch_operator_decorator.py
[2024-11-27T17:51:41.733+0000] {logging_mixin.py:190} INFO - [2024-11-27T17:51:41.733+0000] {override.py:1911} INFO - Created Permission View: can read on DAG:example_branch_python_operator_decorator
[2024-11-27T17:51:41.743+0000] {logging_mixin.py:190} INFO - [2024-11-27T17:51:41.743+0000] {override.py:1911} INFO - Created Permission View: can delete on DAG:example_branch_python_operator_decorator
[2024-11-27T17:51:41.749+0000] {logging_mixin.py:190} INFO - [2024-11-27T17:51:41.749+0000] {override.py:1911} INFO - Created Permission View: can edit on DAG:example_branch_python_operator_decorator
[2024-11-27T17:51:41.758+0000] {logging_mixin.py:190} INFO - [2024-11-27T17:51:41.757+0000] {override.py:1911} INFO - Created Permission View: can read on DAG Run:example_branch_python_operator_decorator
[2024-11-27T17:51:41.765+0000] {logging_mixin.py:190} INFO - [2024-11-27T17:51:41.765+0000] {override.py:1911} INFO - Created Permission View: can delete on DAG Run:example_branch_python_operator_decorator
[2024-11-27T17:51:41.771+0000] {logging_mixin.py:190} INFO - [2024-11-27T17:51:41.771+0000] {override.py:1911} INFO - Created Permission View: menu access on DAG Run:example_branch_python_operator_decorator
[2024-11-27T17:51:41.779+0000] {logging_mixin.py:190} INFO - [2024-11-27T17:51:41.779+0000] {override.py:1911} INFO - Created Permission View: can create on DAG Run:example_branch_python_operator_decorator
[2024-11-27T17:51:41.780+0000] {logging_mixin.py:190} INFO - [2024-11-27T17:51:41.780+0000] {dag.py:3239} INFO - Sync 1 DAGs
[2024-11-27T17:51:41.793+0000] {logging_mixin.py:190} INFO - [2024-11-27T17:51:41.793+0000] {dag.py:3262} INFO - Creating ORM DAG for example_branch_python_operator_decorator
[2024-11-27T17:51:41.803+0000] {logging_mixin.py:190} INFO - [2024-11-27T17:51:41.803+0000] {dag.py:4180} INFO - Setting next_dagrun for example_branch_python_operator_decorator to 2024-11-26 00:00:00+00:00, run_after=2024-11-27 00:00:00+00:00
[2024-11-27T17:51:41.823+0000] {processor.py:208} INFO - Processing /home/airflow/.local/lib/python3.12/site-packages/airflow/example_dags/example_branch_operator_decorator.py took 0.216 seconds
[2024-11-27T17:52:12.275+0000] {processor.py:186} INFO - Started process (PID=151) to work on /home/airflow/.local/lib/python3.12/site-packages/airflow/example_dags/example_branch_operator_decorator.py
[2024-11-27T17:52:12.276+0000] {processor.py:914} INFO - Processing file /home/airflow/.local/lib/python3.12/site-packages/airflow/example_dags/example_branch_operator_decorator.py for tasks to queue
[2024-11-27T17:52:12.278+0000] {logging_mixin.py:190} INFO - [2024-11-27T17:52:12.277+0000] {dagbag.py:588} INFO - Filling up the DagBag from /home/airflow/.local/lib/python3.12/site-packages/airflow/example_dags/example_branch_operator_decorator.py
[2024-11-27T17:52:12.293+0000] {processor.py:925} INFO - DAG(s) 'example_branch_python_operator_decorator' retrieved from /home/airflow/.local/lib/python3.12/site-packages/airflow/example_dags/example_branch_operator_decorator.py
[2024-11-27T17:52:12.312+0000] {logging_mixin.py:190} INFO - [2024-11-27T17:52:12.312+0000] {dag.py:3239} INFO - Sync 1 DAGs
[2024-11-27T17:52:12.329+0000] {logging_mixin.py:190} INFO - [2024-11-27T17:52:12.329+0000] {dag.py:4180} INFO - Setting next_dagrun for example_branch_python_operator_decorator to 2024-11-26 00:00:00+00:00, run_after=2024-11-27 00:00:00+00:00
[2024-11-27T17:52:12.343+0000] {processor.py:208} INFO - Processing /home/airflow/.local/lib/python3.12/site-packages/airflow/example_dags/example_branch_operator_decorator.py took 0.073 seconds
[2024-11-27T17:52:42.835+0000] {processor.py:186} INFO - Started process (PID=222) to work on /home/airflow/.local/lib/python3.12/site-packages/airflow/example_dags/example_branch_operator_decorator.py
[2024-11-27T17:52:42.836+0000] {processor.py:914} INFO - Processing file /home/airflow/.local/lib/python3.12/site-packages/airflow/example_dags/example_branch_operator_decorator.py for tasks to queue
[2024-11-27T17:52:42.838+0000] {logging_mixin.py:190} INFO - [2024-11-27T17:52:42.838+0000] {dagbag.py:588} INFO - Filling up the DagBag from /home/airflow/.local/lib/python3.12/site-packages/airflow/example_dags/example_branch_operator_decorator.py
[2024-11-27T17:52:42.855+0000] {processor.py:925} INFO - DAG(s) 'example_branch_python_operator_decorator' retrieved from /home/airflow/.local/lib/python3.12/site-packages/airflow/example_dags/example_branch_operator_decorator.py
[2024-11-27T17:52:42.877+0000] {logging_mixin.py:190} INFO - [2024-11-27T17:52:42.877+0000] {dag.py:3239} INFO - Sync 1 DAGs
[2024-11-27T17:52:42.897+0000] {logging_mixin.py:190} INFO - [2024-11-27T17:52:42.896+0000] {dag.py:4180} INFO - Setting next_dagrun for example_branch_python_operator_decorator to 2024-11-26 00:00:00+00:00, run_after=2024-11-27 00:00:00+00:00
[2024-11-27T17:52:42.913+0000] {processor.py:208} INFO - Processing /home/airflow/.local/lib/python3.12/site-packages/airflow/example_dags/example_branch_operator_decorator.py took 0.084 seconds
[2024-11-27T17:54:39.676+0000] {processor.py:186} INFO - Started process (PID=69) to work on /home/airflow/.local/lib/python3.12/site-packages/airflow/example_dags/example_branch_operator_decorator.py
[2024-11-27T17:54:39.677+0000] {processor.py:914} INFO - Processing file /home/airflow/.local/lib/python3.12/site-packages/airflow/example_dags/example_branch_operator_decorator.py for tasks to queue
[2024-11-27T17:54:39.680+0000] {logging_mixin.py:190} INFO - [2024-11-27T17:54:39.680+0000] {dagbag.py:588} INFO - Filling up the DagBag from /home/airflow/.local/lib/python3.12/site-packages/airflow/example_dags/example_branch_operator_decorator.py
[2024-11-27T17:54:39.697+0000] {processor.py:925} INFO - DAG(s) 'example_branch_python_operator_decorator' retrieved from /home/airflow/.local/lib/python3.12/site-packages/airflow/example_dags/example_branch_operator_decorator.py
[2024-11-27T17:54:39.811+0000] {logging_mixin.py:190} INFO - [2024-11-27T17:54:39.811+0000] {dag.py:3239} INFO - Sync 1 DAGs
[2024-11-27T17:54:39.830+0000] {logging_mixin.py:190} INFO - [2024-11-27T17:54:39.830+0000] {dag.py:4180} INFO - Setting next_dagrun for example_branch_python_operator_decorator to 2024-11-26 00:00:00+00:00, run_after=2024-11-27 00:00:00+00:00
[2024-11-27T17:54:39.852+0000] {processor.py:208} INFO - Processing /home/airflow/.local/lib/python3.12/site-packages/airflow/example_dags/example_branch_operator_decorator.py took 0.180 seconds
[2024-11-27T17:55:09.987+0000] {processor.py:186} INFO - Started process (PID=139) to work on /home/airflow/.local/lib/python3.12/site-packages/airflow/example_dags/example_branch_operator_decorator.py
[2024-11-27T17:55:09.988+0000] {processor.py:914} INFO - Processing file /home/airflow/.local/lib/python3.12/site-packages/airflow/example_dags/example_branch_operator_decorator.py for tasks to queue
[2024-11-27T17:55:09.989+0000] {logging_mixin.py:190} INFO - [2024-11-27T17:55:09.989+0000] {dagbag.py:588} INFO - Filling up the DagBag from /home/airflow/.local/lib/python3.12/site-packages/airflow/example_dags/example_branch_operator_decorator.py
[2024-11-27T17:55:10.004+0000] {processor.py:925} INFO - DAG(s) 'example_branch_python_operator_decorator' retrieved from /home/airflow/.local/lib/python3.12/site-packages/airflow/example_dags/example_branch_operator_decorator.py
[2024-11-27T17:55:10.023+0000] {logging_mixin.py:190} INFO - [2024-11-27T17:55:10.023+0000] {dag.py:3239} INFO - Sync 1 DAGs
[2024-11-27T17:55:10.040+0000] {logging_mixin.py:190} INFO - [2024-11-27T17:55:10.040+0000] {dag.py:4180} INFO - Setting next_dagrun for example_branch_python_operator_decorator to 2024-11-26 00:00:00+00:00, run_after=2024-11-27 00:00:00+00:00
[2024-11-27T17:55:10.054+0000] {processor.py:208} INFO - Processing /home/airflow/.local/lib/python3.12/site-packages/airflow/example_dags/example_branch_operator_decorator.py took 0.071 seconds
[2024-11-27T17:55:40.485+0000] {processor.py:186} INFO - Started process (PID=210) to work on /home/airflow/.local/lib/python3.12/site-packages/airflow/example_dags/example_branch_operator_decorator.py
[2024-11-27T17:55:40.486+0000] {processor.py:914} INFO - Processing file /home/airflow/.local/lib/python3.12/site-packages/airflow/example_dags/example_branch_operator_decorator.py for tasks to queue
[2024-11-27T17:55:40.488+0000] {logging_mixin.py:190} INFO - [2024-11-27T17:55:40.488+0000] {dagbag.py:588} INFO - Filling up the DagBag from /home/airflow/.local/lib/python3.12/site-packages/airflow/example_dags/example_branch_operator_decorator.py
[2024-11-27T17:55:40.504+0000] {processor.py:925} INFO - DAG(s) 'example_branch_python_operator_decorator' retrieved from /home/airflow/.local/lib/python3.12/site-packages/airflow/example_dags/example_branch_operator_decorator.py
[2024-11-27T17:55:40.524+0000] {logging_mixin.py:190} INFO - [2024-11-27T17:55:40.524+0000] {dag.py:3239} INFO - Sync 1 DAGs
[2024-11-27T17:55:40.543+0000] {logging_mixin.py:190} INFO - [2024-11-27T17:55:40.543+0000] {dag.py:4180} INFO - Setting next_dagrun for example_branch_python_operator_decorator to 2024-11-26 00:00:00+00:00, run_after=2024-11-27 00:00:00+00:00
[2024-11-27T17:55:40.559+0000] {processor.py:208} INFO - Processing /home/airflow/.local/lib/python3.12/site-packages/airflow/example_dags/example_branch_operator_decorator.py took 0.078 seconds
[2024-11-27T17:56:10.891+0000] {processor.py:186} INFO - Started process (PID=281) to work on /home/airflow/.local/lib/python3.12/site-packages/airflow/example_dags/example_branch_operator_decorator.py
[2024-11-27T17:56:10.892+0000] {processor.py:914} INFO - Processing file /home/airflow/.local/lib/python3.12/site-packages/airflow/example_dags/example_branch_operator_decorator.py for tasks to queue
[2024-11-27T17:56:10.893+0000] {logging_mixin.py:190} INFO - [2024-11-27T17:56:10.893+0000] {dagbag.py:588} INFO - Filling up the DagBag from /home/airflow/.local/lib/python3.12/site-packages/airflow/example_dags/example_branch_operator_decorator.py
[2024-11-27T17:56:10.908+0000] {processor.py:925} INFO - DAG(s) 'example_branch_python_operator_decorator' retrieved from /home/airflow/.local/lib/python3.12/site-packages/airflow/example_dags/example_branch_operator_decorator.py
[2024-11-27T17:56:10.927+0000] {logging_mixin.py:190} INFO - [2024-11-27T17:56:10.927+0000] {dag.py:3239} INFO - Sync 1 DAGs
[2024-11-27T17:56:10.945+0000] {logging_mixin.py:190} INFO - [2024-11-27T17:56:10.945+0000] {dag.py:4180} INFO - Setting next_dagrun for example_branch_python_operator_decorator to 2024-11-26 00:00:00+00:00, run_after=2024-11-27 00:00:00+00:00
[2024-11-27T17:56:10.959+0000] {processor.py:208} INFO - Processing /home/airflow/.local/lib/python3.12/site-packages/airflow/example_dags/example_branch_operator_decorator.py took 0.073 seconds
[2024-11-27T17:56:41.108+0000] {processor.py:186} INFO - Started process (PID=352) to work on /home/airflow/.local/lib/python3.12/site-packages/airflow/example_dags/example_branch_operator_decorator.py
[2024-11-27T17:56:41.109+0000] {processor.py:914} INFO - Processing file /home/airflow/.local/lib/python3.12/site-packages/airflow/example_dags/example_branch_operator_decorator.py for tasks to queue
[2024-11-27T17:56:41.110+0000] {logging_mixin.py:190} INFO - [2024-11-27T17:56:41.110+0000] {dagbag.py:588} INFO - Filling up the DagBag from /home/airflow/.local/lib/python3.12/site-packages/airflow/example_dags/example_branch_operator_decorator.py
[2024-11-27T17:56:41.124+0000] {processor.py:925} INFO - DAG(s) 'example_branch_python_operator_decorator' retrieved from /home/airflow/.local/lib/python3.12/site-packages/airflow/example_dags/example_branch_operator_decorator.py
[2024-11-27T17:56:41.142+0000] {logging_mixin.py:190} INFO - [2024-11-27T17:56:41.142+0000] {dag.py:3239} INFO - Sync 1 DAGs
[2024-11-27T17:56:41.157+0000] {logging_mixin.py:190} INFO - [2024-11-27T17:56:41.157+0000] {dag.py:4180} INFO - Setting next_dagrun for example_branch_python_operator_decorator to 2024-11-26 00:00:00+00:00, run_after=2024-11-27 00:00:00+00:00
[2024-11-27T17:56:41.169+0000] {processor.py:208} INFO - Processing /home/airflow/.local/lib/python3.12/site-packages/airflow/example_dags/example_branch_operator_decorator.py took 0.066 seconds
[2024-11-27T17:57:11.601+0000] {processor.py:186} INFO - Started process (PID=423) to work on /home/airflow/.local/lib/python3.12/site-packages/airflow/example_dags/example_branch_operator_decorator.py
[2024-11-27T17:57:11.601+0000] {processor.py:914} INFO - Processing file /home/airflow/.local/lib/python3.12/site-packages/airflow/example_dags/example_branch_operator_decorator.py for tasks to queue
[2024-11-27T17:57:11.603+0000] {logging_mixin.py:190} INFO - [2024-11-27T17:57:11.603+0000] {dagbag.py:588} INFO - Filling up the DagBag from /home/airflow/.local/lib/python3.12/site-packages/airflow/example_dags/example_branch_operator_decorator.py
[2024-11-27T17:57:11.618+0000] {processor.py:925} INFO - DAG(s) 'example_branch_python_operator_decorator' retrieved from /home/airflow/.local/lib/python3.12/site-packages/airflow/example_dags/example_branch_operator_decorator.py
[2024-11-27T17:57:11.636+0000] {logging_mixin.py:190} INFO - [2024-11-27T17:57:11.636+0000] {dag.py:3239} INFO - Sync 1 DAGs
[2024-11-27T17:57:11.653+0000] {logging_mixin.py:190} INFO - [2024-11-27T17:57:11.653+0000] {dag.py:4180} INFO - Setting next_dagrun for example_branch_python_operator_decorator to 2024-11-26 00:00:00+00:00, run_after=2024-11-27 00:00:00+00:00
[2024-11-27T17:57:11.667+0000] {processor.py:208} INFO - Processing /home/airflow/.local/lib/python3.12/site-packages/airflow/example_dags/example_branch_operator_decorator.py took 0.071 seconds
