[2024-11-27T17:51:43.812+0000] {processor.py:186} INFO - Started process (PID=95) to work on /home/airflow/.local/lib/python3.12/site-packages/airflow/example_dags/example_external_task_marker_dag.py
[2024-11-27T17:51:43.812+0000] {processor.py:914} INFO - Processing file /home/airflow/.local/lib/python3.12/site-packages/airflow/example_dags/example_external_task_marker_dag.py for tasks to queue
[2024-11-27T17:51:43.815+0000] {logging_mixin.py:190} INFO - [2024-11-27T17:51:43.814+0000] {dagbag.py:588} INFO - Filling up the DagBag from /home/airflow/.local/lib/python3.12/site-packages/airflow/example_dags/example_external_task_marker_dag.py
[2024-11-27T17:51:43.824+0000] {processor.py:925} INFO - DAG(s) 'example_external_task_marker_parent', 'example_external_task_marker_child' retrieved from /home/airflow/.local/lib/python3.12/site-packages/airflow/example_dags/example_external_task_marker_dag.py
[2024-11-27T17:51:43.904+0000] {logging_mixin.py:190} INFO - [2024-11-27T17:51:43.903+0000] {override.py:1911} INFO - Created Permission View: can read on DAG:example_external_task_marker_parent
[2024-11-27T17:51:43.914+0000] {logging_mixin.py:190} INFO - [2024-11-27T17:51:43.914+0000] {override.py:1911} INFO - Created Permission View: can delete on DAG:example_external_task_marker_parent
[2024-11-27T17:51:43.922+0000] {logging_mixin.py:190} INFO - [2024-11-27T17:51:43.922+0000] {override.py:1911} INFO - Created Permission View: can edit on DAG:example_external_task_marker_parent
[2024-11-27T17:51:43.931+0000] {logging_mixin.py:190} INFO - [2024-11-27T17:51:43.931+0000] {override.py:1911} INFO - Created Permission View: can read on DAG Run:example_external_task_marker_parent
[2024-11-27T17:51:43.939+0000] {logging_mixin.py:190} INFO - [2024-11-27T17:51:43.938+0000] {override.py:1911} INFO - Created Permission View: can delete on DAG Run:example_external_task_marker_parent
[2024-11-27T17:51:43.946+0000] {logging_mixin.py:190} INFO - [2024-11-27T17:51:43.945+0000] {override.py:1911} INFO - Created Permission View: menu access on DAG Run:example_external_task_marker_parent
[2024-11-27T17:51:43.952+0000] {logging_mixin.py:190} INFO - [2024-11-27T17:51:43.952+0000] {override.py:1911} INFO - Created Permission View: can create on DAG Run:example_external_task_marker_parent
[2024-11-27T17:51:43.967+0000] {logging_mixin.py:190} INFO - [2024-11-27T17:51:43.967+0000] {override.py:1911} INFO - Created Permission View: can read on DAG:example_external_task_marker_child
[2024-11-27T17:51:43.973+0000] {logging_mixin.py:190} INFO - [2024-11-27T17:51:43.973+0000] {override.py:1911} INFO - Created Permission View: can delete on DAG:example_external_task_marker_child
[2024-11-27T17:51:43.979+0000] {logging_mixin.py:190} INFO - [2024-11-27T17:51:43.979+0000] {override.py:1911} INFO - Created Permission View: can edit on DAG:example_external_task_marker_child
[2024-11-27T17:51:43.987+0000] {logging_mixin.py:190} INFO - [2024-11-27T17:51:43.987+0000] {override.py:1911} INFO - Created Permission View: can read on DAG Run:example_external_task_marker_child
[2024-11-27T17:51:43.993+0000] {logging_mixin.py:190} INFO - [2024-11-27T17:51:43.993+0000] {override.py:1911} INFO - Created Permission View: can delete on DAG Run:example_external_task_marker_child
[2024-11-27T17:51:43.999+0000] {logging_mixin.py:190} INFO - [2024-11-27T17:51:43.999+0000] {override.py:1911} INFO - Created Permission View: menu access on DAG Run:example_external_task_marker_child
[2024-11-27T17:51:44.008+0000] {logging_mixin.py:190} INFO - [2024-11-27T17:51:44.008+0000] {override.py:1911} INFO - Created Permission View: can create on DAG Run:example_external_task_marker_child
[2024-11-27T17:51:44.009+0000] {logging_mixin.py:190} INFO - [2024-11-27T17:51:44.008+0000] {dag.py:3239} INFO - Sync 2 DAGs
[2024-11-27T17:51:44.018+0000] {logging_mixin.py:190} INFO - [2024-11-27T17:51:44.018+0000] {dag.py:3262} INFO - Creating ORM DAG for example_external_task_marker_child
[2024-11-27T17:51:44.019+0000] {logging_mixin.py:190} INFO - [2024-11-27T17:51:44.019+0000] {dag.py:3262} INFO - Creating ORM DAG for example_external_task_marker_parent
[2024-11-27T17:51:44.020+0000] {logging_mixin.py:190} INFO - [2024-11-27T17:51:44.020+0000] {dag.py:4180} INFO - Setting next_dagrun for example_external_task_marker_child to None, run_after=None
[2024-11-27T17:51:44.020+0000] {logging_mixin.py:190} INFO - [2024-11-27T17:51:44.020+0000] {dag.py:4180} INFO - Setting next_dagrun for example_external_task_marker_parent to None, run_after=None
[2024-11-27T17:51:44.036+0000] {processor.py:208} INFO - Processing /home/airflow/.local/lib/python3.12/site-packages/airflow/example_dags/example_external_task_marker_dag.py took 0.230 seconds
[2024-11-27T17:52:14.339+0000] {processor.py:186} INFO - Started process (PID=166) to work on /home/airflow/.local/lib/python3.12/site-packages/airflow/example_dags/example_external_task_marker_dag.py
[2024-11-27T17:52:14.340+0000] {processor.py:914} INFO - Processing file /home/airflow/.local/lib/python3.12/site-packages/airflow/example_dags/example_external_task_marker_dag.py for tasks to queue
[2024-11-27T17:52:14.342+0000] {logging_mixin.py:190} INFO - [2024-11-27T17:52:14.342+0000] {dagbag.py:588} INFO - Filling up the DagBag from /home/airflow/.local/lib/python3.12/site-packages/airflow/example_dags/example_external_task_marker_dag.py
[2024-11-27T17:52:14.348+0000] {processor.py:925} INFO - DAG(s) 'example_external_task_marker_parent', 'example_external_task_marker_child' retrieved from /home/airflow/.local/lib/python3.12/site-packages/airflow/example_dags/example_external_task_marker_dag.py
[2024-11-27T17:52:14.367+0000] {logging_mixin.py:190} INFO - [2024-11-27T17:52:14.366+0000] {dag.py:3239} INFO - Sync 2 DAGs
[2024-11-27T17:52:14.380+0000] {logging_mixin.py:190} INFO - [2024-11-27T17:52:14.380+0000] {dag.py:4180} INFO - Setting next_dagrun for example_external_task_marker_child to None, run_after=None
[2024-11-27T17:52:14.383+0000] {logging_mixin.py:190} INFO - [2024-11-27T17:52:14.383+0000] {dag.py:4180} INFO - Setting next_dagrun for example_external_task_marker_parent to None, run_after=None
[2024-11-27T17:52:14.479+0000] {processor.py:208} INFO - Processing /home/airflow/.local/lib/python3.12/site-packages/airflow/example_dags/example_external_task_marker_dag.py took 0.145 seconds
[2024-11-27T17:52:45.046+0000] {processor.py:186} INFO - Started process (PID=237) to work on /home/airflow/.local/lib/python3.12/site-packages/airflow/example_dags/example_external_task_marker_dag.py
[2024-11-27T17:52:45.046+0000] {processor.py:914} INFO - Processing file /home/airflow/.local/lib/python3.12/site-packages/airflow/example_dags/example_external_task_marker_dag.py for tasks to queue
[2024-11-27T17:52:45.049+0000] {logging_mixin.py:190} INFO - [2024-11-27T17:52:45.048+0000] {dagbag.py:588} INFO - Filling up the DagBag from /home/airflow/.local/lib/python3.12/site-packages/airflow/example_dags/example_external_task_marker_dag.py
[2024-11-27T17:52:45.055+0000] {processor.py:925} INFO - DAG(s) 'example_external_task_marker_parent', 'example_external_task_marker_child' retrieved from /home/airflow/.local/lib/python3.12/site-packages/airflow/example_dags/example_external_task_marker_dag.py
[2024-11-27T17:52:45.070+0000] {logging_mixin.py:190} INFO - [2024-11-27T17:52:45.070+0000] {dag.py:3239} INFO - Sync 2 DAGs
[2024-11-27T17:52:45.082+0000] {logging_mixin.py:190} INFO - [2024-11-27T17:52:45.081+0000] {dag.py:4180} INFO - Setting next_dagrun for example_external_task_marker_child to None, run_after=None
[2024-11-27T17:52:45.085+0000] {logging_mixin.py:190} INFO - [2024-11-27T17:52:45.084+0000] {dag.py:4180} INFO - Setting next_dagrun for example_external_task_marker_parent to None, run_after=None
[2024-11-27T17:52:45.098+0000] {processor.py:208} INFO - Processing /home/airflow/.local/lib/python3.12/site-packages/airflow/example_dags/example_external_task_marker_dag.py took 0.057 seconds
[2024-11-27T17:54:40.697+0000] {processor.py:186} INFO - Started process (PID=83) to work on /home/airflow/.local/lib/python3.12/site-packages/airflow/example_dags/example_external_task_marker_dag.py
[2024-11-27T17:54:40.698+0000] {processor.py:914} INFO - Processing file /home/airflow/.local/lib/python3.12/site-packages/airflow/example_dags/example_external_task_marker_dag.py for tasks to queue
[2024-11-27T17:54:40.700+0000] {logging_mixin.py:190} INFO - [2024-11-27T17:54:40.699+0000] {dagbag.py:588} INFO - Filling up the DagBag from /home/airflow/.local/lib/python3.12/site-packages/airflow/example_dags/example_external_task_marker_dag.py
[2024-11-27T17:54:40.705+0000] {processor.py:925} INFO - DAG(s) 'example_external_task_marker_parent', 'example_external_task_marker_child' retrieved from /home/airflow/.local/lib/python3.12/site-packages/airflow/example_dags/example_external_task_marker_dag.py
[2024-11-27T17:54:40.722+0000] {logging_mixin.py:190} INFO - [2024-11-27T17:54:40.722+0000] {dag.py:3239} INFO - Sync 2 DAGs
[2024-11-27T17:54:40.732+0000] {logging_mixin.py:190} INFO - [2024-11-27T17:54:40.732+0000] {dag.py:4180} INFO - Setting next_dagrun for example_external_task_marker_child to None, run_after=None
[2024-11-27T17:54:40.735+0000] {logging_mixin.py:190} INFO - [2024-11-27T17:54:40.735+0000] {dag.py:4180} INFO - Setting next_dagrun for example_external_task_marker_parent to None, run_after=None
[2024-11-27T17:54:40.747+0000] {processor.py:208} INFO - Processing /home/airflow/.local/lib/python3.12/site-packages/airflow/example_dags/example_external_task_marker_dag.py took 0.054 seconds
[2024-11-27T17:55:11.896+0000] {processor.py:186} INFO - Started process (PID=154) to work on /home/airflow/.local/lib/python3.12/site-packages/airflow/example_dags/example_external_task_marker_dag.py
[2024-11-27T17:55:11.897+0000] {processor.py:914} INFO - Processing file /home/airflow/.local/lib/python3.12/site-packages/airflow/example_dags/example_external_task_marker_dag.py for tasks to queue
[2024-11-27T17:55:11.899+0000] {logging_mixin.py:190} INFO - [2024-11-27T17:55:11.898+0000] {dagbag.py:588} INFO - Filling up the DagBag from /home/airflow/.local/lib/python3.12/site-packages/airflow/example_dags/example_external_task_marker_dag.py
[2024-11-27T17:55:11.904+0000] {processor.py:925} INFO - DAG(s) 'example_external_task_marker_parent', 'example_external_task_marker_child' retrieved from /home/airflow/.local/lib/python3.12/site-packages/airflow/example_dags/example_external_task_marker_dag.py
[2024-11-27T17:55:11.918+0000] {logging_mixin.py:190} INFO - [2024-11-27T17:55:11.918+0000] {dag.py:3239} INFO - Sync 2 DAGs
[2024-11-27T17:55:11.927+0000] {logging_mixin.py:190} INFO - [2024-11-27T17:55:11.927+0000] {dag.py:4180} INFO - Setting next_dagrun for example_external_task_marker_child to None, run_after=None
[2024-11-27T17:55:11.930+0000] {logging_mixin.py:190} INFO - [2024-11-27T17:55:11.930+0000] {dag.py:4180} INFO - Setting next_dagrun for example_external_task_marker_parent to None, run_after=None
[2024-11-27T17:55:11.941+0000] {processor.py:208} INFO - Processing /home/airflow/.local/lib/python3.12/site-packages/airflow/example_dags/example_external_task_marker_dag.py took 0.048 seconds
[2024-11-27T17:55:42.364+0000] {processor.py:186} INFO - Started process (PID=225) to work on /home/airflow/.local/lib/python3.12/site-packages/airflow/example_dags/example_external_task_marker_dag.py
[2024-11-27T17:55:42.365+0000] {processor.py:914} INFO - Processing file /home/airflow/.local/lib/python3.12/site-packages/airflow/example_dags/example_external_task_marker_dag.py for tasks to queue
[2024-11-27T17:55:42.367+0000] {logging_mixin.py:190} INFO - [2024-11-27T17:55:42.367+0000] {dagbag.py:588} INFO - Filling up the DagBag from /home/airflow/.local/lib/python3.12/site-packages/airflow/example_dags/example_external_task_marker_dag.py
[2024-11-27T17:55:42.373+0000] {processor.py:925} INFO - DAG(s) 'example_external_task_marker_child', 'example_external_task_marker_parent' retrieved from /home/airflow/.local/lib/python3.12/site-packages/airflow/example_dags/example_external_task_marker_dag.py
[2024-11-27T17:55:42.390+0000] {logging_mixin.py:190} INFO - [2024-11-27T17:55:42.390+0000] {dag.py:3239} INFO - Sync 2 DAGs
[2024-11-27T17:55:42.402+0000] {logging_mixin.py:190} INFO - [2024-11-27T17:55:42.402+0000] {dag.py:4180} INFO - Setting next_dagrun for example_external_task_marker_child to None, run_after=None
[2024-11-27T17:55:42.405+0000] {logging_mixin.py:190} INFO - [2024-11-27T17:55:42.405+0000] {dag.py:4180} INFO - Setting next_dagrun for example_external_task_marker_parent to None, run_after=None
[2024-11-27T17:55:42.418+0000] {processor.py:208} INFO - Processing /home/airflow/.local/lib/python3.12/site-packages/airflow/example_dags/example_external_task_marker_dag.py took 0.058 seconds
[2024-11-27T17:56:12.593+0000] {processor.py:186} INFO - Started process (PID=296) to work on /home/airflow/.local/lib/python3.12/site-packages/airflow/example_dags/example_external_task_marker_dag.py
[2024-11-27T17:56:12.594+0000] {processor.py:914} INFO - Processing file /home/airflow/.local/lib/python3.12/site-packages/airflow/example_dags/example_external_task_marker_dag.py for tasks to queue
[2024-11-27T17:56:12.596+0000] {logging_mixin.py:190} INFO - [2024-11-27T17:56:12.596+0000] {dagbag.py:588} INFO - Filling up the DagBag from /home/airflow/.local/lib/python3.12/site-packages/airflow/example_dags/example_external_task_marker_dag.py
[2024-11-27T17:56:12.603+0000] {processor.py:925} INFO - DAG(s) 'example_external_task_marker_child', 'example_external_task_marker_parent' retrieved from /home/airflow/.local/lib/python3.12/site-packages/airflow/example_dags/example_external_task_marker_dag.py
[2024-11-27T17:56:12.622+0000] {logging_mixin.py:190} INFO - [2024-11-27T17:56:12.622+0000] {dag.py:3239} INFO - Sync 2 DAGs
[2024-11-27T17:56:12.633+0000] {logging_mixin.py:190} INFO - [2024-11-27T17:56:12.633+0000] {dag.py:4180} INFO - Setting next_dagrun for example_external_task_marker_child to None, run_after=None
[2024-11-27T17:56:12.636+0000] {logging_mixin.py:190} INFO - [2024-11-27T17:56:12.636+0000] {dag.py:4180} INFO - Setting next_dagrun for example_external_task_marker_parent to None, run_after=None
[2024-11-27T17:56:12.651+0000] {processor.py:208} INFO - Processing /home/airflow/.local/lib/python3.12/site-packages/airflow/example_dags/example_external_task_marker_dag.py took 0.063 seconds
[2024-11-27T17:56:42.698+0000] {processor.py:186} INFO - Started process (PID=366) to work on /home/airflow/.local/lib/python3.12/site-packages/airflow/example_dags/example_external_task_marker_dag.py
[2024-11-27T17:56:42.699+0000] {processor.py:914} INFO - Processing file /home/airflow/.local/lib/python3.12/site-packages/airflow/example_dags/example_external_task_marker_dag.py for tasks to queue
[2024-11-27T17:56:42.700+0000] {logging_mixin.py:190} INFO - [2024-11-27T17:56:42.700+0000] {dagbag.py:588} INFO - Filling up the DagBag from /home/airflow/.local/lib/python3.12/site-packages/airflow/example_dags/example_external_task_marker_dag.py
[2024-11-27T17:56:42.706+0000] {processor.py:925} INFO - DAG(s) 'example_external_task_marker_child', 'example_external_task_marker_parent' retrieved from /home/airflow/.local/lib/python3.12/site-packages/airflow/example_dags/example_external_task_marker_dag.py
[2024-11-27T17:56:42.721+0000] {logging_mixin.py:190} INFO - [2024-11-27T17:56:42.721+0000] {dag.py:3239} INFO - Sync 2 DAGs
[2024-11-27T17:56:42.731+0000] {logging_mixin.py:190} INFO - [2024-11-27T17:56:42.731+0000] {dag.py:4180} INFO - Setting next_dagrun for example_external_task_marker_child to None, run_after=None
[2024-11-27T17:56:42.734+0000] {logging_mixin.py:190} INFO - [2024-11-27T17:56:42.734+0000] {dag.py:4180} INFO - Setting next_dagrun for example_external_task_marker_parent to None, run_after=None
[2024-11-27T17:56:42.747+0000] {processor.py:208} INFO - Processing /home/airflow/.local/lib/python3.12/site-packages/airflow/example_dags/example_external_task_marker_dag.py took 0.053 seconds
[2024-11-27T17:57:13.147+0000] {processor.py:186} INFO - Started process (PID=443) to work on /home/airflow/.local/lib/python3.12/site-packages/airflow/example_dags/example_external_task_marker_dag.py
[2024-11-27T17:57:13.147+0000] {processor.py:914} INFO - Processing file /home/airflow/.local/lib/python3.12/site-packages/airflow/example_dags/example_external_task_marker_dag.py for tasks to queue
[2024-11-27T17:57:13.149+0000] {logging_mixin.py:190} INFO - [2024-11-27T17:57:13.149+0000] {dagbag.py:588} INFO - Filling up the DagBag from /home/airflow/.local/lib/python3.12/site-packages/airflow/example_dags/example_external_task_marker_dag.py
[2024-11-27T17:57:13.155+0000] {processor.py:925} INFO - DAG(s) 'example_external_task_marker_parent', 'example_external_task_marker_child' retrieved from /home/airflow/.local/lib/python3.12/site-packages/airflow/example_dags/example_external_task_marker_dag.py
[2024-11-27T17:57:13.170+0000] {logging_mixin.py:190} INFO - [2024-11-27T17:57:13.170+0000] {dag.py:3239} INFO - Sync 2 DAGs
[2024-11-27T17:57:13.181+0000] {logging_mixin.py:190} INFO - [2024-11-27T17:57:13.181+0000] {dag.py:4180} INFO - Setting next_dagrun for example_external_task_marker_child to None, run_after=None
[2024-11-27T17:57:13.184+0000] {logging_mixin.py:190} INFO - [2024-11-27T17:57:13.184+0000] {dag.py:4180} INFO - Setting next_dagrun for example_external_task_marker_parent to None, run_after=None
[2024-11-27T17:57:13.197+0000] {processor.py:208} INFO - Processing /home/airflow/.local/lib/python3.12/site-packages/airflow/example_dags/example_external_task_marker_dag.py took 0.055 seconds
