[2024-11-27T17:51:41.153+0000] {processor.py:186} INFO - Started process (PID=79) to work on /home/airflow/.local/lib/python3.12/site-packages/airflow/example_dags/example_short_circuit_operator.py
[2024-11-27T17:51:41.154+0000] {processor.py:914} INFO - Processing file /home/airflow/.local/lib/python3.12/site-packages/airflow/example_dags/example_short_circuit_operator.py for tasks to queue
[2024-11-27T17:51:41.156+0000] {logging_mixin.py:190} INFO - [2024-11-27T17:51:41.156+0000] {dagbag.py:588} INFO - Filling up the DagBag from /home/airflow/.local/lib/python3.12/site-packages/airflow/example_dags/example_short_circuit_operator.py
[2024-11-27T17:51:41.171+0000] {processor.py:925} INFO - DAG(s) 'example_short_circuit_operator' retrieved from /home/airflow/.local/lib/python3.12/site-packages/airflow/example_dags/example_short_circuit_operator.py
[2024-11-27T17:51:41.301+0000] {logging_mixin.py:190} INFO - [2024-11-27T17:51:41.300+0000] {override.py:1911} INFO - Created Permission View: can read on DAG:example_short_circuit_operator
[2024-11-27T17:51:41.310+0000] {logging_mixin.py:190} INFO - [2024-11-27T17:51:41.310+0000] {override.py:1911} INFO - Created Permission View: can delete on DAG:example_short_circuit_operator
[2024-11-27T17:51:41.317+0000] {logging_mixin.py:190} INFO - [2024-11-27T17:51:41.317+0000] {override.py:1911} INFO - Created Permission View: can edit on DAG:example_short_circuit_operator
[2024-11-27T17:51:41.326+0000] {logging_mixin.py:190} INFO - [2024-11-27T17:51:41.325+0000] {override.py:1911} INFO - Created Permission View: can read on DAG Run:example_short_circuit_operator
[2024-11-27T17:51:41.332+0000] {logging_mixin.py:190} INFO - [2024-11-27T17:51:41.332+0000] {override.py:1911} INFO - Created Permission View: can delete on DAG Run:example_short_circuit_operator
[2024-11-27T17:51:41.339+0000] {logging_mixin.py:190} INFO - [2024-11-27T17:51:41.339+0000] {override.py:1911} INFO - Created Permission View: menu access on DAG Run:example_short_circuit_operator
[2024-11-27T17:51:41.345+0000] {logging_mixin.py:190} INFO - [2024-11-27T17:51:41.345+0000] {override.py:1911} INFO - Created Permission View: can create on DAG Run:example_short_circuit_operator
[2024-11-27T17:51:41.346+0000] {logging_mixin.py:190} INFO - [2024-11-27T17:51:41.346+0000] {dag.py:3239} INFO - Sync 1 DAGs
[2024-11-27T17:51:41.358+0000] {logging_mixin.py:190} INFO - [2024-11-27T17:51:41.358+0000] {dag.py:3262} INFO - Creating ORM DAG for example_short_circuit_operator
[2024-11-27T17:51:41.359+0000] {logging_mixin.py:190} INFO - [2024-11-27T17:51:41.358+0000] {dag.py:4180} INFO - Setting next_dagrun for example_short_circuit_operator to None, run_after=None
[2024-11-27T17:51:41.372+0000] {processor.py:208} INFO - Processing /home/airflow/.local/lib/python3.12/site-packages/airflow/example_dags/example_short_circuit_operator.py took 0.228 seconds
[2024-11-27T17:52:12.198+0000] {processor.py:186} INFO - Started process (PID=149) to work on /home/airflow/.local/lib/python3.12/site-packages/airflow/example_dags/example_short_circuit_operator.py
[2024-11-27T17:52:12.199+0000] {processor.py:914} INFO - Processing file /home/airflow/.local/lib/python3.12/site-packages/airflow/example_dags/example_short_circuit_operator.py for tasks to queue
[2024-11-27T17:52:12.201+0000] {logging_mixin.py:190} INFO - [2024-11-27T17:52:12.201+0000] {dagbag.py:588} INFO - Filling up the DagBag from /home/airflow/.local/lib/python3.12/site-packages/airflow/example_dags/example_short_circuit_operator.py
[2024-11-27T17:52:12.208+0000] {processor.py:925} INFO - DAG(s) 'example_short_circuit_operator' retrieved from /home/airflow/.local/lib/python3.12/site-packages/airflow/example_dags/example_short_circuit_operator.py
[2024-11-27T17:52:12.225+0000] {logging_mixin.py:190} INFO - [2024-11-27T17:52:12.224+0000] {dag.py:3239} INFO - Sync 1 DAGs
[2024-11-27T17:52:12.235+0000] {logging_mixin.py:190} INFO - [2024-11-27T17:52:12.235+0000] {dag.py:4180} INFO - Setting next_dagrun for example_short_circuit_operator to None, run_after=None
[2024-11-27T17:52:12.250+0000] {processor.py:208} INFO - Processing /home/airflow/.local/lib/python3.12/site-packages/airflow/example_dags/example_short_circuit_operator.py took 0.056 seconds
[2024-11-27T17:52:42.748+0000] {processor.py:186} INFO - Started process (PID=220) to work on /home/airflow/.local/lib/python3.12/site-packages/airflow/example_dags/example_short_circuit_operator.py
[2024-11-27T17:52:42.750+0000] {processor.py:914} INFO - Processing file /home/airflow/.local/lib/python3.12/site-packages/airflow/example_dags/example_short_circuit_operator.py for tasks to queue
[2024-11-27T17:52:42.752+0000] {logging_mixin.py:190} INFO - [2024-11-27T17:52:42.751+0000] {dagbag.py:588} INFO - Filling up the DagBag from /home/airflow/.local/lib/python3.12/site-packages/airflow/example_dags/example_short_circuit_operator.py
[2024-11-27T17:52:42.758+0000] {processor.py:925} INFO - DAG(s) 'example_short_circuit_operator' retrieved from /home/airflow/.local/lib/python3.12/site-packages/airflow/example_dags/example_short_circuit_operator.py
[2024-11-27T17:52:42.779+0000] {logging_mixin.py:190} INFO - [2024-11-27T17:52:42.779+0000] {dag.py:3239} INFO - Sync 1 DAGs
[2024-11-27T17:52:42.791+0000] {logging_mixin.py:190} INFO - [2024-11-27T17:52:42.790+0000] {dag.py:4180} INFO - Setting next_dagrun for example_short_circuit_operator to None, run_after=None
[2024-11-27T17:52:42.808+0000] {processor.py:208} INFO - Processing /home/airflow/.local/lib/python3.12/site-packages/airflow/example_dags/example_short_circuit_operator.py took 0.064 seconds
[2024-11-27T17:54:39.492+0000] {processor.py:186} INFO - Started process (PID=67) to work on /home/airflow/.local/lib/python3.12/site-packages/airflow/example_dags/example_short_circuit_operator.py
[2024-11-27T17:54:39.494+0000] {processor.py:914} INFO - Processing file /home/airflow/.local/lib/python3.12/site-packages/airflow/example_dags/example_short_circuit_operator.py for tasks to queue
[2024-11-27T17:54:39.496+0000] {logging_mixin.py:190} INFO - [2024-11-27T17:54:39.496+0000] {dagbag.py:588} INFO - Filling up the DagBag from /home/airflow/.local/lib/python3.12/site-packages/airflow/example_dags/example_short_circuit_operator.py
[2024-11-27T17:54:39.505+0000] {processor.py:925} INFO - DAG(s) 'example_short_circuit_operator' retrieved from /home/airflow/.local/lib/python3.12/site-packages/airflow/example_dags/example_short_circuit_operator.py
[2024-11-27T17:54:39.531+0000] {logging_mixin.py:190} INFO - [2024-11-27T17:54:39.531+0000] {dag.py:3239} INFO - Sync 1 DAGs
[2024-11-27T17:54:39.542+0000] {logging_mixin.py:190} INFO - [2024-11-27T17:54:39.542+0000] {dag.py:4180} INFO - Setting next_dagrun for example_short_circuit_operator to None, run_after=None
[2024-11-27T17:54:39.561+0000] {processor.py:208} INFO - Processing /home/airflow/.local/lib/python3.12/site-packages/airflow/example_dags/example_short_circuit_operator.py took 0.074 seconds
[2024-11-27T17:55:09.876+0000] {processor.py:186} INFO - Started process (PID=137) to work on /home/airflow/.local/lib/python3.12/site-packages/airflow/example_dags/example_short_circuit_operator.py
[2024-11-27T17:55:09.878+0000] {processor.py:914} INFO - Processing file /home/airflow/.local/lib/python3.12/site-packages/airflow/example_dags/example_short_circuit_operator.py for tasks to queue
[2024-11-27T17:55:09.883+0000] {logging_mixin.py:190} INFO - [2024-11-27T17:55:09.882+0000] {dagbag.py:588} INFO - Filling up the DagBag from /home/airflow/.local/lib/python3.12/site-packages/airflow/example_dags/example_short_circuit_operator.py
[2024-11-27T17:55:09.897+0000] {processor.py:925} INFO - DAG(s) 'example_short_circuit_operator' retrieved from /home/airflow/.local/lib/python3.12/site-packages/airflow/example_dags/example_short_circuit_operator.py
[2024-11-27T17:55:09.932+0000] {logging_mixin.py:190} INFO - [2024-11-27T17:55:09.931+0000] {dag.py:3239} INFO - Sync 1 DAGs
[2024-11-27T17:55:09.943+0000] {logging_mixin.py:190} INFO - [2024-11-27T17:55:09.943+0000] {dag.py:4180} INFO - Setting next_dagrun for example_short_circuit_operator to None, run_after=None
[2024-11-27T17:55:09.957+0000] {processor.py:208} INFO - Processing /home/airflow/.local/lib/python3.12/site-packages/airflow/example_dags/example_short_circuit_operator.py took 0.090 seconds
[2024-11-27T17:55:40.399+0000] {processor.py:186} INFO - Started process (PID=208) to work on /home/airflow/.local/lib/python3.12/site-packages/airflow/example_dags/example_short_circuit_operator.py
[2024-11-27T17:55:40.400+0000] {processor.py:914} INFO - Processing file /home/airflow/.local/lib/python3.12/site-packages/airflow/example_dags/example_short_circuit_operator.py for tasks to queue
[2024-11-27T17:55:40.402+0000] {logging_mixin.py:190} INFO - [2024-11-27T17:55:40.402+0000] {dagbag.py:588} INFO - Filling up the DagBag from /home/airflow/.local/lib/python3.12/site-packages/airflow/example_dags/example_short_circuit_operator.py
[2024-11-27T17:55:40.409+0000] {processor.py:925} INFO - DAG(s) 'example_short_circuit_operator' retrieved from /home/airflow/.local/lib/python3.12/site-packages/airflow/example_dags/example_short_circuit_operator.py
[2024-11-27T17:55:40.427+0000] {logging_mixin.py:190} INFO - [2024-11-27T17:55:40.427+0000] {dag.py:3239} INFO - Sync 1 DAGs
[2024-11-27T17:55:40.438+0000] {logging_mixin.py:190} INFO - [2024-11-27T17:55:40.438+0000] {dag.py:4180} INFO - Setting next_dagrun for example_short_circuit_operator to None, run_after=None
[2024-11-27T17:55:40.456+0000] {processor.py:208} INFO - Processing /home/airflow/.local/lib/python3.12/site-packages/airflow/example_dags/example_short_circuit_operator.py took 0.062 seconds
[2024-11-27T17:56:10.819+0000] {processor.py:186} INFO - Started process (PID=279) to work on /home/airflow/.local/lib/python3.12/site-packages/airflow/example_dags/example_short_circuit_operator.py
[2024-11-27T17:56:10.820+0000] {processor.py:914} INFO - Processing file /home/airflow/.local/lib/python3.12/site-packages/airflow/example_dags/example_short_circuit_operator.py for tasks to queue
[2024-11-27T17:56:10.822+0000] {logging_mixin.py:190} INFO - [2024-11-27T17:56:10.821+0000] {dagbag.py:588} INFO - Filling up the DagBag from /home/airflow/.local/lib/python3.12/site-packages/airflow/example_dags/example_short_circuit_operator.py
[2024-11-27T17:56:10.828+0000] {processor.py:925} INFO - DAG(s) 'example_short_circuit_operator' retrieved from /home/airflow/.local/lib/python3.12/site-packages/airflow/example_dags/example_short_circuit_operator.py
[2024-11-27T17:56:10.845+0000] {logging_mixin.py:190} INFO - [2024-11-27T17:56:10.845+0000] {dag.py:3239} INFO - Sync 1 DAGs
[2024-11-27T17:56:10.855+0000] {logging_mixin.py:190} INFO - [2024-11-27T17:56:10.855+0000] {dag.py:4180} INFO - Setting next_dagrun for example_short_circuit_operator to None, run_after=None
[2024-11-27T17:56:10.869+0000] {processor.py:208} INFO - Processing /home/airflow/.local/lib/python3.12/site-packages/airflow/example_dags/example_short_circuit_operator.py took 0.054 seconds
[2024-11-27T17:56:41.034+0000] {processor.py:186} INFO - Started process (PID=350) to work on /home/airflow/.local/lib/python3.12/site-packages/airflow/example_dags/example_short_circuit_operator.py
[2024-11-27T17:56:41.035+0000] {processor.py:914} INFO - Processing file /home/airflow/.local/lib/python3.12/site-packages/airflow/example_dags/example_short_circuit_operator.py for tasks to queue
[2024-11-27T17:56:41.037+0000] {logging_mixin.py:190} INFO - [2024-11-27T17:56:41.037+0000] {dagbag.py:588} INFO - Filling up the DagBag from /home/airflow/.local/lib/python3.12/site-packages/airflow/example_dags/example_short_circuit_operator.py
[2024-11-27T17:56:41.043+0000] {processor.py:925} INFO - DAG(s) 'example_short_circuit_operator' retrieved from /home/airflow/.local/lib/python3.12/site-packages/airflow/example_dags/example_short_circuit_operator.py
[2024-11-27T17:56:41.057+0000] {logging_mixin.py:190} INFO - [2024-11-27T17:56:41.057+0000] {dag.py:3239} INFO - Sync 1 DAGs
[2024-11-27T17:56:41.067+0000] {logging_mixin.py:190} INFO - [2024-11-27T17:56:41.067+0000] {dag.py:4180} INFO - Setting next_dagrun for example_short_circuit_operator to None, run_after=None
[2024-11-27T17:56:41.082+0000] {processor.py:208} INFO - Processing /home/airflow/.local/lib/python3.12/site-packages/airflow/example_dags/example_short_circuit_operator.py took 0.054 seconds
[2024-11-27T17:57:11.525+0000] {processor.py:186} INFO - Started process (PID=421) to work on /home/airflow/.local/lib/python3.12/site-packages/airflow/example_dags/example_short_circuit_operator.py
[2024-11-27T17:57:11.526+0000] {processor.py:914} INFO - Processing file /home/airflow/.local/lib/python3.12/site-packages/airflow/example_dags/example_short_circuit_operator.py for tasks to queue
[2024-11-27T17:57:11.527+0000] {logging_mixin.py:190} INFO - [2024-11-27T17:57:11.527+0000] {dagbag.py:588} INFO - Filling up the DagBag from /home/airflow/.local/lib/python3.12/site-packages/airflow/example_dags/example_short_circuit_operator.py
[2024-11-27T17:57:11.534+0000] {processor.py:925} INFO - DAG(s) 'example_short_circuit_operator' retrieved from /home/airflow/.local/lib/python3.12/site-packages/airflow/example_dags/example_short_circuit_operator.py
[2024-11-27T17:57:11.549+0000] {logging_mixin.py:190} INFO - [2024-11-27T17:57:11.549+0000] {dag.py:3239} INFO - Sync 1 DAGs
[2024-11-27T17:57:11.559+0000] {logging_mixin.py:190} INFO - [2024-11-27T17:57:11.559+0000] {dag.py:4180} INFO - Setting next_dagrun for example_short_circuit_operator to None, run_after=None
[2024-11-27T17:57:11.574+0000] {processor.py:208} INFO - Processing /home/airflow/.local/lib/python3.12/site-packages/airflow/example_dags/example_short_circuit_operator.py took 0.054 seconds
