[2024-11-27T17:51:41.001+0000] {processor.py:186} INFO - Started process (PID=72) to work on /home/airflow/.local/lib/python3.12/site-packages/airflow/example_dags/example_outlet_event_extra.py
[2024-11-27T17:51:41.002+0000] {processor.py:914} INFO - Processing file /home/airflow/.local/lib/python3.12/site-packages/airflow/example_dags/example_outlet_event_extra.py for tasks to queue
[2024-11-27T17:51:41.005+0000] {logging_mixin.py:190} INFO - [2024-11-27T17:51:41.005+0000] {dagbag.py:588} INFO - Filling up the DagBag from /home/airflow/.local/lib/python3.12/site-packages/airflow/example_dags/example_outlet_event_extra.py
[2024-11-27T17:51:42.380+0000] {processor.py:925} INFO - DAG(s) 'dataset_with_extra_by_yield', 'dataset_with_extra_by_context', 'dataset_with_extra_from_classic_operator' retrieved from /home/airflow/.local/lib/python3.12/site-packages/airflow/example_dags/example_outlet_event_extra.py
[2024-11-27T17:51:42.455+0000] {logging_mixin.py:190} INFO - [2024-11-27T17:51:42.455+0000] {override.py:1911} INFO - Created Permission View: can read on DAG:dataset_with_extra_by_yield
[2024-11-27T17:51:42.465+0000] {logging_mixin.py:190} INFO - [2024-11-27T17:51:42.465+0000] {override.py:1911} INFO - Created Permission View: can delete on DAG:dataset_with_extra_by_yield
[2024-11-27T17:51:42.471+0000] {logging_mixin.py:190} INFO - [2024-11-27T17:51:42.471+0000] {override.py:1911} INFO - Created Permission View: can edit on DAG:dataset_with_extra_by_yield
[2024-11-27T17:51:42.480+0000] {logging_mixin.py:190} INFO - [2024-11-27T17:51:42.480+0000] {override.py:1911} INFO - Created Permission View: can read on DAG Run:dataset_with_extra_by_yield
[2024-11-27T17:51:42.488+0000] {logging_mixin.py:190} INFO - [2024-11-27T17:51:42.487+0000] {override.py:1911} INFO - Created Permission View: can delete on DAG Run:dataset_with_extra_by_yield
[2024-11-27T17:51:42.495+0000] {logging_mixin.py:190} INFO - [2024-11-27T17:51:42.495+0000] {override.py:1911} INFO - Created Permission View: menu access on DAG Run:dataset_with_extra_by_yield
[2024-11-27T17:51:42.501+0000] {logging_mixin.py:190} INFO - [2024-11-27T17:51:42.501+0000] {override.py:1911} INFO - Created Permission View: can create on DAG Run:dataset_with_extra_by_yield
[2024-11-27T17:51:42.517+0000] {logging_mixin.py:190} INFO - [2024-11-27T17:51:42.516+0000] {override.py:1911} INFO - Created Permission View: can read on DAG:dataset_with_extra_by_context
[2024-11-27T17:51:42.525+0000] {logging_mixin.py:190} INFO - [2024-11-27T17:51:42.525+0000] {override.py:1911} INFO - Created Permission View: can delete on DAG:dataset_with_extra_by_context
[2024-11-27T17:51:42.533+0000] {logging_mixin.py:190} INFO - [2024-11-27T17:51:42.532+0000] {override.py:1911} INFO - Created Permission View: can edit on DAG:dataset_with_extra_by_context
[2024-11-27T17:51:42.545+0000] {logging_mixin.py:190} INFO - [2024-11-27T17:51:42.544+0000] {override.py:1911} INFO - Created Permission View: can read on DAG Run:dataset_with_extra_by_context
[2024-11-27T17:51:42.555+0000] {logging_mixin.py:190} INFO - [2024-11-27T17:51:42.554+0000] {override.py:1911} INFO - Created Permission View: can delete on DAG Run:dataset_with_extra_by_context
[2024-11-27T17:51:42.562+0000] {logging_mixin.py:190} INFO - [2024-11-27T17:51:42.562+0000] {override.py:1911} INFO - Created Permission View: menu access on DAG Run:dataset_with_extra_by_context
[2024-11-27T17:51:42.569+0000] {logging_mixin.py:190} INFO - [2024-11-27T17:51:42.569+0000] {override.py:1911} INFO - Created Permission View: can create on DAG Run:dataset_with_extra_by_context
[2024-11-27T17:51:42.583+0000] {logging_mixin.py:190} INFO - [2024-11-27T17:51:42.583+0000] {override.py:1911} INFO - Created Permission View: can read on DAG:dataset_with_extra_from_classic_operator
[2024-11-27T17:51:42.590+0000] {logging_mixin.py:190} INFO - [2024-11-27T17:51:42.590+0000] {override.py:1911} INFO - Created Permission View: can delete on DAG:dataset_with_extra_from_classic_operator
[2024-11-27T17:51:42.597+0000] {logging_mixin.py:190} INFO - [2024-11-27T17:51:42.597+0000] {override.py:1911} INFO - Created Permission View: can edit on DAG:dataset_with_extra_from_classic_operator
[2024-11-27T17:51:42.607+0000] {logging_mixin.py:190} INFO - [2024-11-27T17:51:42.607+0000] {override.py:1911} INFO - Created Permission View: can read on DAG Run:dataset_with_extra_from_classic_operator
[2024-11-27T17:51:42.614+0000] {logging_mixin.py:190} INFO - [2024-11-27T17:51:42.614+0000] {override.py:1911} INFO - Created Permission View: can delete on DAG Run:dataset_with_extra_from_classic_operator
[2024-11-27T17:51:42.621+0000] {logging_mixin.py:190} INFO - [2024-11-27T17:51:42.621+0000] {override.py:1911} INFO - Created Permission View: menu access on DAG Run:dataset_with_extra_from_classic_operator
[2024-11-27T17:51:42.628+0000] {logging_mixin.py:190} INFO - [2024-11-27T17:51:42.628+0000] {override.py:1911} INFO - Created Permission View: can create on DAG Run:dataset_with_extra_from_classic_operator
[2024-11-27T17:51:42.628+0000] {logging_mixin.py:190} INFO - [2024-11-27T17:51:42.628+0000] {dag.py:3239} INFO - Sync 3 DAGs
[2024-11-27T17:51:42.641+0000] {logging_mixin.py:190} INFO - [2024-11-27T17:51:42.641+0000] {dag.py:3262} INFO - Creating ORM DAG for dataset_with_extra_by_context
[2024-11-27T17:51:42.642+0000] {logging_mixin.py:190} INFO - [2024-11-27T17:51:42.642+0000] {dag.py:3262} INFO - Creating ORM DAG for dataset_with_extra_by_yield
[2024-11-27T17:51:42.643+0000] {logging_mixin.py:190} INFO - [2024-11-27T17:51:42.643+0000] {dag.py:3262} INFO - Creating ORM DAG for dataset_with_extra_from_classic_operator
[2024-11-27T17:51:42.651+0000] {logging_mixin.py:190} INFO - [2024-11-27T17:51:42.651+0000] {dag.py:4180} INFO - Setting next_dagrun for dataset_with_extra_by_context to 2024-11-26 00:00:00+00:00, run_after=2024-11-27 00:00:00+00:00
[2024-11-27T17:51:42.652+0000] {logging_mixin.py:190} INFO - [2024-11-27T17:51:42.652+0000] {dag.py:4180} INFO - Setting next_dagrun for dataset_with_extra_by_yield to 2024-11-26 00:00:00+00:00, run_after=2024-11-27 00:00:00+00:00
[2024-11-27T17:51:42.654+0000] {logging_mixin.py:190} INFO - [2024-11-27T17:51:42.654+0000] {dag.py:4180} INFO - Setting next_dagrun for dataset_with_extra_from_classic_operator to 2024-11-26 00:00:00+00:00, run_after=2024-11-27 00:00:00+00:00
[2024-11-27T17:51:42.679+0000] {processor.py:208} INFO - Processing /home/airflow/.local/lib/python3.12/site-packages/airflow/example_dags/example_outlet_event_extra.py took 1.682 seconds
[2024-11-27T17:52:13.472+0000] {processor.py:186} INFO - Started process (PID=154) to work on /home/airflow/.local/lib/python3.12/site-packages/airflow/example_dags/example_outlet_event_extra.py
[2024-11-27T17:52:13.474+0000] {processor.py:914} INFO - Processing file /home/airflow/.local/lib/python3.12/site-packages/airflow/example_dags/example_outlet_event_extra.py for tasks to queue
[2024-11-27T17:52:13.476+0000] {logging_mixin.py:190} INFO - [2024-11-27T17:52:13.476+0000] {dagbag.py:588} INFO - Filling up the DagBag from /home/airflow/.local/lib/python3.12/site-packages/airflow/example_dags/example_outlet_event_extra.py
[2024-11-27T17:52:13.989+0000] {processor.py:925} INFO - DAG(s) 'dataset_with_extra_by_yield', 'dataset_with_extra_by_context', 'dataset_with_extra_from_classic_operator' retrieved from /home/airflow/.local/lib/python3.12/site-packages/airflow/example_dags/example_outlet_event_extra.py
[2024-11-27T17:52:14.004+0000] {logging_mixin.py:190} INFO - [2024-11-27T17:52:14.004+0000] {dag.py:3239} INFO - Sync 3 DAGs
[2024-11-27T17:52:14.021+0000] {logging_mixin.py:190} INFO - [2024-11-27T17:52:14.021+0000] {dag.py:4180} INFO - Setting next_dagrun for dataset_with_extra_by_context to 2024-11-26 00:00:00+00:00, run_after=2024-11-27 00:00:00+00:00
[2024-11-27T17:52:14.025+0000] {logging_mixin.py:190} INFO - [2024-11-27T17:52:14.024+0000] {dag.py:4180} INFO - Setting next_dagrun for dataset_with_extra_by_yield to 2024-11-26 00:00:00+00:00, run_after=2024-11-27 00:00:00+00:00
[2024-11-27T17:52:14.026+0000] {logging_mixin.py:190} INFO - [2024-11-27T17:52:14.026+0000] {dag.py:4180} INFO - Setting next_dagrun for dataset_with_extra_from_classic_operator to 2024-11-26 00:00:00+00:00, run_after=2024-11-27 00:00:00+00:00
[2024-11-27T17:52:14.041+0000] {processor.py:208} INFO - Processing /home/airflow/.local/lib/python3.12/site-packages/airflow/example_dags/example_outlet_event_extra.py took 0.574 seconds
[2024-11-27T17:52:44.114+0000] {processor.py:186} INFO - Started process (PID=225) to work on /home/airflow/.local/lib/python3.12/site-packages/airflow/example_dags/example_outlet_event_extra.py
[2024-11-27T17:52:44.115+0000] {processor.py:914} INFO - Processing file /home/airflow/.local/lib/python3.12/site-packages/airflow/example_dags/example_outlet_event_extra.py for tasks to queue
[2024-11-27T17:52:44.117+0000] {logging_mixin.py:190} INFO - [2024-11-27T17:52:44.116+0000] {dagbag.py:588} INFO - Filling up the DagBag from /home/airflow/.local/lib/python3.12/site-packages/airflow/example_dags/example_outlet_event_extra.py
[2024-11-27T17:52:44.601+0000] {processor.py:925} INFO - DAG(s) 'dataset_with_extra_by_context', 'dataset_with_extra_by_yield', 'dataset_with_extra_from_classic_operator' retrieved from /home/airflow/.local/lib/python3.12/site-packages/airflow/example_dags/example_outlet_event_extra.py
[2024-11-27T17:52:44.620+0000] {logging_mixin.py:190} INFO - [2024-11-27T17:52:44.620+0000] {dag.py:3239} INFO - Sync 3 DAGs
[2024-11-27T17:52:44.637+0000] {logging_mixin.py:190} INFO - [2024-11-27T17:52:44.637+0000] {dag.py:4180} INFO - Setting next_dagrun for dataset_with_extra_by_context to 2024-11-26 00:00:00+00:00, run_after=2024-11-27 00:00:00+00:00
[2024-11-27T17:52:44.640+0000] {logging_mixin.py:190} INFO - [2024-11-27T17:52:44.640+0000] {dag.py:4180} INFO - Setting next_dagrun for dataset_with_extra_by_yield to 2024-11-26 00:00:00+00:00, run_after=2024-11-27 00:00:00+00:00
[2024-11-27T17:52:44.642+0000] {logging_mixin.py:190} INFO - [2024-11-27T17:52:44.641+0000] {dag.py:4180} INFO - Setting next_dagrun for dataset_with_extra_from_classic_operator to 2024-11-26 00:00:00+00:00, run_after=2024-11-27 00:00:00+00:00
[2024-11-27T17:52:44.655+0000] {processor.py:208} INFO - Processing /home/airflow/.local/lib/python3.12/site-packages/airflow/example_dags/example_outlet_event_extra.py took 0.546 seconds
[2024-11-27T17:54:39.461+0000] {processor.py:186} INFO - Started process (PID=66) to work on /home/airflow/.local/lib/python3.12/site-packages/airflow/example_dags/example_outlet_event_extra.py
[2024-11-27T17:54:39.463+0000] {processor.py:914} INFO - Processing file /home/airflow/.local/lib/python3.12/site-packages/airflow/example_dags/example_outlet_event_extra.py for tasks to queue
[2024-11-27T17:54:39.465+0000] {logging_mixin.py:190} INFO - [2024-11-27T17:54:39.465+0000] {dagbag.py:588} INFO - Filling up the DagBag from /home/airflow/.local/lib/python3.12/site-packages/airflow/example_dags/example_outlet_event_extra.py
[2024-11-27T17:54:39.967+0000] {processor.py:925} INFO - DAG(s) 'dataset_with_extra_from_classic_operator', 'dataset_with_extra_by_context', 'dataset_with_extra_by_yield' retrieved from /home/airflow/.local/lib/python3.12/site-packages/airflow/example_dags/example_outlet_event_extra.py
[2024-11-27T17:54:39.996+0000] {logging_mixin.py:190} INFO - [2024-11-27T17:54:39.996+0000] {dag.py:3239} INFO - Sync 3 DAGs
[2024-11-27T17:54:40.020+0000] {logging_mixin.py:190} INFO - [2024-11-27T17:54:40.019+0000] {dag.py:4180} INFO - Setting next_dagrun for dataset_with_extra_by_context to 2024-11-26 00:00:00+00:00, run_after=2024-11-27 00:00:00+00:00
[2024-11-27T17:54:40.025+0000] {logging_mixin.py:190} INFO - [2024-11-27T17:54:40.025+0000] {dag.py:4180} INFO - Setting next_dagrun for dataset_with_extra_by_yield to 2024-11-26 00:00:00+00:00, run_after=2024-11-27 00:00:00+00:00
[2024-11-27T17:54:40.028+0000] {logging_mixin.py:190} INFO - [2024-11-27T17:54:40.028+0000] {dag.py:4180} INFO - Setting next_dagrun for dataset_with_extra_from_classic_operator to 2024-11-26 00:00:00+00:00, run_after=2024-11-27 00:00:00+00:00
[2024-11-27T17:54:40.050+0000] {processor.py:208} INFO - Processing /home/airflow/.local/lib/python3.12/site-packages/airflow/example_dags/example_outlet_event_extra.py took 0.594 seconds
[2024-11-27T17:55:11.073+0000] {processor.py:186} INFO - Started process (PID=140) to work on /home/airflow/.local/lib/python3.12/site-packages/airflow/example_dags/example_outlet_event_extra.py
[2024-11-27T17:55:11.074+0000] {processor.py:914} INFO - Processing file /home/airflow/.local/lib/python3.12/site-packages/airflow/example_dags/example_outlet_event_extra.py for tasks to queue
[2024-11-27T17:55:11.075+0000] {logging_mixin.py:190} INFO - [2024-11-27T17:55:11.075+0000] {dagbag.py:588} INFO - Filling up the DagBag from /home/airflow/.local/lib/python3.12/site-packages/airflow/example_dags/example_outlet_event_extra.py
[2024-11-27T17:55:11.507+0000] {processor.py:925} INFO - DAG(s) 'dataset_with_extra_from_classic_operator', 'dataset_with_extra_by_yield', 'dataset_with_extra_by_context' retrieved from /home/airflow/.local/lib/python3.12/site-packages/airflow/example_dags/example_outlet_event_extra.py
[2024-11-27T17:55:11.548+0000] {logging_mixin.py:190} INFO - [2024-11-27T17:55:11.548+0000] {dag.py:3239} INFO - Sync 3 DAGs
[2024-11-27T17:55:11.589+0000] {logging_mixin.py:190} INFO - [2024-11-27T17:55:11.588+0000] {dag.py:4180} INFO - Setting next_dagrun for dataset_with_extra_by_context to 2024-11-26 00:00:00+00:00, run_after=2024-11-27 00:00:00+00:00
[2024-11-27T17:55:11.598+0000] {logging_mixin.py:190} INFO - [2024-11-27T17:55:11.597+0000] {dag.py:4180} INFO - Setting next_dagrun for dataset_with_extra_by_yield to 2024-11-26 00:00:00+00:00, run_after=2024-11-27 00:00:00+00:00
[2024-11-27T17:55:11.602+0000] {logging_mixin.py:190} INFO - [2024-11-27T17:55:11.602+0000] {dag.py:4180} INFO - Setting next_dagrun for dataset_with_extra_from_classic_operator to 2024-11-26 00:00:00+00:00, run_after=2024-11-27 00:00:00+00:00
[2024-11-27T17:55:11.635+0000] {processor.py:208} INFO - Processing /home/airflow/.local/lib/python3.12/site-packages/airflow/example_dags/example_outlet_event_extra.py took 0.566 seconds
[2024-11-27T17:55:41.766+0000] {processor.py:186} INFO - Started process (PID=216) to work on /home/airflow/.local/lib/python3.12/site-packages/airflow/example_dags/example_outlet_event_extra.py
[2024-11-27T17:55:41.767+0000] {processor.py:914} INFO - Processing file /home/airflow/.local/lib/python3.12/site-packages/airflow/example_dags/example_outlet_event_extra.py for tasks to queue
[2024-11-27T17:55:41.769+0000] {logging_mixin.py:190} INFO - [2024-11-27T17:55:41.769+0000] {dagbag.py:588} INFO - Filling up the DagBag from /home/airflow/.local/lib/python3.12/site-packages/airflow/example_dags/example_outlet_event_extra.py
[2024-11-27T17:55:42.197+0000] {processor.py:925} INFO - DAG(s) 'dataset_with_extra_by_yield', 'dataset_with_extra_by_context', 'dataset_with_extra_from_classic_operator' retrieved from /home/airflow/.local/lib/python3.12/site-packages/airflow/example_dags/example_outlet_event_extra.py
[2024-11-27T17:55:42.214+0000] {logging_mixin.py:190} INFO - [2024-11-27T17:55:42.214+0000] {dag.py:3239} INFO - Sync 3 DAGs
[2024-11-27T17:55:42.232+0000] {logging_mixin.py:190} INFO - [2024-11-27T17:55:42.232+0000] {dag.py:4180} INFO - Setting next_dagrun for dataset_with_extra_by_context to 2024-11-26 00:00:00+00:00, run_after=2024-11-27 00:00:00+00:00
[2024-11-27T17:55:42.236+0000] {logging_mixin.py:190} INFO - [2024-11-27T17:55:42.236+0000] {dag.py:4180} INFO - Setting next_dagrun for dataset_with_extra_by_yield to 2024-11-26 00:00:00+00:00, run_after=2024-11-27 00:00:00+00:00
[2024-11-27T17:55:42.238+0000] {logging_mixin.py:190} INFO - [2024-11-27T17:55:42.238+0000] {dag.py:4180} INFO - Setting next_dagrun for dataset_with_extra_from_classic_operator to 2024-11-26 00:00:00+00:00, run_after=2024-11-27 00:00:00+00:00
[2024-11-27T17:55:42.254+0000] {processor.py:208} INFO - Processing /home/airflow/.local/lib/python3.12/site-packages/airflow/example_dags/example_outlet_event_extra.py took 0.493 seconds
[2024-11-27T17:56:12.343+0000] {processor.py:186} INFO - Started process (PID=292) to work on /home/airflow/.local/lib/python3.12/site-packages/airflow/example_dags/example_outlet_event_extra.py
[2024-11-27T17:56:12.344+0000] {processor.py:914} INFO - Processing file /home/airflow/.local/lib/python3.12/site-packages/airflow/example_dags/example_outlet_event_extra.py for tasks to queue
[2024-11-27T17:56:12.346+0000] {logging_mixin.py:190} INFO - [2024-11-27T17:56:12.346+0000] {dagbag.py:588} INFO - Filling up the DagBag from /home/airflow/.local/lib/python3.12/site-packages/airflow/example_dags/example_outlet_event_extra.py
[2024-11-27T17:56:12.744+0000] {processor.py:925} INFO - DAG(s) 'dataset_with_extra_by_yield', 'dataset_with_extra_by_context', 'dataset_with_extra_from_classic_operator' retrieved from /home/airflow/.local/lib/python3.12/site-packages/airflow/example_dags/example_outlet_event_extra.py
[2024-11-27T17:56:12.760+0000] {logging_mixin.py:190} INFO - [2024-11-27T17:56:12.760+0000] {dag.py:3239} INFO - Sync 3 DAGs
[2024-11-27T17:56:12.777+0000] {logging_mixin.py:190} INFO - [2024-11-27T17:56:12.776+0000] {dag.py:4180} INFO - Setting next_dagrun for dataset_with_extra_by_context to 2024-11-26 00:00:00+00:00, run_after=2024-11-27 00:00:00+00:00
[2024-11-27T17:56:12.780+0000] {logging_mixin.py:190} INFO - [2024-11-27T17:56:12.780+0000] {dag.py:4180} INFO - Setting next_dagrun for dataset_with_extra_by_yield to 2024-11-26 00:00:00+00:00, run_after=2024-11-27 00:00:00+00:00
[2024-11-27T17:56:12.782+0000] {logging_mixin.py:190} INFO - [2024-11-27T17:56:12.782+0000] {dag.py:4180} INFO - Setting next_dagrun for dataset_with_extra_from_classic_operator to 2024-11-26 00:00:00+00:00, run_after=2024-11-27 00:00:00+00:00
[2024-11-27T17:56:12.798+0000] {processor.py:208} INFO - Processing /home/airflow/.local/lib/python3.12/site-packages/airflow/example_dags/example_outlet_event_extra.py took 0.459 seconds
[2024-11-27T17:56:42.829+0000] {processor.py:186} INFO - Started process (PID=368) to work on /home/airflow/.local/lib/python3.12/site-packages/airflow/example_dags/example_outlet_event_extra.py
[2024-11-27T17:56:42.829+0000] {processor.py:914} INFO - Processing file /home/airflow/.local/lib/python3.12/site-packages/airflow/example_dags/example_outlet_event_extra.py for tasks to queue
[2024-11-27T17:56:42.831+0000] {logging_mixin.py:190} INFO - [2024-11-27T17:56:42.831+0000] {dagbag.py:588} INFO - Filling up the DagBag from /home/airflow/.local/lib/python3.12/site-packages/airflow/example_dags/example_outlet_event_extra.py
[2024-11-27T17:56:43.232+0000] {processor.py:925} INFO - DAG(s) 'dataset_with_extra_from_classic_operator', 'dataset_with_extra_by_yield', 'dataset_with_extra_by_context' retrieved from /home/airflow/.local/lib/python3.12/site-packages/airflow/example_dags/example_outlet_event_extra.py
[2024-11-27T17:56:43.251+0000] {logging_mixin.py:190} INFO - [2024-11-27T17:56:43.251+0000] {dag.py:3239} INFO - Sync 3 DAGs
[2024-11-27T17:56:43.269+0000] {logging_mixin.py:190} INFO - [2024-11-27T17:56:43.269+0000] {dag.py:4180} INFO - Setting next_dagrun for dataset_with_extra_by_context to 2024-11-26 00:00:00+00:00, run_after=2024-11-27 00:00:00+00:00
[2024-11-27T17:56:43.273+0000] {logging_mixin.py:190} INFO - [2024-11-27T17:56:43.272+0000] {dag.py:4180} INFO - Setting next_dagrun for dataset_with_extra_by_yield to 2024-11-26 00:00:00+00:00, run_after=2024-11-27 00:00:00+00:00
[2024-11-27T17:56:43.274+0000] {logging_mixin.py:190} INFO - [2024-11-27T17:56:43.274+0000] {dag.py:4180} INFO - Setting next_dagrun for dataset_with_extra_from_classic_operator to 2024-11-26 00:00:00+00:00, run_after=2024-11-27 00:00:00+00:00
[2024-11-27T17:56:43.288+0000] {processor.py:208} INFO - Processing /home/airflow/.local/lib/python3.12/site-packages/airflow/example_dags/example_outlet_event_extra.py took 0.464 seconds
[2024-11-27T17:57:14.242+0000] {processor.py:186} INFO - Started process (PID=445) to work on /home/airflow/.local/lib/python3.12/site-packages/airflow/example_dags/example_outlet_event_extra.py
[2024-11-27T17:57:14.243+0000] {processor.py:914} INFO - Processing file /home/airflow/.local/lib/python3.12/site-packages/airflow/example_dags/example_outlet_event_extra.py for tasks to queue
[2024-11-27T17:57:14.245+0000] {logging_mixin.py:190} INFO - [2024-11-27T17:57:14.244+0000] {dagbag.py:588} INFO - Filling up the DagBag from /home/airflow/.local/lib/python3.12/site-packages/airflow/example_dags/example_outlet_event_extra.py
[2024-11-27T17:57:14.679+0000] {processor.py:925} INFO - DAG(s) 'dataset_with_extra_from_classic_operator', 'dataset_with_extra_by_context', 'dataset_with_extra_by_yield' retrieved from /home/airflow/.local/lib/python3.12/site-packages/airflow/example_dags/example_outlet_event_extra.py
[2024-11-27T17:57:14.698+0000] {logging_mixin.py:190} INFO - [2024-11-27T17:57:14.697+0000] {dag.py:3239} INFO - Sync 3 DAGs
[2024-11-27T17:57:14.716+0000] {logging_mixin.py:190} INFO - [2024-11-27T17:57:14.716+0000] {dag.py:4180} INFO - Setting next_dagrun for dataset_with_extra_by_context to 2024-11-26 00:00:00+00:00, run_after=2024-11-27 00:00:00+00:00
[2024-11-27T17:57:14.720+0000] {logging_mixin.py:190} INFO - [2024-11-27T17:57:14.720+0000] {dag.py:4180} INFO - Setting next_dagrun for dataset_with_extra_by_yield to 2024-11-26 00:00:00+00:00, run_after=2024-11-27 00:00:00+00:00
[2024-11-27T17:57:14.722+0000] {logging_mixin.py:190} INFO - [2024-11-27T17:57:14.722+0000] {dag.py:4180} INFO - Setting next_dagrun for dataset_with_extra_from_classic_operator to 2024-11-26 00:00:00+00:00, run_after=2024-11-27 00:00:00+00:00
[2024-11-27T17:57:14.739+0000] {processor.py:208} INFO - Processing /home/airflow/.local/lib/python3.12/site-packages/airflow/example_dags/example_outlet_event_extra.py took 0.502 seconds
