[2024-11-27T17:51:40.556+0000] {processor.py:186} INFO - Started process (PID=69) to work on /home/airflow/.local/lib/python3.12/site-packages/airflow/example_dags/example_bash_decorator.py
[2024-11-27T17:51:40.556+0000] {processor.py:914} INFO - Processing file /home/airflow/.local/lib/python3.12/site-packages/airflow/example_dags/example_bash_decorator.py for tasks to queue
[2024-11-27T17:51:40.558+0000] {logging_mixin.py:190} INFO - [2024-11-27T17:51:40.558+0000] {dagbag.py:588} INFO - Filling up the DagBag from /home/airflow/.local/lib/python3.12/site-packages/airflow/example_dags/example_bash_decorator.py
[2024-11-27T17:51:40.581+0000] {processor.py:925} INFO - DAG(s) 'example_bash_decorator' retrieved from /home/airflow/.local/lib/python3.12/site-packages/airflow/example_dags/example_bash_decorator.py
[2024-11-27T17:51:40.676+0000] {logging_mixin.py:190} INFO - [2024-11-27T17:51:40.675+0000] {override.py:1911} INFO - Created Permission View: can read on DAG:example_bash_decorator
[2024-11-27T17:51:40.684+0000] {logging_mixin.py:190} INFO - [2024-11-27T17:51:40.684+0000] {override.py:1911} INFO - Created Permission View: can delete on DAG:example_bash_decorator
[2024-11-27T17:51:40.690+0000] {logging_mixin.py:190} INFO - [2024-11-27T17:51:40.690+0000] {override.py:1911} INFO - Created Permission View: can edit on DAG:example_bash_decorator
[2024-11-27T17:51:40.699+0000] {logging_mixin.py:190} INFO - [2024-11-27T17:51:40.699+0000] {override.py:1911} INFO - Created Permission View: can read on DAG Run:example_bash_decorator
[2024-11-27T17:51:40.708+0000] {logging_mixin.py:190} INFO - [2024-11-27T17:51:40.708+0000] {override.py:1911} INFO - Created Permission View: can delete on DAG Run:example_bash_decorator
[2024-11-27T17:51:40.716+0000] {logging_mixin.py:190} INFO - [2024-11-27T17:51:40.715+0000] {override.py:1911} INFO - Created Permission View: menu access on DAG Run:example_bash_decorator
[2024-11-27T17:51:40.724+0000] {logging_mixin.py:190} INFO - [2024-11-27T17:51:40.724+0000] {override.py:1911} INFO - Created Permission View: can create on DAG Run:example_bash_decorator
[2024-11-27T17:51:40.725+0000] {logging_mixin.py:190} INFO - [2024-11-27T17:51:40.725+0000] {dag.py:3239} INFO - Sync 1 DAGs
[2024-11-27T17:51:40.739+0000] {logging_mixin.py:190} INFO - [2024-11-27T17:51:40.739+0000] {dag.py:3262} INFO - Creating ORM DAG for example_bash_decorator
[2024-11-27T17:51:40.741+0000] {logging_mixin.py:190} INFO - [2024-11-27T17:51:40.740+0000] {dag.py:4180} INFO - Setting next_dagrun for example_bash_decorator to None, run_after=None
[2024-11-27T17:51:40.758+0000] {processor.py:208} INFO - Processing /home/airflow/.local/lib/python3.12/site-packages/airflow/example_dags/example_bash_decorator.py took 0.207 seconds
[2024-11-27T17:52:10.980+0000] {processor.py:186} INFO - Started process (PID=140) to work on /home/airflow/.local/lib/python3.12/site-packages/airflow/example_dags/example_bash_decorator.py
[2024-11-27T17:52:10.980+0000] {processor.py:914} INFO - Processing file /home/airflow/.local/lib/python3.12/site-packages/airflow/example_dags/example_bash_decorator.py for tasks to queue
[2024-11-27T17:52:10.982+0000] {logging_mixin.py:190} INFO - [2024-11-27T17:52:10.982+0000] {dagbag.py:588} INFO - Filling up the DagBag from /home/airflow/.local/lib/python3.12/site-packages/airflow/example_dags/example_bash_decorator.py
[2024-11-27T17:52:10.993+0000] {processor.py:925} INFO - DAG(s) 'example_bash_decorator' retrieved from /home/airflow/.local/lib/python3.12/site-packages/airflow/example_dags/example_bash_decorator.py
[2024-11-27T17:52:11.010+0000] {logging_mixin.py:190} INFO - [2024-11-27T17:52:11.010+0000] {dag.py:3239} INFO - Sync 1 DAGs
[2024-11-27T17:52:11.021+0000] {logging_mixin.py:190} INFO - [2024-11-27T17:52:11.021+0000] {dag.py:4180} INFO - Setting next_dagrun for example_bash_decorator to None, run_after=None
[2024-11-27T17:52:11.039+0000] {processor.py:208} INFO - Processing /home/airflow/.local/lib/python3.12/site-packages/airflow/example_dags/example_bash_decorator.py took 0.064 seconds
[2024-11-27T17:52:41.625+0000] {processor.py:186} INFO - Started process (PID=217) to work on /home/airflow/.local/lib/python3.12/site-packages/airflow/example_dags/example_bash_decorator.py
[2024-11-27T17:52:41.626+0000] {processor.py:914} INFO - Processing file /home/airflow/.local/lib/python3.12/site-packages/airflow/example_dags/example_bash_decorator.py for tasks to queue
[2024-11-27T17:52:41.629+0000] {logging_mixin.py:190} INFO - [2024-11-27T17:52:41.628+0000] {dagbag.py:588} INFO - Filling up the DagBag from /home/airflow/.local/lib/python3.12/site-packages/airflow/example_dags/example_bash_decorator.py
[2024-11-27T17:52:41.641+0000] {processor.py:925} INFO - DAG(s) 'example_bash_decorator' retrieved from /home/airflow/.local/lib/python3.12/site-packages/airflow/example_dags/example_bash_decorator.py
[2024-11-27T17:52:41.664+0000] {logging_mixin.py:190} INFO - [2024-11-27T17:52:41.663+0000] {dag.py:3239} INFO - Sync 1 DAGs
[2024-11-27T17:52:41.677+0000] {logging_mixin.py:190} INFO - [2024-11-27T17:52:41.677+0000] {dag.py:4180} INFO - Setting next_dagrun for example_bash_decorator to None, run_after=None
[2024-11-27T17:52:41.698+0000] {processor.py:208} INFO - Processing /home/airflow/.local/lib/python3.12/site-packages/airflow/example_dags/example_bash_decorator.py took 0.078 seconds
[2024-11-27T17:54:39.198+0000] {processor.py:186} INFO - Started process (PID=63) to work on /home/airflow/.local/lib/python3.12/site-packages/airflow/example_dags/example_bash_decorator.py
[2024-11-27T17:54:39.200+0000] {processor.py:914} INFO - Processing file /home/airflow/.local/lib/python3.12/site-packages/airflow/example_dags/example_bash_decorator.py for tasks to queue
[2024-11-27T17:54:39.205+0000] {logging_mixin.py:190} INFO - [2024-11-27T17:54:39.204+0000] {dagbag.py:588} INFO - Filling up the DagBag from /home/airflow/.local/lib/python3.12/site-packages/airflow/example_dags/example_bash_decorator.py
[2024-11-27T17:54:39.236+0000] {processor.py:925} INFO - DAG(s) 'example_bash_decorator' retrieved from /home/airflow/.local/lib/python3.12/site-packages/airflow/example_dags/example_bash_decorator.py
[2024-11-27T17:54:39.358+0000] {logging_mixin.py:190} INFO - [2024-11-27T17:54:39.358+0000] {dag.py:3239} INFO - Sync 1 DAGs
[2024-11-27T17:54:39.368+0000] {logging_mixin.py:190} INFO - [2024-11-27T17:54:39.368+0000] {dag.py:4180} INFO - Setting next_dagrun for example_bash_decorator to None, run_after=None
[2024-11-27T17:54:39.383+0000] {processor.py:208} INFO - Processing /home/airflow/.local/lib/python3.12/site-packages/airflow/example_dags/example_bash_decorator.py took 0.197 seconds
[2024-11-27T17:55:09.666+0000] {processor.py:186} INFO - Started process (PID=134) to work on /home/airflow/.local/lib/python3.12/site-packages/airflow/example_dags/example_bash_decorator.py
[2024-11-27T17:55:09.667+0000] {processor.py:914} INFO - Processing file /home/airflow/.local/lib/python3.12/site-packages/airflow/example_dags/example_bash_decorator.py for tasks to queue
[2024-11-27T17:55:09.668+0000] {logging_mixin.py:190} INFO - [2024-11-27T17:55:09.668+0000] {dagbag.py:588} INFO - Filling up the DagBag from /home/airflow/.local/lib/python3.12/site-packages/airflow/example_dags/example_bash_decorator.py
[2024-11-27T17:55:09.679+0000] {processor.py:925} INFO - DAG(s) 'example_bash_decorator' retrieved from /home/airflow/.local/lib/python3.12/site-packages/airflow/example_dags/example_bash_decorator.py
[2024-11-27T17:55:09.695+0000] {logging_mixin.py:190} INFO - [2024-11-27T17:55:09.695+0000] {dag.py:3239} INFO - Sync 1 DAGs
[2024-11-27T17:55:09.705+0000] {logging_mixin.py:190} INFO - [2024-11-27T17:55:09.704+0000] {dag.py:4180} INFO - Setting next_dagrun for example_bash_decorator to None, run_after=None
[2024-11-27T17:55:09.719+0000] {processor.py:208} INFO - Processing /home/airflow/.local/lib/python3.12/site-packages/airflow/example_dags/example_bash_decorator.py took 0.057 seconds
[2024-11-27T17:55:40.237+0000] {processor.py:186} INFO - Started process (PID=205) to work on /home/airflow/.local/lib/python3.12/site-packages/airflow/example_dags/example_bash_decorator.py
[2024-11-27T17:55:40.238+0000] {processor.py:914} INFO - Processing file /home/airflow/.local/lib/python3.12/site-packages/airflow/example_dags/example_bash_decorator.py for tasks to queue
[2024-11-27T17:55:40.240+0000] {logging_mixin.py:190} INFO - [2024-11-27T17:55:40.240+0000] {dagbag.py:588} INFO - Filling up the DagBag from /home/airflow/.local/lib/python3.12/site-packages/airflow/example_dags/example_bash_decorator.py
[2024-11-27T17:55:40.250+0000] {processor.py:925} INFO - DAG(s) 'example_bash_decorator' retrieved from /home/airflow/.local/lib/python3.12/site-packages/airflow/example_dags/example_bash_decorator.py
[2024-11-27T17:55:40.267+0000] {logging_mixin.py:190} INFO - [2024-11-27T17:55:40.267+0000] {dag.py:3239} INFO - Sync 1 DAGs
[2024-11-27T17:55:40.279+0000] {logging_mixin.py:190} INFO - [2024-11-27T17:55:40.279+0000] {dag.py:4180} INFO - Setting next_dagrun for example_bash_decorator to None, run_after=None
[2024-11-27T17:55:40.294+0000] {processor.py:208} INFO - Processing /home/airflow/.local/lib/python3.12/site-packages/airflow/example_dags/example_bash_decorator.py took 0.061 seconds
[2024-11-27T17:56:10.644+0000] {processor.py:186} INFO - Started process (PID=276) to work on /home/airflow/.local/lib/python3.12/site-packages/airflow/example_dags/example_bash_decorator.py
[2024-11-27T17:56:10.645+0000] {processor.py:914} INFO - Processing file /home/airflow/.local/lib/python3.12/site-packages/airflow/example_dags/example_bash_decorator.py for tasks to queue
[2024-11-27T17:56:10.646+0000] {logging_mixin.py:190} INFO - [2024-11-27T17:56:10.646+0000] {dagbag.py:588} INFO - Filling up the DagBag from /home/airflow/.local/lib/python3.12/site-packages/airflow/example_dags/example_bash_decorator.py
[2024-11-27T17:56:10.657+0000] {processor.py:925} INFO - DAG(s) 'example_bash_decorator' retrieved from /home/airflow/.local/lib/python3.12/site-packages/airflow/example_dags/example_bash_decorator.py
[2024-11-27T17:56:10.675+0000] {logging_mixin.py:190} INFO - [2024-11-27T17:56:10.674+0000] {dag.py:3239} INFO - Sync 1 DAGs
[2024-11-27T17:56:10.685+0000] {logging_mixin.py:190} INFO - [2024-11-27T17:56:10.685+0000] {dag.py:4180} INFO - Setting next_dagrun for example_bash_decorator to None, run_after=None
[2024-11-27T17:56:10.699+0000] {processor.py:208} INFO - Processing /home/airflow/.local/lib/python3.12/site-packages/airflow/example_dags/example_bash_decorator.py took 0.059 seconds
[2024-11-27T17:56:40.879+0000] {processor.py:186} INFO - Started process (PID=347) to work on /home/airflow/.local/lib/python3.12/site-packages/airflow/example_dags/example_bash_decorator.py
[2024-11-27T17:56:40.879+0000] {processor.py:914} INFO - Processing file /home/airflow/.local/lib/python3.12/site-packages/airflow/example_dags/example_bash_decorator.py for tasks to queue
[2024-11-27T17:56:40.881+0000] {logging_mixin.py:190} INFO - [2024-11-27T17:56:40.881+0000] {dagbag.py:588} INFO - Filling up the DagBag from /home/airflow/.local/lib/python3.12/site-packages/airflow/example_dags/example_bash_decorator.py
[2024-11-27T17:56:40.892+0000] {processor.py:925} INFO - DAG(s) 'example_bash_decorator' retrieved from /home/airflow/.local/lib/python3.12/site-packages/airflow/example_dags/example_bash_decorator.py
[2024-11-27T17:56:40.908+0000] {logging_mixin.py:190} INFO - [2024-11-27T17:56:40.908+0000] {dag.py:3239} INFO - Sync 1 DAGs
[2024-11-27T17:56:40.917+0000] {logging_mixin.py:190} INFO - [2024-11-27T17:56:40.917+0000] {dag.py:4180} INFO - Setting next_dagrun for example_bash_decorator to None, run_after=None
[2024-11-27T17:56:40.930+0000] {processor.py:208} INFO - Processing /home/airflow/.local/lib/python3.12/site-packages/airflow/example_dags/example_bash_decorator.py took 0.056 seconds
[2024-11-27T17:57:11.272+0000] {processor.py:186} INFO - Started process (PID=418) to work on /home/airflow/.local/lib/python3.12/site-packages/airflow/example_dags/example_bash_decorator.py
[2024-11-27T17:57:11.273+0000] {processor.py:914} INFO - Processing file /home/airflow/.local/lib/python3.12/site-packages/airflow/example_dags/example_bash_decorator.py for tasks to queue
[2024-11-27T17:57:11.275+0000] {logging_mixin.py:190} INFO - [2024-11-27T17:57:11.275+0000] {dagbag.py:588} INFO - Filling up the DagBag from /home/airflow/.local/lib/python3.12/site-packages/airflow/example_dags/example_bash_decorator.py
[2024-11-27T17:57:11.286+0000] {processor.py:925} INFO - DAG(s) 'example_bash_decorator' retrieved from /home/airflow/.local/lib/python3.12/site-packages/airflow/example_dags/example_bash_decorator.py
[2024-11-27T17:57:11.317+0000] {logging_mixin.py:190} INFO - [2024-11-27T17:57:11.316+0000] {dag.py:3239} INFO - Sync 1 DAGs
[2024-11-27T17:57:11.339+0000] {logging_mixin.py:190} INFO - [2024-11-27T17:57:11.338+0000] {dag.py:4180} INFO - Setting next_dagrun for example_bash_decorator to None, run_after=None
[2024-11-27T17:57:11.373+0000] {processor.py:208} INFO - Processing /home/airflow/.local/lib/python3.12/site-packages/airflow/example_dags/example_bash_decorator.py took 0.105 seconds
