[2024-11-27T17:51:46.832+0000] {processor.py:186} INFO - Started process (PID=109) to work on /home/airflow/.local/lib/python3.12/site-packages/airflow/example_dags/example_time_delta_sensor_async.py
[2024-11-27T17:51:46.835+0000] {processor.py:914} INFO - Processing file /home/airflow/.local/lib/python3.12/site-packages/airflow/example_dags/example_time_delta_sensor_async.py for tasks to queue
[2024-11-27T17:51:46.840+0000] {logging_mixin.py:190} INFO - [2024-11-27T17:51:46.839+0000] {dagbag.py:588} INFO - Filling up the DagBag from /home/airflow/.local/lib/python3.12/site-packages/airflow/example_dags/example_time_delta_sensor_async.py
[2024-11-27T17:51:46.847+0000] {processor.py:925} INFO - DAG(s) 'example_time_delta_sensor_async' retrieved from /home/airflow/.local/lib/python3.12/site-packages/airflow/example_dags/example_time_delta_sensor_async.py
[2024-11-27T17:51:46.931+0000] {logging_mixin.py:190} INFO - [2024-11-27T17:51:46.930+0000] {override.py:1911} INFO - Created Permission View: can read on DAG:example_time_delta_sensor_async
[2024-11-27T17:51:46.940+0000] {logging_mixin.py:190} INFO - [2024-11-27T17:51:46.939+0000] {override.py:1911} INFO - Created Permission View: can delete on DAG:example_time_delta_sensor_async
[2024-11-27T17:51:46.945+0000] {logging_mixin.py:190} INFO - [2024-11-27T17:51:46.945+0000] {override.py:1911} INFO - Created Permission View: can edit on DAG:example_time_delta_sensor_async
[2024-11-27T17:51:46.953+0000] {logging_mixin.py:190} INFO - [2024-11-27T17:51:46.953+0000] {override.py:1911} INFO - Created Permission View: can read on DAG Run:example_time_delta_sensor_async
[2024-11-27T17:51:46.958+0000] {logging_mixin.py:190} INFO - [2024-11-27T17:51:46.958+0000] {override.py:1911} INFO - Created Permission View: can delete on DAG Run:example_time_delta_sensor_async
[2024-11-27T17:51:46.964+0000] {logging_mixin.py:190} INFO - [2024-11-27T17:51:46.964+0000] {override.py:1911} INFO - Created Permission View: menu access on DAG Run:example_time_delta_sensor_async
[2024-11-27T17:51:46.970+0000] {logging_mixin.py:190} INFO - [2024-11-27T17:51:46.970+0000] {override.py:1911} INFO - Created Permission View: can create on DAG Run:example_time_delta_sensor_async
[2024-11-27T17:51:46.971+0000] {logging_mixin.py:190} INFO - [2024-11-27T17:51:46.970+0000] {dag.py:3239} INFO - Sync 1 DAGs
[2024-11-27T17:51:46.981+0000] {logging_mixin.py:190} INFO - [2024-11-27T17:51:46.981+0000] {dag.py:3262} INFO - Creating ORM DAG for example_time_delta_sensor_async
[2024-11-27T17:51:46.982+0000] {logging_mixin.py:190} INFO - [2024-11-27T17:51:46.981+0000] {dag.py:4180} INFO - Setting next_dagrun for example_time_delta_sensor_async to None, run_after=None
[2024-11-27T17:51:46.994+0000] {processor.py:208} INFO - Processing /home/airflow/.local/lib/python3.12/site-packages/airflow/example_dags/example_time_delta_sensor_async.py took 0.174 seconds
[2024-11-27T17:52:17.480+0000] {processor.py:186} INFO - Started process (PID=180) to work on /home/airflow/.local/lib/python3.12/site-packages/airflow/example_dags/example_time_delta_sensor_async.py
[2024-11-27T17:52:17.480+0000] {processor.py:914} INFO - Processing file /home/airflow/.local/lib/python3.12/site-packages/airflow/example_dags/example_time_delta_sensor_async.py for tasks to queue
[2024-11-27T17:52:17.482+0000] {logging_mixin.py:190} INFO - [2024-11-27T17:52:17.482+0000] {dagbag.py:588} INFO - Filling up the DagBag from /home/airflow/.local/lib/python3.12/site-packages/airflow/example_dags/example_time_delta_sensor_async.py
[2024-11-27T17:52:17.488+0000] {processor.py:925} INFO - DAG(s) 'example_time_delta_sensor_async' retrieved from /home/airflow/.local/lib/python3.12/site-packages/airflow/example_dags/example_time_delta_sensor_async.py
[2024-11-27T17:52:17.503+0000] {logging_mixin.py:190} INFO - [2024-11-27T17:52:17.503+0000] {dag.py:3239} INFO - Sync 1 DAGs
[2024-11-27T17:52:17.514+0000] {logging_mixin.py:190} INFO - [2024-11-27T17:52:17.514+0000] {dag.py:4180} INFO - Setting next_dagrun for example_time_delta_sensor_async to None, run_after=None
[2024-11-27T17:52:17.535+0000] {processor.py:208} INFO - Processing /home/airflow/.local/lib/python3.12/site-packages/airflow/example_dags/example_time_delta_sensor_async.py took 0.059 seconds
[2024-11-27T17:52:48.373+0000] {processor.py:186} INFO - Started process (PID=251) to work on /home/airflow/.local/lib/python3.12/site-packages/airflow/example_dags/example_time_delta_sensor_async.py
[2024-11-27T17:52:48.374+0000] {processor.py:914} INFO - Processing file /home/airflow/.local/lib/python3.12/site-packages/airflow/example_dags/example_time_delta_sensor_async.py for tasks to queue
[2024-11-27T17:52:48.376+0000] {logging_mixin.py:190} INFO - [2024-11-27T17:52:48.375+0000] {dagbag.py:588} INFO - Filling up the DagBag from /home/airflow/.local/lib/python3.12/site-packages/airflow/example_dags/example_time_delta_sensor_async.py
[2024-11-27T17:52:48.381+0000] {processor.py:925} INFO - DAG(s) 'example_time_delta_sensor_async' retrieved from /home/airflow/.local/lib/python3.12/site-packages/airflow/example_dags/example_time_delta_sensor_async.py
[2024-11-27T17:52:48.397+0000] {logging_mixin.py:190} INFO - [2024-11-27T17:52:48.396+0000] {dag.py:3239} INFO - Sync 1 DAGs
[2024-11-27T17:52:48.409+0000] {logging_mixin.py:190} INFO - [2024-11-27T17:52:48.409+0000] {dag.py:4180} INFO - Setting next_dagrun for example_time_delta_sensor_async to None, run_after=None
[2024-11-27T17:52:48.424+0000] {processor.py:208} INFO - Processing /home/airflow/.local/lib/python3.12/site-packages/airflow/example_dags/example_time_delta_sensor_async.py took 0.056 seconds
[2024-11-27T17:54:41.893+0000] {processor.py:186} INFO - Started process (PID=97) to work on /home/airflow/.local/lib/python3.12/site-packages/airflow/example_dags/example_time_delta_sensor_async.py
[2024-11-27T17:54:41.894+0000] {processor.py:914} INFO - Processing file /home/airflow/.local/lib/python3.12/site-packages/airflow/example_dags/example_time_delta_sensor_async.py for tasks to queue
[2024-11-27T17:54:41.896+0000] {logging_mixin.py:190} INFO - [2024-11-27T17:54:41.896+0000] {dagbag.py:588} INFO - Filling up the DagBag from /home/airflow/.local/lib/python3.12/site-packages/airflow/example_dags/example_time_delta_sensor_async.py
[2024-11-27T17:54:41.902+0000] {processor.py:925} INFO - DAG(s) 'example_time_delta_sensor_async' retrieved from /home/airflow/.local/lib/python3.12/site-packages/airflow/example_dags/example_time_delta_sensor_async.py
[2024-11-27T17:54:41.916+0000] {logging_mixin.py:190} INFO - [2024-11-27T17:54:41.916+0000] {dag.py:3239} INFO - Sync 1 DAGs
[2024-11-27T17:54:41.926+0000] {logging_mixin.py:190} INFO - [2024-11-27T17:54:41.926+0000] {dag.py:4180} INFO - Setting next_dagrun for example_time_delta_sensor_async to None, run_after=None
[2024-11-27T17:54:41.942+0000] {processor.py:208} INFO - Processing /home/airflow/.local/lib/python3.12/site-packages/airflow/example_dags/example_time_delta_sensor_async.py took 0.053 seconds
[2024-11-27T17:55:13.269+0000] {processor.py:186} INFO - Started process (PID=174) to work on /home/airflow/.local/lib/python3.12/site-packages/airflow/example_dags/example_time_delta_sensor_async.py
[2024-11-27T17:55:13.269+0000] {processor.py:914} INFO - Processing file /home/airflow/.local/lib/python3.12/site-packages/airflow/example_dags/example_time_delta_sensor_async.py for tasks to queue
[2024-11-27T17:55:13.271+0000] {logging_mixin.py:190} INFO - [2024-11-27T17:55:13.271+0000] {dagbag.py:588} INFO - Filling up the DagBag from /home/airflow/.local/lib/python3.12/site-packages/airflow/example_dags/example_time_delta_sensor_async.py
[2024-11-27T17:55:13.276+0000] {processor.py:925} INFO - DAG(s) 'example_time_delta_sensor_async' retrieved from /home/airflow/.local/lib/python3.12/site-packages/airflow/example_dags/example_time_delta_sensor_async.py
[2024-11-27T17:55:13.288+0000] {logging_mixin.py:190} INFO - [2024-11-27T17:55:13.287+0000] {dag.py:3239} INFO - Sync 1 DAGs
[2024-11-27T17:55:13.297+0000] {logging_mixin.py:190} INFO - [2024-11-27T17:55:13.296+0000] {dag.py:4180} INFO - Setting next_dagrun for example_time_delta_sensor_async to None, run_after=None
[2024-11-27T17:55:13.309+0000] {processor.py:208} INFO - Processing /home/airflow/.local/lib/python3.12/site-packages/airflow/example_dags/example_time_delta_sensor_async.py took 0.044 seconds
[2024-11-27T17:55:44.616+0000] {processor.py:186} INFO - Started process (PID=245) to work on /home/airflow/.local/lib/python3.12/site-packages/airflow/example_dags/example_time_delta_sensor_async.py
[2024-11-27T17:55:44.617+0000] {processor.py:914} INFO - Processing file /home/airflow/.local/lib/python3.12/site-packages/airflow/example_dags/example_time_delta_sensor_async.py for tasks to queue
[2024-11-27T17:55:44.619+0000] {logging_mixin.py:190} INFO - [2024-11-27T17:55:44.618+0000] {dagbag.py:588} INFO - Filling up the DagBag from /home/airflow/.local/lib/python3.12/site-packages/airflow/example_dags/example_time_delta_sensor_async.py
[2024-11-27T17:55:44.624+0000] {processor.py:925} INFO - DAG(s) 'example_time_delta_sensor_async' retrieved from /home/airflow/.local/lib/python3.12/site-packages/airflow/example_dags/example_time_delta_sensor_async.py
[2024-11-27T17:55:44.638+0000] {logging_mixin.py:190} INFO - [2024-11-27T17:55:44.638+0000] {dag.py:3239} INFO - Sync 1 DAGs
[2024-11-27T17:55:44.649+0000] {logging_mixin.py:190} INFO - [2024-11-27T17:55:44.648+0000] {dag.py:4180} INFO - Setting next_dagrun for example_time_delta_sensor_async to None, run_after=None
[2024-11-27T17:55:44.664+0000] {processor.py:208} INFO - Processing /home/airflow/.local/lib/python3.12/site-packages/airflow/example_dags/example_time_delta_sensor_async.py took 0.052 seconds
[2024-11-27T17:56:15.822+0000] {processor.py:186} INFO - Started process (PID=316) to work on /home/airflow/.local/lib/python3.12/site-packages/airflow/example_dags/example_time_delta_sensor_async.py
[2024-11-27T17:56:15.823+0000] {processor.py:914} INFO - Processing file /home/airflow/.local/lib/python3.12/site-packages/airflow/example_dags/example_time_delta_sensor_async.py for tasks to queue
[2024-11-27T17:56:15.825+0000] {logging_mixin.py:190} INFO - [2024-11-27T17:56:15.824+0000] {dagbag.py:588} INFO - Filling up the DagBag from /home/airflow/.local/lib/python3.12/site-packages/airflow/example_dags/example_time_delta_sensor_async.py
[2024-11-27T17:56:15.830+0000] {processor.py:925} INFO - DAG(s) 'example_time_delta_sensor_async' retrieved from /home/airflow/.local/lib/python3.12/site-packages/airflow/example_dags/example_time_delta_sensor_async.py
[2024-11-27T17:56:15.843+0000] {logging_mixin.py:190} INFO - [2024-11-27T17:56:15.843+0000] {dag.py:3239} INFO - Sync 1 DAGs
[2024-11-27T17:56:15.854+0000] {logging_mixin.py:190} INFO - [2024-11-27T17:56:15.854+0000] {dag.py:4180} INFO - Setting next_dagrun for example_time_delta_sensor_async to None, run_after=None
[2024-11-27T17:56:15.868+0000] {processor.py:208} INFO - Processing /home/airflow/.local/lib/python3.12/site-packages/airflow/example_dags/example_time_delta_sensor_async.py took 0.050 seconds
[2024-11-27T17:56:46.363+0000] {processor.py:186} INFO - Started process (PID=387) to work on /home/airflow/.local/lib/python3.12/site-packages/airflow/example_dags/example_time_delta_sensor_async.py
[2024-11-27T17:56:46.363+0000] {processor.py:914} INFO - Processing file /home/airflow/.local/lib/python3.12/site-packages/airflow/example_dags/example_time_delta_sensor_async.py for tasks to queue
[2024-11-27T17:56:46.365+0000] {logging_mixin.py:190} INFO - [2024-11-27T17:56:46.365+0000] {dagbag.py:588} INFO - Filling up the DagBag from /home/airflow/.local/lib/python3.12/site-packages/airflow/example_dags/example_time_delta_sensor_async.py
[2024-11-27T17:56:46.370+0000] {processor.py:925} INFO - DAG(s) 'example_time_delta_sensor_async' retrieved from /home/airflow/.local/lib/python3.12/site-packages/airflow/example_dags/example_time_delta_sensor_async.py
[2024-11-27T17:56:46.384+0000] {logging_mixin.py:190} INFO - [2024-11-27T17:56:46.384+0000] {dag.py:3239} INFO - Sync 1 DAGs
[2024-11-27T17:56:46.394+0000] {logging_mixin.py:190} INFO - [2024-11-27T17:56:46.394+0000] {dag.py:4180} INFO - Setting next_dagrun for example_time_delta_sensor_async to None, run_after=None
[2024-11-27T17:56:46.410+0000] {processor.py:208} INFO - Processing /home/airflow/.local/lib/python3.12/site-packages/airflow/example_dags/example_time_delta_sensor_async.py took 0.052 seconds
