[2024-11-27T17:51:43.346+0000] {processor.py:186} INFO - Started process (PID=90) to work on /home/airflow/.local/lib/python3.12/site-packages/airflow/example_dags/example_local_kubernetes_executor.py
[2024-11-27T17:51:43.347+0000] {processor.py:914} INFO - Processing file /home/airflow/.local/lib/python3.12/site-packages/airflow/example_dags/example_local_kubernetes_executor.py for tasks to queue
[2024-11-27T17:51:43.349+0000] {logging_mixin.py:190} INFO - [2024-11-27T17:51:43.349+0000] {dagbag.py:588} INFO - Filling up the DagBag from /home/airflow/.local/lib/python3.12/site-packages/airflow/example_dags/example_local_kubernetes_executor.py
[2024-11-27T17:51:43.358+0000] {processor.py:925} INFO - DAG(s) 'example_local_kubernetes_executor' retrieved from /home/airflow/.local/lib/python3.12/site-packages/airflow/example_dags/example_local_kubernetes_executor.py
[2024-11-27T17:51:43.460+0000] {logging_mixin.py:190} INFO - [2024-11-27T17:51:43.459+0000] {override.py:1911} INFO - Created Permission View: can read on DAG:example_local_kubernetes_executor
[2024-11-27T17:51:43.472+0000] {logging_mixin.py:190} INFO - [2024-11-27T17:51:43.471+0000] {override.py:1911} INFO - Created Permission View: can delete on DAG:example_local_kubernetes_executor
[2024-11-27T17:51:43.478+0000] {logging_mixin.py:190} INFO - [2024-11-27T17:51:43.478+0000] {override.py:1911} INFO - Created Permission View: can edit on DAG:example_local_kubernetes_executor
[2024-11-27T17:51:43.487+0000] {logging_mixin.py:190} INFO - [2024-11-27T17:51:43.487+0000] {override.py:1911} INFO - Created Permission View: can read on DAG Run:example_local_kubernetes_executor
[2024-11-27T17:51:43.494+0000] {logging_mixin.py:190} INFO - [2024-11-27T17:51:43.494+0000] {override.py:1911} INFO - Created Permission View: can delete on DAG Run:example_local_kubernetes_executor
[2024-11-27T17:51:43.501+0000] {logging_mixin.py:190} INFO - [2024-11-27T17:51:43.500+0000] {override.py:1911} INFO - Created Permission View: menu access on DAG Run:example_local_kubernetes_executor
[2024-11-27T17:51:43.507+0000] {logging_mixin.py:190} INFO - [2024-11-27T17:51:43.507+0000] {override.py:1911} INFO - Created Permission View: can create on DAG Run:example_local_kubernetes_executor
[2024-11-27T17:51:43.508+0000] {logging_mixin.py:190} INFO - [2024-11-27T17:51:43.508+0000] {dag.py:3239} INFO - Sync 1 DAGs
[2024-11-27T17:51:43.518+0000] {logging_mixin.py:190} INFO - [2024-11-27T17:51:43.517+0000] {dag.py:3262} INFO - Creating ORM DAG for example_local_kubernetes_executor
[2024-11-27T17:51:43.518+0000] {logging_mixin.py:190} INFO - [2024-11-27T17:51:43.518+0000] {dag.py:4180} INFO - Setting next_dagrun for example_local_kubernetes_executor to None, run_after=None
[2024-11-27T17:51:43.532+0000] {processor.py:208} INFO - Processing /home/airflow/.local/lib/python3.12/site-packages/airflow/example_dags/example_local_kubernetes_executor.py took 0.192 seconds
[2024-11-27T17:52:14.064+0000] {processor.py:186} INFO - Started process (PID=161) to work on /home/airflow/.local/lib/python3.12/site-packages/airflow/example_dags/example_local_kubernetes_executor.py
[2024-11-27T17:52:14.065+0000] {processor.py:914} INFO - Processing file /home/airflow/.local/lib/python3.12/site-packages/airflow/example_dags/example_local_kubernetes_executor.py for tasks to queue
[2024-11-27T17:52:14.067+0000] {logging_mixin.py:190} INFO - [2024-11-27T17:52:14.067+0000] {dagbag.py:588} INFO - Filling up the DagBag from /home/airflow/.local/lib/python3.12/site-packages/airflow/example_dags/example_local_kubernetes_executor.py
[2024-11-27T17:52:14.074+0000] {processor.py:925} INFO - DAG(s) 'example_local_kubernetes_executor' retrieved from /home/airflow/.local/lib/python3.12/site-packages/airflow/example_dags/example_local_kubernetes_executor.py
[2024-11-27T17:52:14.097+0000] {logging_mixin.py:190} INFO - [2024-11-27T17:52:14.097+0000] {dag.py:3239} INFO - Sync 1 DAGs
[2024-11-27T17:52:14.107+0000] {logging_mixin.py:190} INFO - [2024-11-27T17:52:14.107+0000] {dag.py:4180} INFO - Setting next_dagrun for example_local_kubernetes_executor to None, run_after=None
[2024-11-27T17:52:14.126+0000] {processor.py:208} INFO - Processing /home/airflow/.local/lib/python3.12/site-packages/airflow/example_dags/example_local_kubernetes_executor.py took 0.066 seconds
[2024-11-27T17:52:44.687+0000] {processor.py:186} INFO - Started process (PID=232) to work on /home/airflow/.local/lib/python3.12/site-packages/airflow/example_dags/example_local_kubernetes_executor.py
[2024-11-27T17:52:44.687+0000] {processor.py:914} INFO - Processing file /home/airflow/.local/lib/python3.12/site-packages/airflow/example_dags/example_local_kubernetes_executor.py for tasks to queue
[2024-11-27T17:52:44.689+0000] {logging_mixin.py:190} INFO - [2024-11-27T17:52:44.689+0000] {dagbag.py:588} INFO - Filling up the DagBag from /home/airflow/.local/lib/python3.12/site-packages/airflow/example_dags/example_local_kubernetes_executor.py
[2024-11-27T17:52:44.696+0000] {processor.py:925} INFO - DAG(s) 'example_local_kubernetes_executor' retrieved from /home/airflow/.local/lib/python3.12/site-packages/airflow/example_dags/example_local_kubernetes_executor.py
[2024-11-27T17:52:44.717+0000] {logging_mixin.py:190} INFO - [2024-11-27T17:52:44.717+0000] {dag.py:3239} INFO - Sync 1 DAGs
[2024-11-27T17:52:44.728+0000] {logging_mixin.py:190} INFO - [2024-11-27T17:52:44.728+0000] {dag.py:4180} INFO - Setting next_dagrun for example_local_kubernetes_executor to None, run_after=None
[2024-11-27T17:52:44.743+0000] {processor.py:208} INFO - Processing /home/airflow/.local/lib/python3.12/site-packages/airflow/example_dags/example_local_kubernetes_executor.py took 0.061 seconds
[2024-11-27T17:54:40.487+0000] {processor.py:186} INFO - Started process (PID=78) to work on /home/airflow/.local/lib/python3.12/site-packages/airflow/example_dags/example_local_kubernetes_executor.py
[2024-11-27T17:54:40.489+0000] {processor.py:914} INFO - Processing file /home/airflow/.local/lib/python3.12/site-packages/airflow/example_dags/example_local_kubernetes_executor.py for tasks to queue
[2024-11-27T17:54:40.493+0000] {logging_mixin.py:190} INFO - [2024-11-27T17:54:40.493+0000] {dagbag.py:588} INFO - Filling up the DagBag from /home/airflow/.local/lib/python3.12/site-packages/airflow/example_dags/example_local_kubernetes_executor.py
[2024-11-27T17:54:40.500+0000] {processor.py:925} INFO - DAG(s) 'example_local_kubernetes_executor' retrieved from /home/airflow/.local/lib/python3.12/site-packages/airflow/example_dags/example_local_kubernetes_executor.py
[2024-11-27T17:54:40.529+0000] {logging_mixin.py:190} INFO - [2024-11-27T17:54:40.528+0000] {dag.py:3239} INFO - Sync 1 DAGs
[2024-11-27T17:54:40.539+0000] {logging_mixin.py:190} INFO - [2024-11-27T17:54:40.539+0000] {dag.py:4180} INFO - Setting next_dagrun for example_local_kubernetes_executor to None, run_after=None
[2024-11-27T17:54:40.552+0000] {processor.py:208} INFO - Processing /home/airflow/.local/lib/python3.12/site-packages/airflow/example_dags/example_local_kubernetes_executor.py took 0.069 seconds
[2024-11-27T17:55:11.726+0000] {processor.py:186} INFO - Started process (PID=149) to work on /home/airflow/.local/lib/python3.12/site-packages/airflow/example_dags/example_local_kubernetes_executor.py
[2024-11-27T17:55:11.727+0000] {processor.py:914} INFO - Processing file /home/airflow/.local/lib/python3.12/site-packages/airflow/example_dags/example_local_kubernetes_executor.py for tasks to queue
[2024-11-27T17:55:11.728+0000] {logging_mixin.py:190} INFO - [2024-11-27T17:55:11.728+0000] {dagbag.py:588} INFO - Filling up the DagBag from /home/airflow/.local/lib/python3.12/site-packages/airflow/example_dags/example_local_kubernetes_executor.py
[2024-11-27T17:55:11.736+0000] {processor.py:925} INFO - DAG(s) 'example_local_kubernetes_executor' retrieved from /home/airflow/.local/lib/python3.12/site-packages/airflow/example_dags/example_local_kubernetes_executor.py
[2024-11-27T17:55:11.757+0000] {logging_mixin.py:190} INFO - [2024-11-27T17:55:11.757+0000] {dag.py:3239} INFO - Sync 1 DAGs
[2024-11-27T17:55:11.767+0000] {logging_mixin.py:190} INFO - [2024-11-27T17:55:11.767+0000] {dag.py:4180} INFO - Setting next_dagrun for example_local_kubernetes_executor to None, run_after=None
[2024-11-27T17:55:11.781+0000] {processor.py:208} INFO - Processing /home/airflow/.local/lib/python3.12/site-packages/airflow/example_dags/example_local_kubernetes_executor.py took 0.060 seconds
[2024-11-27T17:55:42.070+0000] {processor.py:186} INFO - Started process (PID=220) to work on /home/airflow/.local/lib/python3.12/site-packages/airflow/example_dags/example_local_kubernetes_executor.py
[2024-11-27T17:55:42.071+0000] {processor.py:914} INFO - Processing file /home/airflow/.local/lib/python3.12/site-packages/airflow/example_dags/example_local_kubernetes_executor.py for tasks to queue
[2024-11-27T17:55:42.073+0000] {logging_mixin.py:190} INFO - [2024-11-27T17:55:42.072+0000] {dagbag.py:588} INFO - Filling up the DagBag from /home/airflow/.local/lib/python3.12/site-packages/airflow/example_dags/example_local_kubernetes_executor.py
[2024-11-27T17:55:42.080+0000] {processor.py:925} INFO - DAG(s) 'example_local_kubernetes_executor' retrieved from /home/airflow/.local/lib/python3.12/site-packages/airflow/example_dags/example_local_kubernetes_executor.py
[2024-11-27T17:55:42.105+0000] {logging_mixin.py:190} INFO - [2024-11-27T17:55:42.105+0000] {dag.py:3239} INFO - Sync 1 DAGs
[2024-11-27T17:55:42.118+0000] {logging_mixin.py:190} INFO - [2024-11-27T17:55:42.117+0000] {dag.py:4180} INFO - Setting next_dagrun for example_local_kubernetes_executor to None, run_after=None
[2024-11-27T17:55:42.134+0000] {processor.py:208} INFO - Processing /home/airflow/.local/lib/python3.12/site-packages/airflow/example_dags/example_local_kubernetes_executor.py took 0.069 seconds
[2024-11-27T17:56:12.257+0000] {processor.py:186} INFO - Started process (PID=290) to work on /home/airflow/.local/lib/python3.12/site-packages/airflow/example_dags/example_local_kubernetes_executor.py
[2024-11-27T17:56:12.257+0000] {processor.py:914} INFO - Processing file /home/airflow/.local/lib/python3.12/site-packages/airflow/example_dags/example_local_kubernetes_executor.py for tasks to queue
[2024-11-27T17:56:12.259+0000] {logging_mixin.py:190} INFO - [2024-11-27T17:56:12.259+0000] {dagbag.py:588} INFO - Filling up the DagBag from /home/airflow/.local/lib/python3.12/site-packages/airflow/example_dags/example_local_kubernetes_executor.py
[2024-11-27T17:56:12.267+0000] {processor.py:925} INFO - DAG(s) 'example_local_kubernetes_executor' retrieved from /home/airflow/.local/lib/python3.12/site-packages/airflow/example_dags/example_local_kubernetes_executor.py
[2024-11-27T17:56:12.288+0000] {logging_mixin.py:190} INFO - [2024-11-27T17:56:12.288+0000] {dag.py:3239} INFO - Sync 1 DAGs
[2024-11-27T17:56:12.299+0000] {logging_mixin.py:190} INFO - [2024-11-27T17:56:12.299+0000] {dag.py:4180} INFO - Setting next_dagrun for example_local_kubernetes_executor to None, run_after=None
[2024-11-27T17:56:12.314+0000] {processor.py:208} INFO - Processing /home/airflow/.local/lib/python3.12/site-packages/airflow/example_dags/example_local_kubernetes_executor.py took 0.061 seconds
[2024-11-27T17:56:42.453+0000] {processor.py:186} INFO - Started process (PID=361) to work on /home/airflow/.local/lib/python3.12/site-packages/airflow/example_dags/example_local_kubernetes_executor.py
[2024-11-27T17:56:42.454+0000] {processor.py:914} INFO - Processing file /home/airflow/.local/lib/python3.12/site-packages/airflow/example_dags/example_local_kubernetes_executor.py for tasks to queue
[2024-11-27T17:56:42.456+0000] {logging_mixin.py:190} INFO - [2024-11-27T17:56:42.456+0000] {dagbag.py:588} INFO - Filling up the DagBag from /home/airflow/.local/lib/python3.12/site-packages/airflow/example_dags/example_local_kubernetes_executor.py
[2024-11-27T17:56:42.462+0000] {processor.py:925} INFO - DAG(s) 'example_local_kubernetes_executor' retrieved from /home/airflow/.local/lib/python3.12/site-packages/airflow/example_dags/example_local_kubernetes_executor.py
[2024-11-27T17:56:42.484+0000] {logging_mixin.py:190} INFO - [2024-11-27T17:56:42.483+0000] {dag.py:3239} INFO - Sync 1 DAGs
[2024-11-27T17:56:42.494+0000] {logging_mixin.py:190} INFO - [2024-11-27T17:56:42.493+0000] {dag.py:4180} INFO - Setting next_dagrun for example_local_kubernetes_executor to None, run_after=None
[2024-11-27T17:56:42.507+0000] {processor.py:208} INFO - Processing /home/airflow/.local/lib/python3.12/site-packages/airflow/example_dags/example_local_kubernetes_executor.py took 0.058 seconds
[2024-11-27T17:57:12.948+0000] {processor.py:186} INFO - Started process (PID=432) to work on /home/airflow/.local/lib/python3.12/site-packages/airflow/example_dags/example_local_kubernetes_executor.py
[2024-11-27T17:57:12.949+0000] {processor.py:914} INFO - Processing file /home/airflow/.local/lib/python3.12/site-packages/airflow/example_dags/example_local_kubernetes_executor.py for tasks to queue
[2024-11-27T17:57:12.951+0000] {logging_mixin.py:190} INFO - [2024-11-27T17:57:12.951+0000] {dagbag.py:588} INFO - Filling up the DagBag from /home/airflow/.local/lib/python3.12/site-packages/airflow/example_dags/example_local_kubernetes_executor.py
[2024-11-27T17:57:12.958+0000] {processor.py:925} INFO - DAG(s) 'example_local_kubernetes_executor' retrieved from /home/airflow/.local/lib/python3.12/site-packages/airflow/example_dags/example_local_kubernetes_executor.py
[2024-11-27T17:57:12.980+0000] {logging_mixin.py:190} INFO - [2024-11-27T17:57:12.980+0000] {dag.py:3239} INFO - Sync 1 DAGs
[2024-11-27T17:57:12.990+0000] {logging_mixin.py:190} INFO - [2024-11-27T17:57:12.990+0000] {dag.py:4180} INFO - Setting next_dagrun for example_local_kubernetes_executor to None, run_after=None
[2024-11-27T17:57:13.009+0000] {processor.py:208} INFO - Processing /home/airflow/.local/lib/python3.12/site-packages/airflow/example_dags/example_local_kubernetes_executor.py took 0.065 seconds
