[2024-11-27T17:51:45.870+0000] {processor.py:186} INFO - Started process (PID=104) to work on /home/airflow/.local/lib/python3.12/site-packages/airflow/example_dags/example_dataset_alias_with_no_taskflow.py
[2024-11-27T17:51:45.871+0000] {processor.py:914} INFO - Processing file /home/airflow/.local/lib/python3.12/site-packages/airflow/example_dags/example_dataset_alias_with_no_taskflow.py for tasks to queue
[2024-11-27T17:51:45.873+0000] {logging_mixin.py:190} INFO - [2024-11-27T17:51:45.873+0000] {dagbag.py:588} INFO - Filling up the DagBag from /home/airflow/.local/lib/python3.12/site-packages/airflow/example_dags/example_dataset_alias_with_no_taskflow.py
[2024-11-27T17:51:46.382+0000] {processor.py:925} INFO - DAG(s) 'dataset_alias_example_alias_consumer_with_no_taskflow', 'dataset_s3_bucket_consumer_with_no_taskflow', 'dataset_alias_example_alias_producer_with_no_taskflow', 'dataset_s3_bucket_producer_with_no_taskflow' retrieved from /home/airflow/.local/lib/python3.12/site-packages/airflow/example_dags/example_dataset_alias_with_no_taskflow.py
[2024-11-27T17:51:46.450+0000] {logging_mixin.py:190} INFO - [2024-11-27T17:51:46.450+0000] {override.py:1911} INFO - Created Permission View: can read on DAG:dataset_alias_example_alias_consumer_with_no_taskflow
[2024-11-27T17:51:46.458+0000] {logging_mixin.py:190} INFO - [2024-11-27T17:51:46.458+0000] {override.py:1911} INFO - Created Permission View: can delete on DAG:dataset_alias_example_alias_consumer_with_no_taskflow
[2024-11-27T17:51:46.464+0000] {logging_mixin.py:190} INFO - [2024-11-27T17:51:46.464+0000] {override.py:1911} INFO - Created Permission View: can edit on DAG:dataset_alias_example_alias_consumer_with_no_taskflow
[2024-11-27T17:51:46.473+0000] {logging_mixin.py:190} INFO - [2024-11-27T17:51:46.473+0000] {override.py:1911} INFO - Created Permission View: can read on DAG Run:dataset_alias_example_alias_consumer_with_no_taskflow
[2024-11-27T17:51:46.479+0000] {logging_mixin.py:190} INFO - [2024-11-27T17:51:46.479+0000] {override.py:1911} INFO - Created Permission View: can delete on DAG Run:dataset_alias_example_alias_consumer_with_no_taskflow
[2024-11-27T17:51:46.485+0000] {logging_mixin.py:190} INFO - [2024-11-27T17:51:46.485+0000] {override.py:1911} INFO - Created Permission View: menu access on DAG Run:dataset_alias_example_alias_consumer_with_no_taskflow
[2024-11-27T17:51:46.491+0000] {logging_mixin.py:190} INFO - [2024-11-27T17:51:46.491+0000] {override.py:1911} INFO - Created Permission View: can create on DAG Run:dataset_alias_example_alias_consumer_with_no_taskflow
[2024-11-27T17:51:46.503+0000] {logging_mixin.py:190} INFO - [2024-11-27T17:51:46.503+0000] {override.py:1911} INFO - Created Permission View: can read on DAG:dataset_s3_bucket_consumer_with_no_taskflow
[2024-11-27T17:51:46.509+0000] {logging_mixin.py:190} INFO - [2024-11-27T17:51:46.509+0000] {override.py:1911} INFO - Created Permission View: can delete on DAG:dataset_s3_bucket_consumer_with_no_taskflow
[2024-11-27T17:51:46.516+0000] {logging_mixin.py:190} INFO - [2024-11-27T17:51:46.516+0000] {override.py:1911} INFO - Created Permission View: can edit on DAG:dataset_s3_bucket_consumer_with_no_taskflow
[2024-11-27T17:51:46.527+0000] {logging_mixin.py:190} INFO - [2024-11-27T17:51:46.527+0000] {override.py:1911} INFO - Created Permission View: can read on DAG Run:dataset_s3_bucket_consumer_with_no_taskflow
[2024-11-27T17:51:46.534+0000] {logging_mixin.py:190} INFO - [2024-11-27T17:51:46.534+0000] {override.py:1911} INFO - Created Permission View: can delete on DAG Run:dataset_s3_bucket_consumer_with_no_taskflow
[2024-11-27T17:51:46.541+0000] {logging_mixin.py:190} INFO - [2024-11-27T17:51:46.541+0000] {override.py:1911} INFO - Created Permission View: menu access on DAG Run:dataset_s3_bucket_consumer_with_no_taskflow
[2024-11-27T17:51:46.548+0000] {logging_mixin.py:190} INFO - [2024-11-27T17:51:46.548+0000] {override.py:1911} INFO - Created Permission View: can create on DAG Run:dataset_s3_bucket_consumer_with_no_taskflow
[2024-11-27T17:51:46.562+0000] {logging_mixin.py:190} INFO - [2024-11-27T17:51:46.562+0000] {override.py:1911} INFO - Created Permission View: can read on DAG:dataset_alias_example_alias_producer_with_no_taskflow
[2024-11-27T17:51:46.569+0000] {logging_mixin.py:190} INFO - [2024-11-27T17:51:46.569+0000] {override.py:1911} INFO - Created Permission View: can delete on DAG:dataset_alias_example_alias_producer_with_no_taskflow
[2024-11-27T17:51:46.575+0000] {logging_mixin.py:190} INFO - [2024-11-27T17:51:46.575+0000] {override.py:1911} INFO - Created Permission View: can edit on DAG:dataset_alias_example_alias_producer_with_no_taskflow
[2024-11-27T17:51:46.583+0000] {logging_mixin.py:190} INFO - [2024-11-27T17:51:46.583+0000] {override.py:1911} INFO - Created Permission View: can read on DAG Run:dataset_alias_example_alias_producer_with_no_taskflow
[2024-11-27T17:51:46.589+0000] {logging_mixin.py:190} INFO - [2024-11-27T17:51:46.589+0000] {override.py:1911} INFO - Created Permission View: can delete on DAG Run:dataset_alias_example_alias_producer_with_no_taskflow
[2024-11-27T17:51:46.596+0000] {logging_mixin.py:190} INFO - [2024-11-27T17:51:46.595+0000] {override.py:1911} INFO - Created Permission View: menu access on DAG Run:dataset_alias_example_alias_producer_with_no_taskflow
[2024-11-27T17:51:46.603+0000] {logging_mixin.py:190} INFO - [2024-11-27T17:51:46.602+0000] {override.py:1911} INFO - Created Permission View: can create on DAG Run:dataset_alias_example_alias_producer_with_no_taskflow
[2024-11-27T17:51:46.618+0000] {logging_mixin.py:190} INFO - [2024-11-27T17:51:46.618+0000] {override.py:1911} INFO - Created Permission View: can read on DAG:dataset_s3_bucket_producer_with_no_taskflow
[2024-11-27T17:51:46.626+0000] {logging_mixin.py:190} INFO - [2024-11-27T17:51:46.626+0000] {override.py:1911} INFO - Created Permission View: can delete on DAG:dataset_s3_bucket_producer_with_no_taskflow
[2024-11-27T17:51:46.633+0000] {logging_mixin.py:190} INFO - [2024-11-27T17:51:46.633+0000] {override.py:1911} INFO - Created Permission View: can edit on DAG:dataset_s3_bucket_producer_with_no_taskflow
[2024-11-27T17:51:46.642+0000] {logging_mixin.py:190} INFO - [2024-11-27T17:51:46.641+0000] {override.py:1911} INFO - Created Permission View: can read on DAG Run:dataset_s3_bucket_producer_with_no_taskflow
[2024-11-27T17:51:46.648+0000] {logging_mixin.py:190} INFO - [2024-11-27T17:51:46.648+0000] {override.py:1911} INFO - Created Permission View: can delete on DAG Run:dataset_s3_bucket_producer_with_no_taskflow
[2024-11-27T17:51:46.656+0000] {logging_mixin.py:190} INFO - [2024-11-27T17:51:46.656+0000] {override.py:1911} INFO - Created Permission View: menu access on DAG Run:dataset_s3_bucket_producer_with_no_taskflow
[2024-11-27T17:51:46.663+0000] {logging_mixin.py:190} INFO - [2024-11-27T17:51:46.663+0000] {override.py:1911} INFO - Created Permission View: can create on DAG Run:dataset_s3_bucket_producer_with_no_taskflow
[2024-11-27T17:51:46.664+0000] {logging_mixin.py:190} INFO - [2024-11-27T17:51:46.663+0000] {dag.py:3239} INFO - Sync 4 DAGs
[2024-11-27T17:51:46.685+0000] {logging_mixin.py:190} INFO - [2024-11-27T17:51:46.684+0000] {dag.py:3262} INFO - Creating ORM DAG for dataset_alias_example_alias_producer_with_no_taskflow
[2024-11-27T17:51:46.687+0000] {logging_mixin.py:190} INFO - [2024-11-27T17:51:46.687+0000] {dag.py:3262} INFO - Creating ORM DAG for dataset_s3_bucket_producer_with_no_taskflow
[2024-11-27T17:51:46.688+0000] {logging_mixin.py:190} INFO - [2024-11-27T17:51:46.688+0000] {dag.py:3262} INFO - Creating ORM DAG for dataset_alias_example_alias_consumer_with_no_taskflow
[2024-11-27T17:51:46.689+0000] {logging_mixin.py:190} INFO - [2024-11-27T17:51:46.689+0000] {dag.py:3262} INFO - Creating ORM DAG for dataset_s3_bucket_consumer_with_no_taskflow
[2024-11-27T17:51:46.703+0000] {logging_mixin.py:190} INFO - [2024-11-27T17:51:46.702+0000] {dag.py:4180} INFO - Setting next_dagrun for dataset_alias_example_alias_consumer_with_no_taskflow to None, run_after=None
[2024-11-27T17:51:46.704+0000] {logging_mixin.py:190} INFO - [2024-11-27T17:51:46.704+0000] {dag.py:4180} INFO - Setting next_dagrun for dataset_alias_example_alias_producer_with_no_taskflow to None, run_after=None
[2024-11-27T17:51:46.706+0000] {logging_mixin.py:190} INFO - [2024-11-27T17:51:46.706+0000] {dag.py:4180} INFO - Setting next_dagrun for dataset_s3_bucket_consumer_with_no_taskflow to None, run_after=None
[2024-11-27T17:51:46.707+0000] {logging_mixin.py:190} INFO - [2024-11-27T17:51:46.707+0000] {dag.py:4180} INFO - Setting next_dagrun for dataset_s3_bucket_producer_with_no_taskflow to None, run_after=None
[2024-11-27T17:51:46.753+0000] {processor.py:208} INFO - Processing /home/airflow/.local/lib/python3.12/site-packages/airflow/example_dags/example_dataset_alias_with_no_taskflow.py took 0.889 seconds
[2024-11-27T17:52:16.814+0000] {processor.py:186} INFO - Started process (PID=178) to work on /home/airflow/.local/lib/python3.12/site-packages/airflow/example_dags/example_dataset_alias_with_no_taskflow.py
[2024-11-27T17:52:16.815+0000] {processor.py:914} INFO - Processing file /home/airflow/.local/lib/python3.12/site-packages/airflow/example_dags/example_dataset_alias_with_no_taskflow.py for tasks to queue
[2024-11-27T17:52:16.817+0000] {logging_mixin.py:190} INFO - [2024-11-27T17:52:16.817+0000] {dagbag.py:588} INFO - Filling up the DagBag from /home/airflow/.local/lib/python3.12/site-packages/airflow/example_dags/example_dataset_alias_with_no_taskflow.py
[2024-11-27T17:52:17.382+0000] {processor.py:925} INFO - DAG(s) 'dataset_s3_bucket_producer_with_no_taskflow', 'dataset_s3_bucket_consumer_with_no_taskflow', 'dataset_alias_example_alias_consumer_with_no_taskflow', 'dataset_alias_example_alias_producer_with_no_taskflow' retrieved from /home/airflow/.local/lib/python3.12/site-packages/airflow/example_dags/example_dataset_alias_with_no_taskflow.py
[2024-11-27T17:52:17.400+0000] {logging_mixin.py:190} INFO - [2024-11-27T17:52:17.399+0000] {dag.py:3239} INFO - Sync 4 DAGs
[2024-11-27T17:52:17.418+0000] {logging_mixin.py:190} INFO - [2024-11-27T17:52:17.418+0000] {dag.py:4180} INFO - Setting next_dagrun for dataset_alias_example_alias_consumer_with_no_taskflow to None, run_after=None
[2024-11-27T17:52:17.420+0000] {logging_mixin.py:190} INFO - [2024-11-27T17:52:17.420+0000] {dag.py:4180} INFO - Setting next_dagrun for dataset_alias_example_alias_producer_with_no_taskflow to None, run_after=None
[2024-11-27T17:52:17.422+0000] {logging_mixin.py:190} INFO - [2024-11-27T17:52:17.421+0000] {dag.py:4180} INFO - Setting next_dagrun for dataset_s3_bucket_consumer_with_no_taskflow to None, run_after=None
[2024-11-27T17:52:17.423+0000] {logging_mixin.py:190} INFO - [2024-11-27T17:52:17.422+0000] {dag.py:4180} INFO - Setting next_dagrun for dataset_s3_bucket_producer_with_no_taskflow to None, run_after=None
[2024-11-27T17:52:17.440+0000] {processor.py:208} INFO - Processing /home/airflow/.local/lib/python3.12/site-packages/airflow/example_dags/example_dataset_alias_with_no_taskflow.py took 0.630 seconds
[2024-11-27T17:52:48.232+0000] {processor.py:186} INFO - Started process (PID=249) to work on /home/airflow/.local/lib/python3.12/site-packages/airflow/example_dags/example_dataset_alias_with_no_taskflow.py
[2024-11-27T17:52:48.233+0000] {processor.py:914} INFO - Processing file /home/airflow/.local/lib/python3.12/site-packages/airflow/example_dags/example_dataset_alias_with_no_taskflow.py for tasks to queue
[2024-11-27T17:52:48.236+0000] {logging_mixin.py:190} INFO - [2024-11-27T17:52:48.235+0000] {dagbag.py:588} INFO - Filling up the DagBag from /home/airflow/.local/lib/python3.12/site-packages/airflow/example_dags/example_dataset_alias_with_no_taskflow.py
[2024-11-27T17:52:48.782+0000] {processor.py:925} INFO - DAG(s) 'dataset_alias_example_alias_producer_with_no_taskflow', 'dataset_s3_bucket_consumer_with_no_taskflow', 'dataset_s3_bucket_producer_with_no_taskflow', 'dataset_alias_example_alias_consumer_with_no_taskflow' retrieved from /home/airflow/.local/lib/python3.12/site-packages/airflow/example_dags/example_dataset_alias_with_no_taskflow.py
[2024-11-27T17:52:48.798+0000] {logging_mixin.py:190} INFO - [2024-11-27T17:52:48.797+0000] {dag.py:3239} INFO - Sync 4 DAGs
[2024-11-27T17:52:48.815+0000] {logging_mixin.py:190} INFO - [2024-11-27T17:52:48.815+0000] {dag.py:4180} INFO - Setting next_dagrun for dataset_alias_example_alias_consumer_with_no_taskflow to None, run_after=None
[2024-11-27T17:52:48.817+0000] {logging_mixin.py:190} INFO - [2024-11-27T17:52:48.817+0000] {dag.py:4180} INFO - Setting next_dagrun for dataset_alias_example_alias_producer_with_no_taskflow to None, run_after=None
[2024-11-27T17:52:48.819+0000] {logging_mixin.py:190} INFO - [2024-11-27T17:52:48.819+0000] {dag.py:4180} INFO - Setting next_dagrun for dataset_s3_bucket_consumer_with_no_taskflow to None, run_after=None
[2024-11-27T17:52:48.820+0000] {logging_mixin.py:190} INFO - [2024-11-27T17:52:48.820+0000] {dag.py:4180} INFO - Setting next_dagrun for dataset_s3_bucket_producer_with_no_taskflow to None, run_after=None
[2024-11-27T17:52:48.841+0000] {processor.py:208} INFO - Processing /home/airflow/.local/lib/python3.12/site-packages/airflow/example_dags/example_dataset_alias_with_no_taskflow.py took 0.615 seconds
[2024-11-27T17:54:41.492+0000] {processor.py:186} INFO - Started process (PID=92) to work on /home/airflow/.local/lib/python3.12/site-packages/airflow/example_dags/example_dataset_alias_with_no_taskflow.py
[2024-11-27T17:54:41.493+0000] {processor.py:914} INFO - Processing file /home/airflow/.local/lib/python3.12/site-packages/airflow/example_dags/example_dataset_alias_with_no_taskflow.py for tasks to queue
[2024-11-27T17:54:41.494+0000] {logging_mixin.py:190} INFO - [2024-11-27T17:54:41.494+0000] {dagbag.py:588} INFO - Filling up the DagBag from /home/airflow/.local/lib/python3.12/site-packages/airflow/example_dags/example_dataset_alias_with_no_taskflow.py
[2024-11-27T17:54:41.875+0000] {processor.py:925} INFO - DAG(s) 'dataset_alias_example_alias_consumer_with_no_taskflow', 'dataset_alias_example_alias_producer_with_no_taskflow', 'dataset_s3_bucket_consumer_with_no_taskflow', 'dataset_s3_bucket_producer_with_no_taskflow' retrieved from /home/airflow/.local/lib/python3.12/site-packages/airflow/example_dags/example_dataset_alias_with_no_taskflow.py
[2024-11-27T17:54:41.893+0000] {logging_mixin.py:190} INFO - [2024-11-27T17:54:41.892+0000] {dag.py:3239} INFO - Sync 4 DAGs
[2024-11-27T17:54:41.909+0000] {logging_mixin.py:190} INFO - [2024-11-27T17:54:41.908+0000] {dag.py:4180} INFO - Setting next_dagrun for dataset_alias_example_alias_consumer_with_no_taskflow to None, run_after=None
[2024-11-27T17:54:41.911+0000] {logging_mixin.py:190} INFO - [2024-11-27T17:54:41.910+0000] {dag.py:4180} INFO - Setting next_dagrun for dataset_alias_example_alias_producer_with_no_taskflow to None, run_after=None
[2024-11-27T17:54:41.912+0000] {logging_mixin.py:190} INFO - [2024-11-27T17:54:41.912+0000] {dag.py:4180} INFO - Setting next_dagrun for dataset_s3_bucket_consumer_with_no_taskflow to None, run_after=None
[2024-11-27T17:54:41.913+0000] {logging_mixin.py:190} INFO - [2024-11-27T17:54:41.913+0000] {dag.py:4180} INFO - Setting next_dagrun for dataset_s3_bucket_producer_with_no_taskflow to None, run_after=None
[2024-11-27T17:54:41.929+0000] {processor.py:208} INFO - Processing /home/airflow/.local/lib/python3.12/site-packages/airflow/example_dags/example_dataset_alias_with_no_taskflow.py took 0.441 seconds
[2024-11-27T17:55:12.889+0000] {processor.py:186} INFO - Started process (PID=163) to work on /home/airflow/.local/lib/python3.12/site-packages/airflow/example_dags/example_dataset_alias_with_no_taskflow.py
[2024-11-27T17:55:12.889+0000] {processor.py:914} INFO - Processing file /home/airflow/.local/lib/python3.12/site-packages/airflow/example_dags/example_dataset_alias_with_no_taskflow.py for tasks to queue
[2024-11-27T17:55:12.891+0000] {logging_mixin.py:190} INFO - [2024-11-27T17:55:12.891+0000] {dagbag.py:588} INFO - Filling up the DagBag from /home/airflow/.local/lib/python3.12/site-packages/airflow/example_dags/example_dataset_alias_with_no_taskflow.py
[2024-11-27T17:55:13.296+0000] {processor.py:925} INFO - DAG(s) 'dataset_alias_example_alias_producer_with_no_taskflow', 'dataset_s3_bucket_producer_with_no_taskflow', 'dataset_s3_bucket_consumer_with_no_taskflow', 'dataset_alias_example_alias_consumer_with_no_taskflow' retrieved from /home/airflow/.local/lib/python3.12/site-packages/airflow/example_dags/example_dataset_alias_with_no_taskflow.py
[2024-11-27T17:55:13.309+0000] {logging_mixin.py:190} INFO - [2024-11-27T17:55:13.308+0000] {dag.py:3239} INFO - Sync 4 DAGs
[2024-11-27T17:55:13.335+0000] {logging_mixin.py:190} INFO - [2024-11-27T17:55:13.335+0000] {dag.py:4180} INFO - Setting next_dagrun for dataset_alias_example_alias_consumer_with_no_taskflow to None, run_after=None
[2024-11-27T17:55:13.339+0000] {logging_mixin.py:190} INFO - [2024-11-27T17:55:13.339+0000] {dag.py:4180} INFO - Setting next_dagrun for dataset_alias_example_alias_producer_with_no_taskflow to None, run_after=None
[2024-11-27T17:55:13.342+0000] {logging_mixin.py:190} INFO - [2024-11-27T17:55:13.341+0000] {dag.py:4180} INFO - Setting next_dagrun for dataset_s3_bucket_consumer_with_no_taskflow to None, run_after=None
[2024-11-27T17:55:13.344+0000] {logging_mixin.py:190} INFO - [2024-11-27T17:55:13.344+0000] {dag.py:4180} INFO - Setting next_dagrun for dataset_s3_bucket_producer_with_no_taskflow to None, run_after=None
[2024-11-27T17:55:13.383+0000] {processor.py:208} INFO - Processing /home/airflow/.local/lib/python3.12/site-packages/airflow/example_dags/example_dataset_alias_with_no_taskflow.py took 0.498 seconds
[2024-11-27T17:55:44.241+0000] {processor.py:186} INFO - Started process (PID=240) to work on /home/airflow/.local/lib/python3.12/site-packages/airflow/example_dags/example_dataset_alias_with_no_taskflow.py
[2024-11-27T17:55:44.242+0000] {processor.py:914} INFO - Processing file /home/airflow/.local/lib/python3.12/site-packages/airflow/example_dags/example_dataset_alias_with_no_taskflow.py for tasks to queue
[2024-11-27T17:55:44.244+0000] {logging_mixin.py:190} INFO - [2024-11-27T17:55:44.244+0000] {dagbag.py:588} INFO - Filling up the DagBag from /home/airflow/.local/lib/python3.12/site-packages/airflow/example_dags/example_dataset_alias_with_no_taskflow.py
[2024-11-27T17:55:44.667+0000] {processor.py:925} INFO - DAG(s) 'dataset_alias_example_alias_producer_with_no_taskflow', 'dataset_s3_bucket_producer_with_no_taskflow', 'dataset_alias_example_alias_consumer_with_no_taskflow', 'dataset_s3_bucket_consumer_with_no_taskflow' retrieved from /home/airflow/.local/lib/python3.12/site-packages/airflow/example_dags/example_dataset_alias_with_no_taskflow.py
[2024-11-27T17:55:44.684+0000] {logging_mixin.py:190} INFO - [2024-11-27T17:55:44.684+0000] {dag.py:3239} INFO - Sync 4 DAGs
[2024-11-27T17:55:44.701+0000] {logging_mixin.py:190} INFO - [2024-11-27T17:55:44.701+0000] {dag.py:4180} INFO - Setting next_dagrun for dataset_alias_example_alias_consumer_with_no_taskflow to None, run_after=None
[2024-11-27T17:55:44.703+0000] {logging_mixin.py:190} INFO - [2024-11-27T17:55:44.703+0000] {dag.py:4180} INFO - Setting next_dagrun for dataset_alias_example_alias_producer_with_no_taskflow to None, run_after=None
[2024-11-27T17:55:44.704+0000] {logging_mixin.py:190} INFO - [2024-11-27T17:55:44.704+0000] {dag.py:4180} INFO - Setting next_dagrun for dataset_s3_bucket_consumer_with_no_taskflow to None, run_after=None
[2024-11-27T17:55:44.705+0000] {logging_mixin.py:190} INFO - [2024-11-27T17:55:44.705+0000] {dag.py:4180} INFO - Setting next_dagrun for dataset_s3_bucket_producer_with_no_taskflow to None, run_after=None
[2024-11-27T17:55:44.720+0000] {processor.py:208} INFO - Processing /home/airflow/.local/lib/python3.12/site-packages/airflow/example_dags/example_dataset_alias_with_no_taskflow.py took 0.483 seconds
[2024-11-27T17:56:15.485+0000] {processor.py:186} INFO - Started process (PID=311) to work on /home/airflow/.local/lib/python3.12/site-packages/airflow/example_dags/example_dataset_alias_with_no_taskflow.py
[2024-11-27T17:56:15.486+0000] {processor.py:914} INFO - Processing file /home/airflow/.local/lib/python3.12/site-packages/airflow/example_dags/example_dataset_alias_with_no_taskflow.py for tasks to queue
[2024-11-27T17:56:15.488+0000] {logging_mixin.py:190} INFO - [2024-11-27T17:56:15.487+0000] {dagbag.py:588} INFO - Filling up the DagBag from /home/airflow/.local/lib/python3.12/site-packages/airflow/example_dags/example_dataset_alias_with_no_taskflow.py
[2024-11-27T17:56:15.864+0000] {processor.py:925} INFO - DAG(s) 'dataset_s3_bucket_producer_with_no_taskflow', 'dataset_alias_example_alias_consumer_with_no_taskflow', 'dataset_alias_example_alias_producer_with_no_taskflow', 'dataset_s3_bucket_consumer_with_no_taskflow' retrieved from /home/airflow/.local/lib/python3.12/site-packages/airflow/example_dags/example_dataset_alias_with_no_taskflow.py
[2024-11-27T17:56:15.878+0000] {logging_mixin.py:190} INFO - [2024-11-27T17:56:15.878+0000] {dag.py:3239} INFO - Sync 4 DAGs
[2024-11-27T17:56:15.893+0000] {logging_mixin.py:190} INFO - [2024-11-27T17:56:15.893+0000] {dag.py:4180} INFO - Setting next_dagrun for dataset_alias_example_alias_consumer_with_no_taskflow to None, run_after=None
[2024-11-27T17:56:15.895+0000] {logging_mixin.py:190} INFO - [2024-11-27T17:56:15.895+0000] {dag.py:4180} INFO - Setting next_dagrun for dataset_alias_example_alias_producer_with_no_taskflow to None, run_after=None
[2024-11-27T17:56:15.896+0000] {logging_mixin.py:190} INFO - [2024-11-27T17:56:15.896+0000] {dag.py:4180} INFO - Setting next_dagrun for dataset_s3_bucket_consumer_with_no_taskflow to None, run_after=None
[2024-11-27T17:56:15.897+0000] {logging_mixin.py:190} INFO - [2024-11-27T17:56:15.897+0000] {dag.py:4180} INFO - Setting next_dagrun for dataset_s3_bucket_producer_with_no_taskflow to None, run_after=None
[2024-11-27T17:56:15.911+0000] {processor.py:208} INFO - Processing /home/airflow/.local/lib/python3.12/site-packages/airflow/example_dags/example_dataset_alias_with_no_taskflow.py took 0.430 seconds
[2024-11-27T17:56:46.022+0000] {processor.py:186} INFO - Started process (PID=382) to work on /home/airflow/.local/lib/python3.12/site-packages/airflow/example_dags/example_dataset_alias_with_no_taskflow.py
[2024-11-27T17:56:46.023+0000] {processor.py:914} INFO - Processing file /home/airflow/.local/lib/python3.12/site-packages/airflow/example_dags/example_dataset_alias_with_no_taskflow.py for tasks to queue
[2024-11-27T17:56:46.025+0000] {logging_mixin.py:190} INFO - [2024-11-27T17:56:46.025+0000] {dagbag.py:588} INFO - Filling up the DagBag from /home/airflow/.local/lib/python3.12/site-packages/airflow/example_dags/example_dataset_alias_with_no_taskflow.py
[2024-11-27T17:56:46.425+0000] {processor.py:925} INFO - DAG(s) 'dataset_s3_bucket_producer_with_no_taskflow', 'dataset_alias_example_alias_producer_with_no_taskflow', 'dataset_s3_bucket_consumer_with_no_taskflow', 'dataset_alias_example_alias_consumer_with_no_taskflow' retrieved from /home/airflow/.local/lib/python3.12/site-packages/airflow/example_dags/example_dataset_alias_with_no_taskflow.py
[2024-11-27T17:56:46.439+0000] {logging_mixin.py:190} INFO - [2024-11-27T17:56:46.439+0000] {dag.py:3239} INFO - Sync 4 DAGs
[2024-11-27T17:56:46.455+0000] {logging_mixin.py:190} INFO - [2024-11-27T17:56:46.455+0000] {dag.py:4180} INFO - Setting next_dagrun for dataset_alias_example_alias_consumer_with_no_taskflow to None, run_after=None
[2024-11-27T17:56:46.457+0000] {logging_mixin.py:190} INFO - [2024-11-27T17:56:46.457+0000] {dag.py:4180} INFO - Setting next_dagrun for dataset_alias_example_alias_producer_with_no_taskflow to None, run_after=None
[2024-11-27T17:56:46.458+0000] {logging_mixin.py:190} INFO - [2024-11-27T17:56:46.458+0000] {dag.py:4180} INFO - Setting next_dagrun for dataset_s3_bucket_consumer_with_no_taskflow to None, run_after=None
[2024-11-27T17:56:46.459+0000] {logging_mixin.py:190} INFO - [2024-11-27T17:56:46.459+0000] {dag.py:4180} INFO - Setting next_dagrun for dataset_s3_bucket_producer_with_no_taskflow to None, run_after=None
[2024-11-27T17:56:46.478+0000] {processor.py:208} INFO - Processing /home/airflow/.local/lib/python3.12/site-packages/airflow/example_dags/example_dataset_alias_with_no_taskflow.py took 0.460 seconds
