[2024-11-27T17:51:42.384+0000] {processor.py:186} INFO - Started process (PID=84) to work on /home/airflow/.local/lib/python3.12/site-packages/airflow/example_dags/example_python_operator.py
[2024-11-27T17:51:42.385+0000] {processor.py:914} INFO - Processing file /home/airflow/.local/lib/python3.12/site-packages/airflow/example_dags/example_python_operator.py for tasks to queue
[2024-11-27T17:51:42.386+0000] {logging_mixin.py:190} INFO - [2024-11-27T17:51:42.386+0000] {dagbag.py:588} INFO - Filling up the DagBag from /home/airflow/.local/lib/python3.12/site-packages/airflow/example_dags/example_python_operator.py
[2024-11-27T17:51:42.397+0000] {processor.py:925} INFO - DAG(s) 'example_python_operator' retrieved from /home/airflow/.local/lib/python3.12/site-packages/airflow/example_dags/example_python_operator.py
[2024-11-27T17:51:42.510+0000] {logging_mixin.py:190} INFO - [2024-11-27T17:51:42.509+0000] {override.py:1911} INFO - Created Permission View: can read on DAG:example_python_operator
[2024-11-27T17:51:42.523+0000] {logging_mixin.py:190} INFO - [2024-11-27T17:51:42.523+0000] {override.py:1911} INFO - Created Permission View: can delete on DAG:example_python_operator
[2024-11-27T17:51:42.530+0000] {logging_mixin.py:190} INFO - [2024-11-27T17:51:42.530+0000] {override.py:1911} INFO - Created Permission View: can edit on DAG:example_python_operator
[2024-11-27T17:51:42.541+0000] {logging_mixin.py:190} INFO - [2024-11-27T17:51:42.541+0000] {override.py:1911} INFO - Created Permission View: can read on DAG Run:example_python_operator
[2024-11-27T17:51:42.549+0000] {logging_mixin.py:190} INFO - [2024-11-27T17:51:42.548+0000] {override.py:1911} INFO - Created Permission View: can delete on DAG Run:example_python_operator
[2024-11-27T17:51:42.557+0000] {logging_mixin.py:190} INFO - [2024-11-27T17:51:42.557+0000] {override.py:1911} INFO - Created Permission View: menu access on DAG Run:example_python_operator
[2024-11-27T17:51:42.564+0000] {logging_mixin.py:190} INFO - [2024-11-27T17:51:42.564+0000] {override.py:1911} INFO - Created Permission View: can create on DAG Run:example_python_operator
[2024-11-27T17:51:42.565+0000] {logging_mixin.py:190} INFO - [2024-11-27T17:51:42.565+0000] {dag.py:3239} INFO - Sync 1 DAGs
[2024-11-27T17:51:42.578+0000] {logging_mixin.py:190} INFO - [2024-11-27T17:51:42.578+0000] {dag.py:3262} INFO - Creating ORM DAG for example_python_operator
[2024-11-27T17:51:42.579+0000] {logging_mixin.py:190} INFO - [2024-11-27T17:51:42.579+0000] {dag.py:4180} INFO - Setting next_dagrun for example_python_operator to None, run_after=None
[2024-11-27T17:51:42.594+0000] {processor.py:208} INFO - Processing /home/airflow/.local/lib/python3.12/site-packages/airflow/example_dags/example_python_operator.py took 0.215 seconds
[2024-11-27T17:52:13.473+0000] {processor.py:186} INFO - Started process (PID=155) to work on /home/airflow/.local/lib/python3.12/site-packages/airflow/example_dags/example_python_operator.py
[2024-11-27T17:52:13.474+0000] {processor.py:914} INFO - Processing file /home/airflow/.local/lib/python3.12/site-packages/airflow/example_dags/example_python_operator.py for tasks to queue
[2024-11-27T17:52:13.476+0000] {logging_mixin.py:190} INFO - [2024-11-27T17:52:13.476+0000] {dagbag.py:588} INFO - Filling up the DagBag from /home/airflow/.local/lib/python3.12/site-packages/airflow/example_dags/example_python_operator.py
[2024-11-27T17:52:13.490+0000] {processor.py:925} INFO - DAG(s) 'example_python_operator' retrieved from /home/airflow/.local/lib/python3.12/site-packages/airflow/example_dags/example_python_operator.py
[2024-11-27T17:52:13.509+0000] {logging_mixin.py:190} INFO - [2024-11-27T17:52:13.509+0000] {dag.py:3239} INFO - Sync 1 DAGs
[2024-11-27T17:52:13.520+0000] {logging_mixin.py:190} INFO - [2024-11-27T17:52:13.520+0000] {dag.py:4180} INFO - Setting next_dagrun for example_python_operator to None, run_after=None
[2024-11-27T17:52:13.536+0000] {processor.py:208} INFO - Processing /home/airflow/.local/lib/python3.12/site-packages/airflow/example_dags/example_python_operator.py took 0.067 seconds
[2024-11-27T17:52:44.115+0000] {processor.py:186} INFO - Started process (PID=226) to work on /home/airflow/.local/lib/python3.12/site-packages/airflow/example_dags/example_python_operator.py
[2024-11-27T17:52:44.116+0000] {processor.py:914} INFO - Processing file /home/airflow/.local/lib/python3.12/site-packages/airflow/example_dags/example_python_operator.py for tasks to queue
[2024-11-27T17:52:44.117+0000] {logging_mixin.py:190} INFO - [2024-11-27T17:52:44.117+0000] {dagbag.py:588} INFO - Filling up the DagBag from /home/airflow/.local/lib/python3.12/site-packages/airflow/example_dags/example_python_operator.py
[2024-11-27T17:52:44.130+0000] {processor.py:925} INFO - DAG(s) 'example_python_operator' retrieved from /home/airflow/.local/lib/python3.12/site-packages/airflow/example_dags/example_python_operator.py
[2024-11-27T17:52:44.151+0000] {logging_mixin.py:190} INFO - [2024-11-27T17:52:44.149+0000] {dag.py:3239} INFO - Sync 1 DAGs
[2024-11-27T17:52:44.176+0000] {logging_mixin.py:190} INFO - [2024-11-27T17:52:44.175+0000] {dag.py:4180} INFO - Setting next_dagrun for example_python_operator to None, run_after=None
[2024-11-27T17:52:44.206+0000] {processor.py:208} INFO - Processing /home/airflow/.local/lib/python3.12/site-packages/airflow/example_dags/example_python_operator.py took 0.095 seconds
[2024-11-27T17:54:40.241+0000] {processor.py:186} INFO - Started process (PID=72) to work on /home/airflow/.local/lib/python3.12/site-packages/airflow/example_dags/example_python_operator.py
[2024-11-27T17:54:40.242+0000] {processor.py:914} INFO - Processing file /home/airflow/.local/lib/python3.12/site-packages/airflow/example_dags/example_python_operator.py for tasks to queue
[2024-11-27T17:54:40.243+0000] {logging_mixin.py:190} INFO - [2024-11-27T17:54:40.243+0000] {dagbag.py:588} INFO - Filling up the DagBag from /home/airflow/.local/lib/python3.12/site-packages/airflow/example_dags/example_python_operator.py
[2024-11-27T17:54:40.253+0000] {processor.py:925} INFO - DAG(s) 'example_python_operator' retrieved from /home/airflow/.local/lib/python3.12/site-packages/airflow/example_dags/example_python_operator.py
[2024-11-27T17:54:40.330+0000] {logging_mixin.py:190} INFO - [2024-11-27T17:54:40.330+0000] {dag.py:3239} INFO - Sync 1 DAGs
[2024-11-27T17:54:40.338+0000] {logging_mixin.py:190} INFO - [2024-11-27T17:54:40.338+0000] {dag.py:4180} INFO - Setting next_dagrun for example_python_operator to None, run_after=None
[2024-11-27T17:54:40.352+0000] {processor.py:208} INFO - Processing /home/airflow/.local/lib/python3.12/site-packages/airflow/example_dags/example_python_operator.py took 0.116 seconds
[2024-11-27T17:55:11.239+0000] {processor.py:186} INFO - Started process (PID=143) to work on /home/airflow/.local/lib/python3.12/site-packages/airflow/example_dags/example_python_operator.py
[2024-11-27T17:55:11.240+0000] {processor.py:914} INFO - Processing file /home/airflow/.local/lib/python3.12/site-packages/airflow/example_dags/example_python_operator.py for tasks to queue
[2024-11-27T17:55:11.241+0000] {logging_mixin.py:190} INFO - [2024-11-27T17:55:11.241+0000] {dagbag.py:588} INFO - Filling up the DagBag from /home/airflow/.local/lib/python3.12/site-packages/airflow/example_dags/example_python_operator.py
[2024-11-27T17:55:11.250+0000] {processor.py:925} INFO - DAG(s) 'example_python_operator' retrieved from /home/airflow/.local/lib/python3.12/site-packages/airflow/example_dags/example_python_operator.py
[2024-11-27T17:55:11.264+0000] {logging_mixin.py:190} INFO - [2024-11-27T17:55:11.264+0000] {dag.py:3239} INFO - Sync 1 DAGs
[2024-11-27T17:55:11.275+0000] {logging_mixin.py:190} INFO - [2024-11-27T17:55:11.275+0000] {dag.py:4180} INFO - Setting next_dagrun for example_python_operator to None, run_after=None
[2024-11-27T17:55:11.289+0000] {processor.py:208} INFO - Processing /home/airflow/.local/lib/python3.12/site-packages/airflow/example_dags/example_python_operator.py took 0.054 seconds
[2024-11-27T17:55:41.655+0000] {processor.py:186} INFO - Started process (PID=213) to work on /home/airflow/.local/lib/python3.12/site-packages/airflow/example_dags/example_python_operator.py
[2024-11-27T17:55:41.656+0000] {processor.py:914} INFO - Processing file /home/airflow/.local/lib/python3.12/site-packages/airflow/example_dags/example_python_operator.py for tasks to queue
[2024-11-27T17:55:41.658+0000] {logging_mixin.py:190} INFO - [2024-11-27T17:55:41.658+0000] {dagbag.py:588} INFO - Filling up the DagBag from /home/airflow/.local/lib/python3.12/site-packages/airflow/example_dags/example_python_operator.py
[2024-11-27T17:55:41.668+0000] {processor.py:925} INFO - DAG(s) 'example_python_operator' retrieved from /home/airflow/.local/lib/python3.12/site-packages/airflow/example_dags/example_python_operator.py
[2024-11-27T17:55:41.683+0000] {logging_mixin.py:190} INFO - [2024-11-27T17:55:41.683+0000] {dag.py:3239} INFO - Sync 1 DAGs
[2024-11-27T17:55:41.694+0000] {logging_mixin.py:190} INFO - [2024-11-27T17:55:41.694+0000] {dag.py:4180} INFO - Setting next_dagrun for example_python_operator to None, run_after=None
[2024-11-27T17:55:41.708+0000] {processor.py:208} INFO - Processing /home/airflow/.local/lib/python3.12/site-packages/airflow/example_dags/example_python_operator.py took 0.058 seconds
[2024-11-27T17:56:12.006+0000] {processor.py:186} INFO - Started process (PID=284) to work on /home/airflow/.local/lib/python3.12/site-packages/airflow/example_dags/example_python_operator.py
[2024-11-27T17:56:12.006+0000] {processor.py:914} INFO - Processing file /home/airflow/.local/lib/python3.12/site-packages/airflow/example_dags/example_python_operator.py for tasks to queue
[2024-11-27T17:56:12.008+0000] {logging_mixin.py:190} INFO - [2024-11-27T17:56:12.008+0000] {dagbag.py:588} INFO - Filling up the DagBag from /home/airflow/.local/lib/python3.12/site-packages/airflow/example_dags/example_python_operator.py
[2024-11-27T17:56:12.017+0000] {processor.py:925} INFO - DAG(s) 'example_python_operator' retrieved from /home/airflow/.local/lib/python3.12/site-packages/airflow/example_dags/example_python_operator.py
[2024-11-27T17:56:12.032+0000] {logging_mixin.py:190} INFO - [2024-11-27T17:56:12.032+0000] {dag.py:3239} INFO - Sync 1 DAGs
[2024-11-27T17:56:12.042+0000] {logging_mixin.py:190} INFO - [2024-11-27T17:56:12.042+0000] {dag.py:4180} INFO - Setting next_dagrun for example_python_operator to None, run_after=None
[2024-11-27T17:56:12.057+0000] {processor.py:208} INFO - Processing /home/airflow/.local/lib/python3.12/site-packages/airflow/example_dags/example_python_operator.py took 0.056 seconds
[2024-11-27T17:56:42.216+0000] {processor.py:186} INFO - Started process (PID=355) to work on /home/airflow/.local/lib/python3.12/site-packages/airflow/example_dags/example_python_operator.py
[2024-11-27T17:56:42.217+0000] {processor.py:914} INFO - Processing file /home/airflow/.local/lib/python3.12/site-packages/airflow/example_dags/example_python_operator.py for tasks to queue
[2024-11-27T17:56:42.219+0000] {logging_mixin.py:190} INFO - [2024-11-27T17:56:42.219+0000] {dagbag.py:588} INFO - Filling up the DagBag from /home/airflow/.local/lib/python3.12/site-packages/airflow/example_dags/example_python_operator.py
[2024-11-27T17:56:42.228+0000] {processor.py:925} INFO - DAG(s) 'example_python_operator' retrieved from /home/airflow/.local/lib/python3.12/site-packages/airflow/example_dags/example_python_operator.py
[2024-11-27T17:56:42.243+0000] {logging_mixin.py:190} INFO - [2024-11-27T17:56:42.242+0000] {dag.py:3239} INFO - Sync 1 DAGs
[2024-11-27T17:56:42.253+0000] {logging_mixin.py:190} INFO - [2024-11-27T17:56:42.253+0000] {dag.py:4180} INFO - Setting next_dagrun for example_python_operator to None, run_after=None
[2024-11-27T17:56:42.267+0000] {processor.py:208} INFO - Processing /home/airflow/.local/lib/python3.12/site-packages/airflow/example_dags/example_python_operator.py took 0.056 seconds
[2024-11-27T17:57:12.713+0000] {processor.py:186} INFO - Started process (PID=426) to work on /home/airflow/.local/lib/python3.12/site-packages/airflow/example_dags/example_python_operator.py
[2024-11-27T17:57:12.714+0000] {processor.py:914} INFO - Processing file /home/airflow/.local/lib/python3.12/site-packages/airflow/example_dags/example_python_operator.py for tasks to queue
[2024-11-27T17:57:12.717+0000] {logging_mixin.py:190} INFO - [2024-11-27T17:57:12.716+0000] {dagbag.py:588} INFO - Filling up the DagBag from /home/airflow/.local/lib/python3.12/site-packages/airflow/example_dags/example_python_operator.py
[2024-11-27T17:57:12.726+0000] {processor.py:925} INFO - DAG(s) 'example_python_operator' retrieved from /home/airflow/.local/lib/python3.12/site-packages/airflow/example_dags/example_python_operator.py
[2024-11-27T17:57:12.742+0000] {logging_mixin.py:190} INFO - [2024-11-27T17:57:12.741+0000] {dag.py:3239} INFO - Sync 1 DAGs
[2024-11-27T17:57:12.752+0000] {logging_mixin.py:190} INFO - [2024-11-27T17:57:12.752+0000] {dag.py:4180} INFO - Setting next_dagrun for example_python_operator to None, run_after=None
[2024-11-27T17:57:12.767+0000] {processor.py:208} INFO - Processing /home/airflow/.local/lib/python3.12/site-packages/airflow/example_dags/example_python_operator.py took 0.058 seconds
