[2024-11-27T17:51:47.266+0000] {processor.py:186} INFO - Started process (PID=113) to work on /home/airflow/.local/lib/python3.12/site-packages/airflow/example_dags/example_task_group.py
[2024-11-27T17:51:47.267+0000] {processor.py:914} INFO - Processing file /home/airflow/.local/lib/python3.12/site-packages/airflow/example_dags/example_task_group.py for tasks to queue
[2024-11-27T17:51:47.270+0000] {logging_mixin.py:190} INFO - [2024-11-27T17:51:47.269+0000] {dagbag.py:588} INFO - Filling up the DagBag from /home/airflow/.local/lib/python3.12/site-packages/airflow/example_dags/example_task_group.py
[2024-11-27T17:51:47.282+0000] {processor.py:925} INFO - DAG(s) 'example_task_group' retrieved from /home/airflow/.local/lib/python3.12/site-packages/airflow/example_dags/example_task_group.py
[2024-11-27T17:51:47.403+0000] {logging_mixin.py:190} INFO - [2024-11-27T17:51:47.402+0000] {override.py:1911} INFO - Created Permission View: can read on DAG:example_task_group
[2024-11-27T17:51:47.418+0000] {logging_mixin.py:190} INFO - [2024-11-27T17:51:47.418+0000] {override.py:1911} INFO - Created Permission View: can delete on DAG:example_task_group
[2024-11-27T17:51:47.429+0000] {logging_mixin.py:190} INFO - [2024-11-27T17:51:47.428+0000] {override.py:1911} INFO - Created Permission View: can edit on DAG:example_task_group
[2024-11-27T17:51:47.442+0000] {logging_mixin.py:190} INFO - [2024-11-27T17:51:47.442+0000] {override.py:1911} INFO - Created Permission View: can read on DAG Run:example_task_group
[2024-11-27T17:51:47.452+0000] {logging_mixin.py:190} INFO - [2024-11-27T17:51:47.451+0000] {override.py:1911} INFO - Created Permission View: can delete on DAG Run:example_task_group
[2024-11-27T17:51:47.461+0000] {logging_mixin.py:190} INFO - [2024-11-27T17:51:47.461+0000] {override.py:1911} INFO - Created Permission View: menu access on DAG Run:example_task_group
[2024-11-27T17:51:47.470+0000] {logging_mixin.py:190} INFO - [2024-11-27T17:51:47.470+0000] {override.py:1911} INFO - Created Permission View: can create on DAG Run:example_task_group
[2024-11-27T17:51:47.471+0000] {logging_mixin.py:190} INFO - [2024-11-27T17:51:47.470+0000] {dag.py:3239} INFO - Sync 1 DAGs
[2024-11-27T17:51:47.482+0000] {logging_mixin.py:190} INFO - [2024-11-27T17:51:47.482+0000] {dag.py:3262} INFO - Creating ORM DAG for example_task_group
[2024-11-27T17:51:47.483+0000] {logging_mixin.py:190} INFO - [2024-11-27T17:51:47.483+0000] {dag.py:4180} INFO - Setting next_dagrun for example_task_group to None, run_after=None
[2024-11-27T17:51:47.499+0000] {processor.py:208} INFO - Processing /home/airflow/.local/lib/python3.12/site-packages/airflow/example_dags/example_task_group.py took 0.239 seconds
[2024-11-27T17:52:17.662+0000] {processor.py:186} INFO - Started process (PID=184) to work on /home/airflow/.local/lib/python3.12/site-packages/airflow/example_dags/example_task_group.py
[2024-11-27T17:52:17.663+0000] {processor.py:914} INFO - Processing file /home/airflow/.local/lib/python3.12/site-packages/airflow/example_dags/example_task_group.py for tasks to queue
[2024-11-27T17:52:17.665+0000] {logging_mixin.py:190} INFO - [2024-11-27T17:52:17.665+0000] {dagbag.py:588} INFO - Filling up the DagBag from /home/airflow/.local/lib/python3.12/site-packages/airflow/example_dags/example_task_group.py
[2024-11-27T17:52:17.674+0000] {processor.py:925} INFO - DAG(s) 'example_task_group' retrieved from /home/airflow/.local/lib/python3.12/site-packages/airflow/example_dags/example_task_group.py
[2024-11-27T17:52:17.693+0000] {logging_mixin.py:190} INFO - [2024-11-27T17:52:17.692+0000] {dag.py:3239} INFO - Sync 1 DAGs
[2024-11-27T17:52:17.703+0000] {logging_mixin.py:190} INFO - [2024-11-27T17:52:17.703+0000] {dag.py:4180} INFO - Setting next_dagrun for example_task_group to None, run_after=None
[2024-11-27T17:52:17.722+0000] {processor.py:208} INFO - Processing /home/airflow/.local/lib/python3.12/site-packages/airflow/example_dags/example_task_group.py took 0.065 seconds
[2024-11-27T17:52:48.786+0000] {processor.py:186} INFO - Started process (PID=255) to work on /home/airflow/.local/lib/python3.12/site-packages/airflow/example_dags/example_task_group.py
[2024-11-27T17:52:48.788+0000] {processor.py:914} INFO - Processing file /home/airflow/.local/lib/python3.12/site-packages/airflow/example_dags/example_task_group.py for tasks to queue
[2024-11-27T17:52:48.790+0000] {logging_mixin.py:190} INFO - [2024-11-27T17:52:48.789+0000] {dagbag.py:588} INFO - Filling up the DagBag from /home/airflow/.local/lib/python3.12/site-packages/airflow/example_dags/example_task_group.py
[2024-11-27T17:52:48.796+0000] {processor.py:925} INFO - DAG(s) 'example_task_group' retrieved from /home/airflow/.local/lib/python3.12/site-packages/airflow/example_dags/example_task_group.py
[2024-11-27T17:52:48.813+0000] {logging_mixin.py:190} INFO - [2024-11-27T17:52:48.813+0000] {dag.py:3239} INFO - Sync 1 DAGs
[2024-11-27T17:52:48.825+0000] {logging_mixin.py:190} INFO - [2024-11-27T17:52:48.825+0000] {dag.py:4180} INFO - Setting next_dagrun for example_task_group to None, run_after=None
[2024-11-27T17:52:48.845+0000] {processor.py:208} INFO - Processing /home/airflow/.local/lib/python3.12/site-packages/airflow/example_dags/example_task_group.py took 0.063 seconds
[2024-11-27T17:54:42.041+0000] {processor.py:186} INFO - Started process (PID=101) to work on /home/airflow/.local/lib/python3.12/site-packages/airflow/example_dags/example_task_group.py
[2024-11-27T17:54:42.042+0000] {processor.py:914} INFO - Processing file /home/airflow/.local/lib/python3.12/site-packages/airflow/example_dags/example_task_group.py for tasks to queue
[2024-11-27T17:54:42.044+0000] {logging_mixin.py:190} INFO - [2024-11-27T17:54:42.044+0000] {dagbag.py:588} INFO - Filling up the DagBag from /home/airflow/.local/lib/python3.12/site-packages/airflow/example_dags/example_task_group.py
[2024-11-27T17:54:42.050+0000] {processor.py:925} INFO - DAG(s) 'example_task_group' retrieved from /home/airflow/.local/lib/python3.12/site-packages/airflow/example_dags/example_task_group.py
[2024-11-27T17:54:42.065+0000] {logging_mixin.py:190} INFO - [2024-11-27T17:54:42.065+0000] {dag.py:3239} INFO - Sync 1 DAGs
[2024-11-27T17:54:42.074+0000] {logging_mixin.py:190} INFO - [2024-11-27T17:54:42.074+0000] {dag.py:4180} INFO - Setting next_dagrun for example_task_group to None, run_after=None
[2024-11-27T17:54:42.088+0000] {processor.py:208} INFO - Processing /home/airflow/.local/lib/python3.12/site-packages/airflow/example_dags/example_task_group.py took 0.051 seconds
[2024-11-27T17:55:13.550+0000] {processor.py:186} INFO - Started process (PID=178) to work on /home/airflow/.local/lib/python3.12/site-packages/airflow/example_dags/example_task_group.py
[2024-11-27T17:55:13.551+0000] {processor.py:914} INFO - Processing file /home/airflow/.local/lib/python3.12/site-packages/airflow/example_dags/example_task_group.py for tasks to queue
[2024-11-27T17:55:13.553+0000] {logging_mixin.py:190} INFO - [2024-11-27T17:55:13.553+0000] {dagbag.py:588} INFO - Filling up the DagBag from /home/airflow/.local/lib/python3.12/site-packages/airflow/example_dags/example_task_group.py
[2024-11-27T17:55:13.560+0000] {processor.py:925} INFO - DAG(s) 'example_task_group' retrieved from /home/airflow/.local/lib/python3.12/site-packages/airflow/example_dags/example_task_group.py
[2024-11-27T17:55:13.575+0000] {logging_mixin.py:190} INFO - [2024-11-27T17:55:13.575+0000] {dag.py:3239} INFO - Sync 1 DAGs
[2024-11-27T17:55:13.587+0000] {logging_mixin.py:190} INFO - [2024-11-27T17:55:13.586+0000] {dag.py:4180} INFO - Setting next_dagrun for example_task_group to None, run_after=None
[2024-11-27T17:55:13.603+0000] {processor.py:208} INFO - Processing /home/airflow/.local/lib/python3.12/site-packages/airflow/example_dags/example_task_group.py took 0.058 seconds
[2024-11-27T17:55:44.826+0000] {processor.py:186} INFO - Started process (PID=249) to work on /home/airflow/.local/lib/python3.12/site-packages/airflow/example_dags/example_task_group.py
[2024-11-27T17:55:44.827+0000] {processor.py:914} INFO - Processing file /home/airflow/.local/lib/python3.12/site-packages/airflow/example_dags/example_task_group.py for tasks to queue
[2024-11-27T17:55:44.829+0000] {logging_mixin.py:190} INFO - [2024-11-27T17:55:44.829+0000] {dagbag.py:588} INFO - Filling up the DagBag from /home/airflow/.local/lib/python3.12/site-packages/airflow/example_dags/example_task_group.py
[2024-11-27T17:55:44.836+0000] {processor.py:925} INFO - DAG(s) 'example_task_group' retrieved from /home/airflow/.local/lib/python3.12/site-packages/airflow/example_dags/example_task_group.py
[2024-11-27T17:55:44.851+0000] {logging_mixin.py:190} INFO - [2024-11-27T17:55:44.851+0000] {dag.py:3239} INFO - Sync 1 DAGs
[2024-11-27T17:55:44.862+0000] {logging_mixin.py:190} INFO - [2024-11-27T17:55:44.862+0000] {dag.py:4180} INFO - Setting next_dagrun for example_task_group to None, run_after=None
[2024-11-27T17:55:44.876+0000] {processor.py:208} INFO - Processing /home/airflow/.local/lib/python3.12/site-packages/airflow/example_dags/example_task_group.py took 0.054 seconds
[2024-11-27T17:56:16.015+0000] {processor.py:186} INFO - Started process (PID=320) to work on /home/airflow/.local/lib/python3.12/site-packages/airflow/example_dags/example_task_group.py
[2024-11-27T17:56:16.016+0000] {processor.py:914} INFO - Processing file /home/airflow/.local/lib/python3.12/site-packages/airflow/example_dags/example_task_group.py for tasks to queue
[2024-11-27T17:56:16.018+0000] {logging_mixin.py:190} INFO - [2024-11-27T17:56:16.018+0000] {dagbag.py:588} INFO - Filling up the DagBag from /home/airflow/.local/lib/python3.12/site-packages/airflow/example_dags/example_task_group.py
[2024-11-27T17:56:16.024+0000] {processor.py:925} INFO - DAG(s) 'example_task_group' retrieved from /home/airflow/.local/lib/python3.12/site-packages/airflow/example_dags/example_task_group.py
[2024-11-27T17:56:16.038+0000] {logging_mixin.py:190} INFO - [2024-11-27T17:56:16.038+0000] {dag.py:3239} INFO - Sync 1 DAGs
[2024-11-27T17:56:16.049+0000] {logging_mixin.py:190} INFO - [2024-11-27T17:56:16.048+0000] {dag.py:4180} INFO - Setting next_dagrun for example_task_group to None, run_after=None
[2024-11-27T17:56:16.063+0000] {processor.py:208} INFO - Processing /home/airflow/.local/lib/python3.12/site-packages/airflow/example_dags/example_task_group.py took 0.052 seconds
[2024-11-27T17:56:46.597+0000] {processor.py:186} INFO - Started process (PID=391) to work on /home/airflow/.local/lib/python3.12/site-packages/airflow/example_dags/example_task_group.py
[2024-11-27T17:56:46.598+0000] {processor.py:914} INFO - Processing file /home/airflow/.local/lib/python3.12/site-packages/airflow/example_dags/example_task_group.py for tasks to queue
[2024-11-27T17:56:46.600+0000] {logging_mixin.py:190} INFO - [2024-11-27T17:56:46.600+0000] {dagbag.py:588} INFO - Filling up the DagBag from /home/airflow/.local/lib/python3.12/site-packages/airflow/example_dags/example_task_group.py
[2024-11-27T17:56:46.606+0000] {processor.py:925} INFO - DAG(s) 'example_task_group' retrieved from /home/airflow/.local/lib/python3.12/site-packages/airflow/example_dags/example_task_group.py
[2024-11-27T17:56:46.622+0000] {logging_mixin.py:190} INFO - [2024-11-27T17:56:46.622+0000] {dag.py:3239} INFO - Sync 1 DAGs
[2024-11-27T17:56:46.632+0000] {logging_mixin.py:190} INFO - [2024-11-27T17:56:46.632+0000] {dag.py:4180} INFO - Setting next_dagrun for example_task_group to None, run_after=None
[2024-11-27T17:56:46.646+0000] {processor.py:208} INFO - Processing /home/airflow/.local/lib/python3.12/site-packages/airflow/example_dags/example_task_group.py took 0.053 seconds
