[2024-11-27T17:51:46.913+0000] {processor.py:186} INFO - Started process (PID=110) to work on /home/airflow/.local/lib/python3.12/site-packages/airflow/example_dags/example_trigger_target_dag.py
[2024-11-27T17:51:46.913+0000] {processor.py:914} INFO - Processing file /home/airflow/.local/lib/python3.12/site-packages/airflow/example_dags/example_trigger_target_dag.py for tasks to queue
[2024-11-27T17:51:46.916+0000] {logging_mixin.py:190} INFO - [2024-11-27T17:51:46.915+0000] {dagbag.py:588} INFO - Filling up the DagBag from /home/airflow/.local/lib/python3.12/site-packages/airflow/example_dags/example_trigger_target_dag.py
[2024-11-27T17:51:46.922+0000] {processor.py:925} INFO - DAG(s) 'example_trigger_target_dag' retrieved from /home/airflow/.local/lib/python3.12/site-packages/airflow/example_dags/example_trigger_target_dag.py
[2024-11-27T17:51:47.002+0000] {logging_mixin.py:190} INFO - [2024-11-27T17:51:47.001+0000] {override.py:1911} INFO - Created Permission View: can read on DAG:example_trigger_target_dag
[2024-11-27T17:51:47.012+0000] {logging_mixin.py:190} INFO - [2024-11-27T17:51:47.012+0000] {override.py:1911} INFO - Created Permission View: can delete on DAG:example_trigger_target_dag
[2024-11-27T17:51:47.019+0000] {logging_mixin.py:190} INFO - [2024-11-27T17:51:47.019+0000] {override.py:1911} INFO - Created Permission View: can edit on DAG:example_trigger_target_dag
[2024-11-27T17:51:47.030+0000] {logging_mixin.py:190} INFO - [2024-11-27T17:51:47.030+0000] {override.py:1911} INFO - Created Permission View: can read on DAG Run:example_trigger_target_dag
[2024-11-27T17:51:47.038+0000] {logging_mixin.py:190} INFO - [2024-11-27T17:51:47.038+0000] {override.py:1911} INFO - Created Permission View: can delete on DAG Run:example_trigger_target_dag
[2024-11-27T17:51:47.046+0000] {logging_mixin.py:190} INFO - [2024-11-27T17:51:47.046+0000] {override.py:1911} INFO - Created Permission View: menu access on DAG Run:example_trigger_target_dag
[2024-11-27T17:51:47.052+0000] {logging_mixin.py:190} INFO - [2024-11-27T17:51:47.052+0000] {override.py:1911} INFO - Created Permission View: can create on DAG Run:example_trigger_target_dag
[2024-11-27T17:51:47.053+0000] {logging_mixin.py:190} INFO - [2024-11-27T17:51:47.053+0000] {dag.py:3239} INFO - Sync 1 DAGs
[2024-11-27T17:51:47.064+0000] {logging_mixin.py:190} INFO - [2024-11-27T17:51:47.064+0000] {dag.py:3262} INFO - Creating ORM DAG for example_trigger_target_dag
[2024-11-27T17:51:47.065+0000] {logging_mixin.py:190} INFO - [2024-11-27T17:51:47.065+0000] {dag.py:4180} INFO - Setting next_dagrun for example_trigger_target_dag to None, run_after=None
[2024-11-27T17:51:47.084+0000] {processor.py:208} INFO - Processing /home/airflow/.local/lib/python3.12/site-packages/airflow/example_dags/example_trigger_target_dag.py took 0.175 seconds
[2024-11-27T17:52:17.569+0000] {processor.py:186} INFO - Started process (PID=181) to work on /home/airflow/.local/lib/python3.12/site-packages/airflow/example_dags/example_trigger_target_dag.py
[2024-11-27T17:52:17.570+0000] {processor.py:914} INFO - Processing file /home/airflow/.local/lib/python3.12/site-packages/airflow/example_dags/example_trigger_target_dag.py for tasks to queue
[2024-11-27T17:52:17.572+0000] {logging_mixin.py:190} INFO - [2024-11-27T17:52:17.571+0000] {dagbag.py:588} INFO - Filling up the DagBag from /home/airflow/.local/lib/python3.12/site-packages/airflow/example_dags/example_trigger_target_dag.py
[2024-11-27T17:52:17.578+0000] {processor.py:925} INFO - DAG(s) 'example_trigger_target_dag' retrieved from /home/airflow/.local/lib/python3.12/site-packages/airflow/example_dags/example_trigger_target_dag.py
[2024-11-27T17:52:17.592+0000] {logging_mixin.py:190} INFO - [2024-11-27T17:52:17.592+0000] {dag.py:3239} INFO - Sync 1 DAGs
[2024-11-27T17:52:17.603+0000] {logging_mixin.py:190} INFO - [2024-11-27T17:52:17.603+0000] {dag.py:4180} INFO - Setting next_dagrun for example_trigger_target_dag to None, run_after=None
[2024-11-27T17:52:17.619+0000] {processor.py:208} INFO - Processing /home/airflow/.local/lib/python3.12/site-packages/airflow/example_dags/example_trigger_target_dag.py took 0.055 seconds
[2024-11-27T17:52:48.447+0000] {processor.py:186} INFO - Started process (PID=252) to work on /home/airflow/.local/lib/python3.12/site-packages/airflow/example_dags/example_trigger_target_dag.py
[2024-11-27T17:52:48.448+0000] {processor.py:914} INFO - Processing file /home/airflow/.local/lib/python3.12/site-packages/airflow/example_dags/example_trigger_target_dag.py for tasks to queue
[2024-11-27T17:52:48.450+0000] {logging_mixin.py:190} INFO - [2024-11-27T17:52:48.450+0000] {dagbag.py:588} INFO - Filling up the DagBag from /home/airflow/.local/lib/python3.12/site-packages/airflow/example_dags/example_trigger_target_dag.py
[2024-11-27T17:52:48.456+0000] {processor.py:925} INFO - DAG(s) 'example_trigger_target_dag' retrieved from /home/airflow/.local/lib/python3.12/site-packages/airflow/example_dags/example_trigger_target_dag.py
[2024-11-27T17:52:48.470+0000] {logging_mixin.py:190} INFO - [2024-11-27T17:52:48.470+0000] {dag.py:3239} INFO - Sync 1 DAGs
[2024-11-27T17:52:48.481+0000] {logging_mixin.py:190} INFO - [2024-11-27T17:52:48.481+0000] {dag.py:4180} INFO - Setting next_dagrun for example_trigger_target_dag to None, run_after=None
[2024-11-27T17:52:48.495+0000] {processor.py:208} INFO - Processing /home/airflow/.local/lib/python3.12/site-packages/airflow/example_dags/example_trigger_target_dag.py took 0.052 seconds
[2024-11-27T17:54:41.960+0000] {processor.py:186} INFO - Started process (PID=98) to work on /home/airflow/.local/lib/python3.12/site-packages/airflow/example_dags/example_trigger_target_dag.py
[2024-11-27T17:54:41.961+0000] {processor.py:914} INFO - Processing file /home/airflow/.local/lib/python3.12/site-packages/airflow/example_dags/example_trigger_target_dag.py for tasks to queue
[2024-11-27T17:54:41.963+0000] {logging_mixin.py:190} INFO - [2024-11-27T17:54:41.963+0000] {dagbag.py:588} INFO - Filling up the DagBag from /home/airflow/.local/lib/python3.12/site-packages/airflow/example_dags/example_trigger_target_dag.py
[2024-11-27T17:54:41.969+0000] {processor.py:925} INFO - DAG(s) 'example_trigger_target_dag' retrieved from /home/airflow/.local/lib/python3.12/site-packages/airflow/example_dags/example_trigger_target_dag.py
[2024-11-27T17:54:41.982+0000] {logging_mixin.py:190} INFO - [2024-11-27T17:54:41.982+0000] {dag.py:3239} INFO - Sync 1 DAGs
[2024-11-27T17:54:41.992+0000] {logging_mixin.py:190} INFO - [2024-11-27T17:54:41.992+0000] {dag.py:4180} INFO - Setting next_dagrun for example_trigger_target_dag to None, run_after=None
[2024-11-27T17:54:42.008+0000] {processor.py:208} INFO - Processing /home/airflow/.local/lib/python3.12/site-packages/airflow/example_dags/example_trigger_target_dag.py took 0.052 seconds
[2024-11-27T17:55:13.346+0000] {processor.py:186} INFO - Started process (PID=175) to work on /home/airflow/.local/lib/python3.12/site-packages/airflow/example_dags/example_trigger_target_dag.py
[2024-11-27T17:55:13.347+0000] {processor.py:914} INFO - Processing file /home/airflow/.local/lib/python3.12/site-packages/airflow/example_dags/example_trigger_target_dag.py for tasks to queue
[2024-11-27T17:55:13.352+0000] {logging_mixin.py:190} INFO - [2024-11-27T17:55:13.351+0000] {dagbag.py:588} INFO - Filling up the DagBag from /home/airflow/.local/lib/python3.12/site-packages/airflow/example_dags/example_trigger_target_dag.py
[2024-11-27T17:55:13.366+0000] {processor.py:925} INFO - DAG(s) 'example_trigger_target_dag' retrieved from /home/airflow/.local/lib/python3.12/site-packages/airflow/example_dags/example_trigger_target_dag.py
[2024-11-27T17:55:13.401+0000] {logging_mixin.py:190} INFO - [2024-11-27T17:55:13.400+0000] {dag.py:3239} INFO - Sync 1 DAGs
[2024-11-27T17:55:13.427+0000] {logging_mixin.py:190} INFO - [2024-11-27T17:55:13.426+0000] {dag.py:4180} INFO - Setting next_dagrun for example_trigger_target_dag to None, run_after=None
[2024-11-27T17:55:13.461+0000] {processor.py:208} INFO - Processing /home/airflow/.local/lib/python3.12/site-packages/airflow/example_dags/example_trigger_target_dag.py took 0.124 seconds
[2024-11-27T17:55:44.687+0000] {processor.py:186} INFO - Started process (PID=246) to work on /home/airflow/.local/lib/python3.12/site-packages/airflow/example_dags/example_trigger_target_dag.py
[2024-11-27T17:55:44.687+0000] {processor.py:914} INFO - Processing file /home/airflow/.local/lib/python3.12/site-packages/airflow/example_dags/example_trigger_target_dag.py for tasks to queue
[2024-11-27T17:55:44.689+0000] {logging_mixin.py:190} INFO - [2024-11-27T17:55:44.689+0000] {dagbag.py:588} INFO - Filling up the DagBag from /home/airflow/.local/lib/python3.12/site-packages/airflow/example_dags/example_trigger_target_dag.py
[2024-11-27T17:55:44.695+0000] {processor.py:925} INFO - DAG(s) 'example_trigger_target_dag' retrieved from /home/airflow/.local/lib/python3.12/site-packages/airflow/example_dags/example_trigger_target_dag.py
[2024-11-27T17:55:44.709+0000] {logging_mixin.py:190} INFO - [2024-11-27T17:55:44.709+0000] {dag.py:3239} INFO - Sync 1 DAGs
[2024-11-27T17:55:44.720+0000] {logging_mixin.py:190} INFO - [2024-11-27T17:55:44.720+0000] {dag.py:4180} INFO - Setting next_dagrun for example_trigger_target_dag to None, run_after=None
[2024-11-27T17:55:44.735+0000] {processor.py:208} INFO - Processing /home/airflow/.local/lib/python3.12/site-packages/airflow/example_dags/example_trigger_target_dag.py took 0.053 seconds
[2024-11-27T17:56:15.889+0000] {processor.py:186} INFO - Started process (PID=317) to work on /home/airflow/.local/lib/python3.12/site-packages/airflow/example_dags/example_trigger_target_dag.py
[2024-11-27T17:56:15.890+0000] {processor.py:914} INFO - Processing file /home/airflow/.local/lib/python3.12/site-packages/airflow/example_dags/example_trigger_target_dag.py for tasks to queue
[2024-11-27T17:56:15.891+0000] {logging_mixin.py:190} INFO - [2024-11-27T17:56:15.891+0000] {dagbag.py:588} INFO - Filling up the DagBag from /home/airflow/.local/lib/python3.12/site-packages/airflow/example_dags/example_trigger_target_dag.py
[2024-11-27T17:56:15.897+0000] {processor.py:925} INFO - DAG(s) 'example_trigger_target_dag' retrieved from /home/airflow/.local/lib/python3.12/site-packages/airflow/example_dags/example_trigger_target_dag.py
[2024-11-27T17:56:15.909+0000] {logging_mixin.py:190} INFO - [2024-11-27T17:56:15.909+0000] {dag.py:3239} INFO - Sync 1 DAGs
[2024-11-27T17:56:15.919+0000] {logging_mixin.py:190} INFO - [2024-11-27T17:56:15.919+0000] {dag.py:4180} INFO - Setting next_dagrun for example_trigger_target_dag to None, run_after=None
[2024-11-27T17:56:15.941+0000] {processor.py:208} INFO - Processing /home/airflow/.local/lib/python3.12/site-packages/airflow/example_dags/example_trigger_target_dag.py took 0.056 seconds
[2024-11-27T17:56:46.432+0000] {processor.py:186} INFO - Started process (PID=388) to work on /home/airflow/.local/lib/python3.12/site-packages/airflow/example_dags/example_trigger_target_dag.py
[2024-11-27T17:56:46.433+0000] {processor.py:914} INFO - Processing file /home/airflow/.local/lib/python3.12/site-packages/airflow/example_dags/example_trigger_target_dag.py for tasks to queue
[2024-11-27T17:56:46.434+0000] {logging_mixin.py:190} INFO - [2024-11-27T17:56:46.434+0000] {dagbag.py:588} INFO - Filling up the DagBag from /home/airflow/.local/lib/python3.12/site-packages/airflow/example_dags/example_trigger_target_dag.py
[2024-11-27T17:56:46.440+0000] {processor.py:925} INFO - DAG(s) 'example_trigger_target_dag' retrieved from /home/airflow/.local/lib/python3.12/site-packages/airflow/example_dags/example_trigger_target_dag.py
[2024-11-27T17:56:46.454+0000] {logging_mixin.py:190} INFO - [2024-11-27T17:56:46.453+0000] {dag.py:3239} INFO - Sync 1 DAGs
[2024-11-27T17:56:46.464+0000] {logging_mixin.py:190} INFO - [2024-11-27T17:56:46.464+0000] {dag.py:4180} INFO - Setting next_dagrun for example_trigger_target_dag to None, run_after=None
[2024-11-27T17:56:46.484+0000] {processor.py:208} INFO - Processing /home/airflow/.local/lib/python3.12/site-packages/airflow/example_dags/example_trigger_target_dag.py took 0.056 seconds
