[2024-11-27T17:51:47.117+0000] {processor.py:186} INFO - Started process (PID=112) to work on /home/airflow/.local/lib/python3.12/site-packages/airflow/example_dags/example_task_group_decorator.py
[2024-11-27T17:51:47.119+0000] {processor.py:914} INFO - Processing file /home/airflow/.local/lib/python3.12/site-packages/airflow/example_dags/example_task_group_decorator.py for tasks to queue
[2024-11-27T17:51:47.122+0000] {logging_mixin.py:190} INFO - [2024-11-27T17:51:47.121+0000] {dagbag.py:588} INFO - Filling up the DagBag from /home/airflow/.local/lib/python3.12/site-packages/airflow/example_dags/example_task_group_decorator.py
[2024-11-27T17:51:47.135+0000] {processor.py:925} INFO - DAG(s) 'example_task_group_decorator' retrieved from /home/airflow/.local/lib/python3.12/site-packages/airflow/example_dags/example_task_group_decorator.py
[2024-11-27T17:51:47.235+0000] {logging_mixin.py:190} INFO - [2024-11-27T17:51:47.234+0000] {override.py:1911} INFO - Created Permission View: can read on DAG:example_task_group_decorator
[2024-11-27T17:51:47.250+0000] {logging_mixin.py:190} INFO - [2024-11-27T17:51:47.250+0000] {override.py:1911} INFO - Created Permission View: can delete on DAG:example_task_group_decorator
[2024-11-27T17:51:47.261+0000] {logging_mixin.py:190} INFO - [2024-11-27T17:51:47.261+0000] {override.py:1911} INFO - Created Permission View: can edit on DAG:example_task_group_decorator
[2024-11-27T17:51:47.274+0000] {logging_mixin.py:190} INFO - [2024-11-27T17:51:47.274+0000] {override.py:1911} INFO - Created Permission View: can read on DAG Run:example_task_group_decorator
[2024-11-27T17:51:47.287+0000] {logging_mixin.py:190} INFO - [2024-11-27T17:51:47.287+0000] {override.py:1911} INFO - Created Permission View: can delete on DAG Run:example_task_group_decorator
[2024-11-27T17:51:47.297+0000] {logging_mixin.py:190} INFO - [2024-11-27T17:51:47.297+0000] {override.py:1911} INFO - Created Permission View: menu access on DAG Run:example_task_group_decorator
[2024-11-27T17:51:47.309+0000] {logging_mixin.py:190} INFO - [2024-11-27T17:51:47.309+0000] {override.py:1911} INFO - Created Permission View: can create on DAG Run:example_task_group_decorator
[2024-11-27T17:51:47.310+0000] {logging_mixin.py:190} INFO - [2024-11-27T17:51:47.310+0000] {dag.py:3239} INFO - Sync 1 DAGs
[2024-11-27T17:51:47.327+0000] {logging_mixin.py:190} INFO - [2024-11-27T17:51:47.326+0000] {dag.py:3262} INFO - Creating ORM DAG for example_task_group_decorator
[2024-11-27T17:51:47.327+0000] {logging_mixin.py:190} INFO - [2024-11-27T17:51:47.327+0000] {dag.py:4180} INFO - Setting next_dagrun for example_task_group_decorator to None, run_after=None
[2024-11-27T17:51:47.349+0000] {processor.py:208} INFO - Processing /home/airflow/.local/lib/python3.12/site-packages/airflow/example_dags/example_task_group_decorator.py took 0.237 seconds
[2024-11-27T17:52:17.647+0000] {processor.py:186} INFO - Started process (PID=183) to work on /home/airflow/.local/lib/python3.12/site-packages/airflow/example_dags/example_task_group_decorator.py
[2024-11-27T17:52:17.648+0000] {processor.py:914} INFO - Processing file /home/airflow/.local/lib/python3.12/site-packages/airflow/example_dags/example_task_group_decorator.py for tasks to queue
[2024-11-27T17:52:17.650+0000] {logging_mixin.py:190} INFO - [2024-11-27T17:52:17.649+0000] {dagbag.py:588} INFO - Filling up the DagBag from /home/airflow/.local/lib/python3.12/site-packages/airflow/example_dags/example_task_group_decorator.py
[2024-11-27T17:52:17.661+0000] {processor.py:925} INFO - DAG(s) 'example_task_group_decorator' retrieved from /home/airflow/.local/lib/python3.12/site-packages/airflow/example_dags/example_task_group_decorator.py
[2024-11-27T17:52:17.679+0000] {logging_mixin.py:190} INFO - [2024-11-27T17:52:17.679+0000] {dag.py:3239} INFO - Sync 1 DAGs
[2024-11-27T17:52:17.690+0000] {logging_mixin.py:190} INFO - [2024-11-27T17:52:17.690+0000] {dag.py:4180} INFO - Setting next_dagrun for example_task_group_decorator to None, run_after=None
[2024-11-27T17:52:17.710+0000] {processor.py:208} INFO - Processing /home/airflow/.local/lib/python3.12/site-packages/airflow/example_dags/example_task_group_decorator.py took 0.068 seconds
[2024-11-27T17:52:48.676+0000] {processor.py:186} INFO - Started process (PID=254) to work on /home/airflow/.local/lib/python3.12/site-packages/airflow/example_dags/example_task_group_decorator.py
[2024-11-27T17:52:48.678+0000] {processor.py:914} INFO - Processing file /home/airflow/.local/lib/python3.12/site-packages/airflow/example_dags/example_task_group_decorator.py for tasks to queue
[2024-11-27T17:52:48.685+0000] {logging_mixin.py:190} INFO - [2024-11-27T17:52:48.684+0000] {dagbag.py:588} INFO - Filling up the DagBag from /home/airflow/.local/lib/python3.12/site-packages/airflow/example_dags/example_task_group_decorator.py
[2024-11-27T17:52:48.712+0000] {processor.py:925} INFO - DAG(s) 'example_task_group_decorator' retrieved from /home/airflow/.local/lib/python3.12/site-packages/airflow/example_dags/example_task_group_decorator.py
[2024-11-27T17:52:48.732+0000] {logging_mixin.py:190} INFO - [2024-11-27T17:52:48.732+0000] {dag.py:3239} INFO - Sync 1 DAGs
[2024-11-27T17:52:48.744+0000] {logging_mixin.py:190} INFO - [2024-11-27T17:52:48.743+0000] {dag.py:4180} INFO - Setting next_dagrun for example_task_group_decorator to None, run_after=None
[2024-11-27T17:52:48.760+0000] {processor.py:208} INFO - Processing /home/airflow/.local/lib/python3.12/site-packages/airflow/example_dags/example_task_group_decorator.py took 0.096 seconds
[2024-11-27T17:54:42.030+0000] {processor.py:186} INFO - Started process (PID=100) to work on /home/airflow/.local/lib/python3.12/site-packages/airflow/example_dags/example_task_group_decorator.py
[2024-11-27T17:54:42.031+0000] {processor.py:914} INFO - Processing file /home/airflow/.local/lib/python3.12/site-packages/airflow/example_dags/example_task_group_decorator.py for tasks to queue
[2024-11-27T17:54:42.033+0000] {logging_mixin.py:190} INFO - [2024-11-27T17:54:42.033+0000] {dagbag.py:588} INFO - Filling up the DagBag from /home/airflow/.local/lib/python3.12/site-packages/airflow/example_dags/example_task_group_decorator.py
[2024-11-27T17:54:42.044+0000] {processor.py:925} INFO - DAG(s) 'example_task_group_decorator' retrieved from /home/airflow/.local/lib/python3.12/site-packages/airflow/example_dags/example_task_group_decorator.py
[2024-11-27T17:54:42.061+0000] {logging_mixin.py:190} INFO - [2024-11-27T17:54:42.061+0000] {dag.py:3239} INFO - Sync 1 DAGs
[2024-11-27T17:54:42.071+0000] {logging_mixin.py:190} INFO - [2024-11-27T17:54:42.071+0000] {dag.py:4180} INFO - Setting next_dagrun for example_task_group_decorator to None, run_after=None
[2024-11-27T17:54:42.084+0000] {processor.py:208} INFO - Processing /home/airflow/.local/lib/python3.12/site-packages/airflow/example_dags/example_task_group_decorator.py took 0.058 seconds
[2024-11-27T17:55:13.496+0000] {processor.py:186} INFO - Started process (PID=177) to work on /home/airflow/.local/lib/python3.12/site-packages/airflow/example_dags/example_task_group_decorator.py
[2024-11-27T17:55:13.497+0000] {processor.py:914} INFO - Processing file /home/airflow/.local/lib/python3.12/site-packages/airflow/example_dags/example_task_group_decorator.py for tasks to queue
[2024-11-27T17:55:13.499+0000] {logging_mixin.py:190} INFO - [2024-11-27T17:55:13.499+0000] {dagbag.py:588} INFO - Filling up the DagBag from /home/airflow/.local/lib/python3.12/site-packages/airflow/example_dags/example_task_group_decorator.py
[2024-11-27T17:55:13.511+0000] {processor.py:925} INFO - DAG(s) 'example_task_group_decorator' retrieved from /home/airflow/.local/lib/python3.12/site-packages/airflow/example_dags/example_task_group_decorator.py
[2024-11-27T17:55:13.532+0000] {logging_mixin.py:190} INFO - [2024-11-27T17:55:13.531+0000] {dag.py:3239} INFO - Sync 1 DAGs
[2024-11-27T17:55:13.544+0000] {logging_mixin.py:190} INFO - [2024-11-27T17:55:13.543+0000] {dag.py:4180} INFO - Setting next_dagrun for example_task_group_decorator to None, run_after=None
[2024-11-27T17:55:13.559+0000] {processor.py:208} INFO - Processing /home/airflow/.local/lib/python3.12/site-packages/airflow/example_dags/example_task_group_decorator.py took 0.067 seconds
[2024-11-27T17:55:44.760+0000] {processor.py:186} INFO - Started process (PID=248) to work on /home/airflow/.local/lib/python3.12/site-packages/airflow/example_dags/example_task_group_decorator.py
[2024-11-27T17:55:44.761+0000] {processor.py:914} INFO - Processing file /home/airflow/.local/lib/python3.12/site-packages/airflow/example_dags/example_task_group_decorator.py for tasks to queue
[2024-11-27T17:55:44.762+0000] {logging_mixin.py:190} INFO - [2024-11-27T17:55:44.762+0000] {dagbag.py:588} INFO - Filling up the DagBag from /home/airflow/.local/lib/python3.12/site-packages/airflow/example_dags/example_task_group_decorator.py
[2024-11-27T17:55:44.773+0000] {processor.py:925} INFO - DAG(s) 'example_task_group_decorator' retrieved from /home/airflow/.local/lib/python3.12/site-packages/airflow/example_dags/example_task_group_decorator.py
[2024-11-27T17:55:44.791+0000] {logging_mixin.py:190} INFO - [2024-11-27T17:55:44.790+0000] {dag.py:3239} INFO - Sync 1 DAGs
[2024-11-27T17:55:44.802+0000] {logging_mixin.py:190} INFO - [2024-11-27T17:55:44.802+0000] {dag.py:4180} INFO - Setting next_dagrun for example_task_group_decorator to None, run_after=None
[2024-11-27T17:55:44.817+0000] {processor.py:208} INFO - Processing /home/airflow/.local/lib/python3.12/site-packages/airflow/example_dags/example_task_group_decorator.py took 0.062 seconds
[2024-11-27T17:56:15.963+0000] {processor.py:186} INFO - Started process (PID=319) to work on /home/airflow/.local/lib/python3.12/site-packages/airflow/example_dags/example_task_group_decorator.py
[2024-11-27T17:56:15.964+0000] {processor.py:914} INFO - Processing file /home/airflow/.local/lib/python3.12/site-packages/airflow/example_dags/example_task_group_decorator.py for tasks to queue
[2024-11-27T17:56:15.966+0000] {logging_mixin.py:190} INFO - [2024-11-27T17:56:15.966+0000] {dagbag.py:588} INFO - Filling up the DagBag from /home/airflow/.local/lib/python3.12/site-packages/airflow/example_dags/example_task_group_decorator.py
[2024-11-27T17:56:15.976+0000] {processor.py:925} INFO - DAG(s) 'example_task_group_decorator' retrieved from /home/airflow/.local/lib/python3.12/site-packages/airflow/example_dags/example_task_group_decorator.py
[2024-11-27T17:56:15.993+0000] {logging_mixin.py:190} INFO - [2024-11-27T17:56:15.992+0000] {dag.py:3239} INFO - Sync 1 DAGs
[2024-11-27T17:56:16.003+0000] {logging_mixin.py:190} INFO - [2024-11-27T17:56:16.002+0000] {dag.py:4180} INFO - Setting next_dagrun for example_task_group_decorator to None, run_after=None
[2024-11-27T17:56:16.016+0000] {processor.py:208} INFO - Processing /home/airflow/.local/lib/python3.12/site-packages/airflow/example_dags/example_task_group_decorator.py took 0.057 seconds
[2024-11-27T17:56:46.597+0000] {processor.py:186} INFO - Started process (PID=390) to work on /home/airflow/.local/lib/python3.12/site-packages/airflow/example_dags/example_task_group_decorator.py
[2024-11-27T17:56:46.597+0000] {processor.py:914} INFO - Processing file /home/airflow/.local/lib/python3.12/site-packages/airflow/example_dags/example_task_group_decorator.py for tasks to queue
[2024-11-27T17:56:46.599+0000] {logging_mixin.py:190} INFO - [2024-11-27T17:56:46.599+0000] {dagbag.py:588} INFO - Filling up the DagBag from /home/airflow/.local/lib/python3.12/site-packages/airflow/example_dags/example_task_group_decorator.py
[2024-11-27T17:56:46.611+0000] {processor.py:925} INFO - DAG(s) 'example_task_group_decorator' retrieved from /home/airflow/.local/lib/python3.12/site-packages/airflow/example_dags/example_task_group_decorator.py
[2024-11-27T17:56:46.627+0000] {logging_mixin.py:190} INFO - [2024-11-27T17:56:46.627+0000] {dag.py:3239} INFO - Sync 1 DAGs
[2024-11-27T17:56:46.637+0000] {logging_mixin.py:190} INFO - [2024-11-27T17:56:46.637+0000] {dag.py:4180} INFO - Setting next_dagrun for example_task_group_decorator to None, run_after=None
[2024-11-27T17:56:46.650+0000] {processor.py:208} INFO - Processing /home/airflow/.local/lib/python3.12/site-packages/airflow/example_dags/example_task_group_decorator.py took 0.058 seconds
