[2024-11-27T17:51:44.531+0000] {processor.py:186} INFO - Started process (PID=101) to work on /home/airflow/.local/lib/python3.12/site-packages/airflow/example_dags/example_datasets.py
[2024-11-27T17:51:44.532+0000] {processor.py:914} INFO - Processing file /home/airflow/.local/lib/python3.12/site-packages/airflow/example_dags/example_datasets.py for tasks to queue
[2024-11-27T17:51:44.534+0000] {logging_mixin.py:190} INFO - [2024-11-27T17:51:44.534+0000] {dagbag.py:588} INFO - Filling up the DagBag from /home/airflow/.local/lib/python3.12/site-packages/airflow/example_dags/example_datasets.py
[2024-11-27T17:51:45.059+0000] {processor.py:925} INFO - DAG(s) 'dataset_produces_2', 'consume_1_or_2_with_dataset_expressions', 'dataset_consumes_unknown_never_scheduled', 'dataset_consumes_1', 'conditional_dataset_and_time_based_timetable', 'consume_1_and_2_with_dataset_expressions', 'dataset_consumes_1_and_2', 'consume_1_or_both_2_and_3_with_dataset_expressions', 'dataset_consumes_1_never_scheduled', 'dataset_produces_1' retrieved from /home/airflow/.local/lib/python3.12/site-packages/airflow/example_dags/example_datasets.py
[2024-11-27T17:51:45.149+0000] {logging_mixin.py:190} INFO - [2024-11-27T17:51:45.148+0000] {override.py:1911} INFO - Created Permission View: can read on DAG:dataset_produces_2
[2024-11-27T17:51:45.159+0000] {logging_mixin.py:190} INFO - [2024-11-27T17:51:45.158+0000] {override.py:1911} INFO - Created Permission View: can delete on DAG:dataset_produces_2
[2024-11-27T17:51:45.167+0000] {logging_mixin.py:190} INFO - [2024-11-27T17:51:45.166+0000] {override.py:1911} INFO - Created Permission View: can edit on DAG:dataset_produces_2
[2024-11-27T17:51:45.175+0000] {logging_mixin.py:190} INFO - [2024-11-27T17:51:45.175+0000] {override.py:1911} INFO - Created Permission View: can read on DAG Run:dataset_produces_2
[2024-11-27T17:51:45.182+0000] {logging_mixin.py:190} INFO - [2024-11-27T17:51:45.182+0000] {override.py:1911} INFO - Created Permission View: can delete on DAG Run:dataset_produces_2
[2024-11-27T17:51:45.189+0000] {logging_mixin.py:190} INFO - [2024-11-27T17:51:45.189+0000] {override.py:1911} INFO - Created Permission View: menu access on DAG Run:dataset_produces_2
[2024-11-27T17:51:45.197+0000] {logging_mixin.py:190} INFO - [2024-11-27T17:51:45.197+0000] {override.py:1911} INFO - Created Permission View: can create on DAG Run:dataset_produces_2
[2024-11-27T17:51:45.215+0000] {logging_mixin.py:190} INFO - [2024-11-27T17:51:45.215+0000] {override.py:1911} INFO - Created Permission View: can read on DAG:consume_1_or_2_with_dataset_expressions
[2024-11-27T17:51:45.223+0000] {logging_mixin.py:190} INFO - [2024-11-27T17:51:45.222+0000] {override.py:1911} INFO - Created Permission View: can delete on DAG:consume_1_or_2_with_dataset_expressions
[2024-11-27T17:51:45.233+0000] {logging_mixin.py:190} INFO - [2024-11-27T17:51:45.233+0000] {override.py:1911} INFO - Created Permission View: can edit on DAG:consume_1_or_2_with_dataset_expressions
[2024-11-27T17:51:45.246+0000] {logging_mixin.py:190} INFO - [2024-11-27T17:51:45.245+0000] {override.py:1911} INFO - Created Permission View: can read on DAG Run:consume_1_or_2_with_dataset_expressions
[2024-11-27T17:51:45.254+0000] {logging_mixin.py:190} INFO - [2024-11-27T17:51:45.254+0000] {override.py:1911} INFO - Created Permission View: can delete on DAG Run:consume_1_or_2_with_dataset_expressions
[2024-11-27T17:51:45.263+0000] {logging_mixin.py:190} INFO - [2024-11-27T17:51:45.262+0000] {override.py:1911} INFO - Created Permission View: menu access on DAG Run:consume_1_or_2_with_dataset_expressions
[2024-11-27T17:51:45.271+0000] {logging_mixin.py:190} INFO - [2024-11-27T17:51:45.271+0000] {override.py:1911} INFO - Created Permission View: can create on DAG Run:consume_1_or_2_with_dataset_expressions
[2024-11-27T17:51:45.285+0000] {logging_mixin.py:190} INFO - [2024-11-27T17:51:45.285+0000] {override.py:1911} INFO - Created Permission View: can read on DAG:dataset_consumes_unknown_never_scheduled
[2024-11-27T17:51:45.293+0000] {logging_mixin.py:190} INFO - [2024-11-27T17:51:45.293+0000] {override.py:1911} INFO - Created Permission View: can delete on DAG:dataset_consumes_unknown_never_scheduled
[2024-11-27T17:51:45.300+0000] {logging_mixin.py:190} INFO - [2024-11-27T17:51:45.300+0000] {override.py:1911} INFO - Created Permission View: can edit on DAG:dataset_consumes_unknown_never_scheduled
[2024-11-27T17:51:45.312+0000] {logging_mixin.py:190} INFO - [2024-11-27T17:51:45.311+0000] {override.py:1911} INFO - Created Permission View: can read on DAG Run:dataset_consumes_unknown_never_scheduled
[2024-11-27T17:51:45.319+0000] {logging_mixin.py:190} INFO - [2024-11-27T17:51:45.319+0000] {override.py:1911} INFO - Created Permission View: can delete on DAG Run:dataset_consumes_unknown_never_scheduled
[2024-11-27T17:51:45.327+0000] {logging_mixin.py:190} INFO - [2024-11-27T17:51:45.326+0000] {override.py:1911} INFO - Created Permission View: menu access on DAG Run:dataset_consumes_unknown_never_scheduled
[2024-11-27T17:51:45.335+0000] {logging_mixin.py:190} INFO - [2024-11-27T17:51:45.335+0000] {override.py:1911} INFO - Created Permission View: can create on DAG Run:dataset_consumes_unknown_never_scheduled
[2024-11-27T17:51:45.350+0000] {logging_mixin.py:190} INFO - [2024-11-27T17:51:45.349+0000] {override.py:1911} INFO - Created Permission View: can read on DAG:dataset_consumes_1
[2024-11-27T17:51:45.359+0000] {logging_mixin.py:190} INFO - [2024-11-27T17:51:45.358+0000] {override.py:1911} INFO - Created Permission View: can delete on DAG:dataset_consumes_1
[2024-11-27T17:51:45.367+0000] {logging_mixin.py:190} INFO - [2024-11-27T17:51:45.366+0000] {override.py:1911} INFO - Created Permission View: can edit on DAG:dataset_consumes_1
[2024-11-27T17:51:45.379+0000] {logging_mixin.py:190} INFO - [2024-11-27T17:51:45.378+0000] {override.py:1911} INFO - Created Permission View: can read on DAG Run:dataset_consumes_1
[2024-11-27T17:51:45.387+0000] {logging_mixin.py:190} INFO - [2024-11-27T17:51:45.387+0000] {override.py:1911} INFO - Created Permission View: can delete on DAG Run:dataset_consumes_1
[2024-11-27T17:51:45.395+0000] {logging_mixin.py:190} INFO - [2024-11-27T17:51:45.395+0000] {override.py:1911} INFO - Created Permission View: menu access on DAG Run:dataset_consumes_1
[2024-11-27T17:51:45.404+0000] {logging_mixin.py:190} INFO - [2024-11-27T17:51:45.404+0000] {override.py:1911} INFO - Created Permission View: can create on DAG Run:dataset_consumes_1
[2024-11-27T17:51:45.422+0000] {logging_mixin.py:190} INFO - [2024-11-27T17:51:45.422+0000] {override.py:1911} INFO - Created Permission View: can read on DAG:conditional_dataset_and_time_based_timetable
[2024-11-27T17:51:45.428+0000] {logging_mixin.py:190} INFO - [2024-11-27T17:51:45.428+0000] {override.py:1911} INFO - Created Permission View: can delete on DAG:conditional_dataset_and_time_based_timetable
[2024-11-27T17:51:45.434+0000] {logging_mixin.py:190} INFO - [2024-11-27T17:51:45.433+0000] {override.py:1911} INFO - Created Permission View: can edit on DAG:conditional_dataset_and_time_based_timetable
[2024-11-27T17:51:45.444+0000] {logging_mixin.py:190} INFO - [2024-11-27T17:51:45.444+0000] {override.py:1911} INFO - Created Permission View: can read on DAG Run:conditional_dataset_and_time_based_timetable
[2024-11-27T17:51:45.452+0000] {logging_mixin.py:190} INFO - [2024-11-27T17:51:45.452+0000] {override.py:1911} INFO - Created Permission View: can delete on DAG Run:conditional_dataset_and_time_based_timetable
[2024-11-27T17:51:45.458+0000] {logging_mixin.py:190} INFO - [2024-11-27T17:51:45.458+0000] {override.py:1911} INFO - Created Permission View: menu access on DAG Run:conditional_dataset_and_time_based_timetable
[2024-11-27T17:51:45.465+0000] {logging_mixin.py:190} INFO - [2024-11-27T17:51:45.465+0000] {override.py:1911} INFO - Created Permission View: can create on DAG Run:conditional_dataset_and_time_based_timetable
[2024-11-27T17:51:45.477+0000] {logging_mixin.py:190} INFO - [2024-11-27T17:51:45.477+0000] {override.py:1911} INFO - Created Permission View: can read on DAG:consume_1_and_2_with_dataset_expressions
[2024-11-27T17:51:45.484+0000] {logging_mixin.py:190} INFO - [2024-11-27T17:51:45.484+0000] {override.py:1911} INFO - Created Permission View: can delete on DAG:consume_1_and_2_with_dataset_expressions
[2024-11-27T17:51:45.492+0000] {logging_mixin.py:190} INFO - [2024-11-27T17:51:45.491+0000] {override.py:1911} INFO - Created Permission View: can edit on DAG:consume_1_and_2_with_dataset_expressions
[2024-11-27T17:51:45.513+0000] {logging_mixin.py:190} INFO - [2024-11-27T17:51:45.512+0000] {override.py:1911} INFO - Created Permission View: can read on DAG Run:consume_1_and_2_with_dataset_expressions
[2024-11-27T17:51:45.528+0000] {logging_mixin.py:190} INFO - [2024-11-27T17:51:45.527+0000] {override.py:1911} INFO - Created Permission View: can delete on DAG Run:consume_1_and_2_with_dataset_expressions
[2024-11-27T17:51:45.545+0000] {logging_mixin.py:190} INFO - [2024-11-27T17:51:45.544+0000] {override.py:1911} INFO - Created Permission View: menu access on DAG Run:consume_1_and_2_with_dataset_expressions
[2024-11-27T17:51:45.563+0000] {logging_mixin.py:190} INFO - [2024-11-27T17:51:45.562+0000] {override.py:1911} INFO - Created Permission View: can create on DAG Run:consume_1_and_2_with_dataset_expressions
[2024-11-27T17:51:45.591+0000] {logging_mixin.py:190} INFO - [2024-11-27T17:51:45.591+0000] {override.py:1911} INFO - Created Permission View: can read on DAG:dataset_consumes_1_and_2
[2024-11-27T17:51:45.609+0000] {logging_mixin.py:190} INFO - [2024-11-27T17:51:45.609+0000] {override.py:1911} INFO - Created Permission View: can delete on DAG:dataset_consumes_1_and_2
[2024-11-27T17:51:45.625+0000] {logging_mixin.py:190} INFO - [2024-11-27T17:51:45.624+0000] {override.py:1911} INFO - Created Permission View: can edit on DAG:dataset_consumes_1_and_2
[2024-11-27T17:51:45.646+0000] {logging_mixin.py:190} INFO - [2024-11-27T17:51:45.645+0000] {override.py:1911} INFO - Created Permission View: can read on DAG Run:dataset_consumes_1_and_2
[2024-11-27T17:51:45.657+0000] {logging_mixin.py:190} INFO - [2024-11-27T17:51:45.656+0000] {override.py:1911} INFO - Created Permission View: can delete on DAG Run:dataset_consumes_1_and_2
[2024-11-27T17:51:45.663+0000] {logging_mixin.py:190} INFO - [2024-11-27T17:51:45.663+0000] {override.py:1911} INFO - Created Permission View: menu access on DAG Run:dataset_consumes_1_and_2
[2024-11-27T17:51:45.669+0000] {logging_mixin.py:190} INFO - [2024-11-27T17:51:45.669+0000] {override.py:1911} INFO - Created Permission View: can create on DAG Run:dataset_consumes_1_and_2
[2024-11-27T17:51:45.681+0000] {logging_mixin.py:190} INFO - [2024-11-27T17:51:45.681+0000] {override.py:1911} INFO - Created Permission View: can read on DAG:consume_1_or_both_2_and_3_with_dataset_expressions
[2024-11-27T17:51:45.688+0000] {logging_mixin.py:190} INFO - [2024-11-27T17:51:45.687+0000] {override.py:1911} INFO - Created Permission View: can delete on DAG:consume_1_or_both_2_and_3_with_dataset_expressions
[2024-11-27T17:51:45.695+0000] {logging_mixin.py:190} INFO - [2024-11-27T17:51:45.694+0000] {override.py:1911} INFO - Created Permission View: can edit on DAG:consume_1_or_both_2_and_3_with_dataset_expressions
[2024-11-27T17:51:45.704+0000] {logging_mixin.py:190} INFO - [2024-11-27T17:51:45.703+0000] {override.py:1911} INFO - Created Permission View: can read on DAG Run:consume_1_or_both_2_and_3_with_dataset_expressions
[2024-11-27T17:51:45.710+0000] {logging_mixin.py:190} INFO - [2024-11-27T17:51:45.710+0000] {override.py:1911} INFO - Created Permission View: can delete on DAG Run:consume_1_or_both_2_and_3_with_dataset_expressions
[2024-11-27T17:51:45.716+0000] {logging_mixin.py:190} INFO - [2024-11-27T17:51:45.716+0000] {override.py:1911} INFO - Created Permission View: menu access on DAG Run:consume_1_or_both_2_and_3_with_dataset_expressions
[2024-11-27T17:51:45.724+0000] {logging_mixin.py:190} INFO - [2024-11-27T17:51:45.724+0000] {override.py:1911} INFO - Created Permission View: can create on DAG Run:consume_1_or_both_2_and_3_with_dataset_expressions
[2024-11-27T17:51:45.740+0000] {logging_mixin.py:190} INFO - [2024-11-27T17:51:45.739+0000] {override.py:1911} INFO - Created Permission View: can read on DAG:dataset_consumes_1_never_scheduled
[2024-11-27T17:51:45.748+0000] {logging_mixin.py:190} INFO - [2024-11-27T17:51:45.747+0000] {override.py:1911} INFO - Created Permission View: can delete on DAG:dataset_consumes_1_never_scheduled
[2024-11-27T17:51:45.755+0000] {logging_mixin.py:190} INFO - [2024-11-27T17:51:45.755+0000] {override.py:1911} INFO - Created Permission View: can edit on DAG:dataset_consumes_1_never_scheduled
[2024-11-27T17:51:45.765+0000] {logging_mixin.py:190} INFO - [2024-11-27T17:51:45.765+0000] {override.py:1911} INFO - Created Permission View: can read on DAG Run:dataset_consumes_1_never_scheduled
[2024-11-27T17:51:45.775+0000] {logging_mixin.py:190} INFO - [2024-11-27T17:51:45.774+0000] {override.py:1911} INFO - Created Permission View: can delete on DAG Run:dataset_consumes_1_never_scheduled
[2024-11-27T17:51:45.783+0000] {logging_mixin.py:190} INFO - [2024-11-27T17:51:45.783+0000] {override.py:1911} INFO - Created Permission View: menu access on DAG Run:dataset_consumes_1_never_scheduled
[2024-11-27T17:51:45.792+0000] {logging_mixin.py:190} INFO - [2024-11-27T17:51:45.791+0000] {override.py:1911} INFO - Created Permission View: can create on DAG Run:dataset_consumes_1_never_scheduled
[2024-11-27T17:51:45.805+0000] {logging_mixin.py:190} INFO - [2024-11-27T17:51:45.805+0000] {override.py:1911} INFO - Created Permission View: can read on DAG:dataset_produces_1
[2024-11-27T17:51:45.812+0000] {logging_mixin.py:190} INFO - [2024-11-27T17:51:45.812+0000] {override.py:1911} INFO - Created Permission View: can delete on DAG:dataset_produces_1
[2024-11-27T17:51:45.819+0000] {logging_mixin.py:190} INFO - [2024-11-27T17:51:45.819+0000] {override.py:1911} INFO - Created Permission View: can edit on DAG:dataset_produces_1
[2024-11-27T17:51:45.830+0000] {logging_mixin.py:190} INFO - [2024-11-27T17:51:45.829+0000] {override.py:1911} INFO - Created Permission View: can read on DAG Run:dataset_produces_1
[2024-11-27T17:51:45.839+0000] {logging_mixin.py:190} INFO - [2024-11-27T17:51:45.839+0000] {override.py:1911} INFO - Created Permission View: can delete on DAG Run:dataset_produces_1
[2024-11-27T17:51:45.848+0000] {logging_mixin.py:190} INFO - [2024-11-27T17:51:45.847+0000] {override.py:1911} INFO - Created Permission View: menu access on DAG Run:dataset_produces_1
[2024-11-27T17:51:45.856+0000] {logging_mixin.py:190} INFO - [2024-11-27T17:51:45.855+0000] {override.py:1911} INFO - Created Permission View: can create on DAG Run:dataset_produces_1
[2024-11-27T17:51:45.856+0000] {logging_mixin.py:190} INFO - [2024-11-27T17:51:45.856+0000] {dag.py:3239} INFO - Sync 10 DAGs
[2024-11-27T17:51:45.868+0000] {logging_mixin.py:190} INFO - [2024-11-27T17:51:45.868+0000] {dag.py:3262} INFO - Creating ORM DAG for dataset_consumes_1_and_2
[2024-11-27T17:51:45.869+0000] {logging_mixin.py:190} INFO - [2024-11-27T17:51:45.869+0000] {dag.py:3262} INFO - Creating ORM DAG for consume_1_or_both_2_and_3_with_dataset_expressions
[2024-11-27T17:51:45.870+0000] {logging_mixin.py:190} INFO - [2024-11-27T17:51:45.870+0000] {dag.py:3262} INFO - Creating ORM DAG for dataset_produces_2
[2024-11-27T17:51:45.871+0000] {logging_mixin.py:190} INFO - [2024-11-27T17:51:45.871+0000] {dag.py:3262} INFO - Creating ORM DAG for dataset_produces_1
[2024-11-27T17:51:45.872+0000] {logging_mixin.py:190} INFO - [2024-11-27T17:51:45.872+0000] {dag.py:3262} INFO - Creating ORM DAG for conditional_dataset_and_time_based_timetable
[2024-11-27T17:51:45.872+0000] {logging_mixin.py:190} INFO - [2024-11-27T17:51:45.872+0000] {dag.py:3262} INFO - Creating ORM DAG for dataset_consumes_1_never_scheduled
[2024-11-27T17:51:45.873+0000] {logging_mixin.py:190} INFO - [2024-11-27T17:51:45.873+0000] {dag.py:3262} INFO - Creating ORM DAG for dataset_consumes_1
[2024-11-27T17:51:45.874+0000] {logging_mixin.py:190} INFO - [2024-11-27T17:51:45.874+0000] {dag.py:3262} INFO - Creating ORM DAG for consume_1_and_2_with_dataset_expressions
[2024-11-27T17:51:45.875+0000] {logging_mixin.py:190} INFO - [2024-11-27T17:51:45.874+0000] {dag.py:3262} INFO - Creating ORM DAG for consume_1_or_2_with_dataset_expressions
[2024-11-27T17:51:45.875+0000] {logging_mixin.py:190} INFO - [2024-11-27T17:51:45.875+0000] {dag.py:3262} INFO - Creating ORM DAG for dataset_consumes_unknown_never_scheduled
[2024-11-27T17:51:45.887+0000] {logging_mixin.py:190} INFO - [2024-11-27T17:51:45.887+0000] {dag.py:4180} INFO - Setting next_dagrun for conditional_dataset_and_time_based_timetable to 2024-11-27 01:00:00+00:00, run_after=2024-11-27 01:00:00+00:00
[2024-11-27T17:51:45.888+0000] {logging_mixin.py:190} INFO - [2024-11-27T17:51:45.887+0000] {dag.py:4180} INFO - Setting next_dagrun for consume_1_and_2_with_dataset_expressions to None, run_after=None
[2024-11-27T17:51:45.888+0000] {logging_mixin.py:190} INFO - [2024-11-27T17:51:45.888+0000] {dag.py:4180} INFO - Setting next_dagrun for consume_1_or_2_with_dataset_expressions to None, run_after=None
[2024-11-27T17:51:45.889+0000] {logging_mixin.py:190} INFO - [2024-11-27T17:51:45.888+0000] {dag.py:4180} INFO - Setting next_dagrun for consume_1_or_both_2_and_3_with_dataset_expressions to None, run_after=None
[2024-11-27T17:51:45.889+0000] {logging_mixin.py:190} INFO - [2024-11-27T17:51:45.889+0000] {dag.py:4180} INFO - Setting next_dagrun for dataset_consumes_1 to None, run_after=None
[2024-11-27T17:51:45.890+0000] {logging_mixin.py:190} INFO - [2024-11-27T17:51:45.889+0000] {dag.py:4180} INFO - Setting next_dagrun for dataset_consumes_1_and_2 to None, run_after=None
[2024-11-27T17:51:45.890+0000] {logging_mixin.py:190} INFO - [2024-11-27T17:51:45.890+0000] {dag.py:4180} INFO - Setting next_dagrun for dataset_consumes_1_never_scheduled to None, run_after=None
[2024-11-27T17:51:45.891+0000] {logging_mixin.py:190} INFO - [2024-11-27T17:51:45.891+0000] {dag.py:4180} INFO - Setting next_dagrun for dataset_consumes_unknown_never_scheduled to None, run_after=None
[2024-11-27T17:51:45.892+0000] {logging_mixin.py:190} INFO - [2024-11-27T17:51:45.892+0000] {dag.py:4180} INFO - Setting next_dagrun for dataset_produces_1 to 2024-11-26 00:00:00+00:00, run_after=2024-11-27 00:00:00+00:00
[2024-11-27T17:51:45.893+0000] {logging_mixin.py:190} INFO - [2024-11-27T17:51:45.893+0000] {dag.py:4180} INFO - Setting next_dagrun for dataset_produces_2 to None, run_after=None
[2024-11-27T17:51:45.928+0000] {processor.py:208} INFO - Processing /home/airflow/.local/lib/python3.12/site-packages/airflow/example_dags/example_datasets.py took 1.402 seconds
[2024-11-27T17:52:15.967+0000] {processor.py:186} INFO - Started process (PID=173) to work on /home/airflow/.local/lib/python3.12/site-packages/airflow/example_dags/example_datasets.py
[2024-11-27T17:52:15.968+0000] {processor.py:914} INFO - Processing file /home/airflow/.local/lib/python3.12/site-packages/airflow/example_dags/example_datasets.py for tasks to queue
[2024-11-27T17:52:15.971+0000] {logging_mixin.py:190} INFO - [2024-11-27T17:52:15.971+0000] {dagbag.py:588} INFO - Filling up the DagBag from /home/airflow/.local/lib/python3.12/site-packages/airflow/example_dags/example_datasets.py
[2024-11-27T17:52:16.597+0000] {processor.py:925} INFO - DAG(s) 'dataset_produces_2', 'dataset_consumes_1_and_2', 'dataset_consumes_1_never_scheduled', 'consume_1_or_2_with_dataset_expressions', 'consume_1_and_2_with_dataset_expressions', 'conditional_dataset_and_time_based_timetable', 'dataset_produces_1', 'consume_1_or_both_2_and_3_with_dataset_expressions', 'dataset_consumes_unknown_never_scheduled', 'dataset_consumes_1' retrieved from /home/airflow/.local/lib/python3.12/site-packages/airflow/example_dags/example_datasets.py
[2024-11-27T17:52:16.624+0000] {logging_mixin.py:190} INFO - [2024-11-27T17:52:16.624+0000] {dag.py:3239} INFO - Sync 10 DAGs
[2024-11-27T17:52:16.643+0000] {logging_mixin.py:190} INFO - [2024-11-27T17:52:16.642+0000] {dag.py:4180} INFO - Setting next_dagrun for conditional_dataset_and_time_based_timetable to 2024-11-27 01:00:00+00:00, run_after=2024-11-27 01:00:00+00:00
[2024-11-27T17:52:16.646+0000] {logging_mixin.py:190} INFO - [2024-11-27T17:52:16.646+0000] {dag.py:4180} INFO - Setting next_dagrun for consume_1_and_2_with_dataset_expressions to None, run_after=None
[2024-11-27T17:52:16.648+0000] {logging_mixin.py:190} INFO - [2024-11-27T17:52:16.647+0000] {dag.py:4180} INFO - Setting next_dagrun for consume_1_or_2_with_dataset_expressions to None, run_after=None
[2024-11-27T17:52:16.649+0000] {logging_mixin.py:190} INFO - [2024-11-27T17:52:16.649+0000] {dag.py:4180} INFO - Setting next_dagrun for consume_1_or_both_2_and_3_with_dataset_expressions to None, run_after=None
[2024-11-27T17:52:16.650+0000] {logging_mixin.py:190} INFO - [2024-11-27T17:52:16.650+0000] {dag.py:4180} INFO - Setting next_dagrun for dataset_consumes_1 to None, run_after=None
[2024-11-27T17:52:16.651+0000] {logging_mixin.py:190} INFO - [2024-11-27T17:52:16.651+0000] {dag.py:4180} INFO - Setting next_dagrun for dataset_consumes_1_and_2 to None, run_after=None
[2024-11-27T17:52:16.652+0000] {logging_mixin.py:190} INFO - [2024-11-27T17:52:16.652+0000] {dag.py:4180} INFO - Setting next_dagrun for dataset_consumes_1_never_scheduled to None, run_after=None
[2024-11-27T17:52:16.653+0000] {logging_mixin.py:190} INFO - [2024-11-27T17:52:16.653+0000] {dag.py:4180} INFO - Setting next_dagrun for dataset_consumes_unknown_never_scheduled to None, run_after=None
[2024-11-27T17:52:16.655+0000] {logging_mixin.py:190} INFO - [2024-11-27T17:52:16.654+0000] {dag.py:4180} INFO - Setting next_dagrun for dataset_produces_1 to 2024-11-26 00:00:00+00:00, run_after=2024-11-27 00:00:00+00:00
[2024-11-27T17:52:16.655+0000] {logging_mixin.py:190} INFO - [2024-11-27T17:52:16.655+0000] {dag.py:4180} INFO - Setting next_dagrun for dataset_produces_2 to None, run_after=None
[2024-11-27T17:52:16.681+0000] {processor.py:208} INFO - Processing /home/airflow/.local/lib/python3.12/site-packages/airflow/example_dags/example_datasets.py took 0.719 seconds
[2024-11-27T17:52:47.406+0000] {processor.py:186} INFO - Started process (PID=243) to work on /home/airflow/.local/lib/python3.12/site-packages/airflow/example_dags/example_datasets.py
[2024-11-27T17:52:47.407+0000] {processor.py:914} INFO - Processing file /home/airflow/.local/lib/python3.12/site-packages/airflow/example_dags/example_datasets.py for tasks to queue
[2024-11-27T17:52:47.409+0000] {logging_mixin.py:190} INFO - [2024-11-27T17:52:47.408+0000] {dagbag.py:588} INFO - Filling up the DagBag from /home/airflow/.local/lib/python3.12/site-packages/airflow/example_dags/example_datasets.py
[2024-11-27T17:52:47.983+0000] {processor.py:925} INFO - DAG(s) 'dataset_produces_2', 'dataset_consumes_1_and_2', 'dataset_consumes_1', 'dataset_produces_1', 'consume_1_and_2_with_dataset_expressions', 'dataset_consumes_1_never_scheduled', 'consume_1_or_2_with_dataset_expressions', 'conditional_dataset_and_time_based_timetable', 'consume_1_or_both_2_and_3_with_dataset_expressions', 'dataset_consumes_unknown_never_scheduled' retrieved from /home/airflow/.local/lib/python3.12/site-packages/airflow/example_dags/example_datasets.py
[2024-11-27T17:52:48.021+0000] {logging_mixin.py:190} INFO - [2024-11-27T17:52:48.021+0000] {dag.py:3239} INFO - Sync 10 DAGs
[2024-11-27T17:52:48.039+0000] {logging_mixin.py:190} INFO - [2024-11-27T17:52:48.039+0000] {dag.py:4180} INFO - Setting next_dagrun for conditional_dataset_and_time_based_timetable to 2024-11-27 01:00:00+00:00, run_after=2024-11-27 01:00:00+00:00
[2024-11-27T17:52:48.041+0000] {logging_mixin.py:190} INFO - [2024-11-27T17:52:48.041+0000] {dag.py:4180} INFO - Setting next_dagrun for consume_1_and_2_with_dataset_expressions to None, run_after=None
[2024-11-27T17:52:48.042+0000] {logging_mixin.py:190} INFO - [2024-11-27T17:52:48.042+0000] {dag.py:4180} INFO - Setting next_dagrun for consume_1_or_2_with_dataset_expressions to None, run_after=None
[2024-11-27T17:52:48.043+0000] {logging_mixin.py:190} INFO - [2024-11-27T17:52:48.043+0000] {dag.py:4180} INFO - Setting next_dagrun for consume_1_or_both_2_and_3_with_dataset_expressions to None, run_after=None
[2024-11-27T17:52:48.044+0000] {logging_mixin.py:190} INFO - [2024-11-27T17:52:48.044+0000] {dag.py:4180} INFO - Setting next_dagrun for dataset_consumes_1 to None, run_after=None
[2024-11-27T17:52:48.045+0000] {logging_mixin.py:190} INFO - [2024-11-27T17:52:48.045+0000] {dag.py:4180} INFO - Setting next_dagrun for dataset_consumes_1_and_2 to None, run_after=None
[2024-11-27T17:52:48.046+0000] {logging_mixin.py:190} INFO - [2024-11-27T17:52:48.046+0000] {dag.py:4180} INFO - Setting next_dagrun for dataset_consumes_1_never_scheduled to None, run_after=None
[2024-11-27T17:52:48.047+0000] {logging_mixin.py:190} INFO - [2024-11-27T17:52:48.046+0000] {dag.py:4180} INFO - Setting next_dagrun for dataset_consumes_unknown_never_scheduled to None, run_after=None
[2024-11-27T17:52:48.048+0000] {logging_mixin.py:190} INFO - [2024-11-27T17:52:48.048+0000] {dag.py:4180} INFO - Setting next_dagrun for dataset_produces_1 to 2024-11-26 00:00:00+00:00, run_after=2024-11-27 00:00:00+00:00
[2024-11-27T17:52:48.049+0000] {logging_mixin.py:190} INFO - [2024-11-27T17:52:48.049+0000] {dag.py:4180} INFO - Setting next_dagrun for dataset_produces_2 to None, run_after=None
[2024-11-27T17:52:48.073+0000] {processor.py:208} INFO - Processing /home/airflow/.local/lib/python3.12/site-packages/airflow/example_dags/example_datasets.py took 0.672 seconds
[2024-11-27T17:54:41.006+0000] {processor.py:186} INFO - Started process (PID=89) to work on /home/airflow/.local/lib/python3.12/site-packages/airflow/example_dags/example_datasets.py
[2024-11-27T17:54:41.007+0000] {processor.py:914} INFO - Processing file /home/airflow/.local/lib/python3.12/site-packages/airflow/example_dags/example_datasets.py for tasks to queue
[2024-11-27T17:54:41.008+0000] {logging_mixin.py:190} INFO - [2024-11-27T17:54:41.008+0000] {dagbag.py:588} INFO - Filling up the DagBag from /home/airflow/.local/lib/python3.12/site-packages/airflow/example_dags/example_datasets.py
[2024-11-27T17:54:41.391+0000] {processor.py:925} INFO - DAG(s) 'dataset_consumes_1_never_scheduled', 'dataset_consumes_1', 'dataset_produces_2', 'dataset_consumes_unknown_never_scheduled', 'dataset_produces_1', 'conditional_dataset_and_time_based_timetable', 'consume_1_and_2_with_dataset_expressions', 'consume_1_or_2_with_dataset_expressions', 'consume_1_or_both_2_and_3_with_dataset_expressions', 'dataset_consumes_1_and_2' retrieved from /home/airflow/.local/lib/python3.12/site-packages/airflow/example_dags/example_datasets.py
[2024-11-27T17:54:41.417+0000] {logging_mixin.py:190} INFO - [2024-11-27T17:54:41.417+0000] {dag.py:3239} INFO - Sync 10 DAGs
[2024-11-27T17:54:41.433+0000] {logging_mixin.py:190} INFO - [2024-11-27T17:54:41.432+0000] {dag.py:4180} INFO - Setting next_dagrun for conditional_dataset_and_time_based_timetable to 2024-11-27 01:00:00+00:00, run_after=2024-11-27 01:00:00+00:00
[2024-11-27T17:54:41.435+0000] {logging_mixin.py:190} INFO - [2024-11-27T17:54:41.435+0000] {dag.py:4180} INFO - Setting next_dagrun for consume_1_and_2_with_dataset_expressions to None, run_after=None
[2024-11-27T17:54:41.436+0000] {logging_mixin.py:190} INFO - [2024-11-27T17:54:41.436+0000] {dag.py:4180} INFO - Setting next_dagrun for consume_1_or_2_with_dataset_expressions to None, run_after=None
[2024-11-27T17:54:41.437+0000] {logging_mixin.py:190} INFO - [2024-11-27T17:54:41.437+0000] {dag.py:4180} INFO - Setting next_dagrun for consume_1_or_both_2_and_3_with_dataset_expressions to None, run_after=None
[2024-11-27T17:54:41.438+0000] {logging_mixin.py:190} INFO - [2024-11-27T17:54:41.438+0000] {dag.py:4180} INFO - Setting next_dagrun for dataset_consumes_1 to None, run_after=None
[2024-11-27T17:54:41.439+0000] {logging_mixin.py:190} INFO - [2024-11-27T17:54:41.439+0000] {dag.py:4180} INFO - Setting next_dagrun for dataset_consumes_1_and_2 to None, run_after=None
[2024-11-27T17:54:41.440+0000] {logging_mixin.py:190} INFO - [2024-11-27T17:54:41.440+0000] {dag.py:4180} INFO - Setting next_dagrun for dataset_consumes_1_never_scheduled to None, run_after=None
[2024-11-27T17:54:41.441+0000] {logging_mixin.py:190} INFO - [2024-11-27T17:54:41.440+0000] {dag.py:4180} INFO - Setting next_dagrun for dataset_consumes_unknown_never_scheduled to None, run_after=None
[2024-11-27T17:54:41.442+0000] {logging_mixin.py:190} INFO - [2024-11-27T17:54:41.442+0000] {dag.py:4180} INFO - Setting next_dagrun for dataset_produces_1 to 2024-11-26 00:00:00+00:00, run_after=2024-11-27 00:00:00+00:00
[2024-11-27T17:54:41.443+0000] {logging_mixin.py:190} INFO - [2024-11-27T17:54:41.443+0000] {dag.py:4180} INFO - Setting next_dagrun for dataset_produces_2 to None, run_after=None
[2024-11-27T17:54:41.467+0000] {processor.py:208} INFO - Processing /home/airflow/.local/lib/python3.12/site-packages/airflow/example_dags/example_datasets.py took 0.465 seconds
[2024-11-27T17:55:12.266+0000] {processor.py:186} INFO - Started process (PID=160) to work on /home/airflow/.local/lib/python3.12/site-packages/airflow/example_dags/example_datasets.py
[2024-11-27T17:55:12.267+0000] {processor.py:914} INFO - Processing file /home/airflow/.local/lib/python3.12/site-packages/airflow/example_dags/example_datasets.py for tasks to queue
[2024-11-27T17:55:12.269+0000] {logging_mixin.py:190} INFO - [2024-11-27T17:55:12.268+0000] {dagbag.py:588} INFO - Filling up the DagBag from /home/airflow/.local/lib/python3.12/site-packages/airflow/example_dags/example_datasets.py
[2024-11-27T17:55:12.778+0000] {processor.py:925} INFO - DAG(s) 'conditional_dataset_and_time_based_timetable', 'dataset_produces_2', 'dataset_produces_1', 'dataset_consumes_1', 'dataset_consumes_1_and_2', 'consume_1_or_both_2_and_3_with_dataset_expressions', 'dataset_consumes_1_never_scheduled', 'consume_1_and_2_with_dataset_expressions', 'dataset_consumes_unknown_never_scheduled', 'consume_1_or_2_with_dataset_expressions' retrieved from /home/airflow/.local/lib/python3.12/site-packages/airflow/example_dags/example_datasets.py
[2024-11-27T17:55:12.809+0000] {logging_mixin.py:190} INFO - [2024-11-27T17:55:12.809+0000] {dag.py:3239} INFO - Sync 10 DAGs
[2024-11-27T17:55:12.828+0000] {logging_mixin.py:190} INFO - [2024-11-27T17:55:12.828+0000] {dag.py:4180} INFO - Setting next_dagrun for conditional_dataset_and_time_based_timetable to 2024-11-27 01:00:00+00:00, run_after=2024-11-27 01:00:00+00:00
[2024-11-27T17:55:12.830+0000] {logging_mixin.py:190} INFO - [2024-11-27T17:55:12.830+0000] {dag.py:4180} INFO - Setting next_dagrun for consume_1_and_2_with_dataset_expressions to None, run_after=None
[2024-11-27T17:55:12.831+0000] {logging_mixin.py:190} INFO - [2024-11-27T17:55:12.831+0000] {dag.py:4180} INFO - Setting next_dagrun for consume_1_or_2_with_dataset_expressions to None, run_after=None
[2024-11-27T17:55:12.832+0000] {logging_mixin.py:190} INFO - [2024-11-27T17:55:12.832+0000] {dag.py:4180} INFO - Setting next_dagrun for consume_1_or_both_2_and_3_with_dataset_expressions to None, run_after=None
[2024-11-27T17:55:12.833+0000] {logging_mixin.py:190} INFO - [2024-11-27T17:55:12.833+0000] {dag.py:4180} INFO - Setting next_dagrun for dataset_consumes_1 to None, run_after=None
[2024-11-27T17:55:12.834+0000] {logging_mixin.py:190} INFO - [2024-11-27T17:55:12.834+0000] {dag.py:4180} INFO - Setting next_dagrun for dataset_consumes_1_and_2 to None, run_after=None
[2024-11-27T17:55:12.835+0000] {logging_mixin.py:190} INFO - [2024-11-27T17:55:12.835+0000] {dag.py:4180} INFO - Setting next_dagrun for dataset_consumes_1_never_scheduled to None, run_after=None
[2024-11-27T17:55:12.836+0000] {logging_mixin.py:190} INFO - [2024-11-27T17:55:12.836+0000] {dag.py:4180} INFO - Setting next_dagrun for dataset_consumes_unknown_never_scheduled to None, run_after=None
[2024-11-27T17:55:12.837+0000] {logging_mixin.py:190} INFO - [2024-11-27T17:55:12.837+0000] {dag.py:4180} INFO - Setting next_dagrun for dataset_produces_1 to 2024-11-26 00:00:00+00:00, run_after=2024-11-27 00:00:00+00:00
[2024-11-27T17:55:12.838+0000] {logging_mixin.py:190} INFO - [2024-11-27T17:55:12.838+0000] {dag.py:4180} INFO - Setting next_dagrun for dataset_produces_2 to None, run_after=None
[2024-11-27T17:55:12.861+0000] {processor.py:208} INFO - Processing /home/airflow/.local/lib/python3.12/site-packages/airflow/example_dags/example_datasets.py took 0.599 seconds
[2024-11-27T17:55:43.641+0000] {processor.py:186} INFO - Started process (PID=237) to work on /home/airflow/.local/lib/python3.12/site-packages/airflow/example_dags/example_datasets.py
[2024-11-27T17:55:43.641+0000] {processor.py:914} INFO - Processing file /home/airflow/.local/lib/python3.12/site-packages/airflow/example_dags/example_datasets.py for tasks to queue
[2024-11-27T17:55:43.643+0000] {logging_mixin.py:190} INFO - [2024-11-27T17:55:43.643+0000] {dagbag.py:588} INFO - Filling up the DagBag from /home/airflow/.local/lib/python3.12/site-packages/airflow/example_dags/example_datasets.py
[2024-11-27T17:55:44.115+0000] {processor.py:925} INFO - DAG(s) 'consume_1_or_both_2_and_3_with_dataset_expressions', 'dataset_produces_2', 'dataset_consumes_1', 'dataset_consumes_1_never_scheduled', 'dataset_consumes_unknown_never_scheduled', 'dataset_consumes_1_and_2', 'conditional_dataset_and_time_based_timetable', 'dataset_produces_1', 'consume_1_or_2_with_dataset_expressions', 'consume_1_and_2_with_dataset_expressions' retrieved from /home/airflow/.local/lib/python3.12/site-packages/airflow/example_dags/example_datasets.py
[2024-11-27T17:55:44.154+0000] {logging_mixin.py:190} INFO - [2024-11-27T17:55:44.154+0000] {dag.py:3239} INFO - Sync 10 DAGs
[2024-11-27T17:55:44.175+0000] {logging_mixin.py:190} INFO - [2024-11-27T17:55:44.174+0000] {dag.py:4180} INFO - Setting next_dagrun for conditional_dataset_and_time_based_timetable to 2024-11-27 01:00:00+00:00, run_after=2024-11-27 01:00:00+00:00
[2024-11-27T17:55:44.178+0000] {logging_mixin.py:190} INFO - [2024-11-27T17:55:44.178+0000] {dag.py:4180} INFO - Setting next_dagrun for consume_1_and_2_with_dataset_expressions to None, run_after=None
[2024-11-27T17:55:44.179+0000] {logging_mixin.py:190} INFO - [2024-11-27T17:55:44.179+0000] {dag.py:4180} INFO - Setting next_dagrun for consume_1_or_2_with_dataset_expressions to None, run_after=None
[2024-11-27T17:55:44.180+0000] {logging_mixin.py:190} INFO - [2024-11-27T17:55:44.180+0000] {dag.py:4180} INFO - Setting next_dagrun for consume_1_or_both_2_and_3_with_dataset_expressions to None, run_after=None
[2024-11-27T17:55:44.181+0000] {logging_mixin.py:190} INFO - [2024-11-27T17:55:44.181+0000] {dag.py:4180} INFO - Setting next_dagrun for dataset_consumes_1 to None, run_after=None
[2024-11-27T17:55:44.182+0000] {logging_mixin.py:190} INFO - [2024-11-27T17:55:44.182+0000] {dag.py:4180} INFO - Setting next_dagrun for dataset_consumes_1_and_2 to None, run_after=None
[2024-11-27T17:55:44.183+0000] {logging_mixin.py:190} INFO - [2024-11-27T17:55:44.183+0000] {dag.py:4180} INFO - Setting next_dagrun for dataset_consumes_1_never_scheduled to None, run_after=None
[2024-11-27T17:55:44.184+0000] {logging_mixin.py:190} INFO - [2024-11-27T17:55:44.184+0000] {dag.py:4180} INFO - Setting next_dagrun for dataset_consumes_unknown_never_scheduled to None, run_after=None
[2024-11-27T17:55:44.186+0000] {logging_mixin.py:190} INFO - [2024-11-27T17:55:44.186+0000] {dag.py:4180} INFO - Setting next_dagrun for dataset_produces_1 to 2024-11-26 00:00:00+00:00, run_after=2024-11-27 00:00:00+00:00
[2024-11-27T17:55:44.187+0000] {logging_mixin.py:190} INFO - [2024-11-27T17:55:44.187+0000] {dag.py:4180} INFO - Setting next_dagrun for dataset_produces_2 to None, run_after=None
[2024-11-27T17:55:44.213+0000] {processor.py:208} INFO - Processing /home/airflow/.local/lib/python3.12/site-packages/airflow/example_dags/example_datasets.py took 0.576 seconds
[2024-11-27T17:56:15.017+0000] {processor.py:186} INFO - Started process (PID=308) to work on /home/airflow/.local/lib/python3.12/site-packages/airflow/example_dags/example_datasets.py
[2024-11-27T17:56:15.017+0000] {processor.py:914} INFO - Processing file /home/airflow/.local/lib/python3.12/site-packages/airflow/example_dags/example_datasets.py for tasks to queue
[2024-11-27T17:56:15.019+0000] {logging_mixin.py:190} INFO - [2024-11-27T17:56:15.019+0000] {dagbag.py:588} INFO - Filling up the DagBag from /home/airflow/.local/lib/python3.12/site-packages/airflow/example_dags/example_datasets.py
[2024-11-27T17:56:15.384+0000] {processor.py:925} INFO - DAG(s) 'dataset_produces_1', 'dataset_produces_2', 'conditional_dataset_and_time_based_timetable', 'dataset_consumes_unknown_never_scheduled', 'dataset_consumes_1_and_2', 'consume_1_or_2_with_dataset_expressions', 'dataset_consumes_1', 'dataset_consumes_1_never_scheduled', 'consume_1_and_2_with_dataset_expressions', 'consume_1_or_both_2_and_3_with_dataset_expressions' retrieved from /home/airflow/.local/lib/python3.12/site-packages/airflow/example_dags/example_datasets.py
[2024-11-27T17:56:15.410+0000] {logging_mixin.py:190} INFO - [2024-11-27T17:56:15.409+0000] {dag.py:3239} INFO - Sync 10 DAGs
[2024-11-27T17:56:15.426+0000] {logging_mixin.py:190} INFO - [2024-11-27T17:56:15.426+0000] {dag.py:4180} INFO - Setting next_dagrun for conditional_dataset_and_time_based_timetable to 2024-11-27 01:00:00+00:00, run_after=2024-11-27 01:00:00+00:00
[2024-11-27T17:56:15.428+0000] {logging_mixin.py:190} INFO - [2024-11-27T17:56:15.428+0000] {dag.py:4180} INFO - Setting next_dagrun for consume_1_and_2_with_dataset_expressions to None, run_after=None
[2024-11-27T17:56:15.429+0000] {logging_mixin.py:190} INFO - [2024-11-27T17:56:15.429+0000] {dag.py:4180} INFO - Setting next_dagrun for consume_1_or_2_with_dataset_expressions to None, run_after=None
[2024-11-27T17:56:15.430+0000] {logging_mixin.py:190} INFO - [2024-11-27T17:56:15.430+0000] {dag.py:4180} INFO - Setting next_dagrun for consume_1_or_both_2_and_3_with_dataset_expressions to None, run_after=None
[2024-11-27T17:56:15.431+0000] {logging_mixin.py:190} INFO - [2024-11-27T17:56:15.431+0000] {dag.py:4180} INFO - Setting next_dagrun for dataset_consumes_1 to None, run_after=None
[2024-11-27T17:56:15.431+0000] {logging_mixin.py:190} INFO - [2024-11-27T17:56:15.431+0000] {dag.py:4180} INFO - Setting next_dagrun for dataset_consumes_1_and_2 to None, run_after=None
[2024-11-27T17:56:15.432+0000] {logging_mixin.py:190} INFO - [2024-11-27T17:56:15.432+0000] {dag.py:4180} INFO - Setting next_dagrun for dataset_consumes_1_never_scheduled to None, run_after=None
[2024-11-27T17:56:15.433+0000] {logging_mixin.py:190} INFO - [2024-11-27T17:56:15.433+0000] {dag.py:4180} INFO - Setting next_dagrun for dataset_consumes_unknown_never_scheduled to None, run_after=None
[2024-11-27T17:56:15.434+0000] {logging_mixin.py:190} INFO - [2024-11-27T17:56:15.434+0000] {dag.py:4180} INFO - Setting next_dagrun for dataset_produces_1 to 2024-11-26 00:00:00+00:00, run_after=2024-11-27 00:00:00+00:00
[2024-11-27T17:56:15.435+0000] {logging_mixin.py:190} INFO - [2024-11-27T17:56:15.435+0000] {dag.py:4180} INFO - Setting next_dagrun for dataset_produces_2 to None, run_after=None
[2024-11-27T17:56:15.459+0000] {processor.py:208} INFO - Processing /home/airflow/.local/lib/python3.12/site-packages/airflow/example_dags/example_datasets.py took 0.446 seconds
[2024-11-27T17:56:45.514+0000] {processor.py:186} INFO - Started process (PID=379) to work on /home/airflow/.local/lib/python3.12/site-packages/airflow/example_dags/example_datasets.py
[2024-11-27T17:56:45.515+0000] {processor.py:914} INFO - Processing file /home/airflow/.local/lib/python3.12/site-packages/airflow/example_dags/example_datasets.py for tasks to queue
[2024-11-27T17:56:45.517+0000] {logging_mixin.py:190} INFO - [2024-11-27T17:56:45.516+0000] {dagbag.py:588} INFO - Filling up the DagBag from /home/airflow/.local/lib/python3.12/site-packages/airflow/example_dags/example_datasets.py
[2024-11-27T17:56:45.902+0000] {processor.py:925} INFO - DAG(s) 'consume_1_or_2_with_dataset_expressions', 'dataset_consumes_unknown_never_scheduled', 'consume_1_or_both_2_and_3_with_dataset_expressions', 'dataset_consumes_1', 'dataset_produces_2', 'dataset_consumes_1_and_2', 'consume_1_and_2_with_dataset_expressions', 'conditional_dataset_and_time_based_timetable', 'dataset_consumes_1_never_scheduled', 'dataset_produces_1' retrieved from /home/airflow/.local/lib/python3.12/site-packages/airflow/example_dags/example_datasets.py
[2024-11-27T17:56:45.931+0000] {logging_mixin.py:190} INFO - [2024-11-27T17:56:45.931+0000] {dag.py:3239} INFO - Sync 10 DAGs
[2024-11-27T17:56:45.949+0000] {logging_mixin.py:190} INFO - [2024-11-27T17:56:45.949+0000] {dag.py:4180} INFO - Setting next_dagrun for conditional_dataset_and_time_based_timetable to 2024-11-27 01:00:00+00:00, run_after=2024-11-27 01:00:00+00:00
[2024-11-27T17:56:45.960+0000] {logging_mixin.py:190} INFO - [2024-11-27T17:56:45.960+0000] {dag.py:4180} INFO - Setting next_dagrun for consume_1_and_2_with_dataset_expressions to None, run_after=None
[2024-11-27T17:56:45.961+0000] {logging_mixin.py:190} INFO - [2024-11-27T17:56:45.961+0000] {dag.py:4180} INFO - Setting next_dagrun for consume_1_or_2_with_dataset_expressions to None, run_after=None
[2024-11-27T17:56:45.962+0000] {logging_mixin.py:190} INFO - [2024-11-27T17:56:45.962+0000] {dag.py:4180} INFO - Setting next_dagrun for consume_1_or_both_2_and_3_with_dataset_expressions to None, run_after=None
[2024-11-27T17:56:45.963+0000] {logging_mixin.py:190} INFO - [2024-11-27T17:56:45.963+0000] {dag.py:4180} INFO - Setting next_dagrun for dataset_consumes_1 to None, run_after=None
[2024-11-27T17:56:45.964+0000] {logging_mixin.py:190} INFO - [2024-11-27T17:56:45.964+0000] {dag.py:4180} INFO - Setting next_dagrun for dataset_consumes_1_and_2 to None, run_after=None
[2024-11-27T17:56:45.965+0000] {logging_mixin.py:190} INFO - [2024-11-27T17:56:45.965+0000] {dag.py:4180} INFO - Setting next_dagrun for dataset_consumes_1_never_scheduled to None, run_after=None
[2024-11-27T17:56:45.966+0000] {logging_mixin.py:190} INFO - [2024-11-27T17:56:45.966+0000] {dag.py:4180} INFO - Setting next_dagrun for dataset_consumes_unknown_never_scheduled to None, run_after=None
[2024-11-27T17:56:45.968+0000] {logging_mixin.py:190} INFO - [2024-11-27T17:56:45.967+0000] {dag.py:4180} INFO - Setting next_dagrun for dataset_produces_1 to 2024-11-26 00:00:00+00:00, run_after=2024-11-27 00:00:00+00:00
[2024-11-27T17:56:45.969+0000] {logging_mixin.py:190} INFO - [2024-11-27T17:56:45.968+0000] {dag.py:4180} INFO - Setting next_dagrun for dataset_produces_2 to None, run_after=None
[2024-11-27T17:56:45.991+0000] {processor.py:208} INFO - Processing /home/airflow/.local/lib/python3.12/site-packages/airflow/example_dags/example_datasets.py took 0.481 seconds
