[2024-11-27T17:51:42.893+0000] {processor.py:186} INFO - Started process (PID=88) to work on /home/airflow/.local/lib/python3.12/site-packages/airflow/example_dags/example_branch_datetime_operator.py
[2024-11-27T17:51:42.894+0000] {processor.py:914} INFO - Processing file /home/airflow/.local/lib/python3.12/site-packages/airflow/example_dags/example_branch_datetime_operator.py for tasks to queue
[2024-11-27T17:51:42.896+0000] {logging_mixin.py:190} INFO - [2024-11-27T17:51:42.896+0000] {dagbag.py:588} INFO - Filling up the DagBag from /home/airflow/.local/lib/python3.12/site-packages/airflow/example_dags/example_branch_datetime_operator.py
[2024-11-27T17:51:42.907+0000] {processor.py:925} INFO - DAG(s) 'example_branch_datetime_operator_2', 'example_branch_datetime_operator', 'example_branch_datetime_operator_3' retrieved from /home/airflow/.local/lib/python3.12/site-packages/airflow/example_dags/example_branch_datetime_operator.py
[2024-11-27T17:51:42.984+0000] {logging_mixin.py:190} INFO - [2024-11-27T17:51:42.984+0000] {override.py:1911} INFO - Created Permission View: can read on DAG:example_branch_datetime_operator_2
[2024-11-27T17:51:42.994+0000] {logging_mixin.py:190} INFO - [2024-11-27T17:51:42.993+0000] {override.py:1911} INFO - Created Permission View: can delete on DAG:example_branch_datetime_operator_2
[2024-11-27T17:51:43.001+0000] {logging_mixin.py:190} INFO - [2024-11-27T17:51:43.001+0000] {override.py:1911} INFO - Created Permission View: can edit on DAG:example_branch_datetime_operator_2
[2024-11-27T17:51:43.011+0000] {logging_mixin.py:190} INFO - [2024-11-27T17:51:43.011+0000] {override.py:1911} INFO - Created Permission View: can read on DAG Run:example_branch_datetime_operator_2
[2024-11-27T17:51:43.017+0000] {logging_mixin.py:190} INFO - [2024-11-27T17:51:43.017+0000] {override.py:1911} INFO - Created Permission View: can delete on DAG Run:example_branch_datetime_operator_2
[2024-11-27T17:51:43.024+0000] {logging_mixin.py:190} INFO - [2024-11-27T17:51:43.024+0000] {override.py:1911} INFO - Created Permission View: menu access on DAG Run:example_branch_datetime_operator_2
[2024-11-27T17:51:43.031+0000] {logging_mixin.py:190} INFO - [2024-11-27T17:51:43.030+0000] {override.py:1911} INFO - Created Permission View: can create on DAG Run:example_branch_datetime_operator_2
[2024-11-27T17:51:43.047+0000] {logging_mixin.py:190} INFO - [2024-11-27T17:51:43.047+0000] {override.py:1911} INFO - Created Permission View: can read on DAG:example_branch_datetime_operator
[2024-11-27T17:51:43.055+0000] {logging_mixin.py:190} INFO - [2024-11-27T17:51:43.055+0000] {override.py:1911} INFO - Created Permission View: can delete on DAG:example_branch_datetime_operator
[2024-11-27T17:51:43.064+0000] {logging_mixin.py:190} INFO - [2024-11-27T17:51:43.063+0000] {override.py:1911} INFO - Created Permission View: can edit on DAG:example_branch_datetime_operator
[2024-11-27T17:51:43.075+0000] {logging_mixin.py:190} INFO - [2024-11-27T17:51:43.075+0000] {override.py:1911} INFO - Created Permission View: can read on DAG Run:example_branch_datetime_operator
[2024-11-27T17:51:43.083+0000] {logging_mixin.py:190} INFO - [2024-11-27T17:51:43.083+0000] {override.py:1911} INFO - Created Permission View: can delete on DAG Run:example_branch_datetime_operator
[2024-11-27T17:51:43.092+0000] {logging_mixin.py:190} INFO - [2024-11-27T17:51:43.092+0000] {override.py:1911} INFO - Created Permission View: menu access on DAG Run:example_branch_datetime_operator
[2024-11-27T17:51:43.101+0000] {logging_mixin.py:190} INFO - [2024-11-27T17:51:43.101+0000] {override.py:1911} INFO - Created Permission View: can create on DAG Run:example_branch_datetime_operator
[2024-11-27T17:51:43.120+0000] {logging_mixin.py:190} INFO - [2024-11-27T17:51:43.119+0000] {override.py:1911} INFO - Created Permission View: can read on DAG:example_branch_datetime_operator_3
[2024-11-27T17:51:43.127+0000] {logging_mixin.py:190} INFO - [2024-11-27T17:51:43.127+0000] {override.py:1911} INFO - Created Permission View: can delete on DAG:example_branch_datetime_operator_3
[2024-11-27T17:51:43.134+0000] {logging_mixin.py:190} INFO - [2024-11-27T17:51:43.134+0000] {override.py:1911} INFO - Created Permission View: can edit on DAG:example_branch_datetime_operator_3
[2024-11-27T17:51:43.146+0000] {logging_mixin.py:190} INFO - [2024-11-27T17:51:43.145+0000] {override.py:1911} INFO - Created Permission View: can read on DAG Run:example_branch_datetime_operator_3
[2024-11-27T17:51:43.164+0000] {logging_mixin.py:190} INFO - [2024-11-27T17:51:43.163+0000] {override.py:1911} INFO - Created Permission View: can delete on DAG Run:example_branch_datetime_operator_3
[2024-11-27T17:51:43.181+0000] {logging_mixin.py:190} INFO - [2024-11-27T17:51:43.180+0000] {override.py:1911} INFO - Created Permission View: menu access on DAG Run:example_branch_datetime_operator_3
[2024-11-27T17:51:43.204+0000] {logging_mixin.py:190} INFO - [2024-11-27T17:51:43.203+0000] {override.py:1911} INFO - Created Permission View: can create on DAG Run:example_branch_datetime_operator_3
[2024-11-27T17:51:43.205+0000] {logging_mixin.py:190} INFO - [2024-11-27T17:51:43.205+0000] {dag.py:3239} INFO - Sync 3 DAGs
[2024-11-27T17:51:43.238+0000] {logging_mixin.py:190} INFO - [2024-11-27T17:51:43.238+0000] {dag.py:3262} INFO - Creating ORM DAG for example_branch_datetime_operator_3
[2024-11-27T17:51:43.241+0000] {logging_mixin.py:190} INFO - [2024-11-27T17:51:43.240+0000] {dag.py:3262} INFO - Creating ORM DAG for example_branch_datetime_operator
[2024-11-27T17:51:43.242+0000] {logging_mixin.py:190} INFO - [2024-11-27T17:51:43.242+0000] {dag.py:3262} INFO - Creating ORM DAG for example_branch_datetime_operator_2
[2024-11-27T17:51:43.267+0000] {logging_mixin.py:190} INFO - [2024-11-27T17:51:43.266+0000] {dag.py:4180} INFO - Setting next_dagrun for example_branch_datetime_operator to 2024-11-26 00:00:00+00:00, run_after=2024-11-27 00:00:00+00:00
[2024-11-27T17:51:43.273+0000] {logging_mixin.py:190} INFO - [2024-11-27T17:51:43.272+0000] {dag.py:4180} INFO - Setting next_dagrun for example_branch_datetime_operator_2 to 2024-11-26 00:00:00+00:00, run_after=2024-11-27 00:00:00+00:00
[2024-11-27T17:51:43.277+0000] {logging_mixin.py:190} INFO - [2024-11-27T17:51:43.277+0000] {dag.py:4180} INFO - Setting next_dagrun for example_branch_datetime_operator_3 to 2024-11-26 00:00:00+00:00, run_after=2024-11-27 00:00:00+00:00
[2024-11-27T17:51:43.314+0000] {processor.py:208} INFO - Processing /home/airflow/.local/lib/python3.12/site-packages/airflow/example_dags/example_branch_datetime_operator.py took 0.426 seconds
[2024-11-27T17:52:13.896+0000] {processor.py:186} INFO - Started process (PID=159) to work on /home/airflow/.local/lib/python3.12/site-packages/airflow/example_dags/example_branch_datetime_operator.py
[2024-11-27T17:52:13.897+0000] {processor.py:914} INFO - Processing file /home/airflow/.local/lib/python3.12/site-packages/airflow/example_dags/example_branch_datetime_operator.py for tasks to queue
[2024-11-27T17:52:13.898+0000] {logging_mixin.py:190} INFO - [2024-11-27T17:52:13.898+0000] {dagbag.py:588} INFO - Filling up the DagBag from /home/airflow/.local/lib/python3.12/site-packages/airflow/example_dags/example_branch_datetime_operator.py
[2024-11-27T17:52:13.907+0000] {processor.py:925} INFO - DAG(s) 'example_branch_datetime_operator', 'example_branch_datetime_operator_2', 'example_branch_datetime_operator_3' retrieved from /home/airflow/.local/lib/python3.12/site-packages/airflow/example_dags/example_branch_datetime_operator.py
[2024-11-27T17:52:13.926+0000] {logging_mixin.py:190} INFO - [2024-11-27T17:52:13.926+0000] {dag.py:3239} INFO - Sync 3 DAGs
[2024-11-27T17:52:13.945+0000] {logging_mixin.py:190} INFO - [2024-11-27T17:52:13.945+0000] {dag.py:4180} INFO - Setting next_dagrun for example_branch_datetime_operator to 2024-11-26 00:00:00+00:00, run_after=2024-11-27 00:00:00+00:00
[2024-11-27T17:52:13.948+0000] {logging_mixin.py:190} INFO - [2024-11-27T17:52:13.948+0000] {dag.py:4180} INFO - Setting next_dagrun for example_branch_datetime_operator_2 to 2024-11-26 00:00:00+00:00, run_after=2024-11-27 00:00:00+00:00
[2024-11-27T17:52:13.950+0000] {logging_mixin.py:190} INFO - [2024-11-27T17:52:13.950+0000] {dag.py:4180} INFO - Setting next_dagrun for example_branch_datetime_operator_3 to 2024-11-26 00:00:00+00:00, run_after=2024-11-27 00:00:00+00:00
[2024-11-27T17:52:13.962+0000] {processor.py:208} INFO - Processing /home/airflow/.local/lib/python3.12/site-packages/airflow/example_dags/example_branch_datetime_operator.py took 0.071 seconds
[2024-11-27T17:52:44.524+0000] {processor.py:186} INFO - Started process (PID=230) to work on /home/airflow/.local/lib/python3.12/site-packages/airflow/example_dags/example_branch_datetime_operator.py
[2024-11-27T17:52:44.525+0000] {processor.py:914} INFO - Processing file /home/airflow/.local/lib/python3.12/site-packages/airflow/example_dags/example_branch_datetime_operator.py for tasks to queue
[2024-11-27T17:52:44.527+0000] {logging_mixin.py:190} INFO - [2024-11-27T17:52:44.526+0000] {dagbag.py:588} INFO - Filling up the DagBag from /home/airflow/.local/lib/python3.12/site-packages/airflow/example_dags/example_branch_datetime_operator.py
[2024-11-27T17:52:44.535+0000] {processor.py:925} INFO - DAG(s) 'example_branch_datetime_operator', 'example_branch_datetime_operator_2', 'example_branch_datetime_operator_3' retrieved from /home/airflow/.local/lib/python3.12/site-packages/airflow/example_dags/example_branch_datetime_operator.py
[2024-11-27T17:52:44.553+0000] {logging_mixin.py:190} INFO - [2024-11-27T17:52:44.553+0000] {dag.py:3239} INFO - Sync 3 DAGs
[2024-11-27T17:52:44.570+0000] {logging_mixin.py:190} INFO - [2024-11-27T17:52:44.570+0000] {dag.py:4180} INFO - Setting next_dagrun for example_branch_datetime_operator to 2024-11-26 00:00:00+00:00, run_after=2024-11-27 00:00:00+00:00
[2024-11-27T17:52:44.573+0000] {logging_mixin.py:190} INFO - [2024-11-27T17:52:44.573+0000] {dag.py:4180} INFO - Setting next_dagrun for example_branch_datetime_operator_2 to 2024-11-26 00:00:00+00:00, run_after=2024-11-27 00:00:00+00:00
[2024-11-27T17:52:44.575+0000] {logging_mixin.py:190} INFO - [2024-11-27T17:52:44.575+0000] {dag.py:4180} INFO - Setting next_dagrun for example_branch_datetime_operator_3 to 2024-11-26 00:00:00+00:00, run_after=2024-11-27 00:00:00+00:00
[2024-11-27T17:52:44.588+0000] {processor.py:208} INFO - Processing /home/airflow/.local/lib/python3.12/site-packages/airflow/example_dags/example_branch_datetime_operator.py took 0.068 seconds
[2024-11-27T17:54:40.398+0000] {processor.py:186} INFO - Started process (PID=76) to work on /home/airflow/.local/lib/python3.12/site-packages/airflow/example_dags/example_branch_datetime_operator.py
[2024-11-27T17:54:40.399+0000] {processor.py:914} INFO - Processing file /home/airflow/.local/lib/python3.12/site-packages/airflow/example_dags/example_branch_datetime_operator.py for tasks to queue
[2024-11-27T17:54:40.402+0000] {logging_mixin.py:190} INFO - [2024-11-27T17:54:40.402+0000] {dagbag.py:588} INFO - Filling up the DagBag from /home/airflow/.local/lib/python3.12/site-packages/airflow/example_dags/example_branch_datetime_operator.py
[2024-11-27T17:54:40.411+0000] {processor.py:925} INFO - DAG(s) 'example_branch_datetime_operator', 'example_branch_datetime_operator_2', 'example_branch_datetime_operator_3' retrieved from /home/airflow/.local/lib/python3.12/site-packages/airflow/example_dags/example_branch_datetime_operator.py
[2024-11-27T17:54:40.433+0000] {logging_mixin.py:190} INFO - [2024-11-27T17:54:40.433+0000] {dag.py:3239} INFO - Sync 3 DAGs
[2024-11-27T17:54:40.450+0000] {logging_mixin.py:190} INFO - [2024-11-27T17:54:40.450+0000] {dag.py:4180} INFO - Setting next_dagrun for example_branch_datetime_operator to 2024-11-26 00:00:00+00:00, run_after=2024-11-27 00:00:00+00:00
[2024-11-27T17:54:40.453+0000] {logging_mixin.py:190} INFO - [2024-11-27T17:54:40.453+0000] {dag.py:4180} INFO - Setting next_dagrun for example_branch_datetime_operator_2 to 2024-11-26 00:00:00+00:00, run_after=2024-11-27 00:00:00+00:00
[2024-11-27T17:54:40.455+0000] {logging_mixin.py:190} INFO - [2024-11-27T17:54:40.455+0000] {dag.py:4180} INFO - Setting next_dagrun for example_branch_datetime_operator_3 to 2024-11-26 00:00:00+00:00, run_after=2024-11-27 00:00:00+00:00
[2024-11-27T17:54:40.466+0000] {processor.py:208} INFO - Processing /home/airflow/.local/lib/python3.12/site-packages/airflow/example_dags/example_branch_datetime_operator.py took 0.073 seconds
[2024-11-27T17:55:11.606+0000] {processor.py:186} INFO - Started process (PID=147) to work on /home/airflow/.local/lib/python3.12/site-packages/airflow/example_dags/example_branch_datetime_operator.py
[2024-11-27T17:55:11.608+0000] {processor.py:914} INFO - Processing file /home/airflow/.local/lib/python3.12/site-packages/airflow/example_dags/example_branch_datetime_operator.py for tasks to queue
[2024-11-27T17:55:11.612+0000] {logging_mixin.py:190} INFO - [2024-11-27T17:55:11.612+0000] {dagbag.py:588} INFO - Filling up the DagBag from /home/airflow/.local/lib/python3.12/site-packages/airflow/example_dags/example_branch_datetime_operator.py
[2024-11-27T17:55:11.630+0000] {processor.py:925} INFO - DAG(s) 'example_branch_datetime_operator_2', 'example_branch_datetime_operator', 'example_branch_datetime_operator_3' retrieved from /home/airflow/.local/lib/python3.12/site-packages/airflow/example_dags/example_branch_datetime_operator.py
[2024-11-27T17:55:11.669+0000] {logging_mixin.py:190} INFO - [2024-11-27T17:55:11.669+0000] {dag.py:3239} INFO - Sync 3 DAGs
[2024-11-27T17:55:11.686+0000] {logging_mixin.py:190} INFO - [2024-11-27T17:55:11.686+0000] {dag.py:4180} INFO - Setting next_dagrun for example_branch_datetime_operator to 2024-11-26 00:00:00+00:00, run_after=2024-11-27 00:00:00+00:00
[2024-11-27T17:55:11.690+0000] {logging_mixin.py:190} INFO - [2024-11-27T17:55:11.690+0000] {dag.py:4180} INFO - Setting next_dagrun for example_branch_datetime_operator_2 to 2024-11-26 00:00:00+00:00, run_after=2024-11-27 00:00:00+00:00
[2024-11-27T17:55:11.691+0000] {logging_mixin.py:190} INFO - [2024-11-27T17:55:11.691+0000] {dag.py:4180} INFO - Setting next_dagrun for example_branch_datetime_operator_3 to 2024-11-26 00:00:00+00:00, run_after=2024-11-27 00:00:00+00:00
[2024-11-27T17:55:11.705+0000] {processor.py:208} INFO - Processing /home/airflow/.local/lib/python3.12/site-packages/airflow/example_dags/example_branch_datetime_operator.py took 0.108 seconds
[2024-11-27T17:55:41.890+0000] {processor.py:186} INFO - Started process (PID=218) to work on /home/airflow/.local/lib/python3.12/site-packages/airflow/example_dags/example_branch_datetime_operator.py
[2024-11-27T17:55:41.891+0000] {processor.py:914} INFO - Processing file /home/airflow/.local/lib/python3.12/site-packages/airflow/example_dags/example_branch_datetime_operator.py for tasks to queue
[2024-11-27T17:55:41.893+0000] {logging_mixin.py:190} INFO - [2024-11-27T17:55:41.893+0000] {dagbag.py:588} INFO - Filling up the DagBag from /home/airflow/.local/lib/python3.12/site-packages/airflow/example_dags/example_branch_datetime_operator.py
[2024-11-27T17:55:41.902+0000] {processor.py:925} INFO - DAG(s) 'example_branch_datetime_operator_3', 'example_branch_datetime_operator', 'example_branch_datetime_operator_2' retrieved from /home/airflow/.local/lib/python3.12/site-packages/airflow/example_dags/example_branch_datetime_operator.py
[2024-11-27T17:55:41.921+0000] {logging_mixin.py:190} INFO - [2024-11-27T17:55:41.921+0000] {dag.py:3239} INFO - Sync 3 DAGs
[2024-11-27T17:55:41.940+0000] {logging_mixin.py:190} INFO - [2024-11-27T17:55:41.940+0000] {dag.py:4180} INFO - Setting next_dagrun for example_branch_datetime_operator to 2024-11-26 00:00:00+00:00, run_after=2024-11-27 00:00:00+00:00
[2024-11-27T17:55:41.944+0000] {logging_mixin.py:190} INFO - [2024-11-27T17:55:41.943+0000] {dag.py:4180} INFO - Setting next_dagrun for example_branch_datetime_operator_2 to 2024-11-26 00:00:00+00:00, run_after=2024-11-27 00:00:00+00:00
[2024-11-27T17:55:41.945+0000] {logging_mixin.py:190} INFO - [2024-11-27T17:55:41.945+0000] {dag.py:4180} INFO - Setting next_dagrun for example_branch_datetime_operator_3 to 2024-11-26 00:00:00+00:00, run_after=2024-11-27 00:00:00+00:00
[2024-11-27T17:55:41.960+0000] {processor.py:208} INFO - Processing /home/airflow/.local/lib/python3.12/site-packages/airflow/example_dags/example_branch_datetime_operator.py took 0.075 seconds
[2024-11-27T17:56:12.160+0000] {processor.py:186} INFO - Started process (PID=288) to work on /home/airflow/.local/lib/python3.12/site-packages/airflow/example_dags/example_branch_datetime_operator.py
[2024-11-27T17:56:12.160+0000] {processor.py:914} INFO - Processing file /home/airflow/.local/lib/python3.12/site-packages/airflow/example_dags/example_branch_datetime_operator.py for tasks to queue
[2024-11-27T17:56:12.162+0000] {logging_mixin.py:190} INFO - [2024-11-27T17:56:12.162+0000] {dagbag.py:588} INFO - Filling up the DagBag from /home/airflow/.local/lib/python3.12/site-packages/airflow/example_dags/example_branch_datetime_operator.py
[2024-11-27T17:56:12.172+0000] {processor.py:925} INFO - DAG(s) 'example_branch_datetime_operator_2', 'example_branch_datetime_operator', 'example_branch_datetime_operator_3' retrieved from /home/airflow/.local/lib/python3.12/site-packages/airflow/example_dags/example_branch_datetime_operator.py
[2024-11-27T17:56:12.193+0000] {logging_mixin.py:190} INFO - [2024-11-27T17:56:12.193+0000] {dag.py:3239} INFO - Sync 3 DAGs
[2024-11-27T17:56:12.212+0000] {logging_mixin.py:190} INFO - [2024-11-27T17:56:12.212+0000] {dag.py:4180} INFO - Setting next_dagrun for example_branch_datetime_operator to 2024-11-26 00:00:00+00:00, run_after=2024-11-27 00:00:00+00:00
[2024-11-27T17:56:12.216+0000] {logging_mixin.py:190} INFO - [2024-11-27T17:56:12.216+0000] {dag.py:4180} INFO - Setting next_dagrun for example_branch_datetime_operator_2 to 2024-11-26 00:00:00+00:00, run_after=2024-11-27 00:00:00+00:00
[2024-11-27T17:56:12.218+0000] {logging_mixin.py:190} INFO - [2024-11-27T17:56:12.218+0000] {dag.py:4180} INFO - Setting next_dagrun for example_branch_datetime_operator_3 to 2024-11-26 00:00:00+00:00, run_after=2024-11-27 00:00:00+00:00
[2024-11-27T17:56:12.232+0000] {processor.py:208} INFO - Processing /home/airflow/.local/lib/python3.12/site-packages/airflow/example_dags/example_branch_datetime_operator.py took 0.077 seconds
[2024-11-27T17:56:42.359+0000] {processor.py:186} INFO - Started process (PID=359) to work on /home/airflow/.local/lib/python3.12/site-packages/airflow/example_dags/example_branch_datetime_operator.py
[2024-11-27T17:56:42.359+0000] {processor.py:914} INFO - Processing file /home/airflow/.local/lib/python3.12/site-packages/airflow/example_dags/example_branch_datetime_operator.py for tasks to queue
[2024-11-27T17:56:42.361+0000] {logging_mixin.py:190} INFO - [2024-11-27T17:56:42.361+0000] {dagbag.py:588} INFO - Filling up the DagBag from /home/airflow/.local/lib/python3.12/site-packages/airflow/example_dags/example_branch_datetime_operator.py
[2024-11-27T17:56:42.370+0000] {processor.py:925} INFO - DAG(s) 'example_branch_datetime_operator', 'example_branch_datetime_operator_3', 'example_branch_datetime_operator_2' retrieved from /home/airflow/.local/lib/python3.12/site-packages/airflow/example_dags/example_branch_datetime_operator.py
[2024-11-27T17:56:42.387+0000] {logging_mixin.py:190} INFO - [2024-11-27T17:56:42.387+0000] {dag.py:3239} INFO - Sync 3 DAGs
[2024-11-27T17:56:42.407+0000] {logging_mixin.py:190} INFO - [2024-11-27T17:56:42.407+0000] {dag.py:4180} INFO - Setting next_dagrun for example_branch_datetime_operator to 2024-11-26 00:00:00+00:00, run_after=2024-11-27 00:00:00+00:00
[2024-11-27T17:56:42.410+0000] {logging_mixin.py:190} INFO - [2024-11-27T17:56:42.410+0000] {dag.py:4180} INFO - Setting next_dagrun for example_branch_datetime_operator_2 to 2024-11-26 00:00:00+00:00, run_after=2024-11-27 00:00:00+00:00
[2024-11-27T17:56:42.412+0000] {logging_mixin.py:190} INFO - [2024-11-27T17:56:42.412+0000] {dag.py:4180} INFO - Setting next_dagrun for example_branch_datetime_operator_3 to 2024-11-26 00:00:00+00:00, run_after=2024-11-27 00:00:00+00:00
[2024-11-27T17:56:42.424+0000] {processor.py:208} INFO - Processing /home/airflow/.local/lib/python3.12/site-packages/airflow/example_dags/example_branch_datetime_operator.py took 0.070 seconds
[2024-11-27T17:57:12.859+0000] {processor.py:186} INFO - Started process (PID=430) to work on /home/airflow/.local/lib/python3.12/site-packages/airflow/example_dags/example_branch_datetime_operator.py
[2024-11-27T17:57:12.860+0000] {processor.py:914} INFO - Processing file /home/airflow/.local/lib/python3.12/site-packages/airflow/example_dags/example_branch_datetime_operator.py for tasks to queue
[2024-11-27T17:57:12.862+0000] {logging_mixin.py:190} INFO - [2024-11-27T17:57:12.861+0000] {dagbag.py:588} INFO - Filling up the DagBag from /home/airflow/.local/lib/python3.12/site-packages/airflow/example_dags/example_branch_datetime_operator.py
[2024-11-27T17:57:12.871+0000] {processor.py:925} INFO - DAG(s) 'example_branch_datetime_operator', 'example_branch_datetime_operator_3', 'example_branch_datetime_operator_2' retrieved from /home/airflow/.local/lib/python3.12/site-packages/airflow/example_dags/example_branch_datetime_operator.py
[2024-11-27T17:57:12.891+0000] {logging_mixin.py:190} INFO - [2024-11-27T17:57:12.891+0000] {dag.py:3239} INFO - Sync 3 DAGs
[2024-11-27T17:57:12.908+0000] {logging_mixin.py:190} INFO - [2024-11-27T17:57:12.908+0000] {dag.py:4180} INFO - Setting next_dagrun for example_branch_datetime_operator to 2024-11-26 00:00:00+00:00, run_after=2024-11-27 00:00:00+00:00
[2024-11-27T17:57:12.912+0000] {logging_mixin.py:190} INFO - [2024-11-27T17:57:12.911+0000] {dag.py:4180} INFO - Setting next_dagrun for example_branch_datetime_operator_2 to 2024-11-26 00:00:00+00:00, run_after=2024-11-27 00:00:00+00:00
[2024-11-27T17:57:12.913+0000] {logging_mixin.py:190} INFO - [2024-11-27T17:57:12.913+0000] {dag.py:4180} INFO - Setting next_dagrun for example_branch_datetime_operator_3 to 2024-11-26 00:00:00+00:00, run_after=2024-11-27 00:00:00+00:00
[2024-11-27T17:57:12.925+0000] {processor.py:208} INFO - Processing /home/airflow/.local/lib/python3.12/site-packages/airflow/example_dags/example_branch_datetime_operator.py took 0.071 seconds
