[2024-11-27T17:51:46.616+0000] {processor.py:186} INFO - Started process (PID=108) to work on /home/airflow/.local/lib/python3.12/site-packages/airflow/example_dags/example_branch_python_dop_operator_3.py
[2024-11-27T17:51:46.617+0000] {processor.py:914} INFO - Processing file /home/airflow/.local/lib/python3.12/site-packages/airflow/example_dags/example_branch_python_dop_operator_3.py for tasks to queue
[2024-11-27T17:51:46.618+0000] {logging_mixin.py:190} INFO - [2024-11-27T17:51:46.618+0000] {dagbag.py:588} INFO - Filling up the DagBag from /home/airflow/.local/lib/python3.12/site-packages/airflow/example_dags/example_branch_python_dop_operator_3.py
[2024-11-27T17:51:46.628+0000] {processor.py:925} INFO - DAG(s) 'example_branch_dop_operator_v3' retrieved from /home/airflow/.local/lib/python3.12/site-packages/airflow/example_dags/example_branch_python_dop_operator_3.py
[2024-11-27T17:51:46.740+0000] {logging_mixin.py:190} INFO - [2024-11-27T17:51:46.739+0000] {override.py:1911} INFO - Created Permission View: can read on DAG:example_branch_dop_operator_v3
[2024-11-27T17:51:46.760+0000] {logging_mixin.py:190} INFO - [2024-11-27T17:51:46.758+0000] {override.py:1911} INFO - Created Permission View: can delete on DAG:example_branch_dop_operator_v3
[2024-11-27T17:51:46.782+0000] {logging_mixin.py:190} INFO - [2024-11-27T17:51:46.781+0000] {override.py:1911} INFO - Created Permission View: can edit on DAG:example_branch_dop_operator_v3
[2024-11-27T17:51:46.803+0000] {logging_mixin.py:190} INFO - [2024-11-27T17:51:46.802+0000] {override.py:1911} INFO - Created Permission View: can read on DAG Run:example_branch_dop_operator_v3
[2024-11-27T17:51:46.820+0000] {logging_mixin.py:190} INFO - [2024-11-27T17:51:46.819+0000] {override.py:1911} INFO - Created Permission View: can delete on DAG Run:example_branch_dop_operator_v3
[2024-11-27T17:51:46.839+0000] {logging_mixin.py:190} INFO - [2024-11-27T17:51:46.839+0000] {override.py:1911} INFO - Created Permission View: menu access on DAG Run:example_branch_dop_operator_v3
[2024-11-27T17:51:46.847+0000] {logging_mixin.py:190} INFO - [2024-11-27T17:51:46.847+0000] {override.py:1911} INFO - Created Permission View: can create on DAG Run:example_branch_dop_operator_v3
[2024-11-27T17:51:46.848+0000] {logging_mixin.py:190} INFO - [2024-11-27T17:51:46.848+0000] {dag.py:3239} INFO - Sync 1 DAGs
[2024-11-27T17:51:46.863+0000] {logging_mixin.py:190} INFO - [2024-11-27T17:51:46.862+0000] {dag.py:3262} INFO - Creating ORM DAG for example_branch_dop_operator_v3
[2024-11-27T17:51:46.873+0000] {logging_mixin.py:190} INFO - [2024-11-27T17:51:46.873+0000] {dag.py:4180} INFO - Setting next_dagrun for example_branch_dop_operator_v3 to 2024-11-27 17:50:00+00:00, run_after=2024-11-27 17:51:00+00:00
[2024-11-27T17:51:46.887+0000] {processor.py:208} INFO - Processing /home/airflow/.local/lib/python3.12/site-packages/airflow/example_dags/example_branch_python_dop_operator_3.py took 0.275 seconds
[2024-11-27T17:52:17.479+0000] {processor.py:186} INFO - Started process (PID=179) to work on /home/airflow/.local/lib/python3.12/site-packages/airflow/example_dags/example_branch_python_dop_operator_3.py
[2024-11-27T17:52:17.480+0000] {processor.py:914} INFO - Processing file /home/airflow/.local/lib/python3.12/site-packages/airflow/example_dags/example_branch_python_dop_operator_3.py for tasks to queue
[2024-11-27T17:52:17.482+0000] {logging_mixin.py:190} INFO - [2024-11-27T17:52:17.482+0000] {dagbag.py:588} INFO - Filling up the DagBag from /home/airflow/.local/lib/python3.12/site-packages/airflow/example_dags/example_branch_python_dop_operator_3.py
[2024-11-27T17:52:17.490+0000] {processor.py:925} INFO - DAG(s) 'example_branch_dop_operator_v3' retrieved from /home/airflow/.local/lib/python3.12/site-packages/airflow/example_dags/example_branch_python_dop_operator_3.py
[2024-11-27T17:52:17.505+0000] {logging_mixin.py:190} INFO - [2024-11-27T17:52:17.505+0000] {dag.py:3239} INFO - Sync 1 DAGs
[2024-11-27T17:52:17.526+0000] {logging_mixin.py:190} INFO - [2024-11-27T17:52:17.525+0000] {dag.py:4180} INFO - Setting next_dagrun for example_branch_dop_operator_v3 to 2024-11-27 17:51:00+00:00, run_after=2024-11-27 17:52:00+00:00
[2024-11-27T17:52:17.546+0000] {processor.py:208} INFO - Processing /home/airflow/.local/lib/python3.12/site-packages/airflow/example_dags/example_branch_python_dop_operator_3.py took 0.071 seconds
[2024-11-27T17:52:48.292+0000] {processor.py:186} INFO - Started process (PID=250) to work on /home/airflow/.local/lib/python3.12/site-packages/airflow/example_dags/example_branch_python_dop_operator_3.py
[2024-11-27T17:52:48.292+0000] {processor.py:914} INFO - Processing file /home/airflow/.local/lib/python3.12/site-packages/airflow/example_dags/example_branch_python_dop_operator_3.py for tasks to queue
[2024-11-27T17:52:48.294+0000] {logging_mixin.py:190} INFO - [2024-11-27T17:52:48.294+0000] {dagbag.py:588} INFO - Filling up the DagBag from /home/airflow/.local/lib/python3.12/site-packages/airflow/example_dags/example_branch_python_dop_operator_3.py
[2024-11-27T17:52:48.302+0000] {processor.py:925} INFO - DAG(s) 'example_branch_dop_operator_v3' retrieved from /home/airflow/.local/lib/python3.12/site-packages/airflow/example_dags/example_branch_python_dop_operator_3.py
[2024-11-27T17:52:48.316+0000] {logging_mixin.py:190} INFO - [2024-11-27T17:52:48.316+0000] {dag.py:3239} INFO - Sync 1 DAGs
[2024-11-27T17:52:48.336+0000] {logging_mixin.py:190} INFO - [2024-11-27T17:52:48.336+0000] {dag.py:4180} INFO - Setting next_dagrun for example_branch_dop_operator_v3 to 2024-11-27 17:51:00+00:00, run_after=2024-11-27 17:52:00+00:00
[2024-11-27T17:52:48.351+0000] {processor.py:208} INFO - Processing /home/airflow/.local/lib/python3.12/site-packages/airflow/example_dags/example_branch_python_dop_operator_3.py took 0.064 seconds
[2024-11-27T17:54:41.810+0000] {processor.py:186} INFO - Started process (PID=96) to work on /home/airflow/.local/lib/python3.12/site-packages/airflow/example_dags/example_branch_python_dop_operator_3.py
[2024-11-27T17:54:41.811+0000] {processor.py:914} INFO - Processing file /home/airflow/.local/lib/python3.12/site-packages/airflow/example_dags/example_branch_python_dop_operator_3.py for tasks to queue
[2024-11-27T17:54:41.812+0000] {logging_mixin.py:190} INFO - [2024-11-27T17:54:41.812+0000] {dagbag.py:588} INFO - Filling up the DagBag from /home/airflow/.local/lib/python3.12/site-packages/airflow/example_dags/example_branch_python_dop_operator_3.py
[2024-11-27T17:54:41.821+0000] {processor.py:925} INFO - DAG(s) 'example_branch_dop_operator_v3' retrieved from /home/airflow/.local/lib/python3.12/site-packages/airflow/example_dags/example_branch_python_dop_operator_3.py
[2024-11-27T17:54:41.835+0000] {logging_mixin.py:190} INFO - [2024-11-27T17:54:41.835+0000] {dag.py:3239} INFO - Sync 1 DAGs
[2024-11-27T17:54:41.854+0000] {logging_mixin.py:190} INFO - [2024-11-27T17:54:41.854+0000] {dag.py:4180} INFO - Setting next_dagrun for example_branch_dop_operator_v3 to 2024-11-27 17:53:00+00:00, run_after=2024-11-27 17:54:00+00:00
[2024-11-27T17:54:41.871+0000] {processor.py:208} INFO - Processing /home/airflow/.local/lib/python3.12/site-packages/airflow/example_dags/example_branch_python_dop_operator_3.py took 0.065 seconds
[2024-11-27T17:55:13.196+0000] {processor.py:186} INFO - Started process (PID=173) to work on /home/airflow/.local/lib/python3.12/site-packages/airflow/example_dags/example_branch_python_dop_operator_3.py
[2024-11-27T17:55:13.197+0000] {processor.py:914} INFO - Processing file /home/airflow/.local/lib/python3.12/site-packages/airflow/example_dags/example_branch_python_dop_operator_3.py for tasks to queue
[2024-11-27T17:55:13.198+0000] {logging_mixin.py:190} INFO - [2024-11-27T17:55:13.198+0000] {dagbag.py:588} INFO - Filling up the DagBag from /home/airflow/.local/lib/python3.12/site-packages/airflow/example_dags/example_branch_python_dop_operator_3.py
[2024-11-27T17:55:13.206+0000] {processor.py:925} INFO - DAG(s) 'example_branch_dop_operator_v3' retrieved from /home/airflow/.local/lib/python3.12/site-packages/airflow/example_dags/example_branch_python_dop_operator_3.py
[2024-11-27T17:55:13.219+0000] {logging_mixin.py:190} INFO - [2024-11-27T17:55:13.219+0000] {dag.py:3239} INFO - Sync 1 DAGs
[2024-11-27T17:55:13.237+0000] {logging_mixin.py:190} INFO - [2024-11-27T17:55:13.237+0000] {dag.py:4180} INFO - Setting next_dagrun for example_branch_dop_operator_v3 to 2024-11-27 17:54:00+00:00, run_after=2024-11-27 17:55:00+00:00
[2024-11-27T17:55:13.250+0000] {processor.py:208} INFO - Processing /home/airflow/.local/lib/python3.12/site-packages/airflow/example_dags/example_branch_python_dop_operator_3.py took 0.058 seconds
[2024-11-27T17:55:44.528+0000] {processor.py:186} INFO - Started process (PID=244) to work on /home/airflow/.local/lib/python3.12/site-packages/airflow/example_dags/example_branch_python_dop_operator_3.py
[2024-11-27T17:55:44.529+0000] {processor.py:914} INFO - Processing file /home/airflow/.local/lib/python3.12/site-packages/airflow/example_dags/example_branch_python_dop_operator_3.py for tasks to queue
[2024-11-27T17:55:44.532+0000] {logging_mixin.py:190} INFO - [2024-11-27T17:55:44.532+0000] {dagbag.py:588} INFO - Filling up the DagBag from /home/airflow/.local/lib/python3.12/site-packages/airflow/example_dags/example_branch_python_dop_operator_3.py
[2024-11-27T17:55:44.542+0000] {processor.py:925} INFO - DAG(s) 'example_branch_dop_operator_v3' retrieved from /home/airflow/.local/lib/python3.12/site-packages/airflow/example_dags/example_branch_python_dop_operator_3.py
[2024-11-27T17:55:44.558+0000] {logging_mixin.py:190} INFO - [2024-11-27T17:55:44.558+0000] {dag.py:3239} INFO - Sync 1 DAGs
[2024-11-27T17:55:44.577+0000] {logging_mixin.py:190} INFO - [2024-11-27T17:55:44.577+0000] {dag.py:4180} INFO - Setting next_dagrun for example_branch_dop_operator_v3 to 2024-11-27 17:54:00+00:00, run_after=2024-11-27 17:55:00+00:00
[2024-11-27T17:55:44.593+0000] {processor.py:208} INFO - Processing /home/airflow/.local/lib/python3.12/site-packages/airflow/example_dags/example_branch_python_dop_operator_3.py took 0.070 seconds
[2024-11-27T17:56:15.742+0000] {processor.py:186} INFO - Started process (PID=315) to work on /home/airflow/.local/lib/python3.12/site-packages/airflow/example_dags/example_branch_python_dop_operator_3.py
[2024-11-27T17:56:15.743+0000] {processor.py:914} INFO - Processing file /home/airflow/.local/lib/python3.12/site-packages/airflow/example_dags/example_branch_python_dop_operator_3.py for tasks to queue
[2024-11-27T17:56:15.745+0000] {logging_mixin.py:190} INFO - [2024-11-27T17:56:15.745+0000] {dagbag.py:588} INFO - Filling up the DagBag from /home/airflow/.local/lib/python3.12/site-packages/airflow/example_dags/example_branch_python_dop_operator_3.py
[2024-11-27T17:56:15.753+0000] {processor.py:925} INFO - DAG(s) 'example_branch_dop_operator_v3' retrieved from /home/airflow/.local/lib/python3.12/site-packages/airflow/example_dags/example_branch_python_dop_operator_3.py
[2024-11-27T17:56:15.766+0000] {logging_mixin.py:190} INFO - [2024-11-27T17:56:15.766+0000] {dag.py:3239} INFO - Sync 1 DAGs
[2024-11-27T17:56:15.785+0000] {logging_mixin.py:190} INFO - [2024-11-27T17:56:15.785+0000] {dag.py:4180} INFO - Setting next_dagrun for example_branch_dop_operator_v3 to 2024-11-27 17:55:00+00:00, run_after=2024-11-27 17:56:00+00:00
[2024-11-27T17:56:15.800+0000] {processor.py:208} INFO - Processing /home/airflow/.local/lib/python3.12/site-packages/airflow/example_dags/example_branch_python_dop_operator_3.py took 0.062 seconds
[2024-11-27T17:56:46.286+0000] {processor.py:186} INFO - Started process (PID=386) to work on /home/airflow/.local/lib/python3.12/site-packages/airflow/example_dags/example_branch_python_dop_operator_3.py
[2024-11-27T17:56:46.287+0000] {processor.py:914} INFO - Processing file /home/airflow/.local/lib/python3.12/site-packages/airflow/example_dags/example_branch_python_dop_operator_3.py for tasks to queue
[2024-11-27T17:56:46.289+0000] {logging_mixin.py:190} INFO - [2024-11-27T17:56:46.289+0000] {dagbag.py:588} INFO - Filling up the DagBag from /home/airflow/.local/lib/python3.12/site-packages/airflow/example_dags/example_branch_python_dop_operator_3.py
[2024-11-27T17:56:46.296+0000] {processor.py:925} INFO - DAG(s) 'example_branch_dop_operator_v3' retrieved from /home/airflow/.local/lib/python3.12/site-packages/airflow/example_dags/example_branch_python_dop_operator_3.py
[2024-11-27T17:56:46.309+0000] {logging_mixin.py:190} INFO - [2024-11-27T17:56:46.309+0000] {dag.py:3239} INFO - Sync 1 DAGs
[2024-11-27T17:56:46.327+0000] {logging_mixin.py:190} INFO - [2024-11-27T17:56:46.327+0000] {dag.py:4180} INFO - Setting next_dagrun for example_branch_dop_operator_v3 to 2024-11-27 17:55:00+00:00, run_after=2024-11-27 17:56:00+00:00
[2024-11-27T17:56:46.341+0000] {processor.py:208} INFO - Processing /home/airflow/.local/lib/python3.12/site-packages/airflow/example_dags/example_branch_python_dop_operator_3.py took 0.059 seconds
