[2024-11-27T17:51:44.048+0000] {processor.py:186} INFO - Started process (PID=97) to work on /home/airflow/.local/lib/python3.12/site-packages/airflow/example_dags/example_kubernetes_executor.py
[2024-11-27T17:51:44.049+0000] {processor.py:914} INFO - Processing file /home/airflow/.local/lib/python3.12/site-packages/airflow/example_dags/example_kubernetes_executor.py for tasks to queue
[2024-11-27T17:51:44.050+0000] {logging_mixin.py:190} INFO - [2024-11-27T17:51:44.050+0000] {dagbag.py:588} INFO - Filling up the DagBag from /home/airflow/.local/lib/python3.12/site-packages/airflow/example_dags/example_kubernetes_executor.py
[2024-11-27T17:51:44.064+0000] {processor.py:925} INFO - DAG(s) 'example_kubernetes_executor' retrieved from /home/airflow/.local/lib/python3.12/site-packages/airflow/example_dags/example_kubernetes_executor.py
[2024-11-27T17:51:44.156+0000] {logging_mixin.py:190} INFO - [2024-11-27T17:51:44.155+0000] {override.py:1911} INFO - Created Permission View: can read on DAG:example_kubernetes_executor
[2024-11-27T17:51:44.164+0000] {logging_mixin.py:190} INFO - [2024-11-27T17:51:44.164+0000] {override.py:1911} INFO - Created Permission View: can delete on DAG:example_kubernetes_executor
[2024-11-27T17:51:44.171+0000] {logging_mixin.py:190} INFO - [2024-11-27T17:51:44.170+0000] {override.py:1911} INFO - Created Permission View: can edit on DAG:example_kubernetes_executor
[2024-11-27T17:51:44.183+0000] {logging_mixin.py:190} INFO - [2024-11-27T17:51:44.182+0000] {override.py:1911} INFO - Created Permission View: can read on DAG Run:example_kubernetes_executor
[2024-11-27T17:51:44.190+0000] {logging_mixin.py:190} INFO - [2024-11-27T17:51:44.190+0000] {override.py:1911} INFO - Created Permission View: can delete on DAG Run:example_kubernetes_executor
[2024-11-27T17:51:44.198+0000] {logging_mixin.py:190} INFO - [2024-11-27T17:51:44.198+0000] {override.py:1911} INFO - Created Permission View: menu access on DAG Run:example_kubernetes_executor
[2024-11-27T17:51:44.205+0000] {logging_mixin.py:190} INFO - [2024-11-27T17:51:44.204+0000] {override.py:1911} INFO - Created Permission View: can create on DAG Run:example_kubernetes_executor
[2024-11-27T17:51:44.205+0000] {logging_mixin.py:190} INFO - [2024-11-27T17:51:44.205+0000] {dag.py:3239} INFO - Sync 1 DAGs
[2024-11-27T17:51:44.215+0000] {logging_mixin.py:190} INFO - [2024-11-27T17:51:44.215+0000] {dag.py:3262} INFO - Creating ORM DAG for example_kubernetes_executor
[2024-11-27T17:51:44.216+0000] {logging_mixin.py:190} INFO - [2024-11-27T17:51:44.216+0000] {dag.py:4180} INFO - Setting next_dagrun for example_kubernetes_executor to None, run_after=None
[2024-11-27T17:51:44.232+0000] {processor.py:208} INFO - Processing /home/airflow/.local/lib/python3.12/site-packages/airflow/example_dags/example_kubernetes_executor.py took 0.189 seconds
[2024-11-27T17:52:14.636+0000] {processor.py:186} INFO - Started process (PID=168) to work on /home/airflow/.local/lib/python3.12/site-packages/airflow/example_dags/example_kubernetes_executor.py
[2024-11-27T17:52:14.637+0000] {processor.py:914} INFO - Processing file /home/airflow/.local/lib/python3.12/site-packages/airflow/example_dags/example_kubernetes_executor.py for tasks to queue
[2024-11-27T17:52:14.640+0000] {logging_mixin.py:190} INFO - [2024-11-27T17:52:14.640+0000] {dagbag.py:588} INFO - Filling up the DagBag from /home/airflow/.local/lib/python3.12/site-packages/airflow/example_dags/example_kubernetes_executor.py
[2024-11-27T17:52:14.655+0000] {processor.py:925} INFO - DAG(s) 'example_kubernetes_executor' retrieved from /home/airflow/.local/lib/python3.12/site-packages/airflow/example_dags/example_kubernetes_executor.py
[2024-11-27T17:52:14.690+0000] {logging_mixin.py:190} INFO - [2024-11-27T17:52:14.690+0000] {dag.py:3239} INFO - Sync 1 DAGs
[2024-11-27T17:52:14.704+0000] {logging_mixin.py:190} INFO - [2024-11-27T17:52:14.704+0000] {dag.py:4180} INFO - Setting next_dagrun for example_kubernetes_executor to None, run_after=None
[2024-11-27T17:52:14.724+0000] {processor.py:208} INFO - Processing /home/airflow/.local/lib/python3.12/site-packages/airflow/example_dags/example_kubernetes_executor.py took 0.093 seconds
[2024-11-27T17:52:45.209+0000] {processor.py:186} INFO - Started process (PID=239) to work on /home/airflow/.local/lib/python3.12/site-packages/airflow/example_dags/example_kubernetes_executor.py
[2024-11-27T17:52:45.210+0000] {processor.py:914} INFO - Processing file /home/airflow/.local/lib/python3.12/site-packages/airflow/example_dags/example_kubernetes_executor.py for tasks to queue
[2024-11-27T17:52:45.212+0000] {logging_mixin.py:190} INFO - [2024-11-27T17:52:45.212+0000] {dagbag.py:588} INFO - Filling up the DagBag from /home/airflow/.local/lib/python3.12/site-packages/airflow/example_dags/example_kubernetes_executor.py
[2024-11-27T17:52:45.223+0000] {processor.py:925} INFO - DAG(s) 'example_kubernetes_executor' retrieved from /home/airflow/.local/lib/python3.12/site-packages/airflow/example_dags/example_kubernetes_executor.py
[2024-11-27T17:52:45.251+0000] {logging_mixin.py:190} INFO - [2024-11-27T17:52:45.251+0000] {dag.py:3239} INFO - Sync 1 DAGs
[2024-11-27T17:52:45.262+0000] {logging_mixin.py:190} INFO - [2024-11-27T17:52:45.262+0000] {dag.py:4180} INFO - Setting next_dagrun for example_kubernetes_executor to None, run_after=None
[2024-11-27T17:52:45.279+0000] {processor.py:208} INFO - Processing /home/airflow/.local/lib/python3.12/site-packages/airflow/example_dags/example_kubernetes_executor.py took 0.074 seconds
[2024-11-27T17:54:40.768+0000] {processor.py:186} INFO - Started process (PID=85) to work on /home/airflow/.local/lib/python3.12/site-packages/airflow/example_dags/example_kubernetes_executor.py
[2024-11-27T17:54:40.769+0000] {processor.py:914} INFO - Processing file /home/airflow/.local/lib/python3.12/site-packages/airflow/example_dags/example_kubernetes_executor.py for tasks to queue
[2024-11-27T17:54:40.770+0000] {logging_mixin.py:190} INFO - [2024-11-27T17:54:40.770+0000] {dagbag.py:588} INFO - Filling up the DagBag from /home/airflow/.local/lib/python3.12/site-packages/airflow/example_dags/example_kubernetes_executor.py
[2024-11-27T17:54:40.781+0000] {processor.py:925} INFO - DAG(s) 'example_kubernetes_executor' retrieved from /home/airflow/.local/lib/python3.12/site-packages/airflow/example_dags/example_kubernetes_executor.py
[2024-11-27T17:54:40.805+0000] {logging_mixin.py:190} INFO - [2024-11-27T17:54:40.805+0000] {dag.py:3239} INFO - Sync 1 DAGs
[2024-11-27T17:54:40.815+0000] {logging_mixin.py:190} INFO - [2024-11-27T17:54:40.815+0000] {dag.py:4180} INFO - Setting next_dagrun for example_kubernetes_executor to None, run_after=None
[2024-11-27T17:54:40.827+0000] {processor.py:208} INFO - Processing /home/airflow/.local/lib/python3.12/site-packages/airflow/example_dags/example_kubernetes_executor.py took 0.064 seconds
[2024-11-27T17:55:12.005+0000] {processor.py:186} INFO - Started process (PID=156) to work on /home/airflow/.local/lib/python3.12/site-packages/airflow/example_dags/example_kubernetes_executor.py
[2024-11-27T17:55:12.006+0000] {processor.py:914} INFO - Processing file /home/airflow/.local/lib/python3.12/site-packages/airflow/example_dags/example_kubernetes_executor.py for tasks to queue
[2024-11-27T17:55:12.007+0000] {logging_mixin.py:190} INFO - [2024-11-27T17:55:12.007+0000] {dagbag.py:588} INFO - Filling up the DagBag from /home/airflow/.local/lib/python3.12/site-packages/airflow/example_dags/example_kubernetes_executor.py
[2024-11-27T17:55:12.023+0000] {processor.py:925} INFO - DAG(s) 'example_kubernetes_executor' retrieved from /home/airflow/.local/lib/python3.12/site-packages/airflow/example_dags/example_kubernetes_executor.py
[2024-11-27T17:55:12.048+0000] {logging_mixin.py:190} INFO - [2024-11-27T17:55:12.048+0000] {dag.py:3239} INFO - Sync 1 DAGs
[2024-11-27T17:55:12.060+0000] {logging_mixin.py:190} INFO - [2024-11-27T17:55:12.059+0000] {dag.py:4180} INFO - Setting next_dagrun for example_kubernetes_executor to None, run_after=None
[2024-11-27T17:55:12.074+0000] {processor.py:208} INFO - Processing /home/airflow/.local/lib/python3.12/site-packages/airflow/example_dags/example_kubernetes_executor.py took 0.073 seconds
[2024-11-27T17:55:42.448+0000] {processor.py:186} INFO - Started process (PID=227) to work on /home/airflow/.local/lib/python3.12/site-packages/airflow/example_dags/example_kubernetes_executor.py
[2024-11-27T17:55:42.449+0000] {processor.py:914} INFO - Processing file /home/airflow/.local/lib/python3.12/site-packages/airflow/example_dags/example_kubernetes_executor.py for tasks to queue
[2024-11-27T17:55:42.451+0000] {logging_mixin.py:190} INFO - [2024-11-27T17:55:42.451+0000] {dagbag.py:588} INFO - Filling up the DagBag from /home/airflow/.local/lib/python3.12/site-packages/airflow/example_dags/example_kubernetes_executor.py
[2024-11-27T17:55:42.462+0000] {processor.py:925} INFO - DAG(s) 'example_kubernetes_executor' retrieved from /home/airflow/.local/lib/python3.12/site-packages/airflow/example_dags/example_kubernetes_executor.py
[2024-11-27T17:55:42.491+0000] {logging_mixin.py:190} INFO - [2024-11-27T17:55:42.491+0000] {dag.py:3239} INFO - Sync 1 DAGs
[2024-11-27T17:55:42.505+0000] {logging_mixin.py:190} INFO - [2024-11-27T17:55:42.505+0000] {dag.py:4180} INFO - Setting next_dagrun for example_kubernetes_executor to None, run_after=None
[2024-11-27T17:55:42.520+0000] {processor.py:208} INFO - Processing /home/airflow/.local/lib/python3.12/site-packages/airflow/example_dags/example_kubernetes_executor.py took 0.077 seconds
[2024-11-27T17:56:12.746+0000] {processor.py:186} INFO - Started process (PID=298) to work on /home/airflow/.local/lib/python3.12/site-packages/airflow/example_dags/example_kubernetes_executor.py
[2024-11-27T17:56:12.746+0000] {processor.py:914} INFO - Processing file /home/airflow/.local/lib/python3.12/site-packages/airflow/example_dags/example_kubernetes_executor.py for tasks to queue
[2024-11-27T17:56:12.748+0000] {logging_mixin.py:190} INFO - [2024-11-27T17:56:12.748+0000] {dagbag.py:588} INFO - Filling up the DagBag from /home/airflow/.local/lib/python3.12/site-packages/airflow/example_dags/example_kubernetes_executor.py
[2024-11-27T17:56:12.759+0000] {processor.py:925} INFO - DAG(s) 'example_kubernetes_executor' retrieved from /home/airflow/.local/lib/python3.12/site-packages/airflow/example_dags/example_kubernetes_executor.py
[2024-11-27T17:56:12.784+0000] {logging_mixin.py:190} INFO - [2024-11-27T17:56:12.783+0000] {dag.py:3239} INFO - Sync 1 DAGs
[2024-11-27T17:56:12.794+0000] {logging_mixin.py:190} INFO - [2024-11-27T17:56:12.794+0000] {dag.py:4180} INFO - Setting next_dagrun for example_kubernetes_executor to None, run_after=None
[2024-11-27T17:56:12.809+0000] {processor.py:208} INFO - Processing /home/airflow/.local/lib/python3.12/site-packages/airflow/example_dags/example_kubernetes_executor.py took 0.068 seconds
[2024-11-27T17:56:43.325+0000] {processor.py:186} INFO - Started process (PID=375) to work on /home/airflow/.local/lib/python3.12/site-packages/airflow/example_dags/example_kubernetes_executor.py
[2024-11-27T17:56:43.326+0000] {processor.py:914} INFO - Processing file /home/airflow/.local/lib/python3.12/site-packages/airflow/example_dags/example_kubernetes_executor.py for tasks to queue
[2024-11-27T17:56:43.328+0000] {logging_mixin.py:190} INFO - [2024-11-27T17:56:43.327+0000] {dagbag.py:588} INFO - Filling up the DagBag from /home/airflow/.local/lib/python3.12/site-packages/airflow/example_dags/example_kubernetes_executor.py
[2024-11-27T17:56:43.337+0000] {processor.py:925} INFO - DAG(s) 'example_kubernetes_executor' retrieved from /home/airflow/.local/lib/python3.12/site-packages/airflow/example_dags/example_kubernetes_executor.py
[2024-11-27T17:56:43.363+0000] {logging_mixin.py:190} INFO - [2024-11-27T17:56:43.363+0000] {dag.py:3239} INFO - Sync 1 DAGs
[2024-11-27T17:56:43.373+0000] {logging_mixin.py:190} INFO - [2024-11-27T17:56:43.372+0000] {dag.py:4180} INFO - Setting next_dagrun for example_kubernetes_executor to None, run_after=None
[2024-11-27T17:56:43.387+0000] {processor.py:208} INFO - Processing /home/airflow/.local/lib/python3.12/site-packages/airflow/example_dags/example_kubernetes_executor.py took 0.066 seconds
[2024-11-27T17:57:14.242+0000] {processor.py:186} INFO - Started process (PID=446) to work on /home/airflow/.local/lib/python3.12/site-packages/airflow/example_dags/example_kubernetes_executor.py
[2024-11-27T17:57:14.243+0000] {processor.py:914} INFO - Processing file /home/airflow/.local/lib/python3.12/site-packages/airflow/example_dags/example_kubernetes_executor.py for tasks to queue
[2024-11-27T17:57:14.244+0000] {logging_mixin.py:190} INFO - [2024-11-27T17:57:14.244+0000] {dagbag.py:588} INFO - Filling up the DagBag from /home/airflow/.local/lib/python3.12/site-packages/airflow/example_dags/example_kubernetes_executor.py
[2024-11-27T17:57:14.254+0000] {processor.py:925} INFO - DAG(s) 'example_kubernetes_executor' retrieved from /home/airflow/.local/lib/python3.12/site-packages/airflow/example_dags/example_kubernetes_executor.py
[2024-11-27T17:57:14.281+0000] {logging_mixin.py:190} INFO - [2024-11-27T17:57:14.280+0000] {dag.py:3239} INFO - Sync 1 DAGs
[2024-11-27T17:57:14.291+0000] {logging_mixin.py:190} INFO - [2024-11-27T17:57:14.291+0000] {dag.py:4180} INFO - Setting next_dagrun for example_kubernetes_executor to None, run_after=None
[2024-11-27T17:57:14.305+0000] {processor.py:208} INFO - Processing /home/airflow/.local/lib/python3.12/site-packages/airflow/example_dags/example_kubernetes_executor.py took 0.068 seconds
