[2024-11-27T17:51:40.623+0000] {processor.py:186} INFO - Started process (PID=70) to work on /home/airflow/.local/lib/python3.12/site-packages/airflow/example_dags/example_subdag_operator.py
[2024-11-27T17:51:40.624+0000] {processor.py:914} INFO - Processing file /home/airflow/.local/lib/python3.12/site-packages/airflow/example_dags/example_subdag_operator.py for tasks to queue
[2024-11-27T17:51:40.627+0000] {logging_mixin.py:190} INFO - [2024-11-27T17:51:40.626+0000] {dagbag.py:588} INFO - Filling up the DagBag from /home/airflow/.local/lib/python3.12/site-packages/airflow/example_dags/example_subdag_operator.py
[2024-11-27T17:51:40.660+0000] {processor.py:925} INFO - DAG(s) 'example_subdag_operator.section-1', 'example_subdag_operator.section-2', 'example_subdag_operator' retrieved from /home/airflow/.local/lib/python3.12/site-packages/airflow/example_dags/example_subdag_operator.py
[2024-11-27T17:51:40.775+0000] {logging_mixin.py:190} INFO - [2024-11-27T17:51:40.774+0000] {override.py:1911} INFO - Created Permission View: can read on DAG:example_subdag_operator
[2024-11-27T17:51:40.786+0000] {logging_mixin.py:190} INFO - [2024-11-27T17:51:40.785+0000] {override.py:1911} INFO - Created Permission View: can delete on DAG:example_subdag_operator
[2024-11-27T17:51:40.793+0000] {logging_mixin.py:190} INFO - [2024-11-27T17:51:40.793+0000] {override.py:1911} INFO - Created Permission View: can edit on DAG:example_subdag_operator
[2024-11-27T17:51:40.805+0000] {logging_mixin.py:190} INFO - [2024-11-27T17:51:40.804+0000] {override.py:1911} INFO - Created Permission View: can read on DAG Run:example_subdag_operator
[2024-11-27T17:51:40.819+0000] {logging_mixin.py:190} INFO - [2024-11-27T17:51:40.818+0000] {override.py:1911} INFO - Created Permission View: can delete on DAG Run:example_subdag_operator
[2024-11-27T17:51:40.837+0000] {logging_mixin.py:190} INFO - [2024-11-27T17:51:40.836+0000] {override.py:1911} INFO - Created Permission View: menu access on DAG Run:example_subdag_operator
[2024-11-27T17:51:40.858+0000] {logging_mixin.py:190} INFO - [2024-11-27T17:51:40.857+0000] {override.py:1911} INFO - Created Permission View: can create on DAG Run:example_subdag_operator
[2024-11-27T17:51:40.860+0000] {logging_mixin.py:190} INFO - [2024-11-27T17:51:40.859+0000] {dag.py:3239} INFO - Sync 3 DAGs
[2024-11-27T17:51:40.886+0000] {logging_mixin.py:190} INFO - [2024-11-27T17:51:40.886+0000] {dag.py:3262} INFO - Creating ORM DAG for example_subdag_operator
[2024-11-27T17:51:40.889+0000] {logging_mixin.py:190} INFO - [2024-11-27T17:51:40.888+0000] {dag.py:3262} INFO - Creating ORM DAG for example_subdag_operator.section-2
[2024-11-27T17:51:40.891+0000] {logging_mixin.py:190} INFO - [2024-11-27T17:51:40.890+0000] {dag.py:3262} INFO - Creating ORM DAG for example_subdag_operator.section-1
[2024-11-27T17:51:40.914+0000] {logging_mixin.py:190} INFO - [2024-11-27T17:51:40.913+0000] {dag.py:4180} INFO - Setting next_dagrun for example_subdag_operator to 2022-01-01 00:00:00+00:00, run_after=2022-01-01 00:00:00+00:00
[2024-11-27T17:51:40.916+0000] {logging_mixin.py:190} INFO - [2024-11-27T17:51:40.916+0000] {dag.py:4180} INFO - Setting next_dagrun for example_subdag_operator.section-1 to None, run_after=None
[2024-11-27T17:51:40.918+0000] {logging_mixin.py:190} INFO - [2024-11-27T17:51:40.917+0000] {dag.py:4180} INFO - Setting next_dagrun for example_subdag_operator.section-2 to None, run_after=None
[2024-11-27T17:51:40.937+0000] {logging_mixin.py:190} INFO - [2024-11-27T17:51:40.936+0000] {dag.py:3239} INFO - Sync 2 DAGs
[2024-11-27T17:51:40.948+0000] {logging_mixin.py:190} INFO - [2024-11-27T17:51:40.948+0000] {dag.py:4180} INFO - Setting next_dagrun for example_subdag_operator.section-1 to None, run_after=None
[2024-11-27T17:51:40.955+0000] {logging_mixin.py:190} INFO - [2024-11-27T17:51:40.954+0000] {dag.py:4180} INFO - Setting next_dagrun for example_subdag_operator.section-2 to None, run_after=None
[2024-11-27T17:51:40.971+0000] {processor.py:208} INFO - Processing /home/airflow/.local/lib/python3.12/site-packages/airflow/example_dags/example_subdag_operator.py took 0.353 seconds
[2024-11-27T17:52:11.042+0000] {processor.py:186} INFO - Started process (PID=141) to work on /home/airflow/.local/lib/python3.12/site-packages/airflow/example_dags/example_subdag_operator.py
[2024-11-27T17:52:11.043+0000] {processor.py:914} INFO - Processing file /home/airflow/.local/lib/python3.12/site-packages/airflow/example_dags/example_subdag_operator.py for tasks to queue
[2024-11-27T17:52:11.047+0000] {logging_mixin.py:190} INFO - [2024-11-27T17:52:11.046+0000] {dagbag.py:588} INFO - Filling up the DagBag from /home/airflow/.local/lib/python3.12/site-packages/airflow/example_dags/example_subdag_operator.py
[2024-11-27T17:52:11.071+0000] {processor.py:925} INFO - DAG(s) 'example_subdag_operator.section-1', 'example_subdag_operator.section-2', 'example_subdag_operator' retrieved from /home/airflow/.local/lib/python3.12/site-packages/airflow/example_dags/example_subdag_operator.py
[2024-11-27T17:52:11.083+0000] {logging_mixin.py:190} INFO - [2024-11-27T17:52:11.083+0000] {dag.py:3239} INFO - Sync 3 DAGs
[2024-11-27T17:52:11.109+0000] {logging_mixin.py:190} INFO - [2024-11-27T17:52:11.109+0000] {dag.py:4180} INFO - Setting next_dagrun for example_subdag_operator to 2022-01-01 00:00:00+00:00, run_after=2022-01-01 00:00:00+00:00
[2024-11-27T17:52:11.113+0000] {logging_mixin.py:190} INFO - [2024-11-27T17:52:11.113+0000] {dag.py:4180} INFO - Setting next_dagrun for example_subdag_operator.section-1 to None, run_after=None
[2024-11-27T17:52:11.115+0000] {logging_mixin.py:190} INFO - [2024-11-27T17:52:11.115+0000] {dag.py:4180} INFO - Setting next_dagrun for example_subdag_operator.section-2 to None, run_after=None
[2024-11-27T17:52:11.123+0000] {logging_mixin.py:190} INFO - [2024-11-27T17:52:11.123+0000] {dag.py:3239} INFO - Sync 2 DAGs
[2024-11-27T17:52:11.132+0000] {logging_mixin.py:190} INFO - [2024-11-27T17:52:11.131+0000] {dag.py:4180} INFO - Setting next_dagrun for example_subdag_operator.section-1 to None, run_after=None
[2024-11-27T17:52:11.132+0000] {logging_mixin.py:190} INFO - [2024-11-27T17:52:11.132+0000] {dag.py:4180} INFO - Setting next_dagrun for example_subdag_operator.section-2 to None, run_after=None
[2024-11-27T17:52:11.144+0000] {processor.py:208} INFO - Processing /home/airflow/.local/lib/python3.12/site-packages/airflow/example_dags/example_subdag_operator.py took 0.108 seconds
[2024-11-27T17:52:41.689+0000] {processor.py:186} INFO - Started process (PID=218) to work on /home/airflow/.local/lib/python3.12/site-packages/airflow/example_dags/example_subdag_operator.py
[2024-11-27T17:52:41.690+0000] {processor.py:914} INFO - Processing file /home/airflow/.local/lib/python3.12/site-packages/airflow/example_dags/example_subdag_operator.py for tasks to queue
[2024-11-27T17:52:41.692+0000] {logging_mixin.py:190} INFO - [2024-11-27T17:52:41.692+0000] {dagbag.py:588} INFO - Filling up the DagBag from /home/airflow/.local/lib/python3.12/site-packages/airflow/example_dags/example_subdag_operator.py
[2024-11-27T17:52:41.720+0000] {processor.py:925} INFO - DAG(s) 'example_subdag_operator.section-1', 'example_subdag_operator.section-2', 'example_subdag_operator' retrieved from /home/airflow/.local/lib/python3.12/site-packages/airflow/example_dags/example_subdag_operator.py
[2024-11-27T17:52:41.738+0000] {logging_mixin.py:190} INFO - [2024-11-27T17:52:41.738+0000] {dag.py:3239} INFO - Sync 3 DAGs
[2024-11-27T17:52:41.761+0000] {logging_mixin.py:190} INFO - [2024-11-27T17:52:41.760+0000] {dag.py:4180} INFO - Setting next_dagrun for example_subdag_operator to 2022-01-01 00:00:00+00:00, run_after=2022-01-01 00:00:00+00:00
[2024-11-27T17:52:41.765+0000] {logging_mixin.py:190} INFO - [2024-11-27T17:52:41.765+0000] {dag.py:4180} INFO - Setting next_dagrun for example_subdag_operator.section-1 to None, run_after=None
[2024-11-27T17:52:41.767+0000] {logging_mixin.py:190} INFO - [2024-11-27T17:52:41.767+0000] {dag.py:4180} INFO - Setting next_dagrun for example_subdag_operator.section-2 to None, run_after=None
[2024-11-27T17:52:41.774+0000] {logging_mixin.py:190} INFO - [2024-11-27T17:52:41.774+0000] {dag.py:3239} INFO - Sync 2 DAGs
[2024-11-27T17:52:41.781+0000] {logging_mixin.py:190} INFO - [2024-11-27T17:52:41.781+0000] {dag.py:4180} INFO - Setting next_dagrun for example_subdag_operator.section-1 to None, run_after=None
[2024-11-27T17:52:41.782+0000] {logging_mixin.py:190} INFO - [2024-11-27T17:52:41.782+0000] {dag.py:4180} INFO - Setting next_dagrun for example_subdag_operator.section-2 to None, run_after=None
[2024-11-27T17:52:41.797+0000] {processor.py:208} INFO - Processing /home/airflow/.local/lib/python3.12/site-packages/airflow/example_dags/example_subdag_operator.py took 0.115 seconds
[2024-11-27T17:54:39.355+0000] {processor.py:186} INFO - Started process (PID=64) to work on /home/airflow/.local/lib/python3.12/site-packages/airflow/example_dags/example_subdag_operator.py
[2024-11-27T17:54:39.356+0000] {processor.py:914} INFO - Processing file /home/airflow/.local/lib/python3.12/site-packages/airflow/example_dags/example_subdag_operator.py for tasks to queue
[2024-11-27T17:54:39.358+0000] {logging_mixin.py:190} INFO - [2024-11-27T17:54:39.358+0000] {dagbag.py:588} INFO - Filling up the DagBag from /home/airflow/.local/lib/python3.12/site-packages/airflow/example_dags/example_subdag_operator.py
[2024-11-27T17:54:39.382+0000] {processor.py:925} INFO - DAG(s) 'example_subdag_operator.section-1', 'example_subdag_operator.section-2', 'example_subdag_operator' retrieved from /home/airflow/.local/lib/python3.12/site-packages/airflow/example_dags/example_subdag_operator.py
[2024-11-27T17:54:39.398+0000] {logging_mixin.py:190} INFO - [2024-11-27T17:54:39.398+0000] {dag.py:3239} INFO - Sync 3 DAGs
[2024-11-27T17:54:39.416+0000] {logging_mixin.py:190} INFO - [2024-11-27T17:54:39.415+0000] {dag.py:4180} INFO - Setting next_dagrun for example_subdag_operator to 2022-01-01 00:00:00+00:00, run_after=2022-01-01 00:00:00+00:00
[2024-11-27T17:54:39.419+0000] {logging_mixin.py:190} INFO - [2024-11-27T17:54:39.419+0000] {dag.py:4180} INFO - Setting next_dagrun for example_subdag_operator.section-1 to None, run_after=None
[2024-11-27T17:54:39.420+0000] {logging_mixin.py:190} INFO - [2024-11-27T17:54:39.420+0000] {dag.py:4180} INFO - Setting next_dagrun for example_subdag_operator.section-2 to None, run_after=None
[2024-11-27T17:54:39.425+0000] {logging_mixin.py:190} INFO - [2024-11-27T17:54:39.424+0000] {dag.py:3239} INFO - Sync 2 DAGs
[2024-11-27T17:54:39.428+0000] {logging_mixin.py:190} INFO - [2024-11-27T17:54:39.428+0000] {dag.py:4180} INFO - Setting next_dagrun for example_subdag_operator.section-1 to None, run_after=None
[2024-11-27T17:54:39.429+0000] {logging_mixin.py:190} INFO - [2024-11-27T17:54:39.429+0000] {dag.py:4180} INFO - Setting next_dagrun for example_subdag_operator.section-2 to None, run_after=None
[2024-11-27T17:54:39.438+0000] {processor.py:208} INFO - Processing /home/airflow/.local/lib/python3.12/site-packages/airflow/example_dags/example_subdag_operator.py took 0.088 seconds
[2024-11-27T17:55:09.727+0000] {processor.py:186} INFO - Started process (PID=135) to work on /home/airflow/.local/lib/python3.12/site-packages/airflow/example_dags/example_subdag_operator.py
[2024-11-27T17:55:09.728+0000] {processor.py:914} INFO - Processing file /home/airflow/.local/lib/python3.12/site-packages/airflow/example_dags/example_subdag_operator.py for tasks to queue
[2024-11-27T17:55:09.729+0000] {logging_mixin.py:190} INFO - [2024-11-27T17:55:09.729+0000] {dagbag.py:588} INFO - Filling up the DagBag from /home/airflow/.local/lib/python3.12/site-packages/airflow/example_dags/example_subdag_operator.py
[2024-11-27T17:55:09.746+0000] {processor.py:925} INFO - DAG(s) 'example_subdag_operator.section-1', 'example_subdag_operator.section-2', 'example_subdag_operator' retrieved from /home/airflow/.local/lib/python3.12/site-packages/airflow/example_dags/example_subdag_operator.py
[2024-11-27T17:55:09.756+0000] {logging_mixin.py:190} INFO - [2024-11-27T17:55:09.756+0000] {dag.py:3239} INFO - Sync 3 DAGs
[2024-11-27T17:55:09.784+0000] {logging_mixin.py:190} INFO - [2024-11-27T17:55:09.784+0000] {dag.py:4180} INFO - Setting next_dagrun for example_subdag_operator to 2022-01-01 00:00:00+00:00, run_after=2022-01-01 00:00:00+00:00
[2024-11-27T17:55:09.791+0000] {logging_mixin.py:190} INFO - [2024-11-27T17:55:09.791+0000] {dag.py:4180} INFO - Setting next_dagrun for example_subdag_operator.section-1 to None, run_after=None
[2024-11-27T17:55:09.793+0000] {logging_mixin.py:190} INFO - [2024-11-27T17:55:09.793+0000] {dag.py:4180} INFO - Setting next_dagrun for example_subdag_operator.section-2 to None, run_after=None
[2024-11-27T17:55:09.805+0000] {logging_mixin.py:190} INFO - [2024-11-27T17:55:09.805+0000] {dag.py:3239} INFO - Sync 2 DAGs
[2024-11-27T17:55:09.814+0000] {logging_mixin.py:190} INFO - [2024-11-27T17:55:09.813+0000] {dag.py:4180} INFO - Setting next_dagrun for example_subdag_operator.section-1 to None, run_after=None
[2024-11-27T17:55:09.815+0000] {logging_mixin.py:190} INFO - [2024-11-27T17:55:09.815+0000] {dag.py:4180} INFO - Setting next_dagrun for example_subdag_operator.section-2 to None, run_after=None
[2024-11-27T17:55:09.834+0000] {processor.py:208} INFO - Processing /home/airflow/.local/lib/python3.12/site-packages/airflow/example_dags/example_subdag_operator.py took 0.112 seconds
[2024-11-27T17:55:40.298+0000] {processor.py:186} INFO - Started process (PID=206) to work on /home/airflow/.local/lib/python3.12/site-packages/airflow/example_dags/example_subdag_operator.py
[2024-11-27T17:55:40.299+0000] {processor.py:914} INFO - Processing file /home/airflow/.local/lib/python3.12/site-packages/airflow/example_dags/example_subdag_operator.py for tasks to queue
[2024-11-27T17:55:40.301+0000] {logging_mixin.py:190} INFO - [2024-11-27T17:55:40.300+0000] {dagbag.py:588} INFO - Filling up the DagBag from /home/airflow/.local/lib/python3.12/site-packages/airflow/example_dags/example_subdag_operator.py
[2024-11-27T17:55:40.320+0000] {processor.py:925} INFO - DAG(s) 'example_subdag_operator.section-1', 'example_subdag_operator.section-2', 'example_subdag_operator' retrieved from /home/airflow/.local/lib/python3.12/site-packages/airflow/example_dags/example_subdag_operator.py
[2024-11-27T17:55:40.330+0000] {logging_mixin.py:190} INFO - [2024-11-27T17:55:40.330+0000] {dag.py:3239} INFO - Sync 3 DAGs
[2024-11-27T17:55:40.347+0000] {logging_mixin.py:190} INFO - [2024-11-27T17:55:40.347+0000] {dag.py:4180} INFO - Setting next_dagrun for example_subdag_operator to 2022-01-01 00:00:00+00:00, run_after=2022-01-01 00:00:00+00:00
[2024-11-27T17:55:40.350+0000] {logging_mixin.py:190} INFO - [2024-11-27T17:55:40.350+0000] {dag.py:4180} INFO - Setting next_dagrun for example_subdag_operator.section-1 to None, run_after=None
[2024-11-27T17:55:40.351+0000] {logging_mixin.py:190} INFO - [2024-11-27T17:55:40.351+0000] {dag.py:4180} INFO - Setting next_dagrun for example_subdag_operator.section-2 to None, run_after=None
[2024-11-27T17:55:40.356+0000] {logging_mixin.py:190} INFO - [2024-11-27T17:55:40.356+0000] {dag.py:3239} INFO - Sync 2 DAGs
[2024-11-27T17:55:40.360+0000] {logging_mixin.py:190} INFO - [2024-11-27T17:55:40.360+0000] {dag.py:4180} INFO - Setting next_dagrun for example_subdag_operator.section-1 to None, run_after=None
[2024-11-27T17:55:40.361+0000] {logging_mixin.py:190} INFO - [2024-11-27T17:55:40.361+0000] {dag.py:4180} INFO - Setting next_dagrun for example_subdag_operator.section-2 to None, run_after=None
[2024-11-27T17:55:40.371+0000] {processor.py:208} INFO - Processing /home/airflow/.local/lib/python3.12/site-packages/airflow/example_dags/example_subdag_operator.py took 0.078 seconds
[2024-11-27T17:56:10.725+0000] {processor.py:186} INFO - Started process (PID=277) to work on /home/airflow/.local/lib/python3.12/site-packages/airflow/example_dags/example_subdag_operator.py
[2024-11-27T17:56:10.726+0000] {processor.py:914} INFO - Processing file /home/airflow/.local/lib/python3.12/site-packages/airflow/example_dags/example_subdag_operator.py for tasks to queue
[2024-11-27T17:56:10.728+0000] {logging_mixin.py:190} INFO - [2024-11-27T17:56:10.728+0000] {dagbag.py:588} INFO - Filling up the DagBag from /home/airflow/.local/lib/python3.12/site-packages/airflow/example_dags/example_subdag_operator.py
[2024-11-27T17:56:10.747+0000] {processor.py:925} INFO - DAG(s) 'example_subdag_operator.section-1', 'example_subdag_operator.section-2', 'example_subdag_operator' retrieved from /home/airflow/.local/lib/python3.12/site-packages/airflow/example_dags/example_subdag_operator.py
[2024-11-27T17:56:10.759+0000] {logging_mixin.py:190} INFO - [2024-11-27T17:56:10.759+0000] {dag.py:3239} INFO - Sync 3 DAGs
[2024-11-27T17:56:10.776+0000] {logging_mixin.py:190} INFO - [2024-11-27T17:56:10.776+0000] {dag.py:4180} INFO - Setting next_dagrun for example_subdag_operator to 2022-01-01 00:00:00+00:00, run_after=2022-01-01 00:00:00+00:00
[2024-11-27T17:56:10.779+0000] {logging_mixin.py:190} INFO - [2024-11-27T17:56:10.778+0000] {dag.py:4180} INFO - Setting next_dagrun for example_subdag_operator.section-1 to None, run_after=None
[2024-11-27T17:56:10.780+0000] {logging_mixin.py:190} INFO - [2024-11-27T17:56:10.779+0000] {dag.py:4180} INFO - Setting next_dagrun for example_subdag_operator.section-2 to None, run_after=None
[2024-11-27T17:56:10.784+0000] {logging_mixin.py:190} INFO - [2024-11-27T17:56:10.784+0000] {dag.py:3239} INFO - Sync 2 DAGs
[2024-11-27T17:56:10.789+0000] {logging_mixin.py:190} INFO - [2024-11-27T17:56:10.789+0000] {dag.py:4180} INFO - Setting next_dagrun for example_subdag_operator.section-1 to None, run_after=None
[2024-11-27T17:56:10.789+0000] {logging_mixin.py:190} INFO - [2024-11-27T17:56:10.789+0000] {dag.py:4180} INFO - Setting next_dagrun for example_subdag_operator.section-2 to None, run_after=None
[2024-11-27T17:56:10.798+0000] {processor.py:208} INFO - Processing /home/airflow/.local/lib/python3.12/site-packages/airflow/example_dags/example_subdag_operator.py took 0.077 seconds
[2024-11-27T17:56:40.960+0000] {processor.py:186} INFO - Started process (PID=348) to work on /home/airflow/.local/lib/python3.12/site-packages/airflow/example_dags/example_subdag_operator.py
[2024-11-27T17:56:40.960+0000] {processor.py:914} INFO - Processing file /home/airflow/.local/lib/python3.12/site-packages/airflow/example_dags/example_subdag_operator.py for tasks to queue
[2024-11-27T17:56:40.962+0000] {logging_mixin.py:190} INFO - [2024-11-27T17:56:40.962+0000] {dagbag.py:588} INFO - Filling up the DagBag from /home/airflow/.local/lib/python3.12/site-packages/airflow/example_dags/example_subdag_operator.py
[2024-11-27T17:56:40.981+0000] {processor.py:925} INFO - DAG(s) 'example_subdag_operator.section-1', 'example_subdag_operator.section-2', 'example_subdag_operator' retrieved from /home/airflow/.local/lib/python3.12/site-packages/airflow/example_dags/example_subdag_operator.py
[2024-11-27T17:56:40.992+0000] {logging_mixin.py:190} INFO - [2024-11-27T17:56:40.992+0000] {dag.py:3239} INFO - Sync 3 DAGs
[2024-11-27T17:56:41.008+0000] {logging_mixin.py:190} INFO - [2024-11-27T17:56:41.007+0000] {dag.py:4180} INFO - Setting next_dagrun for example_subdag_operator to 2022-01-01 00:00:00+00:00, run_after=2022-01-01 00:00:00+00:00
[2024-11-27T17:56:41.010+0000] {logging_mixin.py:190} INFO - [2024-11-27T17:56:41.010+0000] {dag.py:4180} INFO - Setting next_dagrun for example_subdag_operator.section-1 to None, run_after=None
[2024-11-27T17:56:41.011+0000] {logging_mixin.py:190} INFO - [2024-11-27T17:56:41.011+0000] {dag.py:4180} INFO - Setting next_dagrun for example_subdag_operator.section-2 to None, run_after=None
[2024-11-27T17:56:41.017+0000] {logging_mixin.py:190} INFO - [2024-11-27T17:56:41.017+0000] {dag.py:3239} INFO - Sync 2 DAGs
[2024-11-27T17:56:41.022+0000] {logging_mixin.py:190} INFO - [2024-11-27T17:56:41.022+0000] {dag.py:4180} INFO - Setting next_dagrun for example_subdag_operator.section-1 to None, run_after=None
[2024-11-27T17:56:41.022+0000] {logging_mixin.py:190} INFO - [2024-11-27T17:56:41.022+0000] {dag.py:4180} INFO - Setting next_dagrun for example_subdag_operator.section-2 to None, run_after=None
[2024-11-27T17:56:41.032+0000] {processor.py:208} INFO - Processing /home/airflow/.local/lib/python3.12/site-packages/airflow/example_dags/example_subdag_operator.py took 0.076 seconds
[2024-11-27T17:57:11.441+0000] {processor.py:186} INFO - Started process (PID=419) to work on /home/airflow/.local/lib/python3.12/site-packages/airflow/example_dags/example_subdag_operator.py
[2024-11-27T17:57:11.443+0000] {processor.py:914} INFO - Processing file /home/airflow/.local/lib/python3.12/site-packages/airflow/example_dags/example_subdag_operator.py for tasks to queue
[2024-11-27T17:57:11.446+0000] {logging_mixin.py:190} INFO - [2024-11-27T17:57:11.446+0000] {dagbag.py:588} INFO - Filling up the DagBag from /home/airflow/.local/lib/python3.12/site-packages/airflow/example_dags/example_subdag_operator.py
[2024-11-27T17:57:11.473+0000] {processor.py:925} INFO - DAG(s) 'example_subdag_operator.section-1', 'example_subdag_operator.section-2', 'example_subdag_operator' retrieved from /home/airflow/.local/lib/python3.12/site-packages/airflow/example_dags/example_subdag_operator.py
[2024-11-27T17:57:11.484+0000] {logging_mixin.py:190} INFO - [2024-11-27T17:57:11.483+0000] {dag.py:3239} INFO - Sync 3 DAGs
[2024-11-27T17:57:11.500+0000] {logging_mixin.py:190} INFO - [2024-11-27T17:57:11.500+0000] {dag.py:4180} INFO - Setting next_dagrun for example_subdag_operator to 2022-01-01 00:00:00+00:00, run_after=2022-01-01 00:00:00+00:00
[2024-11-27T17:57:11.503+0000] {logging_mixin.py:190} INFO - [2024-11-27T17:57:11.502+0000] {dag.py:4180} INFO - Setting next_dagrun for example_subdag_operator.section-1 to None, run_after=None
[2024-11-27T17:57:11.504+0000] {logging_mixin.py:190} INFO - [2024-11-27T17:57:11.503+0000] {dag.py:4180} INFO - Setting next_dagrun for example_subdag_operator.section-2 to None, run_after=None
[2024-11-27T17:57:11.509+0000] {logging_mixin.py:190} INFO - [2024-11-27T17:57:11.508+0000] {dag.py:3239} INFO - Sync 2 DAGs
[2024-11-27T17:57:11.512+0000] {logging_mixin.py:190} INFO - [2024-11-27T17:57:11.512+0000] {dag.py:4180} INFO - Setting next_dagrun for example_subdag_operator.section-1 to None, run_after=None
[2024-11-27T17:57:11.513+0000] {logging_mixin.py:190} INFO - [2024-11-27T17:57:11.513+0000] {dag.py:4180} INFO - Setting next_dagrun for example_subdag_operator.section-2 to None, run_after=None
[2024-11-27T17:57:11.523+0000] {processor.py:208} INFO - Processing /home/airflow/.local/lib/python3.12/site-packages/airflow/example_dags/example_subdag_operator.py took 0.092 seconds
