[2024-11-27T17:51:44.562+0000] {processor.py:186} INFO - Started process (PID=102) to work on /home/airflow/.local/lib/python3.12/site-packages/airflow/example_dags/example_dataset_alias.py
[2024-11-27T17:51:44.563+0000] {processor.py:914} INFO - Processing file /home/airflow/.local/lib/python3.12/site-packages/airflow/example_dags/example_dataset_alias.py for tasks to queue
[2024-11-27T17:51:44.565+0000] {logging_mixin.py:190} INFO - [2024-11-27T17:51:44.565+0000] {dagbag.py:588} INFO - Filling up the DagBag from /home/airflow/.local/lib/python3.12/site-packages/airflow/example_dags/example_dataset_alias.py
[2024-11-27T17:51:45.152+0000] {processor.py:925} INFO - DAG(s) 'dataset_alias_example_alias_consumer', 'dataset_alias_example_alias_producer', 'dataset_s3_bucket_producer', 'dataset_s3_bucket_consumer' retrieved from /home/airflow/.local/lib/python3.12/site-packages/airflow/example_dags/example_dataset_alias.py
[2024-11-27T17:51:45.249+0000] {logging_mixin.py:190} INFO - [2024-11-27T17:51:45.248+0000] {override.py:1911} INFO - Created Permission View: can read on DAG:dataset_alias_example_alias_consumer
[2024-11-27T17:51:45.260+0000] {logging_mixin.py:190} INFO - [2024-11-27T17:51:45.260+0000] {override.py:1911} INFO - Created Permission View: can delete on DAG:dataset_alias_example_alias_consumer
[2024-11-27T17:51:45.269+0000] {logging_mixin.py:190} INFO - [2024-11-27T17:51:45.269+0000] {override.py:1911} INFO - Created Permission View: can edit on DAG:dataset_alias_example_alias_consumer
[2024-11-27T17:51:45.279+0000] {logging_mixin.py:190} INFO - [2024-11-27T17:51:45.278+0000] {override.py:1911} INFO - Created Permission View: can read on DAG Run:dataset_alias_example_alias_consumer
[2024-11-27T17:51:45.287+0000] {logging_mixin.py:190} INFO - [2024-11-27T17:51:45.287+0000] {override.py:1911} INFO - Created Permission View: can delete on DAG Run:dataset_alias_example_alias_consumer
[2024-11-27T17:51:45.296+0000] {logging_mixin.py:190} INFO - [2024-11-27T17:51:45.295+0000] {override.py:1911} INFO - Created Permission View: menu access on DAG Run:dataset_alias_example_alias_consumer
[2024-11-27T17:51:45.304+0000] {logging_mixin.py:190} INFO - [2024-11-27T17:51:45.304+0000] {override.py:1911} INFO - Created Permission View: can create on DAG Run:dataset_alias_example_alias_consumer
[2024-11-27T17:51:45.322+0000] {logging_mixin.py:190} INFO - [2024-11-27T17:51:45.321+0000] {override.py:1911} INFO - Created Permission View: can read on DAG:dataset_alias_example_alias_producer
[2024-11-27T17:51:45.329+0000] {logging_mixin.py:190} INFO - [2024-11-27T17:51:45.329+0000] {override.py:1911} INFO - Created Permission View: can delete on DAG:dataset_alias_example_alias_producer
[2024-11-27T17:51:45.337+0000] {logging_mixin.py:190} INFO - [2024-11-27T17:51:45.337+0000] {override.py:1911} INFO - Created Permission View: can edit on DAG:dataset_alias_example_alias_producer
[2024-11-27T17:51:45.347+0000] {logging_mixin.py:190} INFO - [2024-11-27T17:51:45.347+0000] {override.py:1911} INFO - Created Permission View: can read on DAG Run:dataset_alias_example_alias_producer
[2024-11-27T17:51:45.355+0000] {logging_mixin.py:190} INFO - [2024-11-27T17:51:45.355+0000] {override.py:1911} INFO - Created Permission View: can delete on DAG Run:dataset_alias_example_alias_producer
[2024-11-27T17:51:45.363+0000] {logging_mixin.py:190} INFO - [2024-11-27T17:51:45.363+0000] {override.py:1911} INFO - Created Permission View: menu access on DAG Run:dataset_alias_example_alias_producer
[2024-11-27T17:51:45.371+0000] {logging_mixin.py:190} INFO - [2024-11-27T17:51:45.371+0000] {override.py:1911} INFO - Created Permission View: can create on DAG Run:dataset_alias_example_alias_producer
[2024-11-27T17:51:45.389+0000] {logging_mixin.py:190} INFO - [2024-11-27T17:51:45.389+0000] {override.py:1911} INFO - Created Permission View: can read on DAG:dataset_s3_bucket_producer
[2024-11-27T17:51:45.397+0000] {logging_mixin.py:190} INFO - [2024-11-27T17:51:45.397+0000] {override.py:1911} INFO - Created Permission View: can delete on DAG:dataset_s3_bucket_producer
[2024-11-27T17:51:45.407+0000] {logging_mixin.py:190} INFO - [2024-11-27T17:51:45.406+0000] {override.py:1911} INFO - Created Permission View: can edit on DAG:dataset_s3_bucket_producer
[2024-11-27T17:51:45.420+0000] {logging_mixin.py:190} INFO - [2024-11-27T17:51:45.419+0000] {override.py:1911} INFO - Created Permission View: can read on DAG Run:dataset_s3_bucket_producer
[2024-11-27T17:51:45.426+0000] {logging_mixin.py:190} INFO - [2024-11-27T17:51:45.425+0000] {override.py:1911} INFO - Created Permission View: can delete on DAG Run:dataset_s3_bucket_producer
[2024-11-27T17:51:45.431+0000] {logging_mixin.py:190} INFO - [2024-11-27T17:51:45.431+0000] {override.py:1911} INFO - Created Permission View: menu access on DAG Run:dataset_s3_bucket_producer
[2024-11-27T17:51:45.438+0000] {logging_mixin.py:190} INFO - [2024-11-27T17:51:45.438+0000] {override.py:1911} INFO - Created Permission View: can create on DAG Run:dataset_s3_bucket_producer
[2024-11-27T17:51:45.450+0000] {logging_mixin.py:190} INFO - [2024-11-27T17:51:45.450+0000] {override.py:1911} INFO - Created Permission View: can read on DAG:dataset_s3_bucket_consumer
[2024-11-27T17:51:45.456+0000] {logging_mixin.py:190} INFO - [2024-11-27T17:51:45.456+0000] {override.py:1911} INFO - Created Permission View: can delete on DAG:dataset_s3_bucket_consumer
[2024-11-27T17:51:45.463+0000] {logging_mixin.py:190} INFO - [2024-11-27T17:51:45.462+0000] {override.py:1911} INFO - Created Permission View: can edit on DAG:dataset_s3_bucket_consumer
[2024-11-27T17:51:45.471+0000] {logging_mixin.py:190} INFO - [2024-11-27T17:51:45.471+0000] {override.py:1911} INFO - Created Permission View: can read on DAG Run:dataset_s3_bucket_consumer
[2024-11-27T17:51:45.479+0000] {logging_mixin.py:190} INFO - [2024-11-27T17:51:45.478+0000] {override.py:1911} INFO - Created Permission View: can delete on DAG Run:dataset_s3_bucket_consumer
[2024-11-27T17:51:45.486+0000] {logging_mixin.py:190} INFO - [2024-11-27T17:51:45.486+0000] {override.py:1911} INFO - Created Permission View: menu access on DAG Run:dataset_s3_bucket_consumer
[2024-11-27T17:51:45.495+0000] {logging_mixin.py:190} INFO - [2024-11-27T17:51:45.494+0000] {override.py:1911} INFO - Created Permission View: can create on DAG Run:dataset_s3_bucket_consumer
[2024-11-27T17:51:45.497+0000] {logging_mixin.py:190} INFO - [2024-11-27T17:51:45.495+0000] {dag.py:3239} INFO - Sync 4 DAGs
[2024-11-27T17:51:45.524+0000] {logging_mixin.py:190} INFO - [2024-11-27T17:51:45.523+0000] {dag.py:3262} INFO - Creating ORM DAG for dataset_alias_example_alias_consumer
[2024-11-27T17:51:45.526+0000] {logging_mixin.py:190} INFO - [2024-11-27T17:51:45.525+0000] {dag.py:3262} INFO - Creating ORM DAG for dataset_s3_bucket_producer
[2024-11-27T17:51:45.527+0000] {logging_mixin.py:190} INFO - [2024-11-27T17:51:45.527+0000] {dag.py:3262} INFO - Creating ORM DAG for dataset_alias_example_alias_producer
[2024-11-27T17:51:45.528+0000] {logging_mixin.py:190} INFO - [2024-11-27T17:51:45.528+0000] {dag.py:3262} INFO - Creating ORM DAG for dataset_s3_bucket_consumer
[2024-11-27T17:51:45.546+0000] {logging_mixin.py:190} INFO - [2024-11-27T17:51:45.545+0000] {dag.py:4180} INFO - Setting next_dagrun for dataset_alias_example_alias_consumer to None, run_after=None
[2024-11-27T17:51:45.549+0000] {logging_mixin.py:190} INFO - [2024-11-27T17:51:45.548+0000] {dag.py:4180} INFO - Setting next_dagrun for dataset_alias_example_alias_producer to None, run_after=None
[2024-11-27T17:51:45.551+0000] {logging_mixin.py:190} INFO - [2024-11-27T17:51:45.551+0000] {dag.py:4180} INFO - Setting next_dagrun for dataset_s3_bucket_consumer to None, run_after=None
[2024-11-27T17:51:45.553+0000] {logging_mixin.py:190} INFO - [2024-11-27T17:51:45.553+0000] {dag.py:4180} INFO - Setting next_dagrun for dataset_s3_bucket_producer to None, run_after=None
[2024-11-27T17:51:45.609+0000] {processor.py:208} INFO - Processing /home/airflow/.local/lib/python3.12/site-packages/airflow/example_dags/example_dataset_alias.py took 1.052 seconds
[2024-11-27T17:52:15.845+0000] {processor.py:186} INFO - Started process (PID=172) to work on /home/airflow/.local/lib/python3.12/site-packages/airflow/example_dags/example_dataset_alias.py
[2024-11-27T17:52:15.845+0000] {processor.py:914} INFO - Processing file /home/airflow/.local/lib/python3.12/site-packages/airflow/example_dags/example_dataset_alias.py for tasks to queue
[2024-11-27T17:52:15.847+0000] {logging_mixin.py:190} INFO - [2024-11-27T17:52:15.847+0000] {dagbag.py:588} INFO - Filling up the DagBag from /home/airflow/.local/lib/python3.12/site-packages/airflow/example_dags/example_dataset_alias.py
[2024-11-27T17:52:16.449+0000] {processor.py:925} INFO - DAG(s) 'dataset_alias_example_alias_consumer', 'dataset_alias_example_alias_producer', 'dataset_s3_bucket_producer', 'dataset_s3_bucket_consumer' retrieved from /home/airflow/.local/lib/python3.12/site-packages/airflow/example_dags/example_dataset_alias.py
[2024-11-27T17:52:16.472+0000] {logging_mixin.py:190} INFO - [2024-11-27T17:52:16.471+0000] {dag.py:3239} INFO - Sync 4 DAGs
[2024-11-27T17:52:16.494+0000] {logging_mixin.py:190} INFO - [2024-11-27T17:52:16.494+0000] {dag.py:4180} INFO - Setting next_dagrun for dataset_alias_example_alias_consumer to None, run_after=None
[2024-11-27T17:52:16.497+0000] {logging_mixin.py:190} INFO - [2024-11-27T17:52:16.497+0000] {dag.py:4180} INFO - Setting next_dagrun for dataset_alias_example_alias_producer to None, run_after=None
[2024-11-27T17:52:16.502+0000] {logging_mixin.py:190} INFO - [2024-11-27T17:52:16.502+0000] {dag.py:4180} INFO - Setting next_dagrun for dataset_s3_bucket_consumer to None, run_after=None
[2024-11-27T17:52:16.504+0000] {logging_mixin.py:190} INFO - [2024-11-27T17:52:16.504+0000] {dag.py:4180} INFO - Setting next_dagrun for dataset_s3_bucket_producer to None, run_after=None
[2024-11-27T17:52:16.523+0000] {processor.py:208} INFO - Processing /home/airflow/.local/lib/python3.12/site-packages/airflow/example_dags/example_dataset_alias.py took 0.684 seconds
[2024-11-27T17:52:47.406+0000] {processor.py:186} INFO - Started process (PID=244) to work on /home/airflow/.local/lib/python3.12/site-packages/airflow/example_dags/example_dataset_alias.py
[2024-11-27T17:52:47.407+0000] {processor.py:914} INFO - Processing file /home/airflow/.local/lib/python3.12/site-packages/airflow/example_dags/example_dataset_alias.py for tasks to queue
[2024-11-27T17:52:47.409+0000] {logging_mixin.py:190} INFO - [2024-11-27T17:52:47.408+0000] {dagbag.py:588} INFO - Filling up the DagBag from /home/airflow/.local/lib/python3.12/site-packages/airflow/example_dags/example_dataset_alias.py
[2024-11-27T17:52:47.960+0000] {processor.py:925} INFO - DAG(s) 'dataset_s3_bucket_producer', 'dataset_s3_bucket_consumer', 'dataset_alias_example_alias_producer', 'dataset_alias_example_alias_consumer' retrieved from /home/airflow/.local/lib/python3.12/site-packages/airflow/example_dags/example_dataset_alias.py
[2024-11-27T17:52:47.973+0000] {logging_mixin.py:190} INFO - [2024-11-27T17:52:47.973+0000] {dag.py:3239} INFO - Sync 4 DAGs
[2024-11-27T17:52:47.993+0000] {logging_mixin.py:190} INFO - [2024-11-27T17:52:47.992+0000] {dag.py:4180} INFO - Setting next_dagrun for dataset_alias_example_alias_consumer to None, run_after=None
[2024-11-27T17:52:47.995+0000] {logging_mixin.py:190} INFO - [2024-11-27T17:52:47.995+0000] {dag.py:4180} INFO - Setting next_dagrun for dataset_alias_example_alias_producer to None, run_after=None
[2024-11-27T17:52:47.996+0000] {logging_mixin.py:190} INFO - [2024-11-27T17:52:47.996+0000] {dag.py:4180} INFO - Setting next_dagrun for dataset_s3_bucket_consumer to None, run_after=None
[2024-11-27T17:52:47.997+0000] {logging_mixin.py:190} INFO - [2024-11-27T17:52:47.997+0000] {dag.py:4180} INFO - Setting next_dagrun for dataset_s3_bucket_producer to None, run_after=None
[2024-11-27T17:52:48.017+0000] {processor.py:208} INFO - Processing /home/airflow/.local/lib/python3.12/site-packages/airflow/example_dags/example_dataset_alias.py took 0.615 seconds
[2024-11-27T17:54:41.007+0000] {processor.py:186} INFO - Started process (PID=90) to work on /home/airflow/.local/lib/python3.12/site-packages/airflow/example_dags/example_dataset_alias.py
[2024-11-27T17:54:41.008+0000] {processor.py:914} INFO - Processing file /home/airflow/.local/lib/python3.12/site-packages/airflow/example_dags/example_dataset_alias.py for tasks to queue
[2024-11-27T17:54:41.009+0000] {logging_mixin.py:190} INFO - [2024-11-27T17:54:41.009+0000] {dagbag.py:588} INFO - Filling up the DagBag from /home/airflow/.local/lib/python3.12/site-packages/airflow/example_dags/example_dataset_alias.py
[2024-11-27T17:54:41.397+0000] {processor.py:925} INFO - DAG(s) 'dataset_alias_example_alias_consumer', 'dataset_alias_example_alias_producer', 'dataset_s3_bucket_producer', 'dataset_s3_bucket_consumer' retrieved from /home/airflow/.local/lib/python3.12/site-packages/airflow/example_dags/example_dataset_alias.py
[2024-11-27T17:54:41.410+0000] {logging_mixin.py:190} INFO - [2024-11-27T17:54:41.410+0000] {dag.py:3239} INFO - Sync 4 DAGs
[2024-11-27T17:54:41.424+0000] {logging_mixin.py:190} INFO - [2024-11-27T17:54:41.424+0000] {dag.py:4180} INFO - Setting next_dagrun for dataset_alias_example_alias_consumer to None, run_after=None
[2024-11-27T17:54:41.426+0000] {logging_mixin.py:190} INFO - [2024-11-27T17:54:41.426+0000] {dag.py:4180} INFO - Setting next_dagrun for dataset_alias_example_alias_producer to None, run_after=None
[2024-11-27T17:54:41.427+0000] {logging_mixin.py:190} INFO - [2024-11-27T17:54:41.427+0000] {dag.py:4180} INFO - Setting next_dagrun for dataset_s3_bucket_consumer to None, run_after=None
[2024-11-27T17:54:41.428+0000] {logging_mixin.py:190} INFO - [2024-11-27T17:54:41.428+0000] {dag.py:4180} INFO - Setting next_dagrun for dataset_s3_bucket_producer to None, run_after=None
[2024-11-27T17:54:41.444+0000] {processor.py:208} INFO - Processing /home/airflow/.local/lib/python3.12/site-packages/airflow/example_dags/example_dataset_alias.py took 0.441 seconds
[2024-11-27T17:55:12.267+0000] {processor.py:186} INFO - Started process (PID=161) to work on /home/airflow/.local/lib/python3.12/site-packages/airflow/example_dags/example_dataset_alias.py
[2024-11-27T17:55:12.268+0000] {processor.py:914} INFO - Processing file /home/airflow/.local/lib/python3.12/site-packages/airflow/example_dags/example_dataset_alias.py for tasks to queue
[2024-11-27T17:55:12.269+0000] {logging_mixin.py:190} INFO - [2024-11-27T17:55:12.269+0000] {dagbag.py:588} INFO - Filling up the DagBag from /home/airflow/.local/lib/python3.12/site-packages/airflow/example_dags/example_dataset_alias.py
[2024-11-27T17:55:12.796+0000] {processor.py:925} INFO - DAG(s) 'dataset_alias_example_alias_producer', 'dataset_s3_bucket_producer', 'dataset_s3_bucket_consumer', 'dataset_alias_example_alias_consumer' retrieved from /home/airflow/.local/lib/python3.12/site-packages/airflow/example_dags/example_dataset_alias.py
[2024-11-27T17:55:12.810+0000] {logging_mixin.py:190} INFO - [2024-11-27T17:55:12.810+0000] {dag.py:3239} INFO - Sync 4 DAGs
[2024-11-27T17:55:12.826+0000] {logging_mixin.py:190} INFO - [2024-11-27T17:55:12.826+0000] {dag.py:4180} INFO - Setting next_dagrun for dataset_alias_example_alias_consumer to None, run_after=None
[2024-11-27T17:55:12.827+0000] {logging_mixin.py:190} INFO - [2024-11-27T17:55:12.827+0000] {dag.py:4180} INFO - Setting next_dagrun for dataset_alias_example_alias_producer to None, run_after=None
[2024-11-27T17:55:12.829+0000] {logging_mixin.py:190} INFO - [2024-11-27T17:55:12.829+0000] {dag.py:4180} INFO - Setting next_dagrun for dataset_s3_bucket_consumer to None, run_after=None
[2024-11-27T17:55:12.829+0000] {logging_mixin.py:190} INFO - [2024-11-27T17:55:12.829+0000] {dag.py:4180} INFO - Setting next_dagrun for dataset_s3_bucket_producer to None, run_after=None
[2024-11-27T17:55:12.844+0000] {processor.py:208} INFO - Processing /home/airflow/.local/lib/python3.12/site-packages/airflow/example_dags/example_dataset_alias.py took 0.581 seconds
[2024-11-27T17:55:43.642+0000] {processor.py:186} INFO - Started process (PID=238) to work on /home/airflow/.local/lib/python3.12/site-packages/airflow/example_dags/example_dataset_alias.py
[2024-11-27T17:55:43.642+0000] {processor.py:914} INFO - Processing file /home/airflow/.local/lib/python3.12/site-packages/airflow/example_dags/example_dataset_alias.py for tasks to queue
[2024-11-27T17:55:43.644+0000] {logging_mixin.py:190} INFO - [2024-11-27T17:55:43.644+0000] {dagbag.py:588} INFO - Filling up the DagBag from /home/airflow/.local/lib/python3.12/site-packages/airflow/example_dags/example_dataset_alias.py
[2024-11-27T17:55:44.113+0000] {processor.py:925} INFO - DAG(s) 'dataset_s3_bucket_producer', 'dataset_alias_example_alias_producer', 'dataset_alias_example_alias_consumer', 'dataset_s3_bucket_consumer' retrieved from /home/airflow/.local/lib/python3.12/site-packages/airflow/example_dags/example_dataset_alias.py
[2024-11-27T17:55:44.135+0000] {logging_mixin.py:190} INFO - [2024-11-27T17:55:44.134+0000] {dag.py:3239} INFO - Sync 4 DAGs
[2024-11-27T17:55:44.155+0000] {logging_mixin.py:190} INFO - [2024-11-27T17:55:44.154+0000] {dag.py:4180} INFO - Setting next_dagrun for dataset_alias_example_alias_consumer to None, run_after=None
[2024-11-27T17:55:44.157+0000] {logging_mixin.py:190} INFO - [2024-11-27T17:55:44.157+0000] {dag.py:4180} INFO - Setting next_dagrun for dataset_alias_example_alias_producer to None, run_after=None
[2024-11-27T17:55:44.158+0000] {logging_mixin.py:190} INFO - [2024-11-27T17:55:44.158+0000] {dag.py:4180} INFO - Setting next_dagrun for dataset_s3_bucket_consumer to None, run_after=None
[2024-11-27T17:55:44.160+0000] {logging_mixin.py:190} INFO - [2024-11-27T17:55:44.160+0000] {dag.py:4180} INFO - Setting next_dagrun for dataset_s3_bucket_producer to None, run_after=None
[2024-11-27T17:55:44.178+0000] {processor.py:208} INFO - Processing /home/airflow/.local/lib/python3.12/site-packages/airflow/example_dags/example_dataset_alias.py took 0.540 seconds
[2024-11-27T17:56:15.017+0000] {processor.py:186} INFO - Started process (PID=309) to work on /home/airflow/.local/lib/python3.12/site-packages/airflow/example_dags/example_dataset_alias.py
[2024-11-27T17:56:15.017+0000] {processor.py:914} INFO - Processing file /home/airflow/.local/lib/python3.12/site-packages/airflow/example_dags/example_dataset_alias.py for tasks to queue
[2024-11-27T17:56:15.019+0000] {logging_mixin.py:190} INFO - [2024-11-27T17:56:15.019+0000] {dagbag.py:588} INFO - Filling up the DagBag from /home/airflow/.local/lib/python3.12/site-packages/airflow/example_dags/example_dataset_alias.py
[2024-11-27T17:56:15.393+0000] {processor.py:925} INFO - DAG(s) 'dataset_s3_bucket_consumer', 'dataset_alias_example_alias_consumer', 'dataset_s3_bucket_producer', 'dataset_alias_example_alias_producer' retrieved from /home/airflow/.local/lib/python3.12/site-packages/airflow/example_dags/example_dataset_alias.py
[2024-11-27T17:56:15.406+0000] {logging_mixin.py:190} INFO - [2024-11-27T17:56:15.405+0000] {dag.py:3239} INFO - Sync 4 DAGs
[2024-11-27T17:56:15.421+0000] {logging_mixin.py:190} INFO - [2024-11-27T17:56:15.421+0000] {dag.py:4180} INFO - Setting next_dagrun for dataset_alias_example_alias_consumer to None, run_after=None
[2024-11-27T17:56:15.422+0000] {logging_mixin.py:190} INFO - [2024-11-27T17:56:15.422+0000] {dag.py:4180} INFO - Setting next_dagrun for dataset_alias_example_alias_producer to None, run_after=None
[2024-11-27T17:56:15.423+0000] {logging_mixin.py:190} INFO - [2024-11-27T17:56:15.423+0000] {dag.py:4180} INFO - Setting next_dagrun for dataset_s3_bucket_consumer to None, run_after=None
[2024-11-27T17:56:15.424+0000] {logging_mixin.py:190} INFO - [2024-11-27T17:56:15.424+0000] {dag.py:4180} INFO - Setting next_dagrun for dataset_s3_bucket_producer to None, run_after=None
[2024-11-27T17:56:15.439+0000] {processor.py:208} INFO - Processing /home/airflow/.local/lib/python3.12/site-packages/airflow/example_dags/example_dataset_alias.py took 0.426 seconds
[2024-11-27T17:56:45.514+0000] {processor.py:186} INFO - Started process (PID=380) to work on /home/airflow/.local/lib/python3.12/site-packages/airflow/example_dags/example_dataset_alias.py
[2024-11-27T17:56:45.515+0000] {processor.py:914} INFO - Processing file /home/airflow/.local/lib/python3.12/site-packages/airflow/example_dags/example_dataset_alias.py for tasks to queue
[2024-11-27T17:56:45.517+0000] {logging_mixin.py:190} INFO - [2024-11-27T17:56:45.516+0000] {dagbag.py:588} INFO - Filling up the DagBag from /home/airflow/.local/lib/python3.12/site-packages/airflow/example_dags/example_dataset_alias.py
[2024-11-27T17:56:45.910+0000] {processor.py:925} INFO - DAG(s) 'dataset_alias_example_alias_producer', 'dataset_alias_example_alias_consumer', 'dataset_s3_bucket_consumer', 'dataset_s3_bucket_producer' retrieved from /home/airflow/.local/lib/python3.12/site-packages/airflow/example_dags/example_dataset_alias.py
[2024-11-27T17:56:45.924+0000] {logging_mixin.py:190} INFO - [2024-11-27T17:56:45.924+0000] {dag.py:3239} INFO - Sync 4 DAGs
[2024-11-27T17:56:45.939+0000] {logging_mixin.py:190} INFO - [2024-11-27T17:56:45.939+0000] {dag.py:4180} INFO - Setting next_dagrun for dataset_alias_example_alias_consumer to None, run_after=None
[2024-11-27T17:56:45.942+0000] {logging_mixin.py:190} INFO - [2024-11-27T17:56:45.941+0000] {dag.py:4180} INFO - Setting next_dagrun for dataset_alias_example_alias_producer to None, run_after=None
[2024-11-27T17:56:45.943+0000] {logging_mixin.py:190} INFO - [2024-11-27T17:56:45.943+0000] {dag.py:4180} INFO - Setting next_dagrun for dataset_s3_bucket_consumer to None, run_after=None
[2024-11-27T17:56:45.944+0000] {logging_mixin.py:190} INFO - [2024-11-27T17:56:45.944+0000] {dag.py:4180} INFO - Setting next_dagrun for dataset_s3_bucket_producer to None, run_after=None
[2024-11-27T17:56:45.963+0000] {processor.py:208} INFO - Processing /home/airflow/.local/lib/python3.12/site-packages/airflow/example_dags/example_dataset_alias.py took 0.453 seconds
