[2024-11-27T17:51:44.261+0000] {processor.py:186} INFO - Started process (PID=99) to work on /home/airflow/.local/lib/python3.12/site-packages/airflow/example_dags/tutorial_dag.py
[2024-11-27T17:51:44.262+0000] {processor.py:914} INFO - Processing file /home/airflow/.local/lib/python3.12/site-packages/airflow/example_dags/tutorial_dag.py for tasks to queue
[2024-11-27T17:51:44.264+0000] {logging_mixin.py:190} INFO - [2024-11-27T17:51:44.264+0000] {dagbag.py:588} INFO - Filling up the DagBag from /home/airflow/.local/lib/python3.12/site-packages/airflow/example_dags/tutorial_dag.py
[2024-11-27T17:51:44.271+0000] {processor.py:925} INFO - DAG(s) 'tutorial_dag' retrieved from /home/airflow/.local/lib/python3.12/site-packages/airflow/example_dags/tutorial_dag.py
[2024-11-27T17:51:44.376+0000] {logging_mixin.py:190} INFO - [2024-11-27T17:51:44.375+0000] {override.py:1911} INFO - Created Permission View: can read on DAG:tutorial_dag
[2024-11-27T17:51:44.396+0000] {logging_mixin.py:190} INFO - [2024-11-27T17:51:44.395+0000] {override.py:1911} INFO - Created Permission View: can delete on DAG:tutorial_dag
[2024-11-27T17:51:44.411+0000] {logging_mixin.py:190} INFO - [2024-11-27T17:51:44.410+0000] {override.py:1911} INFO - Created Permission View: can edit on DAG:tutorial_dag
[2024-11-27T17:51:44.426+0000] {logging_mixin.py:190} INFO - [2024-11-27T17:51:44.426+0000] {override.py:1911} INFO - Created Permission View: can read on DAG Run:tutorial_dag
[2024-11-27T17:51:44.443+0000] {logging_mixin.py:190} INFO - [2024-11-27T17:51:44.442+0000] {override.py:1911} INFO - Created Permission View: can delete on DAG Run:tutorial_dag
[2024-11-27T17:51:44.458+0000] {logging_mixin.py:190} INFO - [2024-11-27T17:51:44.457+0000] {override.py:1911} INFO - Created Permission View: menu access on DAG Run:tutorial_dag
[2024-11-27T17:51:44.471+0000] {logging_mixin.py:190} INFO - [2024-11-27T17:51:44.471+0000] {override.py:1911} INFO - Created Permission View: can create on DAG Run:tutorial_dag
[2024-11-27T17:51:44.473+0000] {logging_mixin.py:190} INFO - [2024-11-27T17:51:44.472+0000] {dag.py:3239} INFO - Sync 1 DAGs
[2024-11-27T17:51:44.487+0000] {logging_mixin.py:190} INFO - [2024-11-27T17:51:44.486+0000] {dag.py:3262} INFO - Creating ORM DAG for tutorial_dag
[2024-11-27T17:51:44.488+0000] {logging_mixin.py:190} INFO - [2024-11-27T17:51:44.487+0000] {dag.py:4180} INFO - Setting next_dagrun for tutorial_dag to None, run_after=None
[2024-11-27T17:51:44.502+0000] {processor.py:208} INFO - Processing /home/airflow/.local/lib/python3.12/site-packages/airflow/example_dags/tutorial_dag.py took 0.245 seconds
[2024-11-27T17:52:14.749+0000] {processor.py:186} INFO - Started process (PID=170) to work on /home/airflow/.local/lib/python3.12/site-packages/airflow/example_dags/tutorial_dag.py
[2024-11-27T17:52:14.750+0000] {processor.py:914} INFO - Processing file /home/airflow/.local/lib/python3.12/site-packages/airflow/example_dags/tutorial_dag.py for tasks to queue
[2024-11-27T17:52:14.751+0000] {logging_mixin.py:190} INFO - [2024-11-27T17:52:14.751+0000] {dagbag.py:588} INFO - Filling up the DagBag from /home/airflow/.local/lib/python3.12/site-packages/airflow/example_dags/tutorial_dag.py
[2024-11-27T17:52:14.758+0000] {processor.py:925} INFO - DAG(s) 'tutorial_dag' retrieved from /home/airflow/.local/lib/python3.12/site-packages/airflow/example_dags/tutorial_dag.py
[2024-11-27T17:52:14.773+0000] {logging_mixin.py:190} INFO - [2024-11-27T17:52:14.772+0000] {dag.py:3239} INFO - Sync 1 DAGs
[2024-11-27T17:52:14.784+0000] {logging_mixin.py:190} INFO - [2024-11-27T17:52:14.784+0000] {dag.py:4180} INFO - Setting next_dagrun for tutorial_dag to None, run_after=None
[2024-11-27T17:52:14.800+0000] {processor.py:208} INFO - Processing /home/airflow/.local/lib/python3.12/site-packages/airflow/example_dags/tutorial_dag.py took 0.056 seconds
[2024-11-27T17:52:45.306+0000] {processor.py:186} INFO - Started process (PID=241) to work on /home/airflow/.local/lib/python3.12/site-packages/airflow/example_dags/tutorial_dag.py
[2024-11-27T17:52:45.307+0000] {processor.py:914} INFO - Processing file /home/airflow/.local/lib/python3.12/site-packages/airflow/example_dags/tutorial_dag.py for tasks to queue
[2024-11-27T17:52:45.309+0000] {logging_mixin.py:190} INFO - [2024-11-27T17:52:45.308+0000] {dagbag.py:588} INFO - Filling up the DagBag from /home/airflow/.local/lib/python3.12/site-packages/airflow/example_dags/tutorial_dag.py
[2024-11-27T17:52:45.314+0000] {processor.py:925} INFO - DAG(s) 'tutorial_dag' retrieved from /home/airflow/.local/lib/python3.12/site-packages/airflow/example_dags/tutorial_dag.py
[2024-11-27T17:52:45.329+0000] {logging_mixin.py:190} INFO - [2024-11-27T17:52:45.328+0000] {dag.py:3239} INFO - Sync 1 DAGs
[2024-11-27T17:52:45.340+0000] {logging_mixin.py:190} INFO - [2024-11-27T17:52:45.340+0000] {dag.py:4180} INFO - Setting next_dagrun for tutorial_dag to None, run_after=None
[2024-11-27T17:52:45.356+0000] {processor.py:208} INFO - Processing /home/airflow/.local/lib/python3.12/site-packages/airflow/example_dags/tutorial_dag.py took 0.055 seconds
[2024-11-27T17:54:40.851+0000] {processor.py:186} INFO - Started process (PID=87) to work on /home/airflow/.local/lib/python3.12/site-packages/airflow/example_dags/tutorial_dag.py
[2024-11-27T17:54:40.852+0000] {processor.py:914} INFO - Processing file /home/airflow/.local/lib/python3.12/site-packages/airflow/example_dags/tutorial_dag.py for tasks to queue
[2024-11-27T17:54:40.854+0000] {logging_mixin.py:190} INFO - [2024-11-27T17:54:40.854+0000] {dagbag.py:588} INFO - Filling up the DagBag from /home/airflow/.local/lib/python3.12/site-packages/airflow/example_dags/tutorial_dag.py
[2024-11-27T17:54:40.861+0000] {processor.py:925} INFO - DAG(s) 'tutorial_dag' retrieved from /home/airflow/.local/lib/python3.12/site-packages/airflow/example_dags/tutorial_dag.py
[2024-11-27T17:54:40.876+0000] {logging_mixin.py:190} INFO - [2024-11-27T17:54:40.875+0000] {dag.py:3239} INFO - Sync 1 DAGs
[2024-11-27T17:54:40.887+0000] {logging_mixin.py:190} INFO - [2024-11-27T17:54:40.886+0000] {dag.py:4180} INFO - Setting next_dagrun for tutorial_dag to None, run_after=None
[2024-11-27T17:54:40.901+0000] {processor.py:208} INFO - Processing /home/airflow/.local/lib/python3.12/site-packages/airflow/example_dags/tutorial_dag.py took 0.055 seconds
[2024-11-27T17:55:12.096+0000] {processor.py:186} INFO - Started process (PID=158) to work on /home/airflow/.local/lib/python3.12/site-packages/airflow/example_dags/tutorial_dag.py
[2024-11-27T17:55:12.097+0000] {processor.py:914} INFO - Processing file /home/airflow/.local/lib/python3.12/site-packages/airflow/example_dags/tutorial_dag.py for tasks to queue
[2024-11-27T17:55:12.099+0000] {logging_mixin.py:190} INFO - [2024-11-27T17:55:12.099+0000] {dagbag.py:588} INFO - Filling up the DagBag from /home/airflow/.local/lib/python3.12/site-packages/airflow/example_dags/tutorial_dag.py
[2024-11-27T17:55:12.104+0000] {processor.py:925} INFO - DAG(s) 'tutorial_dag' retrieved from /home/airflow/.local/lib/python3.12/site-packages/airflow/example_dags/tutorial_dag.py
[2024-11-27T17:55:12.118+0000] {logging_mixin.py:190} INFO - [2024-11-27T17:55:12.118+0000] {dag.py:3239} INFO - Sync 1 DAGs
[2024-11-27T17:55:12.129+0000] {logging_mixin.py:190} INFO - [2024-11-27T17:55:12.128+0000] {dag.py:4180} INFO - Setting next_dagrun for tutorial_dag to None, run_after=None
[2024-11-27T17:55:12.146+0000] {processor.py:208} INFO - Processing /home/airflow/.local/lib/python3.12/site-packages/airflow/example_dags/tutorial_dag.py took 0.054 seconds
[2024-11-27T17:55:42.544+0000] {processor.py:186} INFO - Started process (PID=229) to work on /home/airflow/.local/lib/python3.12/site-packages/airflow/example_dags/tutorial_dag.py
[2024-11-27T17:55:42.545+0000] {processor.py:914} INFO - Processing file /home/airflow/.local/lib/python3.12/site-packages/airflow/example_dags/tutorial_dag.py for tasks to queue
[2024-11-27T17:55:42.547+0000] {logging_mixin.py:190} INFO - [2024-11-27T17:55:42.547+0000] {dagbag.py:588} INFO - Filling up the DagBag from /home/airflow/.local/lib/python3.12/site-packages/airflow/example_dags/tutorial_dag.py
[2024-11-27T17:55:42.553+0000] {processor.py:925} INFO - DAG(s) 'tutorial_dag' retrieved from /home/airflow/.local/lib/python3.12/site-packages/airflow/example_dags/tutorial_dag.py
[2024-11-27T17:55:42.567+0000] {logging_mixin.py:190} INFO - [2024-11-27T17:55:42.566+0000] {dag.py:3239} INFO - Sync 1 DAGs
[2024-11-27T17:55:42.577+0000] {logging_mixin.py:190} INFO - [2024-11-27T17:55:42.577+0000] {dag.py:4180} INFO - Setting next_dagrun for tutorial_dag to None, run_after=None
[2024-11-27T17:55:42.592+0000] {processor.py:208} INFO - Processing /home/airflow/.local/lib/python3.12/site-packages/airflow/example_dags/tutorial_dag.py took 0.052 seconds
[2024-11-27T17:56:12.984+0000] {processor.py:186} INFO - Started process (PID=306) to work on /home/airflow/.local/lib/python3.12/site-packages/airflow/example_dags/tutorial_dag.py
[2024-11-27T17:56:12.984+0000] {processor.py:914} INFO - Processing file /home/airflow/.local/lib/python3.12/site-packages/airflow/example_dags/tutorial_dag.py for tasks to queue
[2024-11-27T17:56:12.986+0000] {logging_mixin.py:190} INFO - [2024-11-27T17:56:12.986+0000] {dagbag.py:588} INFO - Filling up the DagBag from /home/airflow/.local/lib/python3.12/site-packages/airflow/example_dags/tutorial_dag.py
[2024-11-27T17:56:12.992+0000] {processor.py:925} INFO - DAG(s) 'tutorial_dag' retrieved from /home/airflow/.local/lib/python3.12/site-packages/airflow/example_dags/tutorial_dag.py
[2024-11-27T17:56:13.006+0000] {logging_mixin.py:190} INFO - [2024-11-27T17:56:13.006+0000] {dag.py:3239} INFO - Sync 1 DAGs
[2024-11-27T17:56:13.017+0000] {logging_mixin.py:190} INFO - [2024-11-27T17:56:13.017+0000] {dag.py:4180} INFO - Setting next_dagrun for tutorial_dag to None, run_after=None
[2024-11-27T17:56:13.032+0000] {processor.py:208} INFO - Processing /home/airflow/.local/lib/python3.12/site-packages/airflow/example_dags/tutorial_dag.py took 0.052 seconds
[2024-11-27T17:56:43.412+0000] {processor.py:186} INFO - Started process (PID=377) to work on /home/airflow/.local/lib/python3.12/site-packages/airflow/example_dags/tutorial_dag.py
[2024-11-27T17:56:43.413+0000] {processor.py:914} INFO - Processing file /home/airflow/.local/lib/python3.12/site-packages/airflow/example_dags/tutorial_dag.py for tasks to queue
[2024-11-27T17:56:43.415+0000] {logging_mixin.py:190} INFO - [2024-11-27T17:56:43.415+0000] {dagbag.py:588} INFO - Filling up the DagBag from /home/airflow/.local/lib/python3.12/site-packages/airflow/example_dags/tutorial_dag.py
[2024-11-27T17:56:43.420+0000] {processor.py:925} INFO - DAG(s) 'tutorial_dag' retrieved from /home/airflow/.local/lib/python3.12/site-packages/airflow/example_dags/tutorial_dag.py
[2024-11-27T17:56:43.434+0000] {logging_mixin.py:190} INFO - [2024-11-27T17:56:43.433+0000] {dag.py:3239} INFO - Sync 1 DAGs
[2024-11-27T17:56:43.445+0000] {logging_mixin.py:190} INFO - [2024-11-27T17:56:43.444+0000] {dag.py:4180} INFO - Setting next_dagrun for tutorial_dag to None, run_after=None
[2024-11-27T17:56:43.459+0000] {processor.py:208} INFO - Processing /home/airflow/.local/lib/python3.12/site-packages/airflow/example_dags/tutorial_dag.py took 0.051 seconds
[2024-11-27T17:57:14.479+0000] {processor.py:186} INFO - Started process (PID=448) to work on /home/airflow/.local/lib/python3.12/site-packages/airflow/example_dags/tutorial_dag.py
[2024-11-27T17:57:14.480+0000] {processor.py:914} INFO - Processing file /home/airflow/.local/lib/python3.12/site-packages/airflow/example_dags/tutorial_dag.py for tasks to queue
[2024-11-27T17:57:14.482+0000] {logging_mixin.py:190} INFO - [2024-11-27T17:57:14.482+0000] {dagbag.py:588} INFO - Filling up the DagBag from /home/airflow/.local/lib/python3.12/site-packages/airflow/example_dags/tutorial_dag.py
[2024-11-27T17:57:14.488+0000] {processor.py:925} INFO - DAG(s) 'tutorial_dag' retrieved from /home/airflow/.local/lib/python3.12/site-packages/airflow/example_dags/tutorial_dag.py
[2024-11-27T17:57:14.504+0000] {logging_mixin.py:190} INFO - [2024-11-27T17:57:14.504+0000] {dag.py:3239} INFO - Sync 1 DAGs
[2024-11-27T17:57:14.516+0000] {logging_mixin.py:190} INFO - [2024-11-27T17:57:14.516+0000] {dag.py:4180} INFO - Setting next_dagrun for tutorial_dag to None, run_after=None
[2024-11-27T17:57:14.543+0000] {processor.py:208} INFO - Processing /home/airflow/.local/lib/python3.12/site-packages/airflow/example_dags/tutorial_dag.py took 0.068 seconds
