[2024-11-27T17:51:43.772+0000] {processor.py:186} INFO - Started process (PID=94) to work on /home/airflow/.local/lib/python3.12/site-packages/airflow/example_dags/tutorial.py
[2024-11-27T17:51:43.773+0000] {processor.py:914} INFO - Processing file /home/airflow/.local/lib/python3.12/site-packages/airflow/example_dags/tutorial.py for tasks to queue
[2024-11-27T17:51:43.775+0000] {logging_mixin.py:190} INFO - [2024-11-27T17:51:43.775+0000] {dagbag.py:588} INFO - Filling up the DagBag from /home/airflow/.local/lib/python3.12/site-packages/airflow/example_dags/tutorial.py
[2024-11-27T17:51:43.782+0000] {processor.py:925} INFO - DAG(s) 'tutorial' retrieved from /home/airflow/.local/lib/python3.12/site-packages/airflow/example_dags/tutorial.py
[2024-11-27T17:51:43.791+0000] {logging_mixin.py:190} INFO - [2024-11-27T17:51:43.790+0000] {dag.py:3239} INFO - Sync 1 DAGs
[2024-11-27T17:51:43.810+0000] {logging_mixin.py:190} INFO - [2024-11-27T17:51:43.810+0000] {dag.py:4180} INFO - Setting next_dagrun for tutorial to 2024-11-26 00:00:00+00:00, run_after=2024-11-27 00:00:00+00:00
[2024-11-27T17:51:43.830+0000] {processor.py:208} INFO - Processing /home/airflow/.local/lib/python3.12/site-packages/airflow/example_dags/tutorial.py took 0.062 seconds
[2024-11-27T17:52:14.339+0000] {processor.py:186} INFO - Started process (PID=165) to work on /home/airflow/.local/lib/python3.12/site-packages/airflow/example_dags/tutorial.py
[2024-11-27T17:52:14.340+0000] {processor.py:914} INFO - Processing file /home/airflow/.local/lib/python3.12/site-packages/airflow/example_dags/tutorial.py for tasks to queue
[2024-11-27T17:52:14.342+0000] {logging_mixin.py:190} INFO - [2024-11-27T17:52:14.342+0000] {dagbag.py:588} INFO - Filling up the DagBag from /home/airflow/.local/lib/python3.12/site-packages/airflow/example_dags/tutorial.py
[2024-11-27T17:52:14.348+0000] {processor.py:925} INFO - DAG(s) 'tutorial' retrieved from /home/airflow/.local/lib/python3.12/site-packages/airflow/example_dags/tutorial.py
[2024-11-27T17:52:14.431+0000] {logging_mixin.py:190} INFO - [2024-11-27T17:52:14.431+0000] {dag.py:3239} INFO - Sync 1 DAGs
[2024-11-27T17:52:14.448+0000] {logging_mixin.py:190} INFO - [2024-11-27T17:52:14.447+0000] {dag.py:4180} INFO - Setting next_dagrun for tutorial to 2024-11-26 00:00:00+00:00, run_after=2024-11-27 00:00:00+00:00
[2024-11-27T17:52:14.481+0000] {processor.py:208} INFO - Processing /home/airflow/.local/lib/python3.12/site-packages/airflow/example_dags/tutorial.py took 0.147 seconds
[2024-11-27T17:52:45.043+0000] {processor.py:186} INFO - Started process (PID=236) to work on /home/airflow/.local/lib/python3.12/site-packages/airflow/example_dags/tutorial.py
[2024-11-27T17:52:45.044+0000] {processor.py:914} INFO - Processing file /home/airflow/.local/lib/python3.12/site-packages/airflow/example_dags/tutorial.py for tasks to queue
[2024-11-27T17:52:45.046+0000] {logging_mixin.py:190} INFO - [2024-11-27T17:52:45.046+0000] {dagbag.py:588} INFO - Filling up the DagBag from /home/airflow/.local/lib/python3.12/site-packages/airflow/example_dags/tutorial.py
[2024-11-27T17:52:45.052+0000] {processor.py:925} INFO - DAG(s) 'tutorial' retrieved from /home/airflow/.local/lib/python3.12/site-packages/airflow/example_dags/tutorial.py
[2024-11-27T17:52:45.067+0000] {logging_mixin.py:190} INFO - [2024-11-27T17:52:45.067+0000] {dag.py:3239} INFO - Sync 1 DAGs
[2024-11-27T17:52:45.085+0000] {logging_mixin.py:190} INFO - [2024-11-27T17:52:45.085+0000] {dag.py:4180} INFO - Setting next_dagrun for tutorial to 2024-11-26 00:00:00+00:00, run_after=2024-11-27 00:00:00+00:00
[2024-11-27T17:52:45.101+0000] {processor.py:208} INFO - Processing /home/airflow/.local/lib/python3.12/site-packages/airflow/example_dags/tutorial.py took 0.062 seconds
[2024-11-27T17:54:40.660+0000] {processor.py:186} INFO - Started process (PID=82) to work on /home/airflow/.local/lib/python3.12/site-packages/airflow/example_dags/tutorial.py
[2024-11-27T17:54:40.661+0000] {processor.py:914} INFO - Processing file /home/airflow/.local/lib/python3.12/site-packages/airflow/example_dags/tutorial.py for tasks to queue
[2024-11-27T17:54:40.662+0000] {logging_mixin.py:190} INFO - [2024-11-27T17:54:40.662+0000] {dagbag.py:588} INFO - Filling up the DagBag from /home/airflow/.local/lib/python3.12/site-packages/airflow/example_dags/tutorial.py
[2024-11-27T17:54:40.668+0000] {processor.py:925} INFO - DAG(s) 'tutorial' retrieved from /home/airflow/.local/lib/python3.12/site-packages/airflow/example_dags/tutorial.py
[2024-11-27T17:54:40.676+0000] {logging_mixin.py:190} INFO - [2024-11-27T17:54:40.675+0000] {dag.py:3239} INFO - Sync 1 DAGs
[2024-11-27T17:54:40.692+0000] {logging_mixin.py:190} INFO - [2024-11-27T17:54:40.692+0000] {dag.py:4180} INFO - Setting next_dagrun for tutorial to 2024-11-26 00:00:00+00:00, run_after=2024-11-27 00:00:00+00:00
[2024-11-27T17:54:40.705+0000] {processor.py:208} INFO - Processing /home/airflow/.local/lib/python3.12/site-packages/airflow/example_dags/tutorial.py took 0.051 seconds
[2024-11-27T17:55:11.879+0000] {processor.py:186} INFO - Started process (PID=153) to work on /home/airflow/.local/lib/python3.12/site-packages/airflow/example_dags/tutorial.py
[2024-11-27T17:55:11.879+0000] {processor.py:914} INFO - Processing file /home/airflow/.local/lib/python3.12/site-packages/airflow/example_dags/tutorial.py for tasks to queue
[2024-11-27T17:55:11.881+0000] {logging_mixin.py:190} INFO - [2024-11-27T17:55:11.881+0000] {dagbag.py:588} INFO - Filling up the DagBag from /home/airflow/.local/lib/python3.12/site-packages/airflow/example_dags/tutorial.py
[2024-11-27T17:55:11.887+0000] {processor.py:925} INFO - DAG(s) 'tutorial' retrieved from /home/airflow/.local/lib/python3.12/site-packages/airflow/example_dags/tutorial.py
[2024-11-27T17:55:11.953+0000] {logging_mixin.py:190} INFO - [2024-11-27T17:55:11.953+0000] {dag.py:3239} INFO - Sync 1 DAGs
[2024-11-27T17:55:11.968+0000] {logging_mixin.py:190} INFO - [2024-11-27T17:55:11.968+0000] {dag.py:4180} INFO - Setting next_dagrun for tutorial to 2024-11-26 00:00:00+00:00, run_after=2024-11-27 00:00:00+00:00
[2024-11-27T17:55:11.983+0000] {processor.py:208} INFO - Processing /home/airflow/.local/lib/python3.12/site-packages/airflow/example_dags/tutorial.py took 0.108 seconds
[2024-11-27T17:55:42.324+0000] {processor.py:186} INFO - Started process (PID=224) to work on /home/airflow/.local/lib/python3.12/site-packages/airflow/example_dags/tutorial.py
[2024-11-27T17:55:42.325+0000] {processor.py:914} INFO - Processing file /home/airflow/.local/lib/python3.12/site-packages/airflow/example_dags/tutorial.py for tasks to queue
[2024-11-27T17:55:42.327+0000] {logging_mixin.py:190} INFO - [2024-11-27T17:55:42.327+0000] {dagbag.py:588} INFO - Filling up the DagBag from /home/airflow/.local/lib/python3.12/site-packages/airflow/example_dags/tutorial.py
[2024-11-27T17:55:42.334+0000] {processor.py:925} INFO - DAG(s) 'tutorial' retrieved from /home/airflow/.local/lib/python3.12/site-packages/airflow/example_dags/tutorial.py
[2024-11-27T17:55:42.348+0000] {logging_mixin.py:190} INFO - [2024-11-27T17:55:42.348+0000] {dag.py:3239} INFO - Sync 1 DAGs
[2024-11-27T17:55:42.366+0000] {logging_mixin.py:190} INFO - [2024-11-27T17:55:42.366+0000] {dag.py:4180} INFO - Setting next_dagrun for tutorial to 2024-11-26 00:00:00+00:00, run_after=2024-11-27 00:00:00+00:00
[2024-11-27T17:55:42.383+0000] {processor.py:208} INFO - Processing /home/airflow/.local/lib/python3.12/site-packages/airflow/example_dags/tutorial.py took 0.064 seconds
[2024-11-27T17:56:12.514+0000] {processor.py:186} INFO - Started process (PID=295) to work on /home/airflow/.local/lib/python3.12/site-packages/airflow/example_dags/tutorial.py
[2024-11-27T17:56:12.515+0000] {processor.py:914} INFO - Processing file /home/airflow/.local/lib/python3.12/site-packages/airflow/example_dags/tutorial.py for tasks to queue
[2024-11-27T17:56:12.517+0000] {logging_mixin.py:190} INFO - [2024-11-27T17:56:12.516+0000] {dagbag.py:588} INFO - Filling up the DagBag from /home/airflow/.local/lib/python3.12/site-packages/airflow/example_dags/tutorial.py
[2024-11-27T17:56:12.522+0000] {processor.py:925} INFO - DAG(s) 'tutorial' retrieved from /home/airflow/.local/lib/python3.12/site-packages/airflow/example_dags/tutorial.py
[2024-11-27T17:56:12.530+0000] {logging_mixin.py:190} INFO - [2024-11-27T17:56:12.530+0000] {dag.py:3239} INFO - Sync 1 DAGs
[2024-11-27T17:56:12.548+0000] {logging_mixin.py:190} INFO - [2024-11-27T17:56:12.548+0000] {dag.py:4180} INFO - Setting next_dagrun for tutorial to 2024-11-26 00:00:00+00:00, run_after=2024-11-27 00:00:00+00:00
[2024-11-27T17:56:12.566+0000] {processor.py:208} INFO - Processing /home/airflow/.local/lib/python3.12/site-packages/airflow/example_dags/tutorial.py took 0.056 seconds
[2024-11-27T17:56:42.621+0000] {processor.py:186} INFO - Started process (PID=365) to work on /home/airflow/.local/lib/python3.12/site-packages/airflow/example_dags/tutorial.py
[2024-11-27T17:56:42.622+0000] {processor.py:914} INFO - Processing file /home/airflow/.local/lib/python3.12/site-packages/airflow/example_dags/tutorial.py for tasks to queue
[2024-11-27T17:56:42.624+0000] {logging_mixin.py:190} INFO - [2024-11-27T17:56:42.624+0000] {dagbag.py:588} INFO - Filling up the DagBag from /home/airflow/.local/lib/python3.12/site-packages/airflow/example_dags/tutorial.py
[2024-11-27T17:56:42.630+0000] {processor.py:925} INFO - DAG(s) 'tutorial' retrieved from /home/airflow/.local/lib/python3.12/site-packages/airflow/example_dags/tutorial.py
[2024-11-27T17:56:42.702+0000] {logging_mixin.py:190} INFO - [2024-11-27T17:56:42.702+0000] {dag.py:3239} INFO - Sync 1 DAGs
[2024-11-27T17:56:42.717+0000] {logging_mixin.py:190} INFO - [2024-11-27T17:56:42.717+0000] {dag.py:4180} INFO - Setting next_dagrun for tutorial to 2024-11-26 00:00:00+00:00, run_after=2024-11-27 00:00:00+00:00
[2024-11-27T17:56:42.731+0000] {processor.py:208} INFO - Processing /home/airflow/.local/lib/python3.12/site-packages/airflow/example_dags/tutorial.py took 0.114 seconds
[2024-11-27T17:57:13.127+0000] {processor.py:186} INFO - Started process (PID=442) to work on /home/airflow/.local/lib/python3.12/site-packages/airflow/example_dags/tutorial.py
[2024-11-27T17:57:13.128+0000] {processor.py:914} INFO - Processing file /home/airflow/.local/lib/python3.12/site-packages/airflow/example_dags/tutorial.py for tasks to queue
[2024-11-27T17:57:13.130+0000] {logging_mixin.py:190} INFO - [2024-11-27T17:57:13.130+0000] {dagbag.py:588} INFO - Filling up the DagBag from /home/airflow/.local/lib/python3.12/site-packages/airflow/example_dags/tutorial.py
[2024-11-27T17:57:13.137+0000] {processor.py:925} INFO - DAG(s) 'tutorial' retrieved from /home/airflow/.local/lib/python3.12/site-packages/airflow/example_dags/tutorial.py
[2024-11-27T17:57:13.150+0000] {logging_mixin.py:190} INFO - [2024-11-27T17:57:13.150+0000] {dag.py:3239} INFO - Sync 1 DAGs
[2024-11-27T17:57:13.166+0000] {logging_mixin.py:190} INFO - [2024-11-27T17:57:13.166+0000] {dag.py:4180} INFO - Setting next_dagrun for tutorial to 2024-11-26 00:00:00+00:00, run_after=2024-11-27 00:00:00+00:00
[2024-11-27T17:57:13.181+0000] {processor.py:208} INFO - Processing /home/airflow/.local/lib/python3.12/site-packages/airflow/example_dags/tutorial.py took 0.059 seconds
