[2024-11-27T19:28:47.693+0000] {local_task_job_runner.py:123} INFO - ::group::Pre task execution logs
[2024-11-27T19:28:47.703+0000] {taskinstance.py:2613} INFO - Dependencies all met for dep_context=non-requeueable deps ti=<TaskInstance: extract_tables.set_vars manual__2024-11-27T19:27:09.607490+00:00 [queued]>
[2024-11-27T19:28:47.709+0000] {taskinstance.py:2613} INFO - Dependencies all met for dep_context=requeueable deps ti=<TaskInstance: extract_tables.set_vars manual__2024-11-27T19:27:09.607490+00:00 [queued]>
[2024-11-27T19:28:47.709+0000] {taskinstance.py:2866} INFO - Starting attempt 1 of 1
[2024-11-27T19:28:47.718+0000] {taskinstance.py:2889} INFO - Executing <Task(PythonOperator): set_vars> on 2024-11-27 19:27:09.607490+00:00
[2024-11-27T19:28:47.724+0000] {warnings.py:112} WARNING - /home/***/.local/lib/python3.12/site-packages/***/task/task_runner/standard_task_runner.py:70: DeprecationWarning: This process (pid=896) is multi-threaded, use of fork() may lead to deadlocks in the child.
  pid = os.fork()

[2024-11-27T19:28:47.726+0000] {standard_task_runner.py:72} INFO - Started process 898 to run task
[2024-11-27T19:28:47.726+0000] {standard_task_runner.py:104} INFO - Running: ['***', 'tasks', 'run', 'extract_tables', 'set_vars', 'manual__2024-11-27T19:27:09.607490+00:00', '--job-id', '43', '--raw', '--subdir', 'DAGS_FOLDER/extract_tables.py', '--cfg-path', '/tmp/tmpis0mp1x1']
[2024-11-27T19:28:47.727+0000] {standard_task_runner.py:105} INFO - Job 43: Subtask set_vars
[2024-11-27T19:28:47.758+0000] {task_command.py:467} INFO - Running <TaskInstance: extract_tables.set_vars manual__2024-11-27T19:27:09.607490+00:00 [running]> on host b6d44e76794e
[2024-11-27T19:28:47.942+0000] {taskinstance.py:3132} INFO - Exporting env vars: AIRFLOW_CTX_DAG_OWNER='artzsh' AIRFLOW_CTX_DAG_ID='extract_tables' AIRFLOW_CTX_TASK_ID='set_vars' AIRFLOW_CTX_EXECUTION_DATE='2024-11-27T19:27:09.607490+00:00' AIRFLOW_CTX_TRY_NUMBER='1' AIRFLOW_CTX_DAG_RUN_ID='manual__2024-11-27T19:27:09.607490+00:00'
[2024-11-27T19:28:47.943+0000] {taskinstance.py:731} INFO - ::endgroup::
[2024-11-27T19:28:47.961+0000] {crypto.py:82} WARNING - empty cryptography key - values will not be stored encrypted.
[2024-11-27T19:28:47.965+0000] {python.py:240} INFO - Done. Returned value was: None
[2024-11-27T19:28:47.971+0000] {taskinstance.py:340} INFO - ::group::Post task execution logs
[2024-11-27T19:28:47.972+0000] {taskinstance.py:352} INFO - Marking task as SUCCESS. dag_id=extract_tables, task_id=set_vars, run_id=manual__2024-11-27T19:27:09.607490+00:00, execution_date=20241127T192709, start_date=20241127T192847, end_date=20241127T192847
[2024-11-27T19:28:48.020+0000] {local_task_job_runner.py:266} INFO - Task exited with return code 0
[2024-11-27T19:28:48.033+0000] {taskinstance.py:3895} INFO - 1 downstream tasks scheduled from follow-on schedule check
[2024-11-27T19:28:48.036+0000] {local_task_job_runner.py:245} INFO - ::endgroup::
