[2024-12-06T15:13:50.578+0000] {local_task_job_runner.py:123} INFO - ::group::Pre task execution logs
[2024-12-06T15:13:50.590+0000] {taskinstance.py:2613} INFO - Dependencies all met for dep_context=non-requeueable deps ti=<TaskInstance: insert_cleaned_data.get_vars manual__2024-12-06T15:13:49.881073+00:00 [queued]>
[2024-12-06T15:13:50.596+0000] {taskinstance.py:2613} INFO - Dependencies all met for dep_context=requeueable deps ti=<TaskInstance: insert_cleaned_data.get_vars manual__2024-12-06T15:13:49.881073+00:00 [queued]>
[2024-12-06T15:13:50.597+0000] {taskinstance.py:2866} INFO - Starting attempt 1 of 4
[2024-12-06T15:13:50.608+0000] {taskinstance.py:2889} INFO - Executing <Task(PythonOperator): get_vars> on 2024-12-06 15:13:49.881073+00:00
[2024-12-06T15:13:50.614+0000] {warnings.py:112} WARNING - /home/***/.local/lib/python3.12/site-packages/***/task/task_runner/standard_task_runner.py:70: DeprecationWarning: This process (pid=2707) is multi-threaded, use of fork() may lead to deadlocks in the child.
  pid = os.fork()

[2024-12-06T15:13:50.615+0000] {standard_task_runner.py:72} INFO - Started process 2708 to run task
[2024-12-06T15:13:50.615+0000] {standard_task_runner.py:104} INFO - Running: ['***', 'tasks', 'run', 'insert_cleaned_data', 'get_vars', 'manual__2024-12-06T15:13:49.881073+00:00', '--job-id', '1994', '--raw', '--subdir', 'DAGS_FOLDER/insert_cleaned_data.py', '--cfg-path', '/tmp/tmpqjtyh9xo']
[2024-12-06T15:13:50.616+0000] {standard_task_runner.py:105} INFO - Job 1994: Subtask get_vars
[2024-12-06T15:13:50.650+0000] {task_command.py:467} INFO - Running <TaskInstance: insert_cleaned_data.get_vars manual__2024-12-06T15:13:49.881073+00:00 [running]> on host cb0074367deb
[2024-12-06T15:13:50.710+0000] {taskinstance.py:3132} INFO - Exporting env vars: AIRFLOW_CTX_DAG_OWNER='artzsh' AIRFLOW_CTX_DAG_ID='insert_cleaned_data' AIRFLOW_CTX_TASK_ID='get_vars' AIRFLOW_CTX_EXECUTION_DATE='2024-12-06T15:13:49.881073+00:00' AIRFLOW_CTX_TRY_NUMBER='1' AIRFLOW_CTX_DAG_RUN_ID='manual__2024-12-06T15:13:49.881073+00:00'
[2024-12-06T15:13:50.711+0000] {taskinstance.py:731} INFO - ::endgroup::
[2024-12-06T15:13:50.727+0000] {insert_cleaned_data.py:28} INFO - Текущий ключ: dm_var=1
[2024-12-06T15:13:50.751+0000] {insert_cleaned_data.py:37} INFO - Получены переменные: dm_var=1, tables_json={'1': {'dataset_url': 'https://data.rees46.com/datasets/marketplace/2019-Oct.csv.gz', 'table_name': 'eCommerce_Oct', 'brands_table_name': 'brands_Oct', 'categories_table_name': 'categories_Oct'}, '2': {'dataset_url': 'https://data.rees46.com/datasets/marketplace/2019-Nov.csv.gz', 'table_name': 'eCommerce_Nov', 'brands_table_name': 'brands_Nov', 'categories_table_name': 'categories_Nov'}, '3': {'dataset_url': 'https://data.rees46.com/datasets/marketplace/2019-Dec.csv.gz', 'table_name': 'eCommerce_Dec', 'brands_table_name': 'brands_Dec', 'categories_table_name': 'categories_Dec'}, '4': {'dataset_url': 'https://data.rees46.com/datasets/marketplace/2020-Jan.csv.gz', 'table_name': 'eCommerce_Jan', 'brands_table_name': 'brands_Jan', 'categories_table_name': 'categories_Jan'}, '5': {'dataset_url': 'https://data.rees46.com/datasets/marketplace/2020-Feb.csv.gz', 'table_name': 'eCommerce_Feb', 'brands_table_name': 'brands_Feb', 'categories_table_name': 'categories_Feb'}, '6': {'dataset_url': 'https://data.rees46.com/datasets/marketplace/2020-Mar.csv.gz', 'table_name': 'eCommerce_Mar', 'brands_table_name': 'brands_Mar', 'categories_table_name': 'categories_Mar'}, '7': {'dataset_url': 'https://data.rees46.com/datasets/marketplace/2020-Apr.csv.gz', 'table_name': 'eCommerce_Apr', 'brands_table_name': 'brands_Apr', 'categories_table_name': 'categories_Apr'}}
[2024-12-06T15:13:50.752+0000] {python.py:240} INFO - Done. Returned value was: None
[2024-12-06T15:13:50.759+0000] {taskinstance.py:340} INFO - ::group::Post task execution logs
[2024-12-06T15:13:50.759+0000] {taskinstance.py:352} INFO - Marking task as SUCCESS. dag_id=insert_cleaned_data, task_id=get_vars, run_id=manual__2024-12-06T15:13:49.881073+00:00, execution_date=20241206T151349, start_date=20241206T151350, end_date=20241206T151350
[2024-12-06T15:13:50.789+0000] {local_task_job_runner.py:266} INFO - Task exited with return code 0
[2024-12-06T15:13:50.806+0000] {taskinstance.py:3895} INFO - 1 downstream tasks scheduled from follow-on schedule check
[2024-12-06T15:13:50.809+0000] {local_task_job_runner.py:245} INFO - ::endgroup::
