[2024-12-05T19:14:19.059+0000] {local_task_job_runner.py:123} INFO - ::group::Pre task execution logs
[2024-12-05T19:14:19.070+0000] {taskinstance.py:2613} INFO - Dependencies all met for dep_context=non-requeueable deps ti=<TaskInstance: extract_unique_values.create_unique_categories manual__2024-12-05T19:14:14.437507+00:00 [queued]>
[2024-12-05T19:14:19.077+0000] {taskinstance.py:2613} INFO - Dependencies all met for dep_context=requeueable deps ti=<TaskInstance: extract_unique_values.create_unique_categories manual__2024-12-05T19:14:14.437507+00:00 [queued]>
[2024-12-05T19:14:19.077+0000] {taskinstance.py:2866} INFO - Starting attempt 1 of 4
[2024-12-05T19:14:19.093+0000] {taskinstance.py:2889} INFO - Executing <Task(PythonOperator): create_unique_categories> on 2024-12-05 19:14:14.437507+00:00
[2024-12-05T19:14:19.098+0000] {warnings.py:112} WARNING - /home/***/.local/lib/python3.12/site-packages/***/task/task_runner/standard_task_runner.py:70: DeprecationWarning: This process (pid=960) is multi-threaded, use of fork() may lead to deadlocks in the child.
  pid = os.fork()

[2024-12-05T19:14:19.099+0000] {standard_task_runner.py:72} INFO - Started process 961 to run task
[2024-12-05T19:14:19.100+0000] {standard_task_runner.py:104} INFO - Running: ['***', 'tasks', 'run', 'extract_unique_values', 'create_unique_categories', 'manual__2024-12-05T19:14:14.437507+00:00', '--job-id', '488', '--raw', '--subdir', 'DAGS_FOLDER/select_distinct_brands_categories.py', '--cfg-path', '/tmp/tmp6hzw21jt']
[2024-12-05T19:14:19.101+0000] {standard_task_runner.py:105} INFO - Job 488: Subtask create_unique_categories
[2024-12-05T19:14:19.136+0000] {task_command.py:467} INFO - Running <TaskInstance: extract_unique_values.create_unique_categories manual__2024-12-05T19:14:14.437507+00:00 [running]> on host c7780884450d
[2024-12-05T19:14:19.197+0000] {taskinstance.py:3132} INFO - Exporting env vars: AIRFLOW_CTX_DAG_OWNER='artzsh' AIRFLOW_CTX_DAG_ID='extract_unique_values' AIRFLOW_CTX_TASK_ID='create_unique_categories' AIRFLOW_CTX_EXECUTION_DATE='2024-12-05T19:14:14.437507+00:00' AIRFLOW_CTX_TRY_NUMBER='1' AIRFLOW_CTX_DAG_RUN_ID='manual__2024-12-05T19:14:14.437507+00:00'
[2024-12-05T19:14:19.198+0000] {taskinstance.py:731} INFO - ::endgroup::
[2024-12-05T19:14:19.219+0000] {select_distinct_brands_categories.py:176} INFO - Обрабатываем ключ: 2
[2024-12-05T19:14:19.220+0000] {select_distinct_brands_categories.py:191} INFO - Источник категорий: DDS.categories_Nov
[2024-12-05T19:14:19.220+0000] {select_distinct_brands_categories.py:192} INFO - Целевая таблица категорий: DDS.unique_categories
[2024-12-05T19:14:19.226+0000] {base.py:84} INFO - Retrieving connection 'database_cloud'
[2024-12-05T19:14:19.937+0000] {select_distinct_brands_categories.py:213} INFO - Соединение с PostgreSQL установлено.
[2024-12-05T19:14:20.240+0000] {select_distinct_brands_categories.py:226} INFO - Целевая таблица 'DDS.unique_categories' создана или уже существует.
[2024-12-05T19:14:20.453+0000] {select_distinct_brands_categories.py:237} INFO - Количество уникальных категорий в источнике: 129
[2024-12-05T19:14:20.544+0000] {select_distinct_brands_categories.py:248} INFO - Количество категорий в целевой таблице до вставки: 126
[2024-12-05T19:14:20.723+0000] {select_distinct_brands_categories.py:266} INFO - Новые уникальные категории добавлены в 'DDS.unique_categories': 3 записей.
[2024-12-05T19:14:20.907+0000] {select_distinct_brands_categories.py:277} INFO - Количество категорий в целевой таблице после вставки: 129
[2024-12-05T19:14:20.908+0000] {select_distinct_brands_categories.py:287} INFO - Курсор закрыт.
[2024-12-05T19:14:20.908+0000] {select_distinct_brands_categories.py:290} INFO - Соединение с PostgreSQL закрыто.
[2024-12-05T19:14:20.909+0000] {python.py:240} INFO - Done. Returned value was: None
[2024-12-05T19:14:20.915+0000] {taskinstance.py:340} INFO - ::group::Post task execution logs
[2024-12-05T19:14:20.916+0000] {taskinstance.py:352} INFO - Marking task as SUCCESS. dag_id=extract_unique_values, task_id=create_unique_categories, run_id=manual__2024-12-05T19:14:14.437507+00:00, execution_date=20241205T191414, start_date=20241205T191419, end_date=20241205T191420
[2024-12-05T19:14:20.958+0000] {local_task_job_runner.py:266} INFO - Task exited with return code 0
[2024-12-05T19:14:20.975+0000] {taskinstance.py:3895} INFO - 1 downstream tasks scheduled from follow-on schedule check
[2024-12-05T19:14:20.978+0000] {local_task_job_runner.py:245} INFO - ::endgroup::
