[2024-12-05T18:21:28.246+0000] {local_task_job_runner.py:123} INFO - ::group::Pre task execution logs
[2024-12-05T18:21:28.256+0000] {taskinstance.py:2613} INFO - Dependencies all met for dep_context=non-requeueable deps ti=<TaskInstance: extract_tables.set_vars manual__2024-12-05T18:20:10.914482+00:00 [queued]>
[2024-12-05T18:21:28.261+0000] {taskinstance.py:2613} INFO - Dependencies all met for dep_context=requeueable deps ti=<TaskInstance: extract_tables.set_vars manual__2024-12-05T18:20:10.914482+00:00 [queued]>
[2024-12-05T18:21:28.262+0000] {taskinstance.py:2866} INFO - Starting attempt 1 of 1
[2024-12-05T18:21:28.271+0000] {taskinstance.py:2889} INFO - Executing <Task(PythonOperator): set_vars> on 2024-12-05 18:20:10.914482+00:00
[2024-12-05T18:21:28.278+0000] {warnings.py:112} WARNING - /home/***/.local/lib/python3.12/site-packages/***/task/task_runner/standard_task_runner.py:70: DeprecationWarning: This process (pid=831) is multi-threaded, use of fork() may lead to deadlocks in the child.
  pid = os.fork()

[2024-12-05T18:21:28.279+0000] {standard_task_runner.py:72} INFO - Started process 833 to run task
[2024-12-05T18:21:28.279+0000] {standard_task_runner.py:104} INFO - Running: ['***', 'tasks', 'run', 'extract_tables', 'set_vars', 'manual__2024-12-05T18:20:10.914482+00:00', '--job-id', '374', '--raw', '--subdir', 'DAGS_FOLDER/extract_tables.py', '--cfg-path', '/tmp/tmpvtli7fww']
[2024-12-05T18:21:28.281+0000] {standard_task_runner.py:105} INFO - Job 374: Subtask set_vars
[2024-12-05T18:21:28.312+0000] {task_command.py:467} INFO - Running <TaskInstance: extract_tables.set_vars manual__2024-12-05T18:20:10.914482+00:00 [running]> on host 886abab866d2
[2024-12-05T18:21:28.486+0000] {taskinstance.py:3132} INFO - Exporting env vars: AIRFLOW_CTX_DAG_OWNER='artzsh' AIRFLOW_CTX_DAG_ID='extract_tables' AIRFLOW_CTX_TASK_ID='set_vars' AIRFLOW_CTX_EXECUTION_DATE='2024-12-05T18:20:10.914482+00:00' AIRFLOW_CTX_TRY_NUMBER='1' AIRFLOW_CTX_DAG_RUN_ID='manual__2024-12-05T18:20:10.914482+00:00'
[2024-12-05T18:21:28.487+0000] {taskinstance.py:731} INFO - ::endgroup::
[2024-12-05T18:21:28.503+0000] {crypto.py:82} WARNING - empty cryptography key - values will not be stored encrypted.
[2024-12-05T18:21:28.507+0000] {python.py:240} INFO - Done. Returned value was: None
[2024-12-05T18:21:28.512+0000] {taskinstance.py:340} INFO - ::group::Post task execution logs
[2024-12-05T18:21:28.513+0000] {taskinstance.py:352} INFO - Marking task as SUCCESS. dag_id=extract_tables, task_id=set_vars, run_id=manual__2024-12-05T18:20:10.914482+00:00, execution_date=20241205T182010, start_date=20241205T182128, end_date=20241205T182128
[2024-12-05T18:21:28.534+0000] {local_task_job_runner.py:266} INFO - Task exited with return code 0
[2024-12-05T18:21:28.546+0000] {taskinstance.py:3895} INFO - 1 downstream tasks scheduled from follow-on schedule check
[2024-12-05T18:21:28.549+0000] {local_task_job_runner.py:245} INFO - ::endgroup::
