[2024-12-06T15:22:27.388+0000] {local_task_job_runner.py:123} INFO - ::group::Pre task execution logs
[2024-12-06T15:22:27.399+0000] {taskinstance.py:2613} INFO - Dependencies all met for dep_context=non-requeueable deps ti=<TaskInstance: insert_cleaned_data.set_vars manual__2024-12-06T15:14:28.637803+00:00 [queued]>
[2024-12-06T15:22:27.406+0000] {taskinstance.py:2613} INFO - Dependencies all met for dep_context=requeueable deps ti=<TaskInstance: insert_cleaned_data.set_vars manual__2024-12-06T15:14:28.637803+00:00 [queued]>
[2024-12-06T15:22:27.406+0000] {taskinstance.py:2866} INFO - Starting attempt 1 of 4
[2024-12-06T15:22:27.416+0000] {taskinstance.py:2889} INFO - Executing <Task(PythonOperator): set_vars> on 2024-12-06 15:14:28.637803+00:00
[2024-12-06T15:22:27.422+0000] {warnings.py:112} WARNING - /home/***/.local/lib/python3.12/site-packages/***/task/task_runner/standard_task_runner.py:70: DeprecationWarning: This process (pid=2841) is multi-threaded, use of fork() may lead to deadlocks in the child.
  pid = os.fork()

[2024-12-06T15:22:27.423+0000] {standard_task_runner.py:104} INFO - Running: ['***', 'tasks', 'run', 'insert_cleaned_data', 'set_vars', 'manual__2024-12-06T15:14:28.637803+00:00', '--job-id', '2001', '--raw', '--subdir', 'DAGS_FOLDER/insert_cleaned_data.py', '--cfg-path', '/tmp/tmpyc0w70ep']
[2024-12-06T15:22:27.424+0000] {standard_task_runner.py:72} INFO - Started process 2842 to run task
[2024-12-06T15:22:27.424+0000] {standard_task_runner.py:105} INFO - Job 2001: Subtask set_vars
[2024-12-06T15:22:27.456+0000] {task_command.py:467} INFO - Running <TaskInstance: insert_cleaned_data.set_vars manual__2024-12-06T15:14:28.637803+00:00 [running]> on host cb0074367deb
[2024-12-06T15:22:27.502+0000] {taskinstance.py:3132} INFO - Exporting env vars: AIRFLOW_CTX_DAG_OWNER='artzsh' AIRFLOW_CTX_DAG_ID='insert_cleaned_data' AIRFLOW_CTX_TASK_ID='set_vars' AIRFLOW_CTX_EXECUTION_DATE='2024-12-06T15:14:28.637803+00:00' AIRFLOW_CTX_TRY_NUMBER='1' AIRFLOW_CTX_DAG_RUN_ID='manual__2024-12-06T15:14:28.637803+00:00'
[2024-12-06T15:22:27.503+0000] {taskinstance.py:731} INFO - ::endgroup::
[2024-12-06T15:22:27.523+0000] {crypto.py:82} WARNING - empty cryptography key - values will not be stored encrypted.
[2024-12-06T15:22:27.528+0000] {insert_cleaned_data.py:106} INFO - Обновлён dm_var до 2
[2024-12-06T15:22:27.528+0000] {python.py:240} INFO - Done. Returned value was: None
[2024-12-06T15:22:27.533+0000] {taskinstance.py:340} INFO - ::group::Post task execution logs
[2024-12-06T15:22:27.533+0000] {taskinstance.py:352} INFO - Marking task as SUCCESS. dag_id=insert_cleaned_data, task_id=set_vars, run_id=manual__2024-12-06T15:14:28.637803+00:00, execution_date=20241206T151428, start_date=20241206T152227, end_date=20241206T152227
[2024-12-06T15:22:27.558+0000] {local_task_job_runner.py:266} INFO - Task exited with return code 0
[2024-12-06T15:22:27.569+0000] {taskinstance.py:3895} INFO - 1 downstream tasks scheduled from follow-on schedule check
[2024-12-06T15:22:27.572+0000] {local_task_job_runner.py:245} INFO - ::endgroup::
