[2024-12-06T15:50:41.642+0000] {local_task_job_runner.py:123} INFO - ::group::Pre task execution logs
[2024-12-06T15:50:41.654+0000] {taskinstance.py:2613} INFO - Dependencies all met for dep_context=non-requeueable deps ti=<TaskInstance: insert_cleaned_data.insert_cleaned_data manual__2024-12-06T15:50:37.944817+00:00 [queued]>
[2024-12-06T15:50:41.661+0000] {taskinstance.py:2613} INFO - Dependencies all met for dep_context=requeueable deps ti=<TaskInstance: insert_cleaned_data.insert_cleaned_data manual__2024-12-06T15:50:37.944817+00:00 [queued]>
[2024-12-06T15:50:41.661+0000] {taskinstance.py:2866} INFO - Starting attempt 1 of 4
[2024-12-06T15:50:41.672+0000] {taskinstance.py:2889} INFO - Executing <Task(PostgresOperator): insert_cleaned_data> on 2024-12-06 15:50:37.944817+00:00
[2024-12-06T15:50:41.677+0000] {warnings.py:112} WARNING - /home/***/.local/lib/python3.12/site-packages/***/task/task_runner/standard_task_runner.py:70: DeprecationWarning: This process (pid=3355) is multi-threaded, use of fork() may lead to deadlocks in the child.
  pid = os.fork()

[2024-12-06T15:50:41.678+0000] {standard_task_runner.py:72} INFO - Started process 3356 to run task
[2024-12-06T15:50:41.679+0000] {standard_task_runner.py:104} INFO - Running: ['***', 'tasks', 'run', 'insert_cleaned_data', 'insert_cleaned_data', 'manual__2024-12-06T15:50:37.944817+00:00', '--job-id', '2046', '--raw', '--subdir', 'DAGS_FOLDER/insert_cleaned_data.py', '--cfg-path', '/tmp/tmp1f3gkedh']
[2024-12-06T15:50:41.679+0000] {standard_task_runner.py:105} INFO - Job 2046: Subtask insert_cleaned_data
[2024-12-06T15:50:41.713+0000] {task_command.py:467} INFO - Running <TaskInstance: insert_cleaned_data.insert_cleaned_data manual__2024-12-06T15:50:37.944817+00:00 [running]> on host cb0074367deb
[2024-12-06T15:50:41.784+0000] {taskinstance.py:3132} INFO - Exporting env vars: AIRFLOW_CTX_DAG_OWNER='artzsh' AIRFLOW_CTX_DAG_ID='insert_cleaned_data' AIRFLOW_CTX_TASK_ID='insert_cleaned_data' AIRFLOW_CTX_EXECUTION_DATE='2024-12-06T15:50:37.944817+00:00' AIRFLOW_CTX_TRY_NUMBER='1' AIRFLOW_CTX_DAG_RUN_ID='manual__2024-12-06T15:50:37.944817+00:00'
[2024-12-06T15:50:41.785+0000] {taskinstance.py:731} INFO - ::endgroup::
[2024-12-06T15:50:41.794+0000] {sql.py:278} INFO - Executing: 
        INSERT INTO "DDS"."final_table" (
            event_time, 
            event_type, 
            product_id, 
            category_id, 
            category_code, 
            brand, 
            price, 
            user_id, 
            user_session
        )
        SELECT 
            st.event_time, 
            st.event_type, 
            st.product_id, 
            st.category_id, 
            st.category_code, 
            st.brand, 
            st.price, 
            st.user_id, 
            st.user_session
        FROM "DDS-STG"."eCommerce_Apr" st
        JOIN "DDS"."brand_category_mapping_final" bcm
          ON st.brand = bcm.brand
         AND st.category_code = bcm.category_code;
    
[2024-12-06T15:50:41.801+0000] {base.py:84} INFO - Retrieving connection 'database_cloud'
[2024-12-06T15:50:41.807+0000] {base.py:84} INFO - Retrieving connection 'database_cloud'
[2024-12-06T15:50:41.876+0000] {sql.py:544} INFO - Running statement: 
        INSERT INTO "DDS"."final_table" (
            event_time, 
            event_type, 
            product_id, 
            category_id, 
            category_code, 
            brand, 
            price, 
            user_id, 
            user_session
        )
        SELECT 
            st.event_time, 
            st.event_type, 
            st.product_id, 
            st.category_id, 
            st.category_code, 
            st.brand, 
            st.price, 
            st.user_id, 
            st.user_session
        FROM "DDS-STG"."eCommerce_Apr" st
        JOIN "DDS"."brand_category_mapping_final" bcm
          ON st.brand = bcm.brand
         AND st.category_code = bcm.category_code;
    , parameters: None
[2024-12-06T15:50:56.825+0000] {local_task_job_runner.py:346} WARNING - State of this instance has been externally set to failed. Terminating instance.
[2024-12-06T15:50:56.826+0000] {local_task_job_runner.py:245} INFO - ::endgroup::
[2024-12-06T15:50:56.827+0000] {process_utils.py:132} INFO - Sending 15 to group 3356. PIDs of all processes in the group: [3356]
[2024-12-06T15:50:56.827+0000] {process_utils.py:87} INFO - Sending the signal 15 to group 3356
[2024-12-06T15:51:56.851+0000] {process_utils.py:150} WARNING - process psutil.Process(pid=3356, name='airflow task ru', status='sleeping', started='15:50:41') did not respond to SIGTERM. Trying SIGKILL
[2024-12-06T15:51:56.852+0000] {process_utils.py:87} INFO - Sending the signal 9 to group 3356
[2024-12-06T15:51:56.859+0000] {process_utils.py:80} INFO - Process psutil.Process(pid=3356, name='airflow task ru', status='terminated', exitcode=<Negsignal.SIGKILL: -9>, started='15:50:41') (3356) terminated with exit code -9
[2024-12-06T15:51:56.860+0000] {standard_task_runner.py:190} ERROR - ('Job 2046 was killed before it finished (likely due to running out of memory)', 'For more information, see https://***.apache.org/docs/apache-***/stable/troubleshooting.html#LocalTaskJob-killed')
