[2024-11-30T19:08:46.311+0000] {local_task_job_runner.py:123} INFO - ::group::Pre task execution logs
[2024-11-30T19:08:46.326+0000] {taskinstance.py:2613} INFO - Dependencies all met for dep_context=non-requeueable deps ti=<TaskInstance: extract_tables.set_vars scheduled__2024-11-29T00:00:00+00:00 [queued]>
[2024-11-30T19:08:46.334+0000] {taskinstance.py:2613} INFO - Dependencies all met for dep_context=requeueable deps ti=<TaskInstance: extract_tables.set_vars scheduled__2024-11-29T00:00:00+00:00 [queued]>
[2024-11-30T19:08:46.335+0000] {taskinstance.py:2866} INFO - Starting attempt 1 of 1
[2024-11-30T19:08:46.348+0000] {taskinstance.py:2889} INFO - Executing <Task(PythonOperator): set_vars> on 2024-11-29 00:00:00+00:00
[2024-11-30T19:08:46.355+0000] {warnings.py:112} WARNING - /home/***/.local/lib/python3.12/site-packages/***/task/task_runner/standard_task_runner.py:70: DeprecationWarning: This process (pid=152) is multi-threaded, use of fork() may lead to deadlocks in the child.
  pid = os.fork()

[2024-11-30T19:08:46.359+0000] {standard_task_runner.py:72} INFO - Started process 161 to run task
[2024-11-30T19:08:46.357+0000] {standard_task_runner.py:104} INFO - Running: ['***', 'tasks', 'run', 'extract_tables', 'set_vars', 'scheduled__2024-11-29T00:00:00+00:00', '--job-id', '64', '--raw', '--subdir', 'DAGS_FOLDER/extract_tables.py', '--cfg-path', '/tmp/tmphj_eskqh']
[2024-11-30T19:08:46.360+0000] {standard_task_runner.py:105} INFO - Job 64: Subtask set_vars
[2024-11-30T19:08:46.405+0000] {task_command.py:467} INFO - Running <TaskInstance: extract_tables.set_vars scheduled__2024-11-29T00:00:00+00:00 [running]> on host b6d44e76794e
[2024-11-30T19:08:46.748+0000] {taskinstance.py:3132} INFO - Exporting env vars: AIRFLOW_CTX_DAG_OWNER='artzsh' AIRFLOW_CTX_DAG_ID='extract_tables' AIRFLOW_CTX_TASK_ID='set_vars' AIRFLOW_CTX_EXECUTION_DATE='2024-11-29T00:00:00+00:00' AIRFLOW_CTX_TRY_NUMBER='1' AIRFLOW_CTX_DAG_RUN_ID='scheduled__2024-11-29T00:00:00+00:00'
[2024-11-30T19:08:46.750+0000] {taskinstance.py:731} INFO - ::endgroup::
[2024-11-30T19:08:46.777+0000] {crypto.py:82} WARNING - empty cryptography key - values will not be stored encrypted.
[2024-11-30T19:08:46.784+0000] {python.py:240} INFO - Done. Returned value was: None
[2024-11-30T19:08:46.793+0000] {taskinstance.py:340} INFO - ::group::Post task execution logs
[2024-11-30T19:08:46.794+0000] {taskinstance.py:352} INFO - Marking task as SUCCESS. dag_id=extract_tables, task_id=set_vars, run_id=scheduled__2024-11-29T00:00:00+00:00, execution_date=20241129T000000, start_date=20241130T190846, end_date=20241130T190846
[2024-11-30T19:08:46.856+0000] {local_task_job_runner.py:266} INFO - Task exited with return code 0
[2024-11-30T19:08:46.872+0000] {taskinstance.py:3895} INFO - 1 downstream tasks scheduled from follow-on schedule check
[2024-11-30T19:08:46.875+0000] {local_task_job_runner.py:245} INFO - ::endgroup::
