[2024-11-27T18:38:02.917+0000] {local_task_job_runner.py:123} INFO - ::group::Pre task execution logs
[2024-11-27T18:38:02.949+0000] {taskinstance.py:2613} INFO - Dependencies all met for dep_context=non-requeueable deps ti=<TaskInstance: extract_tables.set_vars scheduled__2024-11-26T00:00:00+00:00 [queued]>
[2024-11-27T18:38:02.967+0000] {taskinstance.py:2613} INFO - Dependencies all met for dep_context=requeueable deps ti=<TaskInstance: extract_tables.set_vars scheduled__2024-11-26T00:00:00+00:00 [queued]>
[2024-11-27T18:38:02.969+0000] {taskinstance.py:2866} INFO - Starting attempt 1 of 1
[2024-11-27T18:38:02.991+0000] {taskinstance.py:2889} INFO - Executing <Task(PythonOperator): set_vars> on 2024-11-26 00:00:00+00:00
[2024-11-27T18:38:03.002+0000] {warnings.py:112} WARNING - /home/***/.local/lib/python3.12/site-packages/***/task/task_runner/standard_task_runner.py:70: DeprecationWarning: This process (pid=123) is multi-threaded, use of fork() may lead to deadlocks in the child.
  pid = os.fork()

[2024-11-27T18:38:03.006+0000] {standard_task_runner.py:72} INFO - Started process 125 to run task
[2024-11-27T18:38:03.005+0000] {standard_task_runner.py:104} INFO - Running: ['***', 'tasks', 'run', 'extract_tables', 'set_vars', 'scheduled__2024-11-26T00:00:00+00:00', '--job-id', '14', '--raw', '--subdir', 'DAGS_FOLDER/extract_tables.py', '--cfg-path', '/tmp/tmpbdl5ccqx']
[2024-11-27T18:38:03.010+0000] {standard_task_runner.py:105} INFO - Job 14: Subtask set_vars
[2024-11-27T18:38:03.078+0000] {task_command.py:467} INFO - Running <TaskInstance: extract_tables.set_vars scheduled__2024-11-26T00:00:00+00:00 [running]> on host b6d44e76794e
[2024-11-27T18:38:03.258+0000] {taskinstance.py:3132} INFO - Exporting env vars: AIRFLOW_CTX_DAG_OWNER='artzsh' AIRFLOW_CTX_DAG_ID='extract_tables' AIRFLOW_CTX_TASK_ID='set_vars' AIRFLOW_CTX_EXECUTION_DATE='2024-11-26T00:00:00+00:00' AIRFLOW_CTX_TRY_NUMBER='1' AIRFLOW_CTX_DAG_RUN_ID='scheduled__2024-11-26T00:00:00+00:00'
[2024-11-27T18:38:03.259+0000] {taskinstance.py:731} INFO - ::endgroup::
[2024-11-27T18:38:03.277+0000] {crypto.py:82} WARNING - empty cryptography key - values will not be stored encrypted.
[2024-11-27T18:38:03.280+0000] {python.py:240} INFO - Done. Returned value was: None
[2024-11-27T18:38:03.287+0000] {taskinstance.py:340} INFO - ::group::Post task execution logs
[2024-11-27T18:38:03.288+0000] {taskinstance.py:352} INFO - Marking task as SUCCESS. dag_id=extract_tables, task_id=set_vars, run_id=scheduled__2024-11-26T00:00:00+00:00, execution_date=20241126T000000, start_date=20241127T183802, end_date=20241127T183803
[2024-11-27T18:38:03.303+0000] {local_task_job_runner.py:266} INFO - Task exited with return code 0
[2024-11-27T18:38:03.317+0000] {taskinstance.py:3895} INFO - 1 downstream tasks scheduled from follow-on schedule check
[2024-11-27T18:38:03.320+0000] {local_task_job_runner.py:245} INFO - ::endgroup::
