[2024-12-05T19:14:35.249+0000] {local_task_job_runner.py:123} INFO - ::group::Pre task execution logs
[2024-12-05T19:14:35.260+0000] {taskinstance.py:2613} INFO - Dependencies all met for dep_context=non-requeueable deps ti=<TaskInstance: extract_unique_values.get_vars manual__2024-12-05T19:14:33.548737+00:00 [queued]>
[2024-12-05T19:14:35.266+0000] {taskinstance.py:2613} INFO - Dependencies all met for dep_context=requeueable deps ti=<TaskInstance: extract_unique_values.get_vars manual__2024-12-05T19:14:33.548737+00:00 [queued]>
[2024-12-05T19:14:35.267+0000] {taskinstance.py:2866} INFO - Starting attempt 1 of 4
[2024-12-05T19:14:35.278+0000] {taskinstance.py:2889} INFO - Executing <Task(PythonOperator): get_vars> on 2024-12-05 19:14:33.548737+00:00
[2024-12-05T19:14:35.283+0000] {warnings.py:112} WARNING - /home/***/.local/lib/python3.12/site-packages/***/task/task_runner/standard_task_runner.py:70: DeprecationWarning: This process (pid=986) is multi-threaded, use of fork() may lead to deadlocks in the child.
  pid = os.fork()

[2024-12-05T19:14:35.285+0000] {standard_task_runner.py:72} INFO - Started process 987 to run task
[2024-12-05T19:14:35.285+0000] {standard_task_runner.py:104} INFO - Running: ['***', 'tasks', 'run', 'extract_unique_values', 'get_vars', 'manual__2024-12-05T19:14:33.548737+00:00', '--job-id', '496', '--raw', '--subdir', 'DAGS_FOLDER/select_distinct_brands_categories.py', '--cfg-path', '/tmp/tmpbh9f26df']
[2024-12-05T19:14:35.285+0000] {standard_task_runner.py:105} INFO - Job 496: Subtask get_vars
[2024-12-05T19:14:35.319+0000] {task_command.py:467} INFO - Running <TaskInstance: extract_unique_values.get_vars manual__2024-12-05T19:14:33.548737+00:00 [running]> on host c7780884450d
[2024-12-05T19:14:35.380+0000] {taskinstance.py:3132} INFO - Exporting env vars: AIRFLOW_CTX_DAG_OWNER='artzsh' AIRFLOW_CTX_DAG_ID='extract_unique_values' AIRFLOW_CTX_TASK_ID='get_vars' AIRFLOW_CTX_EXECUTION_DATE='2024-12-05T19:14:33.548737+00:00' AIRFLOW_CTX_TRY_NUMBER='1' AIRFLOW_CTX_DAG_RUN_ID='manual__2024-12-05T19:14:33.548737+00:00'
[2024-12-05T19:14:35.381+0000] {taskinstance.py:731} INFO - ::endgroup::
[2024-12-05T19:14:35.395+0000] {select_distinct_brands_categories.py:29} INFO - Текущий ключ: distinct_var=4
[2024-12-05T19:14:35.414+0000] {select_distinct_brands_categories.py:38} INFO - Получены переменные: distinct_var=4, tables_json={'1': {'dataset_url': 'https://data.rees46.com/datasets/marketplace/2019-Oct.csv.gz', 'table_name': 'eCommerce_Oct', 'brands_table_name': 'brands_Oct', 'categories_table_name': 'categories_Oct'}, '2': {'dataset_url': 'https://data.rees46.com/datasets/marketplace/2019-Nov.csv.gz', 'table_name': 'eCommerce_Nov', 'brands_table_name': 'brands_Nov', 'categories_table_name': 'categories_Nov'}, '3': {'dataset_url': 'https://data.rees46.com/datasets/marketplace/2019-Dec.csv.gz', 'table_name': 'eCommerce_Dec', 'brands_table_name': 'brands_Dec', 'categories_table_name': 'categories_Dec'}, '4': {'dataset_url': 'https://data.rees46.com/datasets/marketplace/2020-Jan.csv.gz', 'table_name': 'eCommerce_Jan', 'brands_table_name': 'brands_Jan', 'categories_table_name': 'categories_Jan'}, '5': {'dataset_url': 'https://data.rees46.com/datasets/marketplace/2020-Feb.csv.gz', 'table_name': 'eCommerce_Feb', 'brands_table_name': 'brands_Feb', 'categories_table_name': 'categories_Feb'}, '6': {'dataset_url': 'https://data.rees46.com/datasets/marketplace/2020-Mar.csv.gz', 'table_name': 'eCommerce_Mar', 'brands_table_name': 'brands_Mar', 'categories_table_name': 'categories_Mar'}, '7': {'dataset_url': 'https://data.rees46.com/datasets/marketplace/2020-Apr.csv.gz', 'table_name': 'eCommerce_Apr', 'brands_table_name': 'brands_Apr', 'categories_table_name': 'categories_Apr'}}
[2024-12-05T19:14:35.415+0000] {python.py:240} INFO - Done. Returned value was: None
[2024-12-05T19:14:35.421+0000] {taskinstance.py:340} INFO - ::group::Post task execution logs
[2024-12-05T19:14:35.421+0000] {taskinstance.py:352} INFO - Marking task as SUCCESS. dag_id=extract_unique_values, task_id=get_vars, run_id=manual__2024-12-05T19:14:33.548737+00:00, execution_date=20241205T191433, start_date=20241205T191435, end_date=20241205T191435
[2024-12-05T19:14:35.459+0000] {local_task_job_runner.py:266} INFO - Task exited with return code 0
[2024-12-05T19:14:35.477+0000] {taskinstance.py:3895} INFO - 1 downstream tasks scheduled from follow-on schedule check
[2024-12-05T19:14:35.481+0000] {local_task_job_runner.py:245} INFO - ::endgroup::
