[2024-12-12T07:55:46.627+0000] {local_task_job_runner.py:123} INFO - ::group::Pre task execution logs
[2024-12-12T07:55:46.655+0000] {taskinstance.py:2613} INFO - Dependencies all met for dep_context=non-requeueable deps ti=<TaskInstance: create_dm_tables.create_conversion_rates_holidays manual__2024-12-12T07:55:45.369557+00:00 [queued]>
[2024-12-12T07:55:46.670+0000] {taskinstance.py:2613} INFO - Dependencies all met for dep_context=requeueable deps ti=<TaskInstance: create_dm_tables.create_conversion_rates_holidays manual__2024-12-12T07:55:45.369557+00:00 [queued]>
[2024-12-12T07:55:46.671+0000] {taskinstance.py:2866} INFO - Starting attempt 1 of 4
[2024-12-12T07:55:46.697+0000] {taskinstance.py:2889} INFO - Executing <Task(PostgresOperator): create_conversion_rates_holidays> on 2024-12-12 07:55:45.369557+00:00
[2024-12-12T07:55:46.711+0000] {warnings.py:112} WARNING - /home/***/.local/lib/python3.12/site-packages/***/task/task_runner/standard_task_runner.py:70: DeprecationWarning: This process (pid=83) is multi-threaded, use of fork() may lead to deadlocks in the child.
  pid = os.fork()

[2024-12-12T07:55:46.715+0000] {standard_task_runner.py:72} INFO - Started process 84 to run task
[2024-12-12T07:55:46.714+0000] {standard_task_runner.py:104} INFO - Running: ['***', 'tasks', 'run', 'create_dm_tables', 'create_conversion_rates_holidays', 'manual__2024-12-12T07:55:45.369557+00:00', '--job-id', '2057', '--raw', '--subdir', 'DAGS_FOLDER/create_dm_tables.py', '--cfg-path', '/tmp/tmpylww6y7r']
[2024-12-12T07:55:46.717+0000] {standard_task_runner.py:105} INFO - Job 2057: Subtask create_conversion_rates_holidays
[2024-12-12T07:55:46.785+0000] {task_command.py:467} INFO - Running <TaskInstance: create_dm_tables.create_conversion_rates_holidays manual__2024-12-12T07:55:45.369557+00:00 [running]> on host eed3c171fcd4
[2024-12-12T07:55:46.849+0000] {taskinstance.py:3132} INFO - Exporting env vars: AIRFLOW_CTX_DAG_OWNER='artzsh' AIRFLOW_CTX_DAG_ID='create_dm_tables' AIRFLOW_CTX_TASK_ID='create_conversion_rates_holidays' AIRFLOW_CTX_EXECUTION_DATE='2024-12-12T07:55:45.369557+00:00' AIRFLOW_CTX_TRY_NUMBER='1' AIRFLOW_CTX_DAG_RUN_ID='manual__2024-12-12T07:55:45.369557+00:00'
[2024-12-12T07:55:46.850+0000] {taskinstance.py:731} INFO - ::endgroup::
[2024-12-12T07:55:46.875+0000] {sql.py:278} INFO - Executing: 
            CREATE TABLE DM.conversion_rates_holidays AS
            WITH RankedEvents AS ( 
                SELECT 
                    ft.user_id, 
                    ft.user_session, 
                    ft.event_time, 
                    ft.event_type, 
                    ft.product_id 
                FROM DDS.final_table ft 
                JOIN DDS.holidays h ON ft.event_time BETWEEN h.start_date AND h.end_date 
                WHERE h.holiday IN ('New Year', 'Black Friday', 'Valentines Day', 'International Womens Day', 'Defender of the Fatherland Day') 
                    AND ft.event_type IN ('cart', 'purchase') 
            ), 
            FilteredEvents AS ( 
                SELECT 
                    user_id, 
                    user_session, 
                    product_id, 
                    MIN(CASE WHEN event_type = 'cart' THEN event_time END) as added_to_cart_time, 
                    MAX(CASE WHEN event_type = 'purchase' THEN event_time END) as purchased_time 
                FROM RankedEvents 
                GROUP BY user_id, user_session, product_id 
                HAVING COUNT(*) = 2 
            ), 
            Purchase_Hol AS ( 
                SELECT count(*) as holpurchase_count 
                FROM FilteredEvents 
                WHERE added_to_cart_time < purchased_time 
            ), 
            Cart_Hol AS ( 
                SELECT count(*) as holcart_count 
                FROM DDS.final_table ft  
                JOIN DDS.holidays h ON ft.event_time BETWEEN h.start_date AND h.end_date  
                WHERE h.holiday IN ('Black Friday', 'New Year', 'Valentines Day', 'International Womens Day', 'Defender of the Fatherland Day') 
                    AND ft.event_type = 'cart' 
            ), 
            Purchase_all AS ( 
                SELECT count(*) as overallpurchase 
                FROM DDS.final_table ft  
                WHERE ft.event_type = 'purchase' 
            ), 
            Cart_all AS ( 
                SELECT count(*) as overallcart 
                FROM DDS.final_table ft  
                WHERE ft.event_type = 'cart' 
            ) 
            SELECT 
                (holpurchase_count::numeric / holcart_count) as holiday_conversion,  
                ((overallpurchase - holpurchase_count)::numeric / (overallcart - holcart_count)) as overall_conversion 
            FROM Purchase_Hol, Cart_Hol, Purchase_all, Cart_all;
        
[2024-12-12T07:55:46.882+0000] {base.py:84} INFO - Retrieving connection 'database_cloud'
[2024-12-12T07:55:46.891+0000] {base.py:84} INFO - Retrieving connection 'database_cloud'
[2024-12-12T07:55:47.617+0000] {sql.py:544} INFO - Running statement: 
            CREATE TABLE DM.conversion_rates_holidays AS
            WITH RankedEvents AS ( 
                SELECT 
                    ft.user_id, 
                    ft.user_session, 
                    ft.event_time, 
                    ft.event_type, 
                    ft.product_id 
                FROM DDS.final_table ft 
                JOIN DDS.holidays h ON ft.event_time BETWEEN h.start_date AND h.end_date 
                WHERE h.holiday IN ('New Year', 'Black Friday', 'Valentines Day', 'International Womens Day', 'Defender of the Fatherland Day') 
                    AND ft.event_type IN ('cart', 'purchase') 
            ), 
            FilteredEvents AS ( 
                SELECT 
                    user_id, 
                    user_session, 
                    product_id, 
                    MIN(CASE WHEN event_type = 'cart' THEN event_time END) as added_to_cart_time, 
                    MAX(CASE WHEN event_type = 'purchase' THEN event_time END) as purchased_time 
                FROM RankedEvents 
                GROUP BY user_id, user_session, product_id 
                HAVING COUNT(*) = 2 
            ), 
            Purchase_Hol AS ( 
                SELECT count(*) as holpurchase_count 
                FROM FilteredEvents 
                WHERE added_to_cart_time < purchased_time 
            ), 
            Cart_Hol AS ( 
                SELECT count(*) as holcart_count 
                FROM DDS.final_table ft  
                JOIN DDS.holidays h ON ft.event_time BETWEEN h.start_date AND h.end_date  
                WHERE h.holiday IN ('Black Friday', 'New Year', 'Valentines Day', 'International Womens Day', 'Defender of the Fatherland Day') 
                    AND ft.event_type = 'cart' 
            ), 
            Purchase_all AS ( 
                SELECT count(*) as overallpurchase 
                FROM DDS.final_table ft  
                WHERE ft.event_type = 'purchase' 
            ), 
            Cart_all AS ( 
                SELECT count(*) as overallcart 
                FROM DDS.final_table ft  
                WHERE ft.event_type = 'cart' 
            ) 
            SELECT 
                (holpurchase_count::numeric / holcart_count) as holiday_conversion,  
                ((overallpurchase - holpurchase_count)::numeric / (overallcart - holcart_count)) as overall_conversion 
            FROM Purchase_Hol, Cart_Hol, Purchase_all, Cart_all;
        , parameters: None
[2024-12-12T07:55:47.843+0000] {taskinstance.py:3311} ERROR - Task failed with exception
Traceback (most recent call last):
  File "/home/airflow/.local/lib/python3.12/site-packages/airflow/models/taskinstance.py", line 767, in _execute_task
    result = _execute_callable(context=context, **execute_callable_kwargs)
             ^^^^^^^^^^^^^^^^^^^^^^^^^^^^^^^^^^^^^^^^^^^^^^^^^^^^^^^^^^^^^
  File "/home/airflow/.local/lib/python3.12/site-packages/airflow/models/taskinstance.py", line 733, in _execute_callable
    return ExecutionCallableRunner(
           ^^^^^^^^^^^^^^^^^^^^^^^^
  File "/home/airflow/.local/lib/python3.12/site-packages/airflow/utils/operator_helpers.py", line 252, in run
    return self.func(*args, **kwargs)
           ^^^^^^^^^^^^^^^^^^^^^^^^^^
  File "/home/airflow/.local/lib/python3.12/site-packages/airflow/models/baseoperator.py", line 417, in wrapper
    return func(self, *args, **kwargs)
           ^^^^^^^^^^^^^^^^^^^^^^^^^^^
  File "/home/airflow/.local/lib/python3.12/site-packages/airflow/providers/common/sql/operators/sql.py", line 284, in execute
    output = hook.run(
             ^^^^^^^^^
  File "/home/airflow/.local/lib/python3.12/site-packages/airflow/providers/common/sql/hooks/sql.py", line 489, in run
    self._run_command(cur, sql_statement, parameters)
  File "/home/airflow/.local/lib/python3.12/site-packages/airflow/providers/common/sql/hooks/sql.py", line 549, in _run_command
    cur.execute(sql_statement)
psycopg2.errors.UndefinedTable: relation "dds.final_table" does not exist
LINE 10:                 FROM DDS.final_table ft 
                              ^

[2024-12-12T07:55:47.865+0000] {taskinstance.py:1225} INFO - Marking task as UP_FOR_RETRY. dag_id=create_dm_tables, task_id=create_conversion_rates_holidays, run_id=manual__2024-12-12T07:55:45.369557+00:00, execution_date=20241212T075545, start_date=20241212T075546, end_date=20241212T075547
[2024-12-12T07:55:47.895+0000] {taskinstance.py:340} INFO - ::group::Post task execution logs
[2024-12-12T07:55:47.896+0000] {standard_task_runner.py:124} ERROR - Failed to execute job 2057 for task create_conversion_rates_holidays (relation "dds.final_table" does not exist
LINE 10:                 FROM DDS.final_table ft 
                              ^
; 84)
Traceback (most recent call last):
  File "/home/airflow/.local/lib/python3.12/site-packages/airflow/task/task_runner/standard_task_runner.py", line 117, in _start_by_fork
    ret = args.func(args, dag=self.dag)
          ^^^^^^^^^^^^^^^^^^^^^^^^^^^^^
  File "/home/airflow/.local/lib/python3.12/site-packages/airflow/cli/cli_config.py", line 49, in command
    return func(*args, **kwargs)
           ^^^^^^^^^^^^^^^^^^^^^
  File "/home/airflow/.local/lib/python3.12/site-packages/airflow/utils/cli.py", line 116, in wrapper
    return f(*args, **kwargs)
           ^^^^^^^^^^^^^^^^^^
  File "/home/airflow/.local/lib/python3.12/site-packages/airflow/cli/commands/task_command.py", line 483, in task_run
    task_return_code = _run_task_by_selected_method(args, _dag, ti)
                       ^^^^^^^^^^^^^^^^^^^^^^^^^^^^^^^^^^^^^^^^^^^^
  File "/home/airflow/.local/lib/python3.12/site-packages/airflow/cli/commands/task_command.py", line 256, in _run_task_by_selected_method
    return _run_raw_task(args, ti)
           ^^^^^^^^^^^^^^^^^^^^^^^
  File "/home/airflow/.local/lib/python3.12/site-packages/airflow/cli/commands/task_command.py", line 341, in _run_raw_task
    return ti._run_raw_task(
           ^^^^^^^^^^^^^^^^^
  File "/home/airflow/.local/lib/python3.12/site-packages/airflow/utils/session.py", line 97, in wrapper
    return func(*args, session=session, **kwargs)
           ^^^^^^^^^^^^^^^^^^^^^^^^^^^^^^^^^^^^^^
  File "/home/airflow/.local/lib/python3.12/site-packages/airflow/models/taskinstance.py", line 3005, in _run_raw_task
    return _run_raw_task(
           ^^^^^^^^^^^^^^
  File "/home/airflow/.local/lib/python3.12/site-packages/airflow/models/taskinstance.py", line 273, in _run_raw_task
    TaskInstance._execute_task_with_callbacks(
  File "/home/airflow/.local/lib/python3.12/site-packages/airflow/models/taskinstance.py", line 3159, in _execute_task_with_callbacks
    result = self._execute_task(context, task_orig)
             ^^^^^^^^^^^^^^^^^^^^^^^^^^^^^^^^^^^^^^
  File "/home/airflow/.local/lib/python3.12/site-packages/airflow/models/taskinstance.py", line 3183, in _execute_task
    return _execute_task(self, context, task_orig)
           ^^^^^^^^^^^^^^^^^^^^^^^^^^^^^^^^^^^^^^^
  File "/home/airflow/.local/lib/python3.12/site-packages/airflow/models/taskinstance.py", line 767, in _execute_task
    result = _execute_callable(context=context, **execute_callable_kwargs)
             ^^^^^^^^^^^^^^^^^^^^^^^^^^^^^^^^^^^^^^^^^^^^^^^^^^^^^^^^^^^^^
  File "/home/airflow/.local/lib/python3.12/site-packages/airflow/models/taskinstance.py", line 733, in _execute_callable
    return ExecutionCallableRunner(
           ^^^^^^^^^^^^^^^^^^^^^^^^
  File "/home/airflow/.local/lib/python3.12/site-packages/airflow/utils/operator_helpers.py", line 252, in run
    return self.func(*args, **kwargs)
           ^^^^^^^^^^^^^^^^^^^^^^^^^^
  File "/home/airflow/.local/lib/python3.12/site-packages/airflow/models/baseoperator.py", line 417, in wrapper
    return func(self, *args, **kwargs)
           ^^^^^^^^^^^^^^^^^^^^^^^^^^^
  File "/home/airflow/.local/lib/python3.12/site-packages/airflow/providers/common/sql/operators/sql.py", line 284, in execute
    output = hook.run(
             ^^^^^^^^^
  File "/home/airflow/.local/lib/python3.12/site-packages/airflow/providers/common/sql/hooks/sql.py", line 489, in run
    self._run_command(cur, sql_statement, parameters)
  File "/home/airflow/.local/lib/python3.12/site-packages/airflow/providers/common/sql/hooks/sql.py", line 549, in _run_command
    cur.execute(sql_statement)
psycopg2.errors.UndefinedTable: relation "dds.final_table" does not exist
LINE 10:                 FROM DDS.final_table ft 
                              ^

[2024-12-12T07:55:47.936+0000] {local_task_job_runner.py:266} INFO - Task exited with return code 1
[2024-12-12T07:55:47.957+0000] {taskinstance.py:3895} INFO - 0 downstream tasks scheduled from follow-on schedule check
[2024-12-12T07:55:47.960+0000] {local_task_job_runner.py:245} INFO - ::endgroup::
