[2024-12-05T18:56:36.699+0000] {local_task_job_runner.py:123} INFO - ::group::Pre task execution logs
[2024-12-05T18:56:36.710+0000] {taskinstance.py:2613} INFO - Dependencies all met for dep_context=non-requeueable deps ti=<TaskInstance: extract_unique_values.create_unique_categories manual__2024-12-05T18:56:31.846831+00:00 [queued]>
[2024-12-05T18:56:36.716+0000] {taskinstance.py:2613} INFO - Dependencies all met for dep_context=requeueable deps ti=<TaskInstance: extract_unique_values.create_unique_categories manual__2024-12-05T18:56:31.846831+00:00 [queued]>
[2024-12-05T18:56:36.716+0000] {taskinstance.py:2866} INFO - Starting attempt 1 of 4
[2024-12-05T18:56:36.725+0000] {taskinstance.py:2889} INFO - Executing <Task(PythonOperator): create_unique_categories> on 2024-12-05 18:56:31.846831+00:00
[2024-12-05T18:56:36.730+0000] {warnings.py:112} WARNING - /home/***/.local/lib/python3.12/site-packages/***/task/task_runner/standard_task_runner.py:70: DeprecationWarning: This process (pid=552) is multi-threaded, use of fork() may lead to deadlocks in the child.
  pid = os.fork()

[2024-12-05T18:56:36.731+0000] {standard_task_runner.py:72} INFO - Started process 553 to run task
[2024-12-05T18:56:36.732+0000] {standard_task_runner.py:104} INFO - Running: ['***', 'tasks', 'run', 'extract_unique_values', 'create_unique_categories', 'manual__2024-12-05T18:56:31.846831+00:00', '--job-id', '434', '--raw', '--subdir', 'DAGS_FOLDER/select_distinct_brands_categories.py', '--cfg-path', '/tmp/tmphxm_qzp7']
[2024-12-05T18:56:36.733+0000] {standard_task_runner.py:105} INFO - Job 434: Subtask create_unique_categories
[2024-12-05T18:56:36.763+0000] {task_command.py:467} INFO - Running <TaskInstance: extract_unique_values.create_unique_categories manual__2024-12-05T18:56:31.846831+00:00 [running]> on host c7780884450d
[2024-12-05T18:56:36.817+0000] {taskinstance.py:3132} INFO - Exporting env vars: AIRFLOW_CTX_DAG_OWNER='artzsh' AIRFLOW_CTX_DAG_ID='extract_unique_values' AIRFLOW_CTX_TASK_ID='create_unique_categories' AIRFLOW_CTX_EXECUTION_DATE='2024-12-05T18:56:31.846831+00:00' AIRFLOW_CTX_TRY_NUMBER='1' AIRFLOW_CTX_DAG_RUN_ID='manual__2024-12-05T18:56:31.846831+00:00'
[2024-12-05T18:56:36.818+0000] {taskinstance.py:731} INFO - ::endgroup::
[2024-12-05T18:56:36.838+0000] {select_distinct_brands_categories.py:134} INFO - Обрабатываем ключ: 1
[2024-12-05T18:56:36.838+0000] {select_distinct_brands_categories.py:148} INFO - Источник категорий: DDS.categories_Oct
[2024-12-05T18:56:36.838+0000] {select_distinct_brands_categories.py:149} INFO - Целевая таблица категорий: DDS.unique_categories
[2024-12-05T18:56:36.844+0000] {base.py:84} INFO - Retrieving connection 'database_cloud'
[2024-12-05T18:56:37.471+0000] {select_distinct_brands_categories.py:170} INFO - Соединение с PostgreSQL установлено.
[2024-12-05T18:56:37.729+0000] {select_distinct_brands_categories.py:183} INFO - Целевая таблица 'DDS.unique_categories' создана или уже существует.
[2024-12-05T18:56:37.992+0000] {select_distinct_brands_categories.py:200} INFO - Новые уникальные категории добавлены в 'DDS.unique_categories'.
[2024-12-05T18:56:37.993+0000] {select_distinct_brands_categories.py:210} INFO - Курсор закрыт.
[2024-12-05T18:56:37.994+0000] {select_distinct_brands_categories.py:213} INFO - Соединение с PostgreSQL закрыто.
[2024-12-05T18:56:37.994+0000] {python.py:240} INFO - Done. Returned value was: None
[2024-12-05T18:56:38.006+0000] {taskinstance.py:340} INFO - ::group::Post task execution logs
[2024-12-05T18:56:38.007+0000] {taskinstance.py:352} INFO - Marking task as SUCCESS. dag_id=extract_unique_values, task_id=create_unique_categories, run_id=manual__2024-12-05T18:56:31.846831+00:00, execution_date=20241205T185631, start_date=20241205T185636, end_date=20241205T185638
[2024-12-05T18:56:38.029+0000] {local_task_job_runner.py:266} INFO - Task exited with return code 0
[2024-12-05T18:56:38.045+0000] {taskinstance.py:3895} INFO - 1 downstream tasks scheduled from follow-on schedule check
[2024-12-05T18:56:38.048+0000] {local_task_job_runner.py:245} INFO - ::endgroup::
