[2024-12-05T19:15:34.935+0000] {local_task_job_runner.py:123} INFO - ::group::Pre task execution logs
[2024-12-05T19:15:34.948+0000] {taskinstance.py:2613} INFO - Dependencies all met for dep_context=non-requeueable deps ti=<TaskInstance: extract_unique_values.create_unique_categories manual__2024-12-05T19:15:31.145166+00:00 [queued]>
[2024-12-05T19:15:34.955+0000] {taskinstance.py:2613} INFO - Dependencies all met for dep_context=requeueable deps ti=<TaskInstance: extract_unique_values.create_unique_categories manual__2024-12-05T19:15:31.145166+00:00 [queued]>
[2024-12-05T19:15:34.955+0000] {taskinstance.py:2866} INFO - Starting attempt 1 of 4
[2024-12-05T19:15:34.966+0000] {taskinstance.py:2889} INFO - Executing <Task(PythonOperator): create_unique_categories> on 2024-12-05 19:15:31.145166+00:00
[2024-12-05T19:15:34.972+0000] {warnings.py:112} WARNING - /home/***/.local/lib/python3.12/site-packages/***/task/task_runner/standard_task_runner.py:70: DeprecationWarning: This process (pid=1118) is multi-threaded, use of fork() may lead to deadlocks in the child.
  pid = os.fork()

[2024-12-05T19:15:34.973+0000] {standard_task_runner.py:72} INFO - Started process 1119 to run task
[2024-12-05T19:15:34.974+0000] {standard_task_runner.py:104} INFO - Running: ['***', 'tasks', 'run', 'extract_unique_values', 'create_unique_categories', 'manual__2024-12-05T19:15:31.145166+00:00', '--job-id', '533', '--raw', '--subdir', 'DAGS_FOLDER/select_distinct_brands_categories.py', '--cfg-path', '/tmp/tmpfxts2xuu']
[2024-12-05T19:15:34.974+0000] {standard_task_runner.py:105} INFO - Job 533: Subtask create_unique_categories
[2024-12-05T19:15:35.011+0000] {task_command.py:467} INFO - Running <TaskInstance: extract_unique_values.create_unique_categories manual__2024-12-05T19:15:31.145166+00:00 [running]> on host c7780884450d
[2024-12-05T19:15:35.073+0000] {taskinstance.py:3132} INFO - Exporting env vars: AIRFLOW_CTX_DAG_OWNER='artzsh' AIRFLOW_CTX_DAG_ID='extract_unique_values' AIRFLOW_CTX_TASK_ID='create_unique_categories' AIRFLOW_CTX_EXECUTION_DATE='2024-12-05T19:15:31.145166+00:00' AIRFLOW_CTX_TRY_NUMBER='1' AIRFLOW_CTX_DAG_RUN_ID='manual__2024-12-05T19:15:31.145166+00:00'
[2024-12-05T19:15:35.074+0000] {taskinstance.py:731} INFO - ::endgroup::
[2024-12-05T19:15:35.096+0000] {select_distinct_brands_categories.py:176} INFO - Обрабатываем ключ: 8
[2024-12-05T19:15:35.096+0000] {select_distinct_brands_categories.py:180} INFO - Ключ '8' не найден. Завершение обработки категорий.
[2024-12-05T19:15:35.096+0000] {python.py:240} INFO - Done. Returned value was: stop
[2024-12-05T19:15:35.113+0000] {taskinstance.py:340} INFO - ::group::Post task execution logs
[2024-12-05T19:15:35.114+0000] {taskinstance.py:352} INFO - Marking task as SUCCESS. dag_id=extract_unique_values, task_id=create_unique_categories, run_id=manual__2024-12-05T19:15:31.145166+00:00, execution_date=20241205T191531, start_date=20241205T191534, end_date=20241205T191535
[2024-12-05T19:15:35.148+0000] {local_task_job_runner.py:266} INFO - Task exited with return code 0
[2024-12-05T19:15:35.168+0000] {taskinstance.py:3895} INFO - 1 downstream tasks scheduled from follow-on schedule check
[2024-12-05T19:15:35.171+0000] {local_task_job_runner.py:245} INFO - ::endgroup::
