[2024-12-05T19:14:36.381+0000] {local_task_job_runner.py:123} INFO - ::group::Pre task execution logs
[2024-12-05T19:14:36.392+0000] {taskinstance.py:2613} INFO - Dependencies all met for dep_context=non-requeueable deps ti=<TaskInstance: extract_unique_values.create_unique_brands manual__2024-12-05T19:14:33.548737+00:00 [queued]>
[2024-12-05T19:14:36.398+0000] {taskinstance.py:2613} INFO - Dependencies all met for dep_context=requeueable deps ti=<TaskInstance: extract_unique_values.create_unique_brands manual__2024-12-05T19:14:33.548737+00:00 [queued]>
[2024-12-05T19:14:36.398+0000] {taskinstance.py:2866} INFO - Starting attempt 1 of 4
[2024-12-05T19:14:36.409+0000] {taskinstance.py:2889} INFO - Executing <Task(PythonOperator): create_unique_brands> on 2024-12-05 19:14:33.548737+00:00
[2024-12-05T19:14:36.414+0000] {warnings.py:112} WARNING - /home/***/.local/lib/python3.12/site-packages/***/task/task_runner/standard_task_runner.py:70: DeprecationWarning: This process (pid=989) is multi-threaded, use of fork() may lead to deadlocks in the child.
  pid = os.fork()

[2024-12-05T19:14:36.415+0000] {standard_task_runner.py:72} INFO - Started process 990 to run task
[2024-12-05T19:14:36.415+0000] {standard_task_runner.py:104} INFO - Running: ['***', 'tasks', 'run', 'extract_unique_values', 'create_unique_brands', 'manual__2024-12-05T19:14:33.548737+00:00', '--job-id', '497', '--raw', '--subdir', 'DAGS_FOLDER/select_distinct_brands_categories.py', '--cfg-path', '/tmp/tmpre3vhirt']
[2024-12-05T19:14:36.416+0000] {standard_task_runner.py:105} INFO - Job 497: Subtask create_unique_brands
[2024-12-05T19:14:36.449+0000] {task_command.py:467} INFO - Running <TaskInstance: extract_unique_values.create_unique_brands manual__2024-12-05T19:14:33.548737+00:00 [running]> on host c7780884450d
[2024-12-05T19:14:36.533+0000] {taskinstance.py:3132} INFO - Exporting env vars: AIRFLOW_CTX_DAG_OWNER='artzsh' AIRFLOW_CTX_DAG_ID='extract_unique_values' AIRFLOW_CTX_TASK_ID='create_unique_brands' AIRFLOW_CTX_EXECUTION_DATE='2024-12-05T19:14:33.548737+00:00' AIRFLOW_CTX_TRY_NUMBER='1' AIRFLOW_CTX_DAG_RUN_ID='manual__2024-12-05T19:14:33.548737+00:00'
[2024-12-05T19:14:36.534+0000] {taskinstance.py:731} INFO - ::endgroup::
[2024-12-05T19:14:36.560+0000] {select_distinct_brands_categories.py:50} INFO - Обрабатываем ключ: 4
[2024-12-05T19:14:36.560+0000] {select_distinct_brands_categories.py:65} INFO - Источник брендов: DDS.brands_Jan
[2024-12-05T19:14:36.561+0000] {select_distinct_brands_categories.py:66} INFO - Целевая таблица брендов: DDS.unique_brands
[2024-12-05T19:14:36.568+0000] {base.py:84} INFO - Retrieving connection 'database_cloud'
[2024-12-05T19:14:37.257+0000] {select_distinct_brands_categories.py:87} INFO - Соединение с PostgreSQL установлено.
[2024-12-05T19:14:37.557+0000] {select_distinct_brands_categories.py:100} INFO - Целевая таблица 'DDS.unique_brands' создана или уже существует.
[2024-12-05T19:14:37.753+0000] {select_distinct_brands_categories.py:111} INFO - Количество уникальных брендов в источнике: 4636
[2024-12-05T19:14:37.842+0000] {select_distinct_brands_categories.py:122} INFO - Количество брендов в целевой таблице до вставки: 4322
[2024-12-05T19:14:38.031+0000] {select_distinct_brands_categories.py:140} INFO - Новые уникальные бренды добавлены в 'DDS.unique_brands': 481 записей.
[2024-12-05T19:14:38.212+0000] {select_distinct_brands_categories.py:151} INFO - Количество брендов в целевой таблице после вставки: 4803
[2024-12-05T19:14:38.213+0000] {select_distinct_brands_categories.py:161} INFO - Курсор закрыт.
[2024-12-05T19:14:38.213+0000] {select_distinct_brands_categories.py:164} INFO - Соединение с PostgreSQL закрыто.
[2024-12-05T19:14:38.214+0000] {python.py:240} INFO - Done. Returned value was: None
[2024-12-05T19:14:38.221+0000] {taskinstance.py:340} INFO - ::group::Post task execution logs
[2024-12-05T19:14:38.221+0000] {taskinstance.py:352} INFO - Marking task as SUCCESS. dag_id=extract_unique_values, task_id=create_unique_brands, run_id=manual__2024-12-05T19:14:33.548737+00:00, execution_date=20241205T191433, start_date=20241205T191436, end_date=20241205T191438
[2024-12-05T19:14:38.274+0000] {local_task_job_runner.py:266} INFO - Task exited with return code 0
[2024-12-05T19:14:38.291+0000] {taskinstance.py:3895} INFO - 1 downstream tasks scheduled from follow-on schedule check
[2024-12-05T19:14:38.296+0000] {local_task_job_runner.py:245} INFO - ::endgroup::
