[2024-12-05T18:56:09.735+0000] {local_task_job_runner.py:123} INFO - ::group::Pre task execution logs
[2024-12-05T18:56:09.746+0000] {taskinstance.py:2613} INFO - Dependencies all met for dep_context=non-requeueable deps ti=<TaskInstance: extract_unique_values.create_unique_categories manual__2024-12-05T18:56:04.597666+00:00 [queued]>
[2024-12-05T18:56:09.752+0000] {taskinstance.py:2613} INFO - Dependencies all met for dep_context=requeueable deps ti=<TaskInstance: extract_unique_values.create_unique_categories manual__2024-12-05T18:56:04.597666+00:00 [queued]>
[2024-12-05T18:56:09.753+0000] {taskinstance.py:2866} INFO - Starting attempt 1 of 4
[2024-12-05T18:56:09.765+0000] {taskinstance.py:2889} INFO - Executing <Task(PythonOperator): create_unique_categories> on 2024-12-05 18:56:04.597666+00:00
[2024-12-05T18:56:09.769+0000] {warnings.py:112} WARNING - /home/***/.local/lib/python3.12/site-packages/***/task/task_runner/standard_task_runner.py:70: DeprecationWarning: This process (pid=504) is multi-threaded, use of fork() may lead to deadlocks in the child.
  pid = os.fork()

[2024-12-05T18:56:09.770+0000] {standard_task_runner.py:72} INFO - Started process 505 to run task
[2024-12-05T18:56:09.771+0000] {standard_task_runner.py:104} INFO - Running: ['***', 'tasks', 'run', 'extract_unique_values', 'create_unique_categories', 'manual__2024-12-05T18:56:04.597666+00:00', '--job-id', '419', '--raw', '--subdir', 'DAGS_FOLDER/select_distinct_brands_categories.py', '--cfg-path', '/tmp/tmp29s2awhj']
[2024-12-05T18:56:09.772+0000] {standard_task_runner.py:105} INFO - Job 419: Subtask create_unique_categories
[2024-12-05T18:56:09.804+0000] {task_command.py:467} INFO - Running <TaskInstance: extract_unique_values.create_unique_categories manual__2024-12-05T18:56:04.597666+00:00 [running]> on host c7780884450d
[2024-12-05T18:56:09.914+0000] {taskinstance.py:3132} INFO - Exporting env vars: AIRFLOW_CTX_DAG_OWNER='artzsh' AIRFLOW_CTX_DAG_ID='extract_unique_values' AIRFLOW_CTX_TASK_ID='create_unique_categories' AIRFLOW_CTX_EXECUTION_DATE='2024-12-05T18:56:04.597666+00:00' AIRFLOW_CTX_TRY_NUMBER='1' AIRFLOW_CTX_DAG_RUN_ID='manual__2024-12-05T18:56:04.597666+00:00'
[2024-12-05T18:56:09.916+0000] {taskinstance.py:731} INFO - ::endgroup::
[2024-12-05T18:56:09.958+0000] {select_distinct_brands_categories.py:134} INFO - Обрабатываем ключ: 1
[2024-12-05T18:56:09.958+0000] {select_distinct_brands_categories.py:148} INFO - Источник категорий: DDS.categories_Oct
[2024-12-05T18:56:09.959+0000] {select_distinct_brands_categories.py:149} INFO - Целевая таблица категорий: DDS.unique_categories
[2024-12-05T18:56:09.971+0000] {base.py:84} INFO - Retrieving connection 'database_cloud'
[2024-12-05T18:56:10.706+0000] {select_distinct_brands_categories.py:170} INFO - Соединение с PostgreSQL установлено.
[2024-12-05T18:56:11.031+0000] {select_distinct_brands_categories.py:183} INFO - Целевая таблица 'DDS.unique_categories' создана или уже существует.
[2024-12-05T18:56:11.309+0000] {select_distinct_brands_categories.py:200} INFO - Новые уникальные категории добавлены в 'DDS.unique_categories'.
[2024-12-05T18:56:11.309+0000] {select_distinct_brands_categories.py:210} INFO - Курсор закрыт.
[2024-12-05T18:56:11.310+0000] {select_distinct_brands_categories.py:213} INFO - Соединение с PostgreSQL закрыто.
[2024-12-05T18:56:11.312+0000] {python.py:240} INFO - Done. Returned value was: None
[2024-12-05T18:56:11.321+0000] {taskinstance.py:340} INFO - ::group::Post task execution logs
[2024-12-05T18:56:11.322+0000] {taskinstance.py:352} INFO - Marking task as SUCCESS. dag_id=extract_unique_values, task_id=create_unique_categories, run_id=manual__2024-12-05T18:56:04.597666+00:00, execution_date=20241205T185604, start_date=20241205T185609, end_date=20241205T185611
[2024-12-05T18:56:11.350+0000] {local_task_job_runner.py:266} INFO - Task exited with return code 0
[2024-12-05T18:56:11.367+0000] {taskinstance.py:3895} INFO - 1 downstream tasks scheduled from follow-on schedule check
[2024-12-05T18:56:11.370+0000] {local_task_job_runner.py:245} INFO - ::endgroup::
